2024-02-09 04:39:37.534 [info] Extension host with pid 3136 started
2024-02-09 04:39:37.593 [info] Lock '/home/bitnami/.vscode-server/data/User/workspaceStorage/44e18a2dc5e9e40d3b55cf507e932061/vscode.lock': Lock acquired.
2024-02-09 04:39:37.668 [info] ExtensionService#_doActivateExtension vscode.typescript-language-features, startup: false, activationEvent: 'onLanguage:javascript'
2024-02-09 04:39:37.670 [info] ExtensionService#_doActivateExtension vscode.emmet, startup: false, activationEvent: 'onLanguage'
2024-02-09 04:39:38.359 [info] ExtensionService#_doActivateExtension vscode.git-base, startup: true, activationEvent: '*', root cause: vscode.git
2024-02-09 04:39:38.399 [info] ExtensionService#_doActivateExtension vscode.npm, startup: true, activationEvent: 'workspaceContains:package.json'
2024-02-09 04:39:39.095 [info] ExtensionService#_doActivateExtension vscode.git, startup: true, activationEvent: '*'
2024-02-09 04:39:39.096 [info] ExtensionService#_doActivateExtension vscode.github, startup: true, activationEvent: '*'
2024-02-09 04:39:40.696 [info] Eager extensions activated
2024-02-09 04:39:40.712 [info] ExtensionService#_doActivateExtension vscode.debug-auto-launch, startup: false, activationEvent: 'onStartupFinished'
2024-02-09 04:39:40.713 [info] ExtensionService#_doActivateExtension vscode.merge-conflict, startup: false, activationEvent: 'onStartupFinished'
2024-02-09 04:40:03.249 [info] ExtensionService#_doActivateExtension vscode.html-language-features, startup: false, activationEvent: 'onLanguage:html'
2024-02-09 04:41:02.143 [info] ExtensionService#_doActivateExtension vscode.css-language-features, startup: false, activationEvent: 'onLanguage:css'
2024-02-09 04:41:10.425 [info] ExtensionService#_doActivateExtension vscode.extension-editing, startup: false, activationEvent: 'onLanguage:json'
2024-02-09 04:41:10.426 [info] ExtensionService#_doActivateExtension vscode.json-language-features, startup: false, activationEvent: 'onLanguage:json'
2024-02-09 05:04:28.584 [info] Extension host terminating: received terminate message from renderer
2024-02-09 05:04:28.588 [info] Lock '/home/bitnami/.vscode-server/data/User/workspaceStorage/44e18a2dc5e9e40d3b55cf507e932061/vscode.lock': Marking the lockfile as scheduled to be released in 6000 ms.
2024-02-09 05:04:28.931 [error] Canceled: Canceled
	at new f (/home/bitnami/.vscode-server/bin/31c37ee8f63491495ac49e43b8544550fbae4533/out/vs/workbench/api/node/extensionHostProcess.js:140:45069)
	at d.U (/home/bitnami/.vscode-server/bin/31c37ee8f63491495ac49e43b8544550fbae4533/out/vs/workbench/api/node/extensionHostProcess.js:147:5557)
	at T.<computed>.O.charCodeAt.T.<computed> (/home/bitnami/.vscode-server/bin/31c37ee8f63491495ac49e43b8544550fbae4533/out/vs/workbench/api/node/extensionHostProcess.js:147:3008)
	at s.g (/home/bitnami/.vscode-server/bin/31c37ee8f63491495ac49e43b8544550fbae4533/out/vs/workbench/api/node/extensionHostProcess.js:150:174704)
	at s.executeCommand (/home/bitnami/.vscode-server/bin/31c37ee8f63491495ac49e43b8544550fbae4533/out/vs/workbench/api/node/extensionHostProcess.js:150:174142)
	at m.registerCommand.description (/home/bitnami/.vscode-server/bin/31c37ee8f63491495ac49e43b8544550fbae4533/out/vs/workbench/api/node/extensionHostProcess.js:150:173466)
	at s.h (/home/bitnami/.vscode-server/bin/31c37ee8f63491495ac49e43b8544550fbae4533/out/vs/workbench/api/node/extensionHostProcess.js:150:175243)
	at s.g (/home/bitnami/.vscode-server/bin/31c37ee8f63491495ac49e43b8544550fbae4533/out/vs/workbench/api/node/extensionHostProcess.js:150:174235)
	at s.executeCommand (/home/bitnami/.vscode-server/bin/31c37ee8f63491495ac49e43b8544550fbae4533/out/vs/workbench/api/node/extensionHostProcess.js:150:174142)
	at Object.executeCommand (/home/bitnami/.vscode-server/bin/31c37ee8f63491495ac49e43b8544550fbae4533/out/vs/workbench/api/node/extensionHostProcess.js:160:21634)
	at g.I [as value] (/home/bitnami/.vscode-server/bin/31c37ee8f63491495ac49e43b8544550fbae4533/extensions/git/dist/main.js:2:927298)
	at r.y (/home/bitnami/.vscode-server/bin/31c37ee8f63491495ac49e43b8544550fbae4533/out/vs/workbench/api/node/extensionHostProcess.js:80:1902)
	at r.z (/home/bitnami/.vscode-server/bin/31c37ee8f63491495ac49e43b8544550fbae4533/out/vs/workbench/api/node/extensionHostProcess.js:80:1972)
	at r.fire (/home/bitnami/.vscode-server/bin/31c37ee8f63491495ac49e43b8544550fbae4533/out/vs/workbench/api/node/extensionHostProcess.js:80:2188)
	at Object.m [as dispose] (/home/bitnami/.vscode-server/bin/31c37ee8f63491495ac49e43b8544550fbae4533/extensions/git/dist/main.js:2:943089)
	at /home/bitnami/.vscode-server/bin/31c37ee8f63491495ac49e43b8544550fbae4533/extensions/git/dist/main.js:2:947930
	at Array.forEach (<anonymous>)
	at p.dispose (/home/bitnami/.vscode-server/bin/31c37ee8f63491495ac49e43b8544550fbae4533/extensions/git/dist/main.js:2:947916)
	at c.<anonymous> (/home/bitnami/.vscode-server/bin/31c37ee8f63491495ac49e43b8544550fbae4533/out/vs/workbench/api/node/extensionHostProcess.js:148:3650)
	at c.dispose (/home/bitnami/.vscode-server/bin/31c37ee8f63491495ac49e43b8544550fbae4533/out/vs/workbench/api/node/extensionHostProcess.js:148:3747)
	at c.<anonymous> (/home/bitnami/.vscode-server/bin/31c37ee8f63491495ac49e43b8544550fbae4533/extensions/git/dist/main.js:2:929310)
	at c.dispose (/home/bitnami/.vscode-server/bin/31c37ee8f63491495ac49e43b8544550fbae4533/out/vs/workbench/api/node/extensionHostProcess.js:148:3747)
	at o (/home/bitnami/.vscode-server/bin/31c37ee8f63491495ac49e43b8544550fbae4533/out/vs/workbench/api/node/extensionHostProcess.js:30:754)
	at g.cb (/home/bitnami/.vscode-server/bin/31c37ee8f63491495ac49e43b8544550fbae4533/out/vs/workbench/api/node/extensionHostProcess.js:156:9874)
	at /home/bitnami/.vscode-server/bin/31c37ee8f63491495ac49e43b8544550fbae4533/out/vs/workbench/api/node/extensionHostProcess.js:156:7808
	at Array.map (<anonymous>)
	at g.Y (/home/bitnami/.vscode-server/bin/31c37ee8f63491495ac49e43b8544550fbae4533/out/vs/workbench/api/node/extensionHostProcess.js:156:7795)
	at g.terminate (/home/bitnami/.vscode-server/bin/31c37ee8f63491495ac49e43b8544550fbae4533/out/vs/workbench/api/node/extensionHostProcess.js:156:8068)
	at o.terminate (/home/bitnami/.vscode-server/bin/31c37ee8f63491495ac49e43b8544550fbae4533/out/vs/workbench/api/node/extensionHostProcess.js:160:1513)
	at t (/home/bitnami/.vscode-server/bin/31c37ee8f63491495ac49e43b8544550fbae4533/out/vs/workbench/api/node/extensionHostProcess.js:173:9950)
	at g.value (/home/bitnami/.vscode-server/bin/31c37ee8f63491495ac49e43b8544550fbae4533/out/vs/workbench/api/node/extensionHostProcess.js:173:7997)
	at r.y (/home/bitnami/.vscode-server/bin/31c37ee8f63491495ac49e43b8544550fbae4533/out/vs/workbench/api/node/extensionHostProcess.js:80:1902)
	at r.fire (/home/bitnami/.vscode-server/bin/31c37ee8f63491495ac49e43b8544550fbae4533/out/vs/workbench/api/node/extensionHostProcess.js:80:2119)
	at n.fire (/home/bitnami/.vscode-server/bin/31c37ee8f63491495ac49e43b8544550fbae4533/out/vs/workbench/api/node/extensionHostProcess.js:105:14073)
	at s.z (/home/bitnami/.vscode-server/bin/31c37ee8f63491495ac49e43b8544550fbae4533/out/vs/workbench/api/node/extensionHostProcess.js:105:17138)
	at g.value (/home/bitnami/.vscode-server/bin/31c37ee8f63491495ac49e43b8544550fbae4533/out/vs/workbench/api/node/extensionHostProcess.js:105:15590)
	at r.y (/home/bitnami/.vscode-server/bin/31c37ee8f63491495ac49e43b8544550fbae4533/out/vs/workbench/api/node/extensionHostProcess.js:80:1902)
	at r.fire (/home/bitnami/.vscode-server/bin/31c37ee8f63491495ac49e43b8544550fbae4533/out/vs/workbench/api/node/extensionHostProcess.js:80:2119)
	at g.acceptChunk (/home/bitnami/.vscode-server/bin/31c37ee8f63491495ac49e43b8544550fbae4533/out/vs/workbench/api/node/extensionHostProcess.js:105:11847)
	at g.value (/home/bitnami/.vscode-server/bin/31c37ee8f63491495ac49e43b8544550fbae4533/out/vs/workbench/api/node/extensionHostProcess.js:105:11134)
	at r.y (/home/bitnami/.vscode-server/bin/31c37ee8f63491495ac49e43b8544550fbae4533/out/vs/workbench/api/node/extensionHostProcess.js:80:1902)
	at r.fire (/home/bitnami/.vscode-server/bin/31c37ee8f63491495ac49e43b8544550fbae4533/out/vs/workbench/api/node/extensionHostProcess.js:80:2119)
	at r.z (/home/bitnami/.vscode-server/bin/31c37ee8f63491495ac49e43b8544550fbae4533/out/vs/workbench/api/node/extensionHostProcess.js:170:19748) setContext undefined
2024-02-09 05:04:28.932 [error] Canceled: Canceled
	at new f (/home/bitnami/.vscode-server/bin/31c37ee8f63491495ac49e43b8544550fbae4533/out/vs/workbench/api/node/extensionHostProcess.js:140:45069)
	at d.U (/home/bitnami/.vscode-server/bin/31c37ee8f63491495ac49e43b8544550fbae4533/out/vs/workbench/api/node/extensionHostProcess.js:147:5557)
	at T.<computed>.O.charCodeAt.T.<computed> (/home/bitnami/.vscode-server/bin/31c37ee8f63491495ac49e43b8544550fbae4533/out/vs/workbench/api/node/extensionHostProcess.js:147:3008)
	at s.g (/home/bitnami/.vscode-server/bin/31c37ee8f63491495ac49e43b8544550fbae4533/out/vs/workbench/api/node/extensionHostProcess.js:150:174704)
	at s.executeCommand (/home/bitnami/.vscode-server/bin/31c37ee8f63491495ac49e43b8544550fbae4533/out/vs/workbench/api/node/extensionHostProcess.js:150:174142)
	at m.registerCommand.description (/home/bitnami/.vscode-server/bin/31c37ee8f63491495ac49e43b8544550fbae4533/out/vs/workbench/api/node/extensionHostProcess.js:150:173466)
	at s.h (/home/bitnami/.vscode-server/bin/31c37ee8f63491495ac49e43b8544550fbae4533/out/vs/workbench/api/node/extensionHostProcess.js:150:175243)
	at s.g (/home/bitnami/.vscode-server/bin/31c37ee8f63491495ac49e43b8544550fbae4533/out/vs/workbench/api/node/extensionHostProcess.js:150:174235)
	at s.executeCommand (/home/bitnami/.vscode-server/bin/31c37ee8f63491495ac49e43b8544550fbae4533/out/vs/workbench/api/node/extensionHostProcess.js:150:174142)
	at Object.executeCommand (/home/bitnami/.vscode-server/bin/31c37ee8f63491495ac49e43b8544550fbae4533/out/vs/workbench/api/node/extensionHostProcess.js:160:21634)
	at g.I [as value] (/home/bitnami/.vscode-server/bin/31c37ee8f63491495ac49e43b8544550fbae4533/extensions/git/dist/main.js:2:927298)
	at r.y (/home/bitnami/.vscode-server/bin/31c37ee8f63491495ac49e43b8544550fbae4533/out/vs/workbench/api/node/extensionHostProcess.js:80:1902)
	at r.z (/home/bitnami/.vscode-server/bin/31c37ee8f63491495ac49e43b8544550fbae4533/out/vs/workbench/api/node/extensionHostProcess.js:80:1972)
	at r.fire (/home/bitnami/.vscode-server/bin/31c37ee8f63491495ac49e43b8544550fbae4533/out/vs/workbench/api/node/extensionHostProcess.js:80:2188)
	at Object.m [as dispose] (/home/bitnami/.vscode-server/bin/31c37ee8f63491495ac49e43b8544550fbae4533/extensions/git/dist/main.js:2:943089)
	at /home/bitnami/.vscode-server/bin/31c37ee8f63491495ac49e43b8544550fbae4533/extensions/git/dist/main.js:2:947930
	at Array.forEach (<anonymous>)
	at p.dispose (/home/bitnami/.vscode-server/bin/31c37ee8f63491495ac49e43b8544550fbae4533/extensions/git/dist/main.js:2:947916)
	at c.<anonymous> (/home/bitnami/.vscode-server/bin/31c37ee8f63491495ac49e43b8544550fbae4533/out/vs/workbench/api/node/extensionHostProcess.js:148:3650)
	at c.dispose (/home/bitnami/.vscode-server/bin/31c37ee8f63491495ac49e43b8544550fbae4533/out/vs/workbench/api/node/extensionHostProcess.js:148:3747)
	at c.<anonymous> (/home/bitnami/.vscode-server/bin/31c37ee8f63491495ac49e43b8544550fbae4533/extensions/git/dist/main.js:2:929310)
	at c.dispose (/home/bitnami/.vscode-server/bin/31c37ee8f63491495ac49e43b8544550fbae4533/out/vs/workbench/api/node/extensionHostProcess.js:148:3747)
	at o (/home/bitnami/.vscode-server/bin/31c37ee8f63491495ac49e43b8544550fbae4533/out/vs/workbench/api/node/extensionHostProcess.js:30:754)
	at g.cb (/home/bitnami/.vscode-server/bin/31c37ee8f63491495ac49e43b8544550fbae4533/out/vs/workbench/api/node/extensionHostProcess.js:156:9874)
	at /home/bitnami/.vscode-server/bin/31c37ee8f63491495ac49e43b8544550fbae4533/out/vs/workbench/api/node/extensionHostProcess.js:156:7808
	at Array.map (<anonymous>)
	at g.Y (/home/bitnami/.vscode-server/bin/31c37ee8f63491495ac49e43b8544550fbae4533/out/vs/workbench/api/node/extensionHostProcess.js:156:7795)
	at g.terminate (/home/bitnami/.vscode-server/bin/31c37ee8f63491495ac49e43b8544550fbae4533/out/vs/workbench/api/node/extensionHostProcess.js:156:8068)
	at o.terminate (/home/bitnami/.vscode-server/bin/31c37ee8f63491495ac49e43b8544550fbae4533/out/vs/workbench/api/node/extensionHostProcess.js:160:1513)
	at t (/home/bitnami/.vscode-server/bin/31c37ee8f63491495ac49e43b8544550fbae4533/out/vs/workbench/api/node/extensionHostProcess.js:173:9950)
	at g.value (/home/bitnami/.vscode-server/bin/31c37ee8f63491495ac49e43b8544550fbae4533/out/vs/workbench/api/node/extensionHostProcess.js:173:7997)
	at r.y (/home/bitnami/.vscode-server/bin/31c37ee8f63491495ac49e43b8544550fbae4533/out/vs/workbench/api/node/extensionHostProcess.js:80:1902)
	at r.fire (/home/bitnami/.vscode-server/bin/31c37ee8f63491495ac49e43b8544550fbae4533/out/vs/workbench/api/node/extensionHostProcess.js:80:2119)
	at n.fire (/home/bitnami/.vscode-server/bin/31c37ee8f63491495ac49e43b8544550fbae4533/out/vs/workbench/api/node/extensionHostProcess.js:105:14073)
	at s.z (/home/bitnami/.vscode-server/bin/31c37ee8f63491495ac49e43b8544550fbae4533/out/vs/workbench/api/node/extensionHostProcess.js:105:17138)
	at g.value (/home/bitnami/.vscode-server/bin/31c37ee8f63491495ac49e43b8544550fbae4533/out/vs/workbench/api/node/extensionHostProcess.js:105:15590)
	at r.y (/home/bitnami/.vscode-server/bin/31c37ee8f63491495ac49e43b8544550fbae4533/out/vs/workbench/api/node/extensionHostProcess.js:80:1902)
	at r.fire (/home/bitnami/.vscode-server/bin/31c37ee8f63491495ac49e43b8544550fbae4533/out/vs/workbench/api/node/extensionHostProcess.js:80:2119)
	at g.acceptChunk (/home/bitnami/.vscode-server/bin/31c37ee8f63491495ac49e43b8544550fbae4533/out/vs/workbench/api/node/extensionHostProcess.js:105:11847)
	at g.value (/home/bitnami/.vscode-server/bin/31c37ee8f63491495ac49e43b8544550fbae4533/out/vs/workbench/api/node/extensionHostProcess.js:105:11134)
	at r.y (/home/bitnami/.vscode-server/bin/31c37ee8f63491495ac49e43b8544550fbae4533/out/vs/workbench/api/node/extensionHostProcess.js:80:1902)
	at r.fire (/home/bitnami/.vscode-server/bin/31c37ee8f63491495ac49e43b8544550fbae4533/out/vs/workbench/api/node/extensionHostProcess.js:80:2119)
	at r.z (/home/bitnami/.vscode-server/bin/31c37ee8f63491495ac49e43b8544550fbae4533/out/vs/workbench/api/node/extensionHostProcess.js:170:19748) setContext undefined
2024-02-09 05:04:28.944 [error] Canceled: Canceled
	at new f (/home/bitnami/.vscode-server/bin/31c37ee8f63491495ac49e43b8544550fbae4533/out/vs/workbench/api/node/extensionHostProcess.js:140:45069)
	at d.U (/home/bitnami/.vscode-server/bin/31c37ee8f63491495ac49e43b8544550fbae4533/out/vs/workbench/api/node/extensionHostProcess.js:147:5557)
	at T.<computed>.O.charCodeAt.T.<computed> (/home/bitnami/.vscode-server/bin/31c37ee8f63491495ac49e43b8544550fbae4533/out/vs/workbench/api/node/extensionHostProcess.js:147:3008)
	at s.g (/home/bitnami/.vscode-server/bin/31c37ee8f63491495ac49e43b8544550fbae4533/out/vs/workbench/api/node/extensionHostProcess.js:150:174704)
	at s.executeCommand (/home/bitnami/.vscode-server/bin/31c37ee8f63491495ac49e43b8544550fbae4533/out/vs/workbench/api/node/extensionHostProcess.js:150:174142)
	at m.registerCommand.description (/home/bitnami/.vscode-server/bin/31c37ee8f63491495ac49e43b8544550fbae4533/out/vs/workbench/api/node/extensionHostProcess.js:150:173466)
	at s.h (/home/bitnami/.vscode-server/bin/31c37ee8f63491495ac49e43b8544550fbae4533/out/vs/workbench/api/node/extensionHostProcess.js:150:175243)
	at s.g (/home/bitnami/.vscode-server/bin/31c37ee8f63491495ac49e43b8544550fbae4533/out/vs/workbench/api/node/extensionHostProcess.js:150:174235)
	at s.executeCommand (/home/bitnami/.vscode-server/bin/31c37ee8f63491495ac49e43b8544550fbae4533/out/vs/workbench/api/node/extensionHostProcess.js:150:174142)
	at Object.executeCommand (/home/bitnami/.vscode-server/bin/31c37ee8f63491495ac49e43b8544550fbae4533/out/vs/workbench/api/node/extensionHostProcess.js:160:21634)
	at set b [as b] (/home/bitnami/.vscode-server/bin/31c37ee8f63491495ac49e43b8544550fbae4533/extensions/github/dist/extension.js:2:322364)
	at /home/bitnami/.vscode-server/bin/31c37ee8f63491495ac49e43b8544550fbae4533/extensions/github/dist/extension.js:2:323005
	at g.value (/home/bitnami/.vscode-server/bin/31c37ee8f63491495ac49e43b8544550fbae4533/extensions/git/dist/main.js:2:1018251)
	at r.y (/home/bitnami/.vscode-server/bin/31c37ee8f63491495ac49e43b8544550fbae4533/out/vs/workbench/api/node/extensionHostProcess.js:80:1902)
	at r.z (/home/bitnami/.vscode-server/bin/31c37ee8f63491495ac49e43b8544550fbae4533/out/vs/workbench/api/node/extensionHostProcess.js:80:1972)
	at r.fire (/home/bitnami/.vscode-server/bin/31c37ee8f63491495ac49e43b8544550fbae4533/out/vs/workbench/api/node/extensionHostProcess.js:80:2188)
	at Object.m [as dispose] (/home/bitnami/.vscode-server/bin/31c37ee8f63491495ac49e43b8544550fbae4533/extensions/git/dist/main.js:2:943089)
	at /home/bitnami/.vscode-server/bin/31c37ee8f63491495ac49e43b8544550fbae4533/extensions/git/dist/main.js:2:947930
	at Array.forEach (<anonymous>)
	at p.dispose (/home/bitnami/.vscode-server/bin/31c37ee8f63491495ac49e43b8544550fbae4533/extensions/git/dist/main.js:2:947916)
	at c.<anonymous> (/home/bitnami/.vscode-server/bin/31c37ee8f63491495ac49e43b8544550fbae4533/out/vs/workbench/api/node/extensionHostProcess.js:148:3650)
	at c.dispose (/home/bitnami/.vscode-server/bin/31c37ee8f63491495ac49e43b8544550fbae4533/out/vs/workbench/api/node/extensionHostProcess.js:148:3747)
	at c.<anonymous> (/home/bitnami/.vscode-server/bin/31c37ee8f63491495ac49e43b8544550fbae4533/extensions/git/dist/main.js:2:929310)
	at c.dispose (/home/bitnami/.vscode-server/bin/31c37ee8f63491495ac49e43b8544550fbae4533/out/vs/workbench/api/node/extensionHostProcess.js:148:3747)
	at o (/home/bitnami/.vscode-server/bin/31c37ee8f63491495ac49e43b8544550fbae4533/out/vs/workbench/api/node/extensionHostProcess.js:30:754)
	at g.cb (/home/bitnami/.vscode-server/bin/31c37ee8f63491495ac49e43b8544550fbae4533/out/vs/workbench/api/node/extensionHostProcess.js:156:9874)
	at /home/bitnami/.vscode-server/bin/31c37ee8f63491495ac49e43b8544550fbae4533/out/vs/workbench/api/node/extensionHostProcess.js:156:7808
	at Array.map (<anonymous>)
	at g.Y (/home/bitnami/.vscode-server/bin/31c37ee8f63491495ac49e43b8544550fbae4533/out/vs/workbench/api/node/extensionHostProcess.js:156:7795)
	at g.terminate (/home/bitnami/.vscode-server/bin/31c37ee8f63491495ac49e43b8544550fbae4533/out/vs/workbench/api/node/extensionHostProcess.js:156:8068)
	at o.terminate (/home/bitnami/.vscode-server/bin/31c37ee8f63491495ac49e43b8544550fbae4533/out/vs/workbench/api/node/extensionHostProcess.js:160:1513)
	at t (/home/bitnami/.vscode-server/bin/31c37ee8f63491495ac49e43b8544550fbae4533/out/vs/workbench/api/node/extensionHostProcess.js:173:9950)
	at g.value (/home/bitnami/.vscode-server/bin/31c37ee8f63491495ac49e43b8544550fbae4533/out/vs/workbench/api/node/extensionHostProcess.js:173:7997)
	at r.y (/home/bitnami/.vscode-server/bin/31c37ee8f63491495ac49e43b8544550fbae4533/out/vs/workbench/api/node/extensionHostProcess.js:80:1902)
	at r.fire (/home/bitnami/.vscode-server/bin/31c37ee8f63491495ac49e43b8544550fbae4533/out/vs/workbench/api/node/extensionHostProcess.js:80:2119)
	at n.fire (/home/bitnami/.vscode-server/bin/31c37ee8f63491495ac49e43b8544550fbae4533/out/vs/workbench/api/node/extensionHostProcess.js:105:14073)
	at s.z (/home/bitnami/.vscode-server/bin/31c37ee8f63491495ac49e43b8544550fbae4533/out/vs/workbench/api/node/extensionHostProcess.js:105:17138)
	at g.value (/home/bitnami/.vscode-server/bin/31c37ee8f63491495ac49e43b8544550fbae4533/out/vs/workbench/api/node/extensionHostProcess.js:105:15590)
	at r.y (/home/bitnami/.vscode-server/bin/31c37ee8f63491495ac49e43b8544550fbae4533/out/vs/workbench/api/node/extensionHostProcess.js:80:1902)
	at r.fire (/home/bitnami/.vscode-server/bin/31c37ee8f63491495ac49e43b8544550fbae4533/out/vs/workbench/api/node/extensionHostProcess.js:80:2119)
	at g.acceptChunk (/home/bitnami/.vscode-server/bin/31c37ee8f63491495ac49e43b8544550fbae4533/out/vs/workbench/api/node/extensionHostProcess.js:105:11847)
	at g.value (/home/bitnami/.vscode-server/bin/31c37ee8f63491495ac49e43b8544550fbae4533/out/vs/workbench/api/node/extensionHostProcess.js:105:11134)
	at r.y (/home/bitnami/.vscode-server/bin/31c37ee8f63491495ac49e43b8544550fbae4533/out/vs/workbench/api/node/extensionHostProcess.js:80:1902)
	at r.fire (/home/bitnami/.vscode-server/bin/31c37ee8f63491495ac49e43b8544550fbae4533/out/vs/workbench/api/node/extensionHostProcess.js:80:2119)
	at r.z (/home/bitnami/.vscode-server/bin/31c37ee8f63491495ac49e43b8544550fbae4533/out/vs/workbench/api/node/extensionHostProcess.js:170:19748) setContext undefined
2024-02-09 05:04:29.002 [info] Extension host with pid 3136 exiting with code 0
