2024-02-12 18:51:13.048 [info] Log level: Info
2024-02-12 18:51:13.048 [info] Validating found git in: "git"
2024-02-12 18:51:13.048 [info] Using git "2.30.2" from "git"
2024-02-12 18:51:13.048 [info] > git rev-parse --show-toplevel [17ms]
2024-02-12 18:51:13.048 [info] fatal: not a git repository (or any of the parent directories): .git
2024-02-12 18:51:13.048 [info] > git rev-parse --show-toplevel [3ms]
2024-02-12 18:51:13.048 [info] fatal: not a git repository (or any of the parent directories): .git
2024-02-12 18:51:13.048 [info] > git rev-parse --show-toplevel [23ms]
2024-02-12 18:51:13.048 [info] fatal: not a git repository (or any of the parent directories): .git
2024-02-12 18:51:13.048 [info] > git rev-parse --show-toplevel [1ms]
2024-02-12 18:51:13.048 [info] fatal: not a git repository (or any of the parent directories): .git
2024-02-12 18:51:13.048 [info] > git rev-parse --show-toplevel [2ms]
2024-02-12 18:51:13.048 [info] fatal: not a git repository (or any of the parent directories): .git
2024-02-12 18:51:13.049 [info] > git rev-parse --show-toplevel [5ms]
2024-02-12 18:51:13.049 [info] fatal: not a git repository (or any of the parent directories): .git
2024-02-12 18:51:13.097 [info] > git rev-parse --show-toplevel [43ms]
2024-02-12 18:51:13.097 [info] fatal: not a git repository (or any of the parent directories): .git
2024-02-12 18:51:13.119 [info] > git rev-parse --show-toplevel [16ms]
2024-02-12 18:51:13.119 [info] fatal: not a git repository (or any of the parent directories): .git
2024-02-12 18:51:13.128 [info] > git rev-parse --show-toplevel [3ms]
2024-02-12 18:51:13.128 [info] fatal: not a git repository (or any of the parent directories): .git
2024-02-12 18:51:13.136 [info] > git rev-parse --show-toplevel [2ms]
2024-02-12 18:51:13.136 [info] fatal: not a git repository (or any of the parent directories): .git
2024-02-12 18:51:13.157 [info] > git rev-parse --show-toplevel [8ms]
2024-02-12 18:51:13.157 [info] fatal: not a git repository (or any of the parent directories): .git
2024-02-12 18:51:13.170 [info] > git rev-parse --show-toplevel [5ms]
2024-02-12 18:51:13.188 [info] > git rev-parse --git-dir --git-common-dir [5ms]
2024-02-12 18:51:13.227 [info] Open repository: /home/bitnami/getting-MEAN
2024-02-12 18:51:13.249 [info] > git config --get commit.template [13ms]
2024-02-12 18:51:13.273 [info] > git rev-parse --show-toplevel [29ms]
2024-02-12 18:51:13.273 [info] fatal: not a git repository (or any of the parent directories): .git
2024-02-12 18:51:13.325 [info] > git for-each-ref --format=%(refname)%00%(upstream:short)%00%(objectname)%00%(upstream:track)%00%(upstream:remotename)%00%(upstream:remoteref) refs/heads/chapter-04-views refs/remotes/chapter-04-views [59ms]
2024-02-12 18:51:13.326 [info] > git rev-parse --show-toplevel [8ms]
2024-02-12 18:51:13.326 [info] fatal: not a git repository (or any of the parent directories): .git
2024-02-12 18:51:13.348 [warning] ENOENT: no such file or directory, open '/home/bitnami/getting-MEAN/.git/refs/remotes/origin/chapter-04-views'
2024-02-12 18:51:13.356 [info] > git rev-parse refs/remotes/origin/chapter-04-views [8ms]
2024-02-12 18:51:13.364 [info] > git rev-parse --show-toplevel [9ms]
2024-02-12 18:51:13.364 [info] fatal: not a git repository (or any of the parent directories): .git
2024-02-12 18:51:13.393 [info] > git rev-parse --show-toplevel [7ms]
2024-02-12 18:51:13.393 [info] fatal: not a git repository (or any of the parent directories): .git
2024-02-12 18:51:13.403 [info] > git status -z -uall [40ms]
2024-02-12 18:51:13.403 [info] > git rev-parse --show-toplevel [1ms]
2024-02-12 18:51:13.403 [info] fatal: not a git repository (or any of the parent directories): .git
2024-02-12 18:51:13.433 [info] > git rev-parse --show-toplevel [11ms]
2024-02-12 18:51:13.433 [info] > git config --get commit.template [7ms]
2024-02-12 18:51:13.440 [info] > git for-each-ref --format=%(refname)%00%(upstream:short)%00%(objectname)%00%(upstream:track)%00%(upstream:remotename)%00%(upstream:remoteref) refs/heads/chapter-04-views refs/remotes/chapter-04-views [8ms]
2024-02-12 18:51:13.440 [info] > git rev-parse --git-dir --git-common-dir [1ms]
2024-02-12 18:51:13.446 [info] Open repository: /home/bitnami/todo
2024-02-12 18:51:13.451 [warning] ENOENT: no such file or directory, open '/home/bitnami/getting-MEAN/.git/refs/remotes/origin/chapter-04-views'
2024-02-12 18:51:13.462 [info] > git rev-parse --show-toplevel [2ms]
2024-02-12 18:51:13.463 [info] fatal: not a git repository (or any of the parent directories): .git
2024-02-12 18:51:13.467 [info] > git config --get commit.template [12ms]
2024-02-12 18:51:13.467 [info] > git rev-parse refs/remotes/origin/chapter-04-views [17ms]
2024-02-12 18:51:13.484 [info] > git status -z -uall [12ms]
2024-02-12 18:51:13.494 [info] > git for-each-ref --format=%(refname)%00%(upstream:short)%00%(objectname)%00%(upstream:track)%00%(upstream:remotename)%00%(upstream:remoteref) refs/heads/master refs/remotes/master [13ms]
2024-02-12 18:51:13.499 [warning] ENOENT: no such file or directory, open '/home/bitnami/todo/.git/refs/remotes/origin/master'
2024-02-12 18:51:13.500 [info] > git rev-parse refs/remotes/origin/master [1ms]
2024-02-12 18:51:13.514 [info] > git status -z -uall [9ms]
2024-02-12 18:51:13.536 [info] > git config --get commit.template [8ms]
2024-02-12 18:51:13.536 [info] > git for-each-ref --format=%(refname)%00%(upstream:short)%00%(objectname)%00%(upstream:track)%00%(upstream:remotename)%00%(upstream:remoteref) refs/heads/master refs/remotes/master [2ms]
2024-02-12 18:51:13.542 [warning] ENOENT: no such file or directory, open '/home/bitnami/todo/.git/refs/remotes/origin/master'
2024-02-12 18:51:13.549 [info] > git rev-parse refs/remotes/origin/master [7ms]
2024-02-12 18:51:13.565 [info] > git status -z -uall [3ms]
2024-02-12 18:51:14.062 [info] > git check-ignore -v -z --stdin [6ms]
2024-02-12 18:51:14.063 [info] > git check-ignore -v -z --stdin [3ms]
2024-02-12 18:52:45.829 [info] > git rev-parse --show-toplevel [42ms]
2024-02-12 18:52:45.831 [info] fatal: not a git repository (or any of the parent directories): .git
2024-02-12 18:54:28.780 [info] > git rev-parse --show-toplevel [40ms]
2024-02-12 18:54:28.784 [info] fatal: not a git repository (or any of the parent directories): .git
2024-02-12 18:54:44.940 [info] > git rev-parse --show-toplevel [22ms]
2024-02-12 18:54:44.940 [info] fatal: not a git repository (or any of the parent directories): .git
2024-02-12 18:54:55.051 [info] > git rev-parse --show-toplevel [4ms]
2024-02-12 18:54:55.051 [info] fatal: not a git repository (or any of the parent directories): .git
2024-02-12 18:54:58.584 [info] > git rev-parse --show-toplevel [11ms]
2024-02-12 18:54:58.584 [info] fatal: not a git repository (or any of the parent directories): .git
2024-02-12 18:55:02.842 [info] > git rev-parse --show-toplevel [1ms]
2024-02-12 18:55:02.842 [info] fatal: not a git repository (or any of the parent directories): .git
2024-02-12 18:55:10.907 [info] > git rev-parse --show-toplevel [1ms]
2024-02-12 18:55:10.907 [info] fatal: not a git repository (or any of the parent directories): .git
2024-02-12 19:09:40.682 [info] > git rev-parse --show-toplevel [27ms]
2024-02-12 19:09:40.683 [info] fatal: not a git repository (or any of the parent directories): .git
2024-02-12 19:15:40.415 [info] > git rev-parse --show-toplevel [33ms]
2024-02-12 19:15:40.422 [info] fatal: not a git repository (or any of the parent directories): .git
2024-02-12 19:15:41.782 [info] > git rev-parse --show-toplevel [64ms]
2024-02-12 19:15:41.782 [info] fatal: not a git repository (or any of the parent directories): .git
2024-02-12 19:33:55.289 [info] > git rev-parse --show-toplevel [22ms]
2024-02-12 19:33:55.311 [info] > git rev-parse --git-dir --git-common-dir [1ms]
2024-02-12 19:33:55.488 [info] Open repository: /home/bitnami
2024-02-12 19:33:55.561 [info] No remotes found in the git config file.
2024-02-12 19:33:55.566 [info] > git config --get commit.template [35ms]
2024-02-12 19:33:55.566 [info] > git for-each-ref --format=%(refname)%00%(upstream:short)%00%(objectname)%00%(upstream:track)%00%(upstream:remotename)%00%(upstream:remoteref) refs/heads/master refs/remotes/master [9ms]
2024-02-12 19:33:55.570 [warning] No such branch: master.
2024-02-12 19:33:55.961 [info] > git show --textconv :blogger/views/home.ejs [14ms]
2024-02-12 19:33:55.961 [info] > git ls-files --stage -- /home/bitnami/blogger/views/home.ejs [2ms]
2024-02-12 19:33:56.167 [info] > git check-ignore -v -z --stdin [22ms]
2024-02-12 19:33:56.168 [info] > git check-ignore -v -z --stdin [11ms]
2024-02-12 19:33:56.171 [info] > git check-ignore -v -z --stdin [6ms]
2024-02-12 19:33:58.577 [info] > git status -z -uall [2999ms] (cancelled)
2024-02-12 19:33:58.580 [info] > git check-ignore -v -z --stdin [4ms]
2024-02-12 19:34:12.303 [info] > git config --get commit.template [60ms]
2024-02-12 19:34:12.315 [info] No remotes found in the git config file.
2024-02-12 19:34:12.319 [info] > git for-each-ref --format=%(refname)%00%(upstream:short)%00%(objectname)%00%(upstream:track)%00%(upstream:remotename)%00%(upstream:remoteref) refs/heads/master refs/remotes/master [5ms]
2024-02-12 19:34:12.321 [warning] No such branch: master.
2024-02-12 19:34:14.245 [info] > git check-ignore -v -z --stdin [4ms]
2024-02-12 19:34:14.532 [info] > git status -z -uall [2196ms] (cancelled)
2024-02-12 19:34:14.534 [info] > git config --get commit.template [2ms]
2024-02-12 19:34:14.547 [info] No remotes found in the git config file.
2024-02-12 19:34:14.552 [info] > git for-each-ref --format=%(refname)%00%(upstream:short)%00%(objectname)%00%(upstream:track)%00%(upstream:remotename)%00%(upstream:remoteref) refs/heads/master refs/remotes/master [4ms]
2024-02-12 19:34:14.552 [warning] No such branch: master.
2024-02-12 19:34:14.822 [info] > git show --textconv :blogger/views/home.ejs [15ms]
2024-02-12 19:34:14.823 [info] > git ls-files --stage -- /home/bitnami/blogger/views/home.ejs [2ms]
2024-02-12 19:34:14.904 [info] > git status -z -uall [340ms]
2024-02-12 19:34:15.571 [info] > git check-ignore -v -z --stdin [23ms]
2024-02-12 19:34:15.572 [info] > git check-ignore -v -z --stdin [11ms]
2024-02-12 19:34:15.574 [info] > git check-ignore -v -z --stdin [5ms]
2024-02-12 19:34:16.724 [info] > git config --get commit.template [4ms]
2024-02-12 19:34:16.735 [info] No remotes found in the git config file.
2024-02-12 19:34:16.735 [info] > git for-each-ref --format=%(refname)%00%(upstream:short)%00%(objectname)%00%(upstream:track)%00%(upstream:remotename)%00%(upstream:remoteref) refs/heads/master refs/remotes/master [1ms]
2024-02-12 19:34:16.736 [warning] No such branch: master.
2024-02-12 19:34:16.802 [info] > git status -z -uall [58ms]
2024-02-12 19:34:21.874 [info] No remotes found in the git config file.
2024-02-12 19:34:21.874 [info] > git config --get commit.template [8ms]
2024-02-12 19:34:21.875 [info] > git for-each-ref --format=%(refname)%00%(upstream:short)%00%(objectname)%00%(upstream:track)%00%(upstream:remotename)%00%(upstream:remoteref) refs/heads/master refs/remotes/master [2ms]
2024-02-12 19:34:21.875 [warning] No such branch: master.
2024-02-12 19:34:21.933 [info] > git status -z -uall [52ms]
2024-02-12 19:34:27.002 [info] No remotes found in the git config file.
2024-02-12 19:34:27.002 [info] > git config --get commit.template [8ms]
2024-02-12 19:34:27.003 [info] > git for-each-ref --format=%(refname)%00%(upstream:short)%00%(objectname)%00%(upstream:track)%00%(upstream:remotename)%00%(upstream:remoteref) refs/heads/master refs/remotes/master [2ms]
2024-02-12 19:34:27.003 [warning] No such branch: master.
2024-02-12 19:34:27.058 [info] > git status -z -uall [45ms]
2024-02-12 19:34:32.108 [info] > git config --get commit.template [0ms]
2024-02-12 19:34:32.114 [info] No remotes found in the git config file.
2024-02-12 19:34:32.114 [info] > git for-each-ref --format=%(refname)%00%(upstream:short)%00%(objectname)%00%(upstream:track)%00%(upstream:remotename)%00%(upstream:remoteref) refs/heads/master refs/remotes/master [1ms]
2024-02-12 19:34:32.114 [warning] No such branch: master.
2024-02-12 19:34:32.169 [info] > git status -z -uall [48ms]
2024-02-12 19:34:37.234 [info] No remotes found in the git config file.
2024-02-12 19:34:37.234 [info] > git config --get commit.template [12ms]
2024-02-12 19:34:37.235 [info] > git for-each-ref --format=%(refname)%00%(upstream:short)%00%(objectname)%00%(upstream:track)%00%(upstream:remotename)%00%(upstream:remoteref) refs/heads/master refs/remotes/master [1ms]
2024-02-12 19:34:37.235 [warning] No such branch: master.
2024-02-12 19:34:37.320 [info] > git status -z -uall [79ms]
2024-02-12 19:34:42.464 [info] No remotes found in the git config file.
2024-02-12 19:34:42.465 [info] > git config --get commit.template [8ms]
2024-02-12 19:34:42.465 [info] > git for-each-ref --format=%(refname)%00%(upstream:short)%00%(objectname)%00%(upstream:track)%00%(upstream:remotename)%00%(upstream:remoteref) refs/heads/master refs/remotes/master [1ms]
2024-02-12 19:34:42.465 [warning] No such branch: master.
2024-02-12 19:34:42.525 [info] > git status -z -uall [55ms]
2024-02-12 19:34:47.583 [info] No remotes found in the git config file.
2024-02-12 19:34:47.584 [info] > git config --get commit.template [9ms]
2024-02-12 19:34:47.584 [info] > git for-each-ref --format=%(refname)%00%(upstream:short)%00%(objectname)%00%(upstream:track)%00%(upstream:remotename)%00%(upstream:remoteref) refs/heads/master refs/remotes/master [1ms]
2024-02-12 19:34:47.584 [warning] No such branch: master.
2024-02-12 19:34:47.663 [info] > git status -z -uall [73ms]
2024-02-12 19:34:52.734 [info] No remotes found in the git config file.
2024-02-12 19:34:52.735 [info] > git config --get commit.template [7ms]
2024-02-12 19:34:52.735 [info] > git for-each-ref --format=%(refname)%00%(upstream:short)%00%(objectname)%00%(upstream:track)%00%(upstream:remotename)%00%(upstream:remoteref) refs/heads/master refs/remotes/master [1ms]
2024-02-12 19:34:52.735 [warning] No such branch: master.
2024-02-12 19:34:52.789 [info] > git status -z -uall [48ms]
2024-02-12 19:34:57.850 [info] No remotes found in the git config file.
2024-02-12 19:34:57.857 [info] > git config --get commit.template [8ms]
2024-02-12 19:34:57.859 [info] > git for-each-ref --format=%(refname)%00%(upstream:short)%00%(objectname)%00%(upstream:track)%00%(upstream:remotename)%00%(upstream:remoteref) refs/heads/master refs/remotes/master [2ms]
2024-02-12 19:34:57.859 [warning] No such branch: master.
2024-02-12 19:34:57.942 [info] > git status -z -uall [76ms]
2024-02-12 19:35:03.024 [info] No remotes found in the git config file.
2024-02-12 19:35:03.067 [info] > git config --get commit.template [44ms]
2024-02-12 19:35:03.073 [info] > git for-each-ref --format=%(refname)%00%(upstream:short)%00%(objectname)%00%(upstream:track)%00%(upstream:remotename)%00%(upstream:remoteref) refs/heads/master refs/remotes/master [21ms]
2024-02-12 19:35:03.073 [warning] No such branch: master.
2024-02-12 19:35:04.770 [info] > git status -z -uall [1684ms]
2024-02-12 19:35:09.433 [info] > git ls-files --stage -- /home/bitnami/blogger/views/home.ejs [5ms]
2024-02-12 19:35:09.446 [info] > git cat-file -s e7a156659638a453cbc3f95dd2a2de23235d750a [4ms]
2024-02-12 19:35:09.507 [info] > git show --textconv :blogger/views/home.ejs [5ms]
2024-02-12 19:35:10.000 [info] No remotes found in the git config file.
2024-02-12 19:35:10.001 [info] > git config --get commit.template [34ms]
2024-02-12 19:35:10.001 [info] > git for-each-ref --format=%(refname)%00%(upstream:short)%00%(objectname)%00%(upstream:track)%00%(upstream:remotename)%00%(upstream:remoteref) refs/heads/master refs/remotes/master [2ms]
2024-02-12 19:35:10.001 [warning] No such branch: master.
2024-02-12 19:35:10.520 [info] > git status -z -uall [511ms]
2024-02-12 19:35:15.613 [info] > git config --get commit.template [8ms]
2024-02-12 19:35:15.614 [info] No remotes found in the git config file.
2024-02-12 19:35:15.614 [info] > git for-each-ref --format=%(refname)%00%(upstream:short)%00%(objectname)%00%(upstream:track)%00%(upstream:remotename)%00%(upstream:remoteref) refs/heads/master refs/remotes/master [2ms]
2024-02-12 19:35:15.614 [warning] No such branch: master.
2024-02-12 19:35:15.686 [info] > git status -z -uall [66ms]
2024-02-12 19:35:20.772 [info] No remotes found in the git config file.
2024-02-12 19:35:20.773 [info] > git config --get commit.template [9ms]
2024-02-12 19:35:20.773 [info] > git for-each-ref --format=%(refname)%00%(upstream:short)%00%(objectname)%00%(upstream:track)%00%(upstream:remotename)%00%(upstream:remoteref) refs/heads/master refs/remotes/master [1ms]
2024-02-12 19:35:20.774 [warning] No such branch: master.
2024-02-12 19:35:20.836 [info] > git status -z -uall [58ms]
2024-02-12 19:35:25.905 [info] No remotes found in the git config file.
2024-02-12 19:35:25.906 [info] > git config --get commit.template [7ms]
2024-02-12 19:35:25.906 [info] > git for-each-ref --format=%(refname)%00%(upstream:short)%00%(objectname)%00%(upstream:track)%00%(upstream:remotename)%00%(upstream:remoteref) refs/heads/master refs/remotes/master [2ms]
2024-02-12 19:35:25.906 [warning] No such branch: master.
2024-02-12 19:35:25.973 [info] > git status -z -uall [54ms]
2024-02-12 19:35:31.039 [info] No remotes found in the git config file.
2024-02-12 19:35:31.040 [info] > git config --get commit.template [8ms]
2024-02-12 19:35:31.040 [info] > git for-each-ref --format=%(refname)%00%(upstream:short)%00%(objectname)%00%(upstream:track)%00%(upstream:remotename)%00%(upstream:remoteref) refs/heads/master refs/remotes/master [1ms]
2024-02-12 19:35:31.040 [warning] No such branch: master.
2024-02-12 19:35:31.106 [info] > git status -z -uall [60ms]
2024-02-12 19:35:36.177 [info] No remotes found in the git config file.
2024-02-12 19:35:36.178 [info] > git config --get commit.template [8ms]
2024-02-12 19:35:36.179 [info] > git for-each-ref --format=%(refname)%00%(upstream:short)%00%(objectname)%00%(upstream:track)%00%(upstream:remotename)%00%(upstream:remoteref) refs/heads/master refs/remotes/master [2ms]
2024-02-12 19:35:36.179 [warning] No such branch: master.
2024-02-12 19:35:36.237 [info] > git status -z -uall [52ms]
2024-02-12 19:35:41.309 [info] No remotes found in the git config file.
2024-02-12 19:35:41.310 [info] > git config --get commit.template [8ms]
2024-02-12 19:35:41.310 [info] > git for-each-ref --format=%(refname)%00%(upstream:short)%00%(objectname)%00%(upstream:track)%00%(upstream:remotename)%00%(upstream:remoteref) refs/heads/master refs/remotes/master [2ms]
2024-02-12 19:35:41.310 [warning] No such branch: master.
2024-02-12 19:35:41.389 [info] > git status -z -uall [72ms]
2024-02-12 19:35:46.458 [info] No remotes found in the git config file.
2024-02-12 19:35:46.459 [info] > git config --get commit.template [8ms]
2024-02-12 19:35:46.460 [info] > git for-each-ref --format=%(refname)%00%(upstream:short)%00%(objectname)%00%(upstream:track)%00%(upstream:remotename)%00%(upstream:remoteref) refs/heads/master refs/remotes/master [1ms]
2024-02-12 19:35:46.460 [warning] No such branch: master.
2024-02-12 19:35:46.521 [info] > git status -z -uall [55ms]
2024-02-12 19:35:51.600 [info] No remotes found in the git config file.
2024-02-12 19:35:51.604 [info] > git config --get commit.template [15ms]
2024-02-12 19:35:51.604 [info] > git for-each-ref --format=%(refname)%00%(upstream:short)%00%(objectname)%00%(upstream:track)%00%(upstream:remotename)%00%(upstream:remoteref) refs/heads/master refs/remotes/master [5ms]
2024-02-12 19:35:51.605 [warning] No such branch: master.
2024-02-12 19:35:51.679 [info] > git status -z -uall [63ms]
2024-02-12 19:35:56.749 [info] No remotes found in the git config file.
2024-02-12 19:35:56.750 [info] > git config --get commit.template [10ms]
2024-02-12 19:35:56.750 [info] > git for-each-ref --format=%(refname)%00%(upstream:short)%00%(objectname)%00%(upstream:track)%00%(upstream:remotename)%00%(upstream:remoteref) refs/heads/master refs/remotes/master [1ms]
2024-02-12 19:35:56.750 [warning] No such branch: master.
2024-02-12 19:35:56.818 [info] > git status -z -uall [59ms]
2024-02-12 19:36:01.907 [info] No remotes found in the git config file.
2024-02-12 19:36:01.909 [info] > git config --get commit.template [23ms]
2024-02-12 19:36:01.909 [info] > git for-each-ref --format=%(refname)%00%(upstream:short)%00%(objectname)%00%(upstream:track)%00%(upstream:remotename)%00%(upstream:remoteref) refs/heads/master refs/remotes/master [2ms]
2024-02-12 19:36:01.910 [warning] No such branch: master.
2024-02-12 19:36:02.032 [info] > git status -z -uall [102ms]
2024-02-12 19:36:07.108 [info] No remotes found in the git config file.
2024-02-12 19:36:07.109 [info] > git config --get commit.template [16ms]
2024-02-12 19:36:07.110 [info] > git for-each-ref --format=%(refname)%00%(upstream:short)%00%(objectname)%00%(upstream:track)%00%(upstream:remotename)%00%(upstream:remoteref) refs/heads/master refs/remotes/master [2ms]
2024-02-12 19:36:07.110 [warning] No such branch: master.
2024-02-12 19:36:07.192 [info] > git status -z -uall [75ms]
2024-02-12 19:36:08.840 [info] > git config --get commit.template [8ms]
2024-02-12 19:36:08.841 [info] > git for-each-ref --format=%(refname)%00%(upstream:short)%00%(objectname)%00%(upstream:track)%00%(upstream:remotename)%00%(upstream:remoteref) refs/heads/chapter-04-views refs/remotes/chapter-04-views [2ms]
2024-02-12 19:36:08.847 [warning] ENOENT: no such file or directory, open '/home/bitnami/getting-MEAN/.git/refs/remotes/origin/chapter-04-views'
2024-02-12 19:36:08.849 [info] > git rev-parse refs/remotes/origin/chapter-04-views [2ms]
2024-02-12 19:36:08.857 [info] > git status -z -uall [2ms]
2024-02-12 19:36:08.984 [info] > git ls-files --stage -- /home/bitnami/blogger/views/home.ejs [2ms]
2024-02-12 19:36:08.994 [info] > git cat-file -s e7a156659638a453cbc3f95dd2a2de23235d750a [3ms]
2024-02-12 19:36:09.055 [info] > git show --textconv :blogger/views/home.ejs [3ms]
2024-02-12 19:36:12.994 [info] No remotes found in the git config file.
2024-02-12 19:36:12.995 [info] > git config --get commit.template [8ms]
2024-02-12 19:36:12.995 [info] > git for-each-ref --format=%(refname)%00%(upstream:short)%00%(objectname)%00%(upstream:track)%00%(upstream:remotename)%00%(upstream:remoteref) refs/heads/master refs/remotes/master [1ms]
2024-02-12 19:36:12.996 [warning] No such branch: master.
2024-02-12 19:36:13.058 [info] > git status -z -uall [52ms]
2024-02-12 19:36:18.138 [info] No remotes found in the git config file.
2024-02-12 19:36:18.139 [info] > git config --get commit.template [10ms]
2024-02-12 19:36:18.140 [info] > git for-each-ref --format=%(refname)%00%(upstream:short)%00%(objectname)%00%(upstream:track)%00%(upstream:remotename)%00%(upstream:remoteref) refs/heads/master refs/remotes/master [2ms]
2024-02-12 19:36:18.329 [info] > git status -z -uall [181ms]
2024-02-12 19:36:18.647 [info] > git ls-files --stage -- /home/bitnami/blogger/views/home.ejs [4ms]
2024-02-12 19:36:18.658 [info] > git cat-file -s e7a156659638a453cbc3f95dd2a2de23235d750a [3ms]
2024-02-12 19:36:18.722 [info] > git show --textconv :blogger/views/home.ejs [4ms]
2024-02-12 19:36:23.387 [info] No remotes found in the git config file.
2024-02-12 19:36:23.435 [info] > git config --get commit.template [52ms]
2024-02-12 19:36:23.444 [info] > git for-each-ref --format=%(refname)%00%(upstream:short)%00%(objectname)%00%(upstream:track)%00%(upstream:remotename)%00%(upstream:remoteref) refs/heads/master refs/remotes/master [42ms]
