2024-02-09 04:38:52.860 [info] Log level: Info
2024-02-09 04:38:52.860 [info] Validating found git in: "git"
2024-02-09 04:38:52.860 [info] Using git "2.30.2" from "git"
2024-02-09 04:38:52.860 [info] > git rev-parse --show-toplevel [16ms]
2024-02-09 04:38:52.860 [info] fatal: not a git repository (or any of the parent directories): .git
2024-02-09 04:38:52.862 [info] > git rev-parse --show-toplevel [9ms]
2024-02-09 04:38:52.862 [info] fatal: not a git repository (or any of the parent directories): .git
2024-02-09 04:38:52.873 [info] > git rev-parse --show-toplevel [2ms]
2024-02-09 04:38:52.873 [info] fatal: not a git repository (or any of the parent directories): .git
2024-02-09 04:38:52.926 [info] > git rev-parse --show-toplevel [47ms]
2024-02-09 04:38:52.926 [info] fatal: not a git repository (or any of the parent directories): .git
2024-02-09 04:38:52.938 [info] > git rev-parse --show-toplevel [5ms]
2024-02-09 04:38:52.938 [info] fatal: not a git repository (or any of the parent directories): .git
2024-02-09 04:38:52.948 [info] > git rev-parse --show-toplevel [2ms]
2024-02-09 04:38:52.949 [info] fatal: not a git repository (or any of the parent directories): .git
2024-02-09 04:38:52.957 [info] > git rev-parse --show-toplevel [2ms]
2024-02-09 04:38:52.957 [info] fatal: not a git repository (or any of the parent directories): .git
2024-02-09 04:38:52.965 [info] > git rev-parse --show-toplevel [2ms]
2024-02-09 04:38:52.965 [info] fatal: not a git repository (or any of the parent directories): .git
2024-02-09 04:38:52.976 [info] > git rev-parse --show-toplevel [5ms]
2024-02-09 04:38:52.976 [info] fatal: not a git repository (or any of the parent directories): .git
2024-02-09 04:38:55.460 [info] > git rev-parse --show-toplevel [7ms]
2024-02-09 04:38:55.460 [info] fatal: not a git repository (or any of the parent directories): .git
2024-02-09 04:39:02.813 [info] > git rev-parse --show-toplevel [1ms]
2024-02-09 04:39:02.813 [info] fatal: not a git repository (or any of the parent directories): .git
2024-02-09 04:39:03.459 [info] > git rev-parse --show-toplevel [1ms]
2024-02-09 04:39:03.459 [info] fatal: not a git repository (or any of the parent directories): .git
