2024-02-08 23:38:54.599 [info] Log level: Info
2024-02-08 23:38:54.599 [info] Validating found git in: "git"
2024-02-08 23:38:54.600 [info] Using git "2.30.2" from "git"
2024-02-08 23:38:54.600 [info] > git rev-parse --show-toplevel [8ms]
2024-02-08 23:38:54.600 [info] fatal: not a git repository (or any of the parent directories): .git
2024-02-08 23:38:54.600 [info] > git rev-parse --show-toplevel [10ms]
2024-02-08 23:38:54.600 [info] fatal: not a git repository (or any of the parent directories): .git
2024-02-08 23:38:54.600 [info] > git rev-parse --show-toplevel [1ms]
2024-02-08 23:38:54.601 [info] fatal: not a git repository (or any of the parent directories): .git
2024-02-08 23:38:54.601 [info] > git rev-parse --show-toplevel [1ms]
2024-02-08 23:38:54.601 [info] fatal: not a git repository (or any of the parent directories): .git
2024-02-08 23:38:54.601 [info] > git rev-parse --show-toplevel [2ms]
2024-02-08 23:38:54.601 [info] fatal: not a git repository (or any of the parent directories): .git
2024-02-08 23:38:54.601 [info] > git rev-parse --show-toplevel [1ms]
2024-02-08 23:38:54.602 [info] fatal: not a git repository (or any of the parent directories): .git
2024-02-08 23:38:54.603 [info] > git rev-parse --show-toplevel [2ms]
2024-02-08 23:38:54.603 [info] fatal: not a git repository (or any of the parent directories): .git
2024-02-08 23:38:54.603 [info] > git rev-parse --show-toplevel [1ms]
2024-02-08 23:38:54.603 [info] fatal: not a git repository (or any of the parent directories): .git
2024-02-08 23:38:54.603 [info] > git rev-parse --show-toplevel [1ms]
2024-02-08 23:38:54.604 [info] fatal: not a git repository (or any of the parent directories): .git
2024-02-08 23:38:54.604 [info] > git rev-parse --show-toplevel [7ms]
2024-02-08 23:38:54.604 [info] fatal: not a git repository (or any of the parent directories): .git
2024-02-08 23:38:54.604 [info] > git rev-parse --show-toplevel [4ms]
2024-02-08 23:38:54.604 [info] > git rev-parse --git-dir --git-common-dir [1ms]
2024-02-08 23:38:54.604 [info] Open repository: /home/bitnami/todo
2024-02-08 23:38:54.604 [info] > git config --get commit.template [27ms]
2024-02-08 23:38:54.604 [info] > git rev-parse --show-toplevel [33ms]
2024-02-08 23:38:54.604 [info] fatal: not a git repository (or any of the parent directories): .git
2024-02-08 23:38:54.604 [info] > git for-each-ref --format=%(refname)%00%(upstream:short)%00%(objectname)%00%(upstream:track)%00%(upstream:remotename)%00%(upstream:remoteref) refs/heads/master refs/remotes/master [17ms]
2024-02-08 23:38:54.604 [info] > git status -z -uall [46ms]
2024-02-08 23:38:54.604 [info] > git config --get commit.template [1ms]
2024-02-08 23:38:54.604 [info] > git for-each-ref --format=%(refname)%00%(upstream:short)%00%(objectname)%00%(upstream:track)%00%(upstream:remotename)%00%(upstream:remoteref) refs/heads/master refs/remotes/master [3ms]
2024-02-08 23:38:54.612 [info] > git status -z -uall [14ms]
2024-02-08 23:38:55.030 [info] > git check-ignore -v -z --stdin [2ms]
2024-02-08 23:39:16.779 [info] > git check-ignore -v -z --stdin [1ms]
2024-02-08 23:39:29.099 [info] > git rev-parse --show-toplevel [67ms]
2024-02-08 23:39:29.099 [info] fatal: not a git repository (or any of the parent directories): .git
2024-02-08 23:39:41.642 [info] > git check-ignore -v -z --stdin [3ms]
2024-02-08 23:39:42.457 [info] > git check-ignore -v -z --stdin [1ms]
2024-02-08 23:39:47.999 [info] > git check-ignore -v -z --stdin [2ms]
2024-02-08 23:40:00.442 [info] > git check-ignore -v -z --stdin [3ms]
2024-02-08 23:40:59.978 [info] > git rev-parse --show-toplevel [3ms]
2024-02-08 23:40:59.978 [info] fatal: not a git repository (or any of the parent directories): .git
2024-02-08 23:41:27.643 [info] > git rev-parse --show-toplevel [2ms]
2024-02-08 23:41:27.644 [info] fatal: not a git repository (or any of the parent directories): .git
2024-02-08 23:41:55.480 [info] > git rev-parse --show-toplevel [2ms]
2024-02-08 23:41:55.480 [info] fatal: not a git repository (or any of the parent directories): .git
2024-02-08 23:52:14.914 [info] > git rev-parse --show-toplevel [29ms]
2024-02-08 23:52:14.914 [info] fatal: not a git repository (or any of the parent directories): .git
2024-02-08 23:52:14.939 [info] > git rev-parse --show-toplevel [13ms]
2024-02-08 23:52:14.939 [info] fatal: not a git repository (or any of the parent directories): .git
2024-02-09 00:09:25.036 [info] > git rev-parse --show-toplevel [78ms]
2024-02-09 00:09:25.037 [info] fatal: not a git repository (or any of the parent directories): .git
2024-02-09 00:09:25.047 [info] > git rev-parse --show-toplevel [4ms]
2024-02-09 00:09:25.047 [info] fatal: not a git repository (or any of the parent directories): .git
2024-02-09 00:09:25.057 [info] > git rev-parse --show-toplevel [5ms]
2024-02-09 00:09:25.057 [info] fatal: not a git repository (or any of the parent directories): .git
2024-02-09 00:37:07.990 [info] > git rev-parse --show-toplevel [35ms]
2024-02-09 00:37:07.990 [info] fatal: not a git repository (or any of the parent directories): .git
2024-02-09 00:37:07.996 [info] > git rev-parse --show-toplevel [1ms]
2024-02-09 00:37:07.996 [info] fatal: not a git repository (or any of the parent directories): .git
2024-02-09 00:37:08.002 [info] > git rev-parse --show-toplevel [0ms]
2024-02-09 00:37:08.002 [info] fatal: not a git repository (or any of the parent directories): .git
2024-02-09 00:54:06.631 [info] > git rev-parse --show-toplevel [2ms]
2024-02-09 00:54:06.631 [info] fatal: not a git repository (or any of the parent directories): .git
2024-02-09 00:54:06.672 [info] > git rev-parse --show-toplevel [5ms]
2024-02-09 00:54:06.672 [info] fatal: not a git repository (or any of the parent directories): .git
2024-02-09 00:54:06.682 [info] > git rev-parse --show-toplevel [4ms]
2024-02-09 00:54:06.683 [info] fatal: not a git repository (or any of the parent directories): .git
2024-02-09 01:11:00.448 [info] > git rev-parse --show-toplevel [3ms]
2024-02-09 01:11:00.448 [info] fatal: not a git repository (or any of the parent directories): .git
2024-02-09 01:11:00.499 [info] > git rev-parse --show-toplevel [8ms]
2024-02-09 01:11:00.500 [info] fatal: not a git repository (or any of the parent directories): .git
2024-02-09 01:11:00.506 [info] > git rev-parse --show-toplevel [2ms]
2024-02-09 01:11:00.506 [info] fatal: not a git repository (or any of the parent directories): .git
2024-02-09 01:11:08.322 [info] > git rev-parse --show-toplevel [136ms]
2024-02-09 01:11:08.322 [info] fatal: not a git repository (or any of the parent directories): .git
2024-02-09 01:11:43.884 [info] > git rev-parse --show-toplevel [8ms]
2024-02-09 01:11:43.884 [info] fatal: not a git repository (or any of the parent directories): .git
2024-02-09 01:12:05.269 [info] > git rev-parse --show-toplevel [3ms]
2024-02-09 01:12:05.269 [info] fatal: not a git repository (or any of the parent directories): .git
2024-02-09 01:12:06.579 [info] > git rev-parse --show-toplevel [3ms]
2024-02-09 01:12:06.580 [info] fatal: not a git repository (or any of the parent directories): .git
2024-02-09 01:12:07.951 [info] > git rev-parse --show-toplevel [5ms]
2024-02-09 01:12:07.952 [info] fatal: not a git repository (or any of the parent directories): .git
2024-02-09 01:12:10.614 [info] > git rev-parse --show-toplevel [5ms]
2024-02-09 01:12:10.614 [info] fatal: not a git repository (or any of the parent directories): .git
2024-02-09 01:12:28.361 [info] > git rev-parse --show-toplevel [2ms]
2024-02-09 01:12:28.361 [info] fatal: not a git repository (or any of the parent directories): .git
2024-02-09 01:22:13.884 [info] > git rev-parse --show-toplevel [1ms]
2024-02-09 01:22:13.884 [info] fatal: not a git repository (or any of the parent directories): .git
2024-02-09 01:23:57.286 [info] > git rev-parse --show-toplevel [20ms]
2024-02-09 01:23:57.287 [info] fatal: not a git repository (or any of the parent directories): .git
2024-02-09 01:24:04.809 [info] > git rev-parse --show-toplevel [2ms]
2024-02-09 01:24:04.809 [info] fatal: not a git repository (or any of the parent directories): .git
2024-02-09 01:24:30.966 [info] > git rev-parse --show-toplevel [3ms]
2024-02-09 01:24:30.966 [info] fatal: not a git repository (or any of the parent directories): .git
2024-02-09 01:24:32.401 [info] > git rev-parse --show-toplevel [2ms]
2024-02-09 01:24:32.401 [info] fatal: not a git repository (or any of the parent directories): .git
2024-02-09 01:25:03.694 [info] > git rev-parse --show-toplevel [12ms]
2024-02-09 01:25:03.694 [info] fatal: not a git repository (or any of the parent directories): .git
2024-02-09 01:25:14.907 [info] > git rev-parse --show-toplevel [3ms]
2024-02-09 01:25:14.907 [info] fatal: not a git repository (or any of the parent directories): .git
2024-02-09 01:25:15.991 [info] > git rev-parse --show-toplevel [2ms]
2024-02-09 01:25:15.991 [info] fatal: not a git repository (or any of the parent directories): .git
2024-02-09 01:25:29.538 [info] > git rev-parse --show-toplevel [2ms]
2024-02-09 01:25:29.538 [info] fatal: not a git repository (or any of the parent directories): .git
2024-02-09 01:25:39.837 [info] > git rev-parse --show-toplevel [6ms]
2024-02-09 01:25:39.837 [info] fatal: not a git repository (or any of the parent directories): .git
2024-02-09 01:25:40.946 [info] > git rev-parse --show-toplevel [4ms]
2024-02-09 01:25:40.946 [info] fatal: not a git repository (or any of the parent directories): .git
2024-02-09 01:25:42.267 [info] > git rev-parse --show-toplevel [5ms]
2024-02-09 01:25:42.267 [info] fatal: not a git repository (or any of the parent directories): .git
2024-02-09 01:25:46.329 [info] > git rev-parse --show-toplevel [2ms]
2024-02-09 01:25:46.329 [info] fatal: not a git repository (or any of the parent directories): .git
2024-02-09 01:25:47.811 [info] > git rev-parse --show-toplevel [2ms]
2024-02-09 01:25:47.811 [info] fatal: not a git repository (or any of the parent directories): .git
2024-02-09 01:25:49.069 [info] > git rev-parse --show-toplevel [2ms]
2024-02-09 01:25:49.070 [info] fatal: not a git repository (or any of the parent directories): .git
2024-02-09 01:26:13.086 [info] > git rev-parse --show-toplevel [132ms]
2024-02-09 01:26:13.087 [info] fatal: not a git repository (or any of the parent directories): .git
2024-02-09 01:26:25.122 [info] > git rev-parse --show-toplevel [70ms]
2024-02-09 01:26:25.127 [info] fatal: not a git repository (or any of the parent directories): .git
2024-02-09 01:26:32.255 [info] > git rev-parse --show-toplevel [8ms]
2024-02-09 01:26:32.255 [info] fatal: not a git repository (or any of the parent directories): .git
2024-02-09 01:26:33.221 [info] > git rev-parse --show-toplevel [2ms]
2024-02-09 01:26:33.221 [info] fatal: not a git repository (or any of the parent directories): .git
2024-02-09 01:26:36.040 [info] > git rev-parse --show-toplevel [4ms]
2024-02-09 01:26:36.040 [info] fatal: not a git repository (or any of the parent directories): .git
2024-02-09 01:26:36.695 [info] > git rev-parse --show-toplevel [3ms]
2024-02-09 01:26:36.695 [info] fatal: not a git repository (or any of the parent directories): .git
2024-02-09 01:26:38.780 [info] > git rev-parse --show-toplevel [4ms]
2024-02-09 01:26:38.780 [info] fatal: not a git repository (or any of the parent directories): .git
2024-02-09 01:26:40.106 [info] > git rev-parse --show-toplevel [3ms]
2024-02-09 01:26:40.106 [info] fatal: not a git repository (or any of the parent directories): .git
2024-02-09 01:26:48.054 [info] > git rev-parse --show-toplevel [2ms]
2024-02-09 01:26:48.054 [info] fatal: not a git repository (or any of the parent directories): .git
2024-02-09 01:26:48.795 [info] > git rev-parse --show-toplevel [3ms]
2024-02-09 01:26:48.795 [info] fatal: not a git repository (or any of the parent directories): .git
2024-02-09 01:26:53.006 [info] > git rev-parse --show-toplevel [8ms]
2024-02-09 01:26:53.006 [info] fatal: not a git repository (or any of the parent directories): .git
2024-02-09 01:27:18.710 [info] > git rev-parse --show-toplevel [31ms]
2024-02-09 01:27:18.711 [info] fatal: not a git repository (or any of the parent directories): .git
2024-02-09 01:27:56.364 [info] > git rev-parse --show-toplevel [8ms]
2024-02-09 01:27:56.364 [info] fatal: not a git repository (or any of the parent directories): .git
2024-02-09 01:28:28.543 [info] > git rev-parse --show-toplevel [5ms]
2024-02-09 01:28:28.543 [info] fatal: not a git repository (or any of the parent directories): .git
2024-02-09 01:28:34.244 [info] > git rev-parse --show-toplevel [5ms]
2024-02-09 01:28:34.244 [info] fatal: not a git repository (or any of the parent directories): .git
2024-02-09 01:28:40.445 [info] > git rev-parse --show-toplevel [2ms]
2024-02-09 01:28:40.445 [info] fatal: not a git repository (or any of the parent directories): .git
2024-02-09 01:28:43.655 [info] > git rev-parse --show-toplevel [4ms]
2024-02-09 01:28:43.655 [info] fatal: not a git repository (or any of the parent directories): .git
2024-02-09 01:29:25.567 [info] > git ls-files --stage -- /home/bitnami/todo/views/partials/nav.ejs [2ms]
2024-02-09 01:29:25.578 [info] > git show --textconv :views/partials/nav.ejs [28ms]
2024-02-09 01:29:25.581 [info] > git cat-file -s 5a4555cff60bd8000a97b0ee363dbf00090b0de6 [4ms]
2024-02-09 01:29:30.892 [info] > git show --textconv :views/partials/showtask.ejs [8ms]
2024-02-09 01:29:30.894 [info] > git ls-files --stage -- /home/bitnami/todo/views/partials/showtask.ejs [3ms]
2024-02-09 01:29:30.902 [info] > git cat-file -s 5385846034897b099f043a042a7480bb92a2fc12 [2ms]
2024-02-09 01:29:58.990 [info] > git show --textconv :views/partials/nav.ejs [7ms]
2024-02-09 01:29:58.990 [info] > git ls-files --stage -- /home/bitnami/todo/views/partials/nav.ejs [2ms]
2024-02-09 01:29:58.995 [info] > git cat-file -s 5a4555cff60bd8000a97b0ee363dbf00090b0de6 [1ms]
2024-02-09 01:30:07.947 [info] > git rev-parse --show-toplevel [3ms]
2024-02-09 01:30:07.947 [info] fatal: not a git repository (or any of the parent directories): .git
2024-02-09 01:31:23.145 [info] > git rev-parse --show-toplevel [3ms]
2024-02-09 01:31:23.145 [info] fatal: not a git repository (or any of the parent directories): .git
2024-02-09 01:31:29.614 [info] > git rev-parse --show-toplevel [1ms]
2024-02-09 01:31:29.615 [info] fatal: not a git repository (or any of the parent directories): .git
2024-02-09 01:32:06.431 [info] > git rev-parse --show-toplevel [5ms]
2024-02-09 01:32:06.431 [info] fatal: not a git repository (or any of the parent directories): .git
2024-02-09 01:32:25.170 [info] > git rev-parse --show-toplevel [7ms]
2024-02-09 01:32:25.170 [info] fatal: not a git repository (or any of the parent directories): .git
2024-02-09 01:32:27.872 [info] > git rev-parse --show-toplevel [4ms]
2024-02-09 01:32:27.872 [info] fatal: not a git repository (or any of the parent directories): .git
2024-02-09 01:32:31.289 [info] > git rev-parse --show-toplevel [3ms]
2024-02-09 01:32:31.289 [info] fatal: not a git repository (or any of the parent directories): .git
2024-02-09 01:32:34.139 [info] > git rev-parse --show-toplevel [3ms]
2024-02-09 01:32:34.139 [info] fatal: not a git repository (or any of the parent directories): .git
2024-02-09 01:32:38.549 [info] > git rev-parse --show-toplevel [4ms]
2024-02-09 01:32:38.549 [info] fatal: not a git repository (or any of the parent directories): .git
2024-02-09 01:32:40.272 [info] > git rev-parse --show-toplevel [7ms]
2024-02-09 01:32:40.272 [info] fatal: not a git repository (or any of the parent directories): .git
2024-02-09 01:32:43.570 [info] > git rev-parse --show-toplevel [4ms]
2024-02-09 01:32:43.570 [info] fatal: not a git repository (or any of the parent directories): .git
2024-02-09 01:33:04.751 [info] > git rev-parse --show-toplevel [4ms]
2024-02-09 01:33:04.751 [info] fatal: not a git repository (or any of the parent directories): .git
2024-02-09 01:33:38.744 [info] > git rev-parse --show-toplevel [24ms]
2024-02-09 01:33:38.745 [info] fatal: not a git repository (or any of the parent directories): .git
2024-02-09 01:33:46.110 [info] > git rev-parse --show-toplevel [2ms]
2024-02-09 01:33:46.110 [info] fatal: not a git repository (or any of the parent directories): .git
2024-02-09 01:34:15.222 [info] > git rev-parse --show-toplevel [4ms]
2024-02-09 01:34:15.222 [info] fatal: not a git repository (or any of the parent directories): .git
2024-02-09 01:34:26.918 [info] > git rev-parse --show-toplevel [1ms]
2024-02-09 01:34:26.918 [info] fatal: not a git repository (or any of the parent directories): .git
2024-02-09 01:34:41.104 [info] > git check-ignore -v -z --stdin [28ms]
2024-02-09 01:34:44.787 [info] > git ls-files --stage -- /home/bitnami/todo/routes/todoRoutes.js [3ms]
2024-02-09 01:34:44.796 [info] > git show --textconv :routes/todoRoutes.js [26ms]
2024-02-09 01:34:44.800 [info] > git cat-file -s 67dbac016a9b54ffe72dc24588661ccc6c72b19c [5ms]
2024-02-09 01:39:53.084 [info] > git ls-files --stage -- /home/bitnami/todo/views/showTasks.ejs [15ms]
2024-02-09 01:39:53.102 [info] > git show --textconv :views/showTasks.ejs [43ms]
2024-02-09 01:39:53.102 [info] > git cat-file -s 9de9e6531e6aba816aa817492042c2b1b885b49c [1ms]
2024-02-09 01:41:17.787 [info] > git config --get commit.template [21ms]
2024-02-09 01:41:17.796 [info] > git for-each-ref --format=%(refname)%00%(upstream:short)%00%(objectname)%00%(upstream:track)%00%(upstream:remotename)%00%(upstream:remoteref) refs/heads/master refs/remotes/master [20ms]
2024-02-09 01:41:17.863 [info] > git status -z -uall [55ms]
2024-02-09 01:43:10.086 [info] > git ls-files --stage -- /home/bitnami/todo/views/addTask.ejs [13ms]
2024-02-09 01:43:10.094 [info] > git show --textconv :views/addTask.ejs [29ms]
2024-02-09 01:43:10.095 [info] > git cat-file -s 12a3353a2346a98e6a62dab7e37d0a8a0a697879 [2ms]
2024-02-09 01:44:07.136 [info] > git show --textconv :views/editTask.ejs [7ms]
2024-02-09 01:44:07.137 [info] > git ls-files --stage -- /home/bitnami/todo/views/editTask.ejs [1ms]
2024-02-09 01:44:07.143 [info] > git cat-file -s a3abe207b0bdd3dc269bfcbc2902a6b05e115444 [2ms]
2024-02-09 01:44:11.879 [info] > git show --textconv :views/error.ejs [7ms]
2024-02-09 01:44:11.880 [info] > git ls-files --stage -- /home/bitnami/todo/views/error.ejs [3ms]
2024-02-09 01:44:11.887 [info] > git cat-file -s 7cf94edf1ad67d98af6922d15fba4776c959b130 [2ms]
2024-02-09 01:44:13.009 [info] > git show --textconv :views/completedAdd.ejs [18ms]
2024-02-09 01:44:13.010 [info] > git ls-files --stage -- /home/bitnami/todo/views/completedAdd.ejs [12ms]
2024-02-09 01:44:13.017 [info] > git cat-file -s 0d3fc139f51f324a1c342b136a8800ab801a1846 [2ms]
2024-02-09 01:44:21.512 [info] > git show --textconv :views/addTask.ejs [5ms]
2024-02-09 01:44:21.513 [info] > git ls-files --stage -- /home/bitnami/todo/views/addTask.ejs [1ms]
2024-02-09 01:44:21.517 [info] > git cat-file -s 12a3353a2346a98e6a62dab7e37d0a8a0a697879 [0ms]
2024-02-09 01:49:01.861 [info] > git rev-parse --show-toplevel [9ms]
2024-02-09 01:49:01.861 [info] fatal: not a git repository (or any of the parent directories): .git
2024-02-09 01:55:58.018 [info] > git rev-parse --show-toplevel [4ms]
2024-02-09 01:55:58.018 [info] fatal: not a git repository (or any of the parent directories): .git
2024-02-09 01:55:59.226 [info] > git rev-parse --show-toplevel [6ms]
2024-02-09 01:55:59.226 [info] fatal: not a git repository (or any of the parent directories): .git
2024-02-09 01:56:09.810 [info] > git rev-parse --show-toplevel [5ms]
2024-02-09 01:56:09.810 [info] fatal: not a git repository (or any of the parent directories): .git
2024-02-09 01:56:30.493 [info] > git rev-parse --show-toplevel [10ms]
2024-02-09 01:56:30.493 [info] fatal: not a git repository (or any of the parent directories): .git
2024-02-09 01:57:00.905 [info] > git rev-parse --show-toplevel [6ms]
2024-02-09 01:57:00.905 [info] fatal: not a git repository (or any of the parent directories): .git
2024-02-09 02:01:32.322 [info] > git rev-parse --show-toplevel [3ms]
2024-02-09 02:01:32.323 [info] fatal: not a git repository (or any of the parent directories): .git
2024-02-09 02:01:33.462 [info] > git rev-parse --show-toplevel [2ms]
2024-02-09 02:01:33.462 [info] fatal: not a git repository (or any of the parent directories): .git
2024-02-09 02:01:33.987 [info] > git rev-parse --show-toplevel [2ms]
2024-02-09 02:01:33.987 [info] fatal: not a git repository (or any of the parent directories): .git
2024-02-09 02:02:15.103 [info] > git rev-parse --show-toplevel [17ms]
2024-02-09 02:02:15.104 [info] fatal: not a git repository (or any of the parent directories): .git
2024-02-09 02:03:19.222 [info] > git rev-parse --show-toplevel [5ms]
2024-02-09 02:03:19.222 [info] fatal: not a git repository (or any of the parent directories): .git
2024-02-09 02:08:04.851 [info] > git rev-parse --show-toplevel [2ms]
2024-02-09 02:08:04.851 [info] fatal: not a git repository (or any of the parent directories): .git
2024-02-09 02:11:53.471 [info] > git ls-files --stage -- /home/bitnami/todo/readme.md [3ms]
2024-02-09 02:11:53.482 [info] > git show --textconv :readme.md [22ms]
2024-02-09 02:11:53.484 [info] > git cat-file -s dc835846df4f75f580390fe24c8543dc4a8f7927 [4ms]
2024-02-09 02:11:57.434 [info] > git ls-files --stage -- /home/bitnami/todo/app.js [23ms]
2024-02-09 02:11:57.444 [info] > git show --textconv :app.js [42ms]
2024-02-09 02:11:57.448 [info] > git cat-file -s c983ddc08387d991bf4a149c38c3076f01b714ec [5ms]
2024-02-09 02:12:11.126 [info] > git check-ignore -v -z --stdin [77ms]
2024-02-09 02:12:13.982 [info] > git check-ignore -v -z --stdin [1ms]
2024-02-09 02:12:15.578 [info] > git ls-files --stage -- /home/bitnami/todo/public/stylesheets/fontawesome-all.css [1ms]
2024-02-09 02:12:15.587 [info] > git cat-file -s e67a5c46e0e77cc19b8487f810d0c44258bbf117 [2ms]
2024-02-09 02:12:15.588 [info] > git show --textconv :public/stylesheets/fontawesome-all.css [19ms]
2024-02-09 02:12:19.920 [info] > git check-ignore -v -z --stdin [27ms]
2024-02-09 02:12:52.140 [info] > git rev-parse --show-toplevel [29ms]
2024-02-09 02:12:52.142 [info] fatal: not a git repository (or any of the parent directories): .git
2024-02-09 02:13:02.977 [info] > git rev-parse --show-toplevel [5ms]
2024-02-09 02:13:02.977 [info] fatal: not a git repository (or any of the parent directories): .git
2024-02-09 02:13:46.449 [info] > git rev-parse --show-toplevel [25ms]
2024-02-09 02:13:46.450 [info] fatal: not a git repository (or any of the parent directories): .git
2024-02-09 02:17:00.412 [info] > git check-ignore -v -z --stdin [34ms]
2024-02-09 02:17:04.814 [info] > git check-ignore -v -z --stdin [2ms]
2024-02-09 02:17:08.886 [info] > git check-ignore -v -z --stdin [3ms]
2024-02-09 02:17:10.445 [info] > git check-ignore -v -z --stdin [8ms]
2024-02-09 02:17:12.954 [info] > git check-ignore -v -z --stdin [2ms]
2024-02-09 02:17:16.360 [info] > git check-ignore -v -z --stdin [7ms]
2024-02-09 02:18:00.059 [info] > git check-ignore -v -z --stdin [6ms]
2024-02-09 02:18:13.728 [info] > git check-ignore -v -z --stdin [2ms]
2024-02-09 02:18:20.908 [info] > git check-ignore -v -z --stdin [2ms]
2024-02-09 02:18:26.471 [info] > git check-ignore -v -z --stdin [5ms]
2024-02-09 02:18:30.084 [info] > git check-ignore -v -z --stdin [2ms]
2024-02-09 02:18:30.716 [info] > git check-ignore -v -z --stdin [1ms]
2024-02-09 02:19:00.532 [info] > git rev-parse --show-toplevel [31ms]
2024-02-09 02:19:00.533 [info] fatal: not a git repository (or any of the parent directories): .git
2024-02-09 02:19:00.548 [info] > git rev-parse --show-toplevel [2ms]
2024-02-09 02:19:00.548 [info] fatal: not a git repository (or any of the parent directories): .git
2024-02-09 02:19:00.559 [info] > git rev-parse --show-toplevel [1ms]
2024-02-09 02:19:00.559 [info] fatal: not a git repository (or any of the parent directories): .git
2024-02-09 02:19:00.568 [info] > git rev-parse --show-toplevel [1ms]
2024-02-09 02:19:00.568 [info] fatal: not a git repository (or any of the parent directories): .git
2024-02-09 02:19:00.576 [info] > git rev-parse --show-toplevel [1ms]
2024-02-09 02:19:00.576 [info] fatal: not a git repository (or any of the parent directories): .git
2024-02-09 02:19:00.582 [info] > git rev-parse --show-toplevel [1ms]
2024-02-09 02:19:00.582 [info] fatal: not a git repository (or any of the parent directories): .git
2024-02-09 02:19:00.589 [info] > git rev-parse --show-toplevel [0ms]
2024-02-09 02:19:00.589 [info] fatal: not a git repository (or any of the parent directories): .git
2024-02-09 02:19:00.595 [info] > git rev-parse --show-toplevel [1ms]
2024-02-09 02:19:00.595 [info] fatal: not a git repository (or any of the parent directories): .git
2024-02-09 02:19:00.602 [info] > git rev-parse --show-toplevel [0ms]
2024-02-09 02:19:00.602 [info] fatal: not a git repository (or any of the parent directories): .git
2024-02-09 02:19:00.609 [info] > git rev-parse --show-toplevel [1ms]
2024-02-09 02:19:00.609 [info] fatal: not a git repository (or any of the parent directories): .git
2024-02-09 02:19:00.615 [info] > git rev-parse --show-toplevel [1ms]
2024-02-09 02:19:00.615 [info] fatal: not a git repository (or any of the parent directories): .git
2024-02-09 02:19:00.621 [info] > git rev-parse --show-toplevel [1ms]
2024-02-09 02:19:00.621 [info] fatal: not a git repository (or any of the parent directories): .git
2024-02-09 02:19:00.630 [info] > git rev-parse --show-toplevel [1ms]
2024-02-09 02:19:00.630 [info] fatal: not a git repository (or any of the parent directories): .git
2024-02-09 02:19:00.638 [info] > git rev-parse --show-toplevel [1ms]
2024-02-09 02:19:00.638 [info] fatal: not a git repository (or any of the parent directories): .git
2024-02-09 02:20:02.642 [info] > git rev-parse --show-toplevel [35ms]
2024-02-09 02:20:02.644 [info] fatal: not a git repository (or any of the parent directories): .git
2024-02-09 02:20:55.546 [info] > git rev-parse --show-toplevel [35ms]
2024-02-09 02:20:55.546 [info] fatal: not a git repository (or any of the parent directories): .git
2024-02-09 02:21:04.636 [info] > git rev-parse --show-toplevel [4ms]
2024-02-09 02:21:04.637 [info] fatal: not a git repository (or any of the parent directories): .git
2024-02-09 02:22:17.267 [info] > git rev-parse --show-toplevel [47ms]
2024-02-09 02:22:17.271 [info] fatal: not a git repository (or any of the parent directories): .git
2024-02-09 02:26:50.117 [info] > git rev-parse --show-toplevel [24ms]
2024-02-09 02:26:50.117 [info] fatal: not a git repository (or any of the parent directories): .git
2024-02-09 02:27:04.405 [info] > git rev-parse --show-toplevel [14ms]
2024-02-09 02:27:04.405 [info] fatal: not a git repository (or any of the parent directories): .git
2024-02-09 02:27:20.600 [info] > git rev-parse --show-toplevel [1ms]
2024-02-09 02:27:20.600 [info] fatal: not a git repository (or any of the parent directories): .git
2024-02-09 02:27:32.726 [info] > git rev-parse --show-toplevel [5ms]
2024-02-09 02:27:32.726 [info] fatal: not a git repository (or any of the parent directories): .git
2024-02-09 02:27:47.987 [info] > git ls-files --stage -- /home/bitnami/todo/views/editTask.ejs [2ms]
2024-02-09 02:27:47.993 [info] > git show --textconv :views/editTask.ejs [17ms]
2024-02-09 02:27:47.995 [info] > git cat-file -s a3abe207b0bdd3dc269bfcbc2902a6b05e115444 [2ms]
2024-02-09 02:27:49.170 [info] > git show --textconv :views/completedAdd.ejs [7ms]
2024-02-09 02:27:49.171 [info] > git ls-files --stage -- /home/bitnami/todo/views/completedAdd.ejs [1ms]
2024-02-09 02:27:49.177 [info] > git cat-file -s 0d3fc139f51f324a1c342b136a8800ab801a1846 [1ms]
2024-02-09 02:28:31.093 [info] > git rev-parse --show-toplevel [5ms]
2024-02-09 02:28:31.093 [info] fatal: not a git repository (or any of the parent directories): .git
2024-02-09 02:28:31.502 [info] > git rev-parse --show-toplevel [2ms]
2024-02-09 02:28:31.502 [info] fatal: not a git repository (or any of the parent directories): .git
2024-02-09 02:28:32.999 [info] > git rev-parse --show-toplevel [4ms]
2024-02-09 02:28:32.999 [info] fatal: not a git repository (or any of the parent directories): .git
2024-02-09 02:28:34.145 [info] > git rev-parse --show-toplevel [2ms]
2024-02-09 02:28:34.145 [info] fatal: not a git repository (or any of the parent directories): .git
2024-02-09 02:29:27.818 [info] > git show --textconv :views/showTasks.ejs [9ms]
2024-02-09 02:29:27.819 [info] > git ls-files --stage -- /home/bitnami/todo/views/showTasks.ejs [1ms]
2024-02-09 02:29:27.827 [info] > git cat-file -s 9de9e6531e6aba816aa817492042c2b1b885b49c [2ms]
2024-02-09 02:29:30.992 [info] > git show --textconv :views/editTask.ejs [7ms]
2024-02-09 02:29:30.993 [info] > git ls-files --stage -- /home/bitnami/todo/views/editTask.ejs [1ms]
2024-02-09 02:29:30.999 [info] > git cat-file -s a3abe207b0bdd3dc269bfcbc2902a6b05e115444 [1ms]
2024-02-09 02:29:35.730 [info] > git show --textconv :views/showTasks.ejs [6ms]
2024-02-09 02:29:35.731 [info] > git ls-files --stage -- /home/bitnami/todo/views/showTasks.ejs [2ms]
2024-02-09 02:29:35.738 [info] > git cat-file -s 9de9e6531e6aba816aa817492042c2b1b885b49c [1ms]
2024-02-09 02:43:55.852 [info] > git rev-parse --show-toplevel [23ms]
2024-02-09 02:43:55.854 [info] fatal: not a git repository (or any of the parent directories): .git
2024-02-09 02:44:03.814 [info] > git rev-parse --show-toplevel [33ms]
2024-02-09 02:44:03.814 [info] fatal: not a git repository (or any of the parent directories): .git
2024-02-09 02:44:15.317 [info] > git rev-parse --show-toplevel [4ms]
2024-02-09 02:44:15.317 [info] fatal: not a git repository (or any of the parent directories): .git
2024-02-09 02:44:31.713 [info] > git rev-parse --show-toplevel [7ms]
2024-02-09 02:44:31.713 [info] fatal: not a git repository (or any of the parent directories): .git
2024-02-09 02:45:42.830 [info] > git rev-parse --show-toplevel [33ms]
2024-02-09 02:45:42.830 [info] fatal: not a git repository (or any of the parent directories): .git
2024-02-09 02:46:23.281 [info] > git rev-parse --show-toplevel [21ms]
2024-02-09 02:46:23.281 [info] fatal: not a git repository (or any of the parent directories): .git
2024-02-09 02:46:27.049 [info] > git rev-parse --show-toplevel [27ms]
2024-02-09 02:46:27.049 [info] fatal: not a git repository (or any of the parent directories): .git
2024-02-09 02:48:50.002 [info] > git rev-parse --show-toplevel [26ms]
2024-02-09 02:48:50.003 [info] fatal: not a git repository (or any of the parent directories): .git
2024-02-09 02:48:57.671 [info] > git rev-parse --show-toplevel [20ms]
2024-02-09 02:48:57.671 [info] fatal: not a git repository (or any of the parent directories): .git
2024-02-09 02:49:28.553 [info] > git rev-parse --show-toplevel [2ms]
2024-02-09 02:49:28.553 [info] fatal: not a git repository (or any of the parent directories): .git
2024-02-09 02:49:31.342 [info] > git show --textconv HEAD:nohup.out [18ms]
2024-02-09 02:49:31.345 [info] > git ls-tree -l HEAD -- /home/bitnami/todo/nohup.out [11ms]
2024-02-09 02:49:55.109 [info] > git clean -f -q -- /home/bitnami/todo/nohup.out [29ms]
2024-02-09 02:49:55.165 [info] > git checkout -q [47ms]
2024-02-09 02:49:55.192 [info] > git config --get commit.template [13ms]
2024-02-09 02:49:55.193 [info] > git for-each-ref --format=%(refname)%00%(upstream:short)%00%(objectname)%00%(upstream:track)%00%(upstream:remotename)%00%(upstream:remoteref) refs/heads/master refs/remotes/master [2ms]
2024-02-09 02:49:55.206 [info] > git status -z -uall [2ms]
2024-02-09 02:49:56.411 [info] > git config --get commit.template [7ms]
2024-02-09 02:49:56.411 [info] > git for-each-ref --format=%(refname)%00%(upstream:short)%00%(objectname)%00%(upstream:track)%00%(upstream:remotename)%00%(upstream:remoteref) refs/heads/master refs/remotes/master [1ms]
2024-02-09 02:49:56.419 [info] > git status -z -uall [2ms]
2024-02-09 02:49:56.553 [info] > git ls-files --stage -- /home/bitnami/todo/views/showTasks.ejs [8ms]
2024-02-09 02:49:56.559 [info] > git ls-tree -l HEAD -- /home/bitnami/todo/nohup.out [8ms]
2024-02-09 02:49:56.560 [info] > git cat-file -s 9de9e6531e6aba816aa817492042c2b1b885b49c [2ms]
2024-02-09 02:49:56.623 [info] > git show --textconv HEAD:nohup.out [7ms]
2024-02-09 02:49:56.625 [info] > git show --textconv :views/showTasks.ejs [3ms]
2024-02-09 02:49:58.138 [info] > git rev-parse --show-toplevel [3ms]
2024-02-09 02:49:58.138 [info] fatal: not a git repository (or any of the parent directories): .git
2024-02-09 02:50:01.439 [info] > git config --get commit.template [7ms]
2024-02-09 02:50:01.461 [info] > git for-each-ref --format=%(refname)%00%(upstream:short)%00%(objectname)%00%(upstream:track)%00%(upstream:remotename)%00%(upstream:remoteref) refs/heads/master refs/remotes/master [1ms]
2024-02-09 02:50:01.476 [info] > git status -z -uall [1ms]
2024-02-09 02:50:06.361 [info] > git rev-parse --show-toplevel [1ms]
2024-02-09 02:50:06.361 [info] fatal: not a git repository (or any of the parent directories): .git
2024-02-09 02:50:41.901 [info] > git rev-parse --show-toplevel [16ms]
2024-02-09 02:50:41.906 [info] fatal: not a git repository (or any of the parent directories): .git
2024-02-09 02:50:41.926 [info] > git rev-parse --show-toplevel [3ms]
2024-02-09 02:50:41.926 [info] fatal: not a git repository (or any of the parent directories): .git
2024-02-09 02:50:42.031 [info] > git show --textconv :controllers/addcontroller.js [12ms]
2024-02-09 02:50:42.032 [info] > git ls-files --stage -- /home/bitnami/todo/controllers/addcontroller.js [2ms]
2024-02-09 02:50:42.045 [info] > git cat-file -s fbac7c608e477388ebb3cc85784e204fab7d0e74 [1ms]
2024-02-09 02:50:42.417 [info] > git check-ignore -v -z --stdin [13ms]
2024-02-09 02:50:49.640 [info] > git rev-parse --show-toplevel [51ms]
2024-02-09 02:50:49.640 [info] fatal: not a git repository (or any of the parent directories): .git
2024-02-09 02:50:51.264 [info] > git rev-parse --show-toplevel [26ms]
2024-02-09 02:50:51.265 [info] fatal: not a git repository (or any of the parent directories): .git
2024-02-09 02:51:00.914 [info] > git rev-parse --show-toplevel [34ms]
2024-02-09 02:51:00.917 [info] fatal: not a git repository (or any of the parent directories): .git
2024-02-09 02:51:14.456 [info] > git ls-files --stage -- /home/bitnami/todo/views/addTask.ejs [13ms]
2024-02-09 02:51:14.467 [info] > git show --textconv :views/addTask.ejs [32ms]
2024-02-09 02:51:14.468 [info] > git cat-file -s 12a3353a2346a98e6a62dab7e37d0a8a0a697879 [2ms]
2024-02-09 02:51:42.092 [info] > git rev-parse --show-toplevel [6ms]
2024-02-09 02:51:42.092 [info] fatal: not a git repository (or any of the parent directories): .git
2024-02-09 02:51:51.747 [info] > git rev-parse --show-toplevel [23ms]
2024-02-09 02:51:51.747 [info] fatal: not a git repository (or any of the parent directories): .git
2024-02-09 02:54:21.084 [info] > git rev-parse --show-toplevel [29ms]
2024-02-09 02:54:21.084 [info] fatal: not a git repository (or any of the parent directories): .git
2024-02-09 02:54:30.461 [info] > git rev-parse --show-toplevel [2ms]
2024-02-09 02:54:30.461 [info] fatal: not a git repository (or any of the parent directories): .git
2024-02-09 02:54:33.792 [info] > git rev-parse --show-toplevel [3ms]
2024-02-09 02:54:33.792 [info] fatal: not a git repository (or any of the parent directories): .git
2024-02-09 02:54:49.021 [info] > git rev-parse --show-toplevel [4ms]
2024-02-09 02:54:49.021 [info] fatal: not a git repository (or any of the parent directories): .git
2024-02-09 02:55:02.736 [info] > git rev-parse --show-toplevel [12ms]
2024-02-09 02:55:02.737 [info] fatal: not a git repository (or any of the parent directories): .git
2024-02-09 02:55:20.067 [info] > git rev-parse --show-toplevel [31ms]
2024-02-09 02:55:20.067 [info] fatal: not a git repository (or any of the parent directories): .git
2024-02-09 02:56:27.352 [info] > git rev-parse --show-toplevel [14ms]
2024-02-09 02:56:27.354 [info] fatal: not a git repository (or any of the parent directories): .git
2024-02-09 02:56:54.490 [info] > git rev-parse --show-toplevel [37ms]
2024-02-09 02:56:54.492 [info] fatal: not a git repository (or any of the parent directories): .git
2024-02-09 02:57:18.491 [info] > git rev-parse --show-toplevel [5ms]
2024-02-09 02:57:18.491 [info] fatal: not a git repository (or any of the parent directories): .git
2024-02-09 02:57:23.170 [info] > git rev-parse --show-toplevel [4ms]
2024-02-09 02:57:23.170 [info] fatal: not a git repository (or any of the parent directories): .git
2024-02-09 02:57:25.826 [info] > git rev-parse --show-toplevel [4ms]
2024-02-09 02:57:25.826 [info] fatal: not a git repository (or any of the parent directories): .git
2024-02-09 02:57:39.029 [info] > git rev-parse --show-toplevel [3ms]
2024-02-09 02:57:39.029 [info] fatal: not a git repository (or any of the parent directories): .git
2024-02-09 02:57:43.198 [info] > git rev-parse --show-toplevel [7ms]
2024-02-09 02:57:43.198 [info] fatal: not a git repository (or any of the parent directories): .git
2024-02-09 02:57:44.338 [info] > git rev-parse --show-toplevel [3ms]
2024-02-09 02:57:44.338 [info] fatal: not a git repository (or any of the parent directories): .git
2024-02-09 02:57:45.521 [info] > git rev-parse --show-toplevel [5ms]
2024-02-09 02:57:45.521 [info] fatal: not a git repository (or any of the parent directories): .git
2024-02-09 02:57:45.532 [info] > git rev-parse --show-toplevel [2ms]
2024-02-09 02:57:45.532 [info] fatal: not a git repository (or any of the parent directories): .git
2024-02-09 02:57:47.853 [info] > git rev-parse --show-toplevel [3ms]
2024-02-09 02:57:47.854 [info] fatal: not a git repository (or any of the parent directories): .git
2024-02-09 02:57:47.862 [info] > git rev-parse --show-toplevel [1ms]
2024-02-09 02:57:47.862 [info] fatal: not a git repository (or any of the parent directories): .git
2024-02-09 02:57:47.882 [info] > git rev-parse --show-toplevel [14ms]
2024-02-09 02:57:47.882 [info] fatal: not a git repository (or any of the parent directories): .git
2024-02-09 02:58:14.143 [info] > git rev-parse --show-toplevel [24ms]
2024-02-09 02:58:14.143 [info] fatal: not a git repository (or any of the parent directories): .git
2024-02-09 02:58:14.221 [info] > git rev-parse --show-toplevel [4ms]
2024-02-09 02:58:14.221 [info] fatal: not a git repository (or any of the parent directories): .git
2024-02-09 02:58:14.458 [info] > git ls-files --stage -- /home/bitnami/todo/public/stylesheets/fontawesome-all.css [6ms]
2024-02-09 02:58:14.472 [info] > git show --textconv :public/stylesheets/fontawesome-all.css [29ms]
2024-02-09 02:58:14.472 [info] > git cat-file -s e67a5c46e0e77cc19b8487f810d0c44258bbf117 [4ms]
2024-02-09 02:58:34.507 [info] > git rev-parse --show-toplevel [1ms]
2024-02-09 02:58:34.507 [info] fatal: not a git repository (or any of the parent directories): .git
2024-02-09 02:58:34.571 [info] > git rev-parse --show-toplevel [2ms]
2024-02-09 02:58:34.572 [info] fatal: not a git repository (or any of the parent directories): .git
2024-02-09 02:58:34.816 [info] > git show --textconv :public/stylesheets/style.css [10ms]
2024-02-09 02:58:34.816 [info] > git ls-files --stage -- /home/bitnami/todo/public/stylesheets/style.css [2ms]
2024-02-09 02:58:34.823 [info] > git cat-file -s 6ad545599ea5763836385b3f5b0fac88842586cf [2ms]
2024-02-09 02:58:40.879 [info] > git check-ignore -v -z --stdin [2ms]
2024-02-09 02:58:41.680 [info] > git rev-parse --show-toplevel [3ms]
2024-02-09 02:58:41.680 [info] fatal: not a git repository (or any of the parent directories): .git
2024-02-09 02:58:42.138 [info] > git rev-parse --show-toplevel [31ms]
2024-02-09 02:58:42.138 [info] fatal: not a git repository (or any of the parent directories): .git
2024-02-09 02:58:42.205 [info] > git ls-files --stage -- /home/bitnami/todo/public/fonts/webfonts/fa-solid-900.svg [2ms]
2024-02-09 02:58:42.216 [info] > git cat-file -s 94bb8f27bc70c0bb32870f83298032d8cd75b11b [1ms]
2024-02-09 02:58:42.235 [info] > git show --textconv :public/fonts/webfonts/fa-solid-900.svg [38ms]
2024-02-09 02:58:44.631 [info] > git rev-parse --show-toplevel [2ms]
2024-02-09 02:58:44.631 [info] fatal: not a git repository (or any of the parent directories): .git
2024-02-09 02:59:02.818 [info] > git rev-parse --show-toplevel [3ms]
2024-02-09 02:59:02.818 [info] fatal: not a git repository (or any of the parent directories): .git
2024-02-09 02:59:02.826 [info] > git rev-parse --show-toplevel [2ms]
2024-02-09 02:59:02.826 [info] fatal: not a git repository (or any of the parent directories): .git
2024-02-09 02:59:07.718 [info] > git rev-parse --show-toplevel [7ms]
2024-02-09 02:59:07.719 [info] fatal: not a git repository (or any of the parent directories): .git
2024-02-09 02:59:07.726 [info] > git rev-parse --show-toplevel [1ms]
2024-02-09 02:59:07.726 [info] fatal: not a git repository (or any of the parent directories): .git
2024-02-09 02:59:07.734 [info] > git rev-parse --show-toplevel [1ms]
2024-02-09 02:59:07.734 [info] fatal: not a git repository (or any of the parent directories): .git
2024-02-09 02:59:08.829 [info] > git rev-parse --show-toplevel [3ms]
2024-02-09 02:59:08.829 [info] fatal: not a git repository (or any of the parent directories): .git
2024-02-09 02:59:08.839 [info] > git rev-parse --show-toplevel [3ms]
2024-02-09 02:59:08.839 [info] fatal: not a git repository (or any of the parent directories): .git
2024-02-09 02:59:08.851 [info] > git rev-parse --show-toplevel [6ms]
2024-02-09 02:59:08.851 [info] fatal: not a git repository (or any of the parent directories): .git
2024-02-09 02:59:10.349 [info] > git rev-parse --show-toplevel [3ms]
2024-02-09 02:59:10.350 [info] fatal: not a git repository (or any of the parent directories): .git
2024-02-09 02:59:10.362 [info] > git rev-parse --show-toplevel [3ms]
2024-02-09 02:59:10.362 [info] fatal: not a git repository (or any of the parent directories): .git
2024-02-09 02:59:10.372 [info] > git rev-parse --show-toplevel [1ms]
2024-02-09 02:59:10.372 [info] fatal: not a git repository (or any of the parent directories): .git
2024-02-09 02:59:16.884 [info] > git rev-parse --show-toplevel [2ms]
2024-02-09 02:59:16.884 [info] fatal: not a git repository (or any of the parent directories): .git
2024-02-09 02:59:16.894 [info] > git rev-parse --show-toplevel [2ms]
2024-02-09 02:59:16.894 [info] fatal: not a git repository (or any of the parent directories): .git
2024-02-09 02:59:16.902 [info] > git rev-parse --show-toplevel [2ms]
2024-02-09 02:59:16.902 [info] fatal: not a git repository (or any of the parent directories): .git
2024-02-09 03:00:14.493 [info] > git rev-parse --show-toplevel [5ms]
2024-02-09 03:00:14.493 [info] fatal: not a git repository (or any of the parent directories): .git
2024-02-09 03:00:14.501 [info] > git rev-parse --show-toplevel [2ms]
2024-02-09 03:00:14.501 [info] fatal: not a git repository (or any of the parent directories): .git
2024-02-09 03:00:14.508 [info] > git rev-parse --show-toplevel [1ms]
2024-02-09 03:00:14.508 [info] fatal: not a git repository (or any of the parent directories): .git
2024-02-09 03:00:21.902 [info] > git rev-parse --show-toplevel [23ms]
2024-02-09 03:00:21.902 [info] fatal: not a git repository (or any of the parent directories): .git
2024-02-09 03:00:21.910 [info] > git rev-parse --show-toplevel [2ms]
2024-02-09 03:00:21.910 [info] fatal: not a git repository (or any of the parent directories): .git
2024-02-09 03:00:21.917 [info] > git rev-parse --show-toplevel [1ms]
2024-02-09 03:00:21.917 [info] fatal: not a git repository (or any of the parent directories): .git
2024-02-09 03:00:24.179 [info] > git rev-parse --show-toplevel [1ms]
2024-02-09 03:00:24.179 [info] fatal: not a git repository (or any of the parent directories): .git
2024-02-09 03:00:24.187 [info] > git rev-parse --show-toplevel [2ms]
2024-02-09 03:00:24.187 [info] fatal: not a git repository (or any of the parent directories): .git
2024-02-09 03:00:24.713 [info] > git check-ignore -v -z --stdin [7ms]
2024-02-09 03:01:26.611 [info] > git rev-parse --show-toplevel [23ms]
2024-02-09 03:01:26.612 [info] fatal: not a git repository (or any of the parent directories): .git
2024-02-09 03:01:42.939 [info] > git rev-parse --show-toplevel [23ms]
2024-02-09 03:01:42.940 [info] fatal: not a git repository (or any of the parent directories): .git
2024-02-09 03:01:52.842 [info] > git rev-parse --show-toplevel [5ms]
2024-02-09 03:01:52.842 [info] fatal: not a git repository (or any of the parent directories): .git
2024-02-09 03:02:07.924 [info] > git rev-parse --show-toplevel [3ms]
2024-02-09 03:02:07.925 [info] fatal: not a git repository (or any of the parent directories): .git
2024-02-09 03:02:35.610 [info] > git rev-parse --show-toplevel [5ms]
2024-02-09 03:02:35.610 [info] fatal: not a git repository (or any of the parent directories): .git
2024-02-09 03:04:10.628 [info] > git rev-parse --show-toplevel [4ms]
2024-02-09 03:04:10.629 [info] fatal: not a git repository (or any of the parent directories): .git
2024-02-09 03:04:19.218 [info] > git rev-parse --show-toplevel [1ms]
2024-02-09 03:04:19.218 [info] fatal: not a git repository (or any of the parent directories): .git
2024-02-09 03:04:40.240 [info] > git rev-parse --show-toplevel [5ms]
2024-02-09 03:04:40.240 [info] fatal: not a git repository (or any of the parent directories): .git
2024-02-09 03:04:55.287 [info] > git rev-parse --show-toplevel [3ms]
2024-02-09 03:04:55.287 [info] fatal: not a git repository (or any of the parent directories): .git
2024-02-09 03:04:55.901 [info] > git rev-parse --show-toplevel [3ms]
2024-02-09 03:04:55.901 [info] fatal: not a git repository (or any of the parent directories): .git
2024-02-09 03:05:03.881 [info] > git ls-files --stage -- /home/bitnami/todo/views/showTasks.ejs [4ms]
2024-02-09 03:05:03.889 [info] > git show --textconv :views/showTasks.ejs [24ms]
2024-02-09 03:05:03.890 [info] > git cat-file -s 9de9e6531e6aba816aa817492042c2b1b885b49c [2ms]
2024-02-09 03:05:39.838 [info] > git show --textconv :views/editTask.ejs [8ms]
2024-02-09 03:05:39.840 [info] > git ls-files --stage -- /home/bitnami/todo/views/editTask.ejs [2ms]
2024-02-09 03:05:39.848 [info] > git cat-file -s a3abe207b0bdd3dc269bfcbc2902a6b05e115444 [2ms]
2024-02-09 03:07:58.883 [info] > git rev-parse --show-toplevel [26ms]
2024-02-09 03:07:58.885 [info] fatal: not a git repository (or any of the parent directories): .git
2024-02-09 03:16:20.870 [info] > git rev-parse --show-toplevel [25ms]
2024-02-09 03:16:20.871 [info] fatal: not a git repository (or any of the parent directories): .git
2024-02-09 03:18:47.796 [info] > git rev-parse --show-toplevel [1ms]
2024-02-09 03:18:47.796 [info] fatal: not a git repository (or any of the parent directories): .git
2024-02-09 03:19:20.319 [info] > git rev-parse --show-toplevel [4ms]
2024-02-09 03:19:20.337 [info] > git rev-parse --git-dir --git-common-dir [1ms]
2024-02-09 03:19:20.452 [info] Open repository: /home/bitnami/getting-MEAN
2024-02-09 03:19:20.498 [info] > git config --get commit.template [21ms]
2024-02-09 03:19:20.499 [info] > git for-each-ref --format=%(refname)%00%(upstream:short)%00%(objectname)%00%(upstream:track)%00%(upstream:remotename)%00%(upstream:remoteref) refs/heads/master refs/remotes/master [7ms]
2024-02-09 03:19:20.515 [info] > git status -z -uall [6ms]
2024-02-09 03:19:20.547 [info] > git config --get commit.template [1ms]
2024-02-09 03:19:20.560 [info] > git for-each-ref --format=%(refname)%00%(upstream:short)%00%(objectname)%00%(upstream:track)%00%(upstream:remotename)%00%(upstream:remoteref) refs/heads/master refs/remotes/master [5ms]
2024-02-09 03:19:20.577 [info] > git status -z -uall [7ms]
2024-02-09 03:19:21.083 [info] > git check-ignore -v -z --stdin [11ms]
2024-02-09 03:19:21.084 [info] > git check-ignore -v -z --stdin [2ms]
2024-02-09 03:19:24.801 [info] > git check-ignore -v -z --stdin [3ms]
2024-02-09 03:24:21.013 [info] > git check-ignore -v -z --stdin [0ms]
2024-02-09 03:27:44.894 [info] > git check-ignore -v -z --stdin [1ms]
2024-02-09 03:27:47.171 [info] > git check-ignore -v -z --stdin [1ms]
2024-02-09 03:32:51.887 [info] > git check-ignore -v -z --stdin [2ms]
2024-02-09 03:32:54.670 [info] > git show --textconv :public/stylesheets/style.css [7ms]
2024-02-09 03:32:54.672 [info] > git ls-files --stage -- /home/bitnami/getting-MEAN/public/stylesheets/style.css [2ms]
2024-02-09 03:32:54.679 [info] > git cat-file -s 30e047daefea8521bc65dd1d182a34c34962b2ec [1ms]
2024-02-09 03:33:46.901 [info] > git config --get commit.template [45ms]
2024-02-09 03:33:46.906 [info] > git for-each-ref --format=%(refname)%00%(upstream:short)%00%(objectname)%00%(upstream:track)%00%(upstream:remotename)%00%(upstream:remoteref) refs/heads/master refs/remotes/master [36ms]
2024-02-09 03:33:46.949 [info] > git status -z -uall [18ms]
2024-02-09 03:33:51.974 [info] > git config --get commit.template [8ms]
2024-02-09 03:33:51.978 [info] > git for-each-ref --format=%(refname)%00%(upstream:short)%00%(objectname)%00%(upstream:track)%00%(upstream:remotename)%00%(upstream:remoteref) refs/heads/master refs/remotes/master [5ms]
2024-02-09 03:33:52.002 [info] > git status -z -uall [18ms]
2024-02-09 03:33:54.771 [info] > git check-ignore -v -z --stdin [2ms]
2024-02-09 03:33:58.117 [info] > git check-ignore -v -z --stdin [3ms]
2024-02-09 03:34:08.524 [info] > git show --textconv :readme.md [9ms]
2024-02-09 03:34:08.529 [info] > git ls-files --stage -- /home/bitnami/getting-MEAN/readme.md [6ms]
2024-02-09 03:34:08.538 [info] > git cat-file -s 5190aefcb6e13faeb741b3e348e67b6e7eb058f6 [2ms]
2024-02-09 03:35:48.803 [info] > git rev-parse --show-toplevel [3ms]
2024-02-09 03:35:48.804 [info] fatal: not a git repository (or any of the parent directories): .git
2024-02-09 03:36:15.068 [info] > git show --textconv :package-lock.json [17ms]
2024-02-09 03:36:15.096 [info] > git ls-files --stage -- /home/bitnami/getting-MEAN/package-lock.json [34ms]
2024-02-09 03:36:17.644 [info] > git show --textconv :package.json [13ms]
2024-02-09 03:36:17.649 [info] > git ls-files --stage -- /home/bitnami/getting-MEAN/package.json [6ms]
2024-02-09 03:36:17.669 [info] > git cat-file -s 6a3bc4e967ef253cfa0fe0c89f26482542654203 [3ms]
2024-02-09 03:36:19.018 [info] > git show --textconv :package-lock.json [20ms]
2024-02-09 03:36:19.025 [info] > git ls-files --stage -- /home/bitnami/getting-MEAN/package-lock.json [10ms]
2024-02-09 03:36:27.387 [info] > git show --textconv :app.js [9ms]
2024-02-09 03:36:27.388 [info] > git ls-files --stage -- /home/bitnami/getting-MEAN/app.js [2ms]
2024-02-09 03:36:27.397 [info] > git cat-file -s 95b1e2a66e07de49f918c067ca1defe4a8c8affa [2ms]
2024-02-09 03:39:33.735 [info] > git config --get commit.template [25ms]
2024-02-09 03:39:33.738 [info] > git for-each-ref --format=%(refname)%00%(upstream:short)%00%(objectname)%00%(upstream:track)%00%(upstream:remotename)%00%(upstream:remoteref) refs/heads/master refs/remotes/master [13ms]
2024-02-09 03:39:33.768 [info] > git status -z -uall [19ms]
2024-02-09 03:42:05.200 [info] > git rev-parse --show-toplevel [11ms]
2024-02-09 03:42:05.200 [info] fatal: not a git repository (or any of the parent directories): .git
2024-02-09 03:42:06.520 [warning] ENOENT: no such file or directory, open '/home/bitnami/getting-MEAN/.git/HEAD'
2024-02-09 03:42:06.549 [warning] getRemotes() - ENOENT: no such file or directory, open '/home/bitnami/getting-MEAN/.git/config'
2024-02-09 03:42:06.587 [warning] ENOENT: no such file or directory, open '/home/bitnami/getting-MEAN/.git/HEAD'
2024-02-09 03:42:06.596 [warning] getRemotes() - ENOENT: no such file or directory, open '/home/bitnami/getting-MEAN/.git/config'
2024-02-09 03:42:07.354 [info] > git check-ignore -v -z --stdin [33ms]
2024-02-09 03:42:38.706 [info] > git rev-parse --show-toplevel [2ms]
2024-02-09 03:42:38.716 [info] > git rev-parse --git-dir --git-common-dir [1ms]
2024-02-09 03:42:38.746 [info] Open repository: /home/bitnami/getting-MEAN
2024-02-09 03:42:38.756 [info] > git config --get commit.template [2ms]
2024-02-09 03:42:38.766 [info] > git for-each-ref --format=%(refname)%00%(upstream:short)%00%(objectname)%00%(upstream:track)%00%(upstream:remotename)%00%(upstream:remoteref) refs/heads/chapter-04-views refs/remotes/chapter-04-views [4ms]
2024-02-09 03:42:38.779 [info] > git status -z -uall [6ms]
2024-02-09 03:42:38.798 [info] > git config --get commit.template [4ms]
2024-02-09 03:42:38.806 [info] > git for-each-ref --format=%(refname)%00%(upstream:short)%00%(objectname)%00%(upstream:track)%00%(upstream:remotename)%00%(upstream:remoteref) refs/heads/chapter-04-views refs/remotes/chapter-04-views [2ms]
2024-02-09 03:42:38.817 [info] > git status -z -uall [5ms]
2024-02-09 03:42:39.336 [info] > git check-ignore -v -z --stdin [10ms]
2024-02-09 03:42:39.338 [info] > git check-ignore -v -z --stdin [3ms]
2024-02-09 03:42:41.308 [info] > git check-ignore -v -z --stdin [1ms]
2024-02-09 03:43:27.643 [info] > git check-ignore -v -z --stdin [3ms]
2024-02-09 03:44:16.218 [info] > git check-ignore -v -z --stdin [1ms]
2024-02-09 03:44:16.657 [info] > git show --textconv :bin/www [8ms]
2024-02-09 03:44:16.658 [info] > git ls-files --stage -- /home/bitnami/getting-MEAN/bin/www [3ms]
2024-02-09 03:44:16.666 [info] > git cat-file -s 98716338d64dae394b302194dd79a14023198e66 [1ms]
2024-02-09 03:44:26.964 [info] > git config --get commit.template [47ms]
2024-02-09 03:44:26.969 [info] > git for-each-ref --format=%(refname)%00%(upstream:short)%00%(objectname)%00%(upstream:track)%00%(upstream:remotename)%00%(upstream:remoteref) refs/heads/chapter-04-views refs/remotes/chapter-04-views [29ms]
2024-02-09 03:44:27.011 [info] > git status -z -uall [34ms]
2024-02-09 03:44:37.041 [info] > git check-ignore -v -z --stdin [14ms]
2024-02-09 03:44:39.336 [info] > git check-ignore -v -z --stdin [1ms]
2024-02-09 03:45:22.330 [info] > git check-ignore -v -z --stdin [1ms]
2024-02-09 03:45:24.034 [info] > git check-ignore -v -z --stdin [6ms]
2024-02-09 03:45:24.906 [info] > git ls-files --stage -- /home/bitnami/getting-MEAN/app_server/routes/index.js [4ms]
2024-02-09 03:45:24.914 [info] > git cat-file -s dc1f74351fcf97aa4a691494bcba6991867d7112 [2ms]
2024-02-09 03:45:24.927 [info] > git show --textconv :app_server/routes/index.js [34ms]
2024-02-09 03:45:27.400 [info] > git check-ignore -v -z --stdin [1ms]
2024-02-09 03:45:27.866 [info] > git show --textconv :app_server/controllers/locations.js [8ms]
2024-02-09 03:45:27.867 [info] > git ls-files --stage -- /home/bitnami/getting-MEAN/app_server/controllers/locations.js [3ms]
2024-02-09 03:45:27.873 [info] > git cat-file -s e6495e4b66f11647dfcc83dc52c3a0be3571fdcf [2ms]
2024-02-09 03:46:29.331 [info] > git show --textconv :app_server/controllers/others.js [8ms]
2024-02-09 03:46:29.332 [info] > git ls-files --stage -- /home/bitnami/getting-MEAN/app_server/controllers/others.js [2ms]
2024-02-09 03:46:29.339 [info] > git cat-file -s a5ec57112bb97a86314a3c4c9e2b5b966cf02b11 [2ms]
2024-02-09 03:46:47.191 [info] > git rev-parse --show-toplevel [3ms]
2024-02-09 03:46:47.191 [info] fatal: not a git repository (or any of the parent directories): .git
2024-02-09 03:46:52.111 [info] > git rev-parse --show-toplevel [2ms]
2024-02-09 03:46:52.112 [info] fatal: not a git repository (or any of the parent directories): .git
2024-02-09 03:46:52.162 [info] > git rev-parse --show-toplevel [3ms]
2024-02-09 03:46:52.164 [info] fatal: not a git repository (or any of the parent directories): .git
2024-02-09 03:46:52.400 [info] > git show --textconv :bin/www [7ms]
2024-02-09 03:46:52.402 [info] > git ls-files --stage -- /home/bitnami/getting-MEAN/bin/www [2ms]
2024-02-09 03:46:52.427 [info] > git cat-file -s 98716338d64dae394b302194dd79a14023198e66 [21ms]
2024-02-09 03:47:00.952 [info] > git rev-parse --show-toplevel [6ms]
2024-02-09 03:47:00.952 [info] fatal: not a git repository (or any of the parent directories): .git
2024-02-09 03:47:00.963 [info] > git rev-parse --show-toplevel [3ms]
2024-02-09 03:47:00.963 [info] fatal: not a git repository (or any of the parent directories): .git
2024-02-09 03:47:01.454 [info] > git config --get commit.template [3ms]
2024-02-09 03:47:01.483 [info] > git for-each-ref --format=%(refname)%00%(upstream:short)%00%(objectname)%00%(upstream:track)%00%(upstream:remotename)%00%(upstream:remoteref) refs/heads/chapter-04-views refs/remotes/chapter-04-views [10ms]
2024-02-09 03:47:01.553 [info] > git status -z -uall [60ms]
2024-02-09 03:47:08.502 [info] > git rev-parse --show-toplevel [2ms]
2024-02-09 03:47:08.502 [info] fatal: not a git repository (or any of the parent directories): .git
2024-02-09 03:47:08.567 [info] > git rev-parse --show-toplevel [5ms]
2024-02-09 03:47:08.568 [info] fatal: not a git repository (or any of the parent directories): .git
2024-02-09 03:47:08.797 [info] > git show --textconv :app_server/routes/index.js [10ms]
2024-02-09 03:47:08.798 [info] > git ls-files --stage -- /home/bitnami/getting-MEAN/app_server/routes/index.js [2ms]
2024-02-09 03:47:08.806 [info] > git cat-file -s dc1f74351fcf97aa4a691494bcba6991867d7112 [3ms]
2024-02-09 03:47:26.915 [info] > git rev-parse --show-toplevel [1ms]
2024-02-09 03:47:26.917 [info] fatal: not a git repository (or any of the parent directories): .git
2024-02-09 03:47:43.808 [info] > git rev-parse --show-toplevel [11ms]
2024-02-09 03:47:43.809 [info] fatal: not a git repository (or any of the parent directories): .git
2024-02-09 03:48:11.216 [info] > git rev-parse --show-toplevel [28ms]
2024-02-09 03:48:11.216 [info] fatal: not a git repository (or any of the parent directories): .git
2024-02-09 03:48:11.263 [info] > git rev-parse --show-toplevel [8ms]
2024-02-09 03:48:11.263 [info] fatal: not a git repository (or any of the parent directories): .git
2024-02-09 03:48:11.479 [info] > git ls-files --stage -- /home/bitnami/getting-MEAN/app_server/controllers/locations.js [3ms]
2024-02-09 03:48:11.488 [info] > git show --textconv :app_server/controllers/locations.js [18ms]
2024-02-09 03:48:11.489 [info] > git cat-file -s e6495e4b66f11647dfcc83dc52c3a0be3571fdcf [4ms]
2024-02-09 03:48:20.520 [info] > git rev-parse --show-toplevel [3ms]
2024-02-09 03:48:20.520 [info] fatal: not a git repository (or any of the parent directories): .git
2024-02-09 03:48:20.529 [info] > git rev-parse --show-toplevel [3ms]
2024-02-09 03:48:20.529 [info] fatal: not a git repository (or any of the parent directories): .git
2024-02-09 03:48:31.390 [info] > git rev-parse --show-toplevel [7ms]
2024-02-09 03:48:31.391 [info] fatal: not a git repository (or any of the parent directories): .git
2024-02-09 03:48:41.200 [info] > git rev-parse --show-toplevel [2ms]
2024-02-09 03:48:41.200 [info] fatal: not a git repository (or any of the parent directories): .git
2024-02-09 03:48:41.268 [info] > git rev-parse --show-toplevel [3ms]
2024-02-09 03:48:41.269 [info] fatal: not a git repository (or any of the parent directories): .git
2024-02-09 03:48:41.503 [info] > git show --textconv :app_server/controllers/locations.js [7ms]
2024-02-09 03:48:41.506 [info] > git ls-files --stage -- /home/bitnami/getting-MEAN/app_server/controllers/locations.js [2ms]
2024-02-09 03:48:41.512 [info] > git cat-file -s e6495e4b66f11647dfcc83dc52c3a0be3571fdcf [1ms]
2024-02-09 03:48:45.589 [info] > git rev-parse --show-toplevel [3ms]
2024-02-09 03:48:45.589 [info] fatal: not a git repository (or any of the parent directories): .git
2024-02-09 03:48:45.599 [info] > git rev-parse --show-toplevel [3ms]
2024-02-09 03:48:45.599 [info] fatal: not a git repository (or any of the parent directories): .git
2024-02-09 03:48:51.995 [info] > git rev-parse --show-toplevel [3ms]
2024-02-09 03:48:51.995 [info] fatal: not a git repository (or any of the parent directories): .git
2024-02-09 03:48:52.005 [info] > git rev-parse --show-toplevel [2ms]
2024-02-09 03:48:52.005 [info] fatal: not a git repository (or any of the parent directories): .git
2024-02-09 03:48:56.075 [info] > git rev-parse --show-toplevel [2ms]
2024-02-09 03:48:56.075 [info] fatal: not a git repository (or any of the parent directories): .git
2024-02-09 03:48:56.083 [info] > git rev-parse --show-toplevel [2ms]
2024-02-09 03:48:56.083 [info] fatal: not a git repository (or any of the parent directories): .git
2024-02-09 03:49:09.499 [info] > git rev-parse --show-toplevel [5ms]
2024-02-09 03:49:09.500 [info] fatal: not a git repository (or any of the parent directories): .git
2024-02-09 03:49:09.511 [info] > git rev-parse --show-toplevel [2ms]
2024-02-09 03:49:09.511 [info] fatal: not a git repository (or any of the parent directories): .git
2024-02-09 03:49:36.177 [info] > git rev-parse --show-toplevel [3ms]
2024-02-09 03:49:36.177 [info] fatal: not a git repository (or any of the parent directories): .git
2024-02-09 03:49:36.185 [info] > git rev-parse --show-toplevel [2ms]
2024-02-09 03:49:36.185 [info] fatal: not a git repository (or any of the parent directories): .git
2024-02-09 03:49:37.988 [info] > git rev-parse --show-toplevel [4ms]
2024-02-09 03:49:37.988 [info] fatal: not a git repository (or any of the parent directories): .git
2024-02-09 03:49:38.003 [info] > git rev-parse --show-toplevel [3ms]
2024-02-09 03:49:38.003 [info] fatal: not a git repository (or any of the parent directories): .git
2024-02-09 03:49:58.171 [info] > git rev-parse --show-toplevel [2ms]
2024-02-09 03:49:58.171 [info] fatal: not a git repository (or any of the parent directories): .git
2024-02-09 03:49:58.244 [info] > git rev-parse --show-toplevel [13ms]
2024-02-09 03:49:58.244 [info] fatal: not a git repository (or any of the parent directories): .git
2024-02-09 03:49:58.262 [info] > git rev-parse --show-toplevel [3ms]
2024-02-09 03:49:58.262 [info] fatal: not a git repository (or any of the parent directories): .git
2024-02-09 03:50:16.044 [info] > git rev-parse --show-toplevel [2ms]
2024-02-09 03:50:16.044 [info] fatal: not a git repository (or any of the parent directories): .git
2024-02-09 03:50:16.059 [info] > git rev-parse --show-toplevel [7ms]
2024-02-09 03:50:16.060 [info] fatal: not a git repository (or any of the parent directories): .git
2024-02-09 03:50:16.073 [info] > git rev-parse --show-toplevel [2ms]
2024-02-09 03:50:16.073 [info] fatal: not a git repository (or any of the parent directories): .git
2024-02-09 03:50:20.551 [info] > git rev-parse --show-toplevel [5ms]
2024-02-09 03:50:20.551 [info] fatal: not a git repository (or any of the parent directories): .git
2024-02-09 03:50:20.560 [info] > git rev-parse --show-toplevel [2ms]
2024-02-09 03:50:20.560 [info] fatal: not a git repository (or any of the parent directories): .git
2024-02-09 03:50:21.505 [info] > git rev-parse --show-toplevel [4ms]
2024-02-09 03:50:21.505 [info] fatal: not a git repository (or any of the parent directories): .git
2024-02-09 03:50:21.528 [info] > git rev-parse --show-toplevel [13ms]
2024-02-09 03:50:21.529 [info] fatal: not a git repository (or any of the parent directories): .git
2024-02-09 03:50:22.355 [info] > git rev-parse --show-toplevel [22ms]
2024-02-09 03:50:22.355 [info] fatal: not a git repository (or any of the parent directories): .git
2024-02-09 03:50:24.034 [info] > git rev-parse --show-toplevel [2ms]
2024-02-09 03:50:24.034 [info] fatal: not a git repository (or any of the parent directories): .git
2024-02-09 03:50:39.927 [info] > git ls-files --stage -- /home/bitnami/getting-MEAN/app_server/views/location-review-form.jade [4ms]
2024-02-09 03:50:39.936 [info] > git show --textconv :app_server/views/location-review-form.jade [22ms]
2024-02-09 03:50:39.937 [info] > git cat-file -s 5f06f614fd8d1874baf6193b3fc2b5d3f0dd7d50 [2ms]
2024-02-09 03:50:42.275 [info] > git show --textconv :app_server/views/locations-list.jade [16ms]
2024-02-09 03:50:42.276 [info] > git ls-files --stage -- /home/bitnami/getting-MEAN/app_server/views/locations-list.jade [2ms]
2024-02-09 03:50:42.291 [info] > git cat-file -s da07abad657fdb821bd6ee2d569661f167e90155 [5ms]
2024-02-09 03:50:45.536 [info] > git show --textconv :app_server/views/layout.jade [14ms]
2024-02-09 03:50:45.537 [info] > git ls-files --stage -- /home/bitnami/getting-MEAN/app_server/views/layout.jade [2ms]
2024-02-09 03:50:45.546 [info] > git cat-file -s 2e8de653ab3851a718aaf8e0faad3439bf419641 [3ms]
2024-02-09 03:50:47.014 [info] > git show --textconv :app_server/views/index.jade [8ms]
2024-02-09 03:50:47.015 [info] > git ls-files --stage -- /home/bitnami/getting-MEAN/app_server/views/index.jade [2ms]
2024-02-09 03:50:47.025 [info] > git cat-file -s 3d63b9a044a859b59259d5e23dd4e68ec8e1f2be [2ms]
2024-02-09 03:50:48.099 [info] > git ls-files --stage -- /home/bitnami/getting-MEAN/app_server/views/generic-text.jade [10ms]
2024-02-09 03:50:48.106 [info] > git show --textconv :app_server/views/generic-text.jade [50ms]
2024-02-09 03:50:48.108 [info] > git cat-file -s d64b9effcd1894453436a75cd72494b9d6bee772 [2ms]
2024-02-09 03:50:49.686 [info] > git show --textconv :app_server/views/error.jade [7ms]
2024-02-09 03:50:49.687 [info] > git ls-files --stage -- /home/bitnami/getting-MEAN/app_server/views/error.jade [2ms]
2024-02-09 03:50:49.694 [info] > git cat-file -s 51ec12c6a26323d9f5bc51fb98cb1324a739ea4c [1ms]
2024-02-09 03:50:54.427 [info] > git rev-parse --show-toplevel [2ms]
2024-02-09 03:50:54.427 [info] fatal: not a git repository (or any of the parent directories): .git
2024-02-09 03:51:37.432 [info] > git show --textconv :public/stylesheets/style.css [7ms]
2024-02-09 03:51:37.433 [info] > git ls-files --stage -- /home/bitnami/getting-MEAN/public/stylesheets/style.css [2ms]
2024-02-09 03:51:37.441 [info] > git cat-file -s 858d6a98c32ecbedc1d9ddc719c8129c71fe33da [1ms]
2024-02-09 03:51:40.024 [info] > git check-ignore -v -z --stdin [2ms]
2024-02-09 03:51:42.882 [info] > git check-ignore -v -z --stdin [1ms]
2024-02-09 03:51:44.585 [info] > git check-ignore -v -z --stdin [1ms]
2024-02-09 03:51:46.005 [info] > git show --textconv :public/bootstrap/css/amelia.bootstrap.css [43ms]
2024-02-09 03:51:46.015 [info] > git ls-files --stage -- /home/bitnami/getting-MEAN/public/bootstrap/css/amelia.bootstrap.css [17ms]
2024-02-09 03:51:46.032 [info] > git cat-file -s 50a560c18bbe7cc676ea47461589bbe4a9c0119b [6ms]
2024-02-09 03:51:51.367 [info] > git ls-files --stage -- /home/bitnami/getting-MEAN/public/javascripts/jquery-1.11.1.min.js [23ms]
2024-02-09 03:51:51.470 [info] > git show --textconv :public/javascripts/jquery-1.11.1.min.js [145ms]
2024-02-09 03:51:51.502 [info] > git cat-file -s ab28a24729b320bffd3d2f60302af949db39ab85 [32ms]
2024-02-09 03:51:56.992 [info] > git ls-files --stage -- /home/bitnami/getting-MEAN/public/stylesheets/style.css [323ms]
2024-02-09 03:51:57.826 [info] > git show --textconv :public/stylesheets/style.css [1353ms]
2024-02-09 03:51:57.880 [info] > git cat-file -s 858d6a98c32ecbedc1d9ddc719c8129c71fe33da [57ms]
2024-02-09 03:52:26.673 [info] > git rev-parse --show-toplevel [55ms]
2024-02-09 03:52:26.676 [info] fatal: not a git repository (or any of the parent directories): .git
2024-02-09 03:52:44.240 [info] > git rev-parse --show-toplevel [71ms]
2024-02-09 03:52:44.241 [info] fatal: not a git repository (or any of the parent directories): .git
2024-02-09 03:53:02.557 [info] > git rev-parse --show-toplevel [72ms]
2024-02-09 03:53:02.561 [info] fatal: not a git repository (or any of the parent directories): .git
2024-02-09 03:53:20.292 [info] > git rev-parse --show-toplevel [37ms]
2024-02-09 03:53:20.292 [info] fatal: not a git repository (or any of the parent directories): .git
2024-02-09 03:53:29.813 [info] > git check-ignore -v -z --stdin [9ms]
2024-02-09 03:53:31.713 [info] > git check-ignore -v -z --stdin [2ms]
2024-02-09 03:53:35.274 [info] > git check-ignore -v -z --stdin [2ms]
2024-02-09 03:53:39.183 [info] > git check-ignore -v -z --stdin [2ms]
2024-02-09 03:53:42.732 [info] > git check-ignore -v -z --stdin [1ms]
2024-02-09 03:53:45.180 [info] > git check-ignore -v -z --stdin [2ms]
2024-02-09 03:53:46.204 [info] > git ls-files --stage -- /home/bitnami/todo/public/stylesheets/fontawesome-all.css [2ms]
2024-02-09 03:53:46.215 [info] > git show --textconv :public/stylesheets/fontawesome-all.css [23ms]
2024-02-09 03:53:46.225 [info] > git cat-file -s e67a5c46e0e77cc19b8487f810d0c44258bbf117 [12ms]
2024-02-09 03:53:53.798 [info] > git rev-parse --show-toplevel [36ms]
2024-02-09 03:53:53.799 [info] fatal: not a git repository (or any of the parent directories): .git
2024-02-09 03:54:46.320 [info] > git rev-parse --show-toplevel [41ms]
2024-02-09 03:54:46.321 [info] fatal: not a git repository (or any of the parent directories): .git
2024-02-09 03:54:46.821 [info] > git rev-parse --show-toplevel [3ms]
2024-02-09 03:54:46.822 [info] fatal: not a git repository (or any of the parent directories): .git
2024-02-09 03:55:34.382 [info] > git ls-files --stage -- /home/bitnami/todo/public/stylesheets/style.css [3ms]
2024-02-09 03:55:34.395 [info] > git cat-file -s 6ad545599ea5763836385b3f5b0fac88842586cf [4ms]
2024-02-09 03:55:34.397 [info] > git show --textconv :public/stylesheets/style.css [34ms]
2024-02-09 03:55:46.558 [info] > git rev-parse --show-toplevel [4ms]
2024-02-09 03:55:46.558 [info] fatal: not a git repository (or any of the parent directories): .git
2024-02-09 03:55:55.928 [info] > git rev-parse --show-toplevel [8ms]
2024-02-09 03:55:55.928 [info] fatal: not a git repository (or any of the parent directories): .git
2024-02-09 03:55:58.599 [info] > git rev-parse --show-toplevel [4ms]
2024-02-09 03:55:58.599 [info] fatal: not a git repository (or any of the parent directories): .git
2024-02-09 03:56:22.797 [info] > git rev-parse --show-toplevel [2ms]
2024-02-09 03:56:22.798 [info] fatal: not a git repository (or any of the parent directories): .git
2024-02-09 03:56:27.768 [info] > git rev-parse --show-toplevel [2ms]
2024-02-09 03:56:27.768 [info] fatal: not a git repository (or any of the parent directories): .git
2024-02-09 03:56:28.203 [info] > git rev-parse --show-toplevel [3ms]
2024-02-09 03:56:28.203 [info] fatal: not a git repository (or any of the parent directories): .git
2024-02-09 03:56:42.610 [info] > git rev-parse --show-toplevel [5ms]
2024-02-09 03:56:42.610 [info] fatal: not a git repository (or any of the parent directories): .git
2024-02-09 03:56:59.874 [info] > git rev-parse --show-toplevel [25ms]
2024-02-09 03:56:59.874 [info] fatal: not a git repository (or any of the parent directories): .git
2024-02-09 03:57:00.994 [info] > git rev-parse --show-toplevel [6ms]
2024-02-09 03:57:00.994 [info] fatal: not a git repository (or any of the parent directories): .git
2024-02-09 03:57:17.650 [info] > git rev-parse --show-toplevel [3ms]
2024-02-09 03:57:17.650 [info] fatal: not a git repository (or any of the parent directories): .git
2024-02-09 03:57:21.877 [info] > git rev-parse --show-toplevel [2ms]
2024-02-09 03:57:21.877 [info] fatal: not a git repository (or any of the parent directories): .git
2024-02-09 03:57:27.898 [info] > git rev-parse --show-toplevel [5ms]
2024-02-09 03:57:27.898 [info] fatal: not a git repository (or any of the parent directories): .git
2024-02-09 03:57:34.193 [info] > git rev-parse --show-toplevel [3ms]
2024-02-09 03:57:34.194 [info] fatal: not a git repository (or any of the parent directories): .git
2024-02-09 03:57:41.322 [info] > git rev-parse --show-toplevel [1ms]
2024-02-09 03:57:41.322 [info] fatal: not a git repository (or any of the parent directories): .git
2024-02-09 03:57:41.701 [info] > git rev-parse --show-toplevel [2ms]
2024-02-09 03:57:41.701 [info] fatal: not a git repository (or any of the parent directories): .git
2024-02-09 03:58:03.812 [info] > git rev-parse --show-toplevel [29ms]
2024-02-09 03:58:03.812 [info] fatal: not a git repository (or any of the parent directories): .git
2024-02-09 03:58:15.974 [info] > git rev-parse --show-toplevel [3ms]
2024-02-09 03:58:15.974 [info] fatal: not a git repository (or any of the parent directories): .git
2024-02-09 03:58:27.297 [info] > git rev-parse --show-toplevel [2ms]
2024-02-09 03:58:27.297 [info] fatal: not a git repository (or any of the parent directories): .git
2024-02-09 03:58:28.069 [info] > git rev-parse --show-toplevel [2ms]
2024-02-09 03:58:28.069 [info] fatal: not a git repository (or any of the parent directories): .git
2024-02-09 03:58:29.507 [info] > git rev-parse --show-toplevel [4ms]
2024-02-09 03:58:29.507 [info] fatal: not a git repository (or any of the parent directories): .git
2024-02-09 03:58:35.725 [info] > git rev-parse --show-toplevel [2ms]
2024-02-09 03:58:35.725 [info] fatal: not a git repository (or any of the parent directories): .git
2024-02-09 03:58:43.867 [info] > git rev-parse --show-toplevel [2ms]
2024-02-09 03:58:43.867 [info] fatal: not a git repository (or any of the parent directories): .git
2024-02-09 03:58:49.230 [info] > git rev-parse --show-toplevel [18ms]
2024-02-09 03:58:49.231 [info] fatal: not a git repository (or any of the parent directories): .git
2024-02-09 03:58:52.924 [info] > git rev-parse --show-toplevel [4ms]
2024-02-09 03:58:52.924 [info] fatal: not a git repository (or any of the parent directories): .git
2024-02-09 03:58:58.367 [info] > git rev-parse --show-toplevel [8ms]
2024-02-09 03:58:58.367 [info] fatal: not a git repository (or any of the parent directories): .git
2024-02-09 03:59:01.906 [info] > git rev-parse --show-toplevel [9ms]
2024-02-09 03:59:01.913 [info] fatal: not a git repository (or any of the parent directories): .git
2024-02-09 03:59:10.132 [info] > git rev-parse --show-toplevel [3ms]
2024-02-09 03:59:10.132 [info] fatal: not a git repository (or any of the parent directories): .git
2024-02-09 03:59:10.591 [info] > git rev-parse --show-toplevel [4ms]
2024-02-09 03:59:10.591 [info] fatal: not a git repository (or any of the parent directories): .git
2024-02-09 04:00:04.761 [info] > git check-ignore -v -z --stdin [40ms]
2024-02-09 04:00:07.840 [info] > git check-ignore -v -z --stdin [9ms]
2024-02-09 04:00:15.023 [info] > git check-ignore -v -z --stdin [2ms]
2024-02-09 04:00:23.576 [info] > git rev-parse --show-toplevel [47ms]
2024-02-09 04:00:23.576 [info] fatal: not a git repository (or any of the parent directories): .git
2024-02-09 04:00:30.211 [info] > git rev-parse --show-toplevel [7ms]
2024-02-09 04:00:30.212 [info] fatal: not a git repository (or any of the parent directories): .git
2024-02-09 04:00:33.578 [info] > git rev-parse --show-toplevel [67ms]
2024-02-09 04:00:33.579 [info] fatal: not a git repository (or any of the parent directories): .git
2024-02-09 04:00:37.847 [info] > git rev-parse --show-toplevel [804ms]
2024-02-09 04:00:37.869 [info] fatal: not a git repository (or any of the parent directories): .git
2024-02-09 04:00:51.915 [info] > git rev-parse --show-toplevel [53ms]
2024-02-09 04:00:51.920 [info] fatal: not a git repository (or any of the parent directories): .git
2024-02-09 04:00:58.594 [info] > git rev-parse --show-toplevel [329ms]
2024-02-09 04:00:58.611 [info] fatal: not a git repository (or any of the parent directories): .git
2024-02-09 04:02:38.113 [info] > git rev-parse --show-toplevel [12464ms]
2024-02-09 04:02:38.505 [info] fatal: not a git repository (or any of the parent directories): .git
