2024-02-12 18:51:10.553 [info] Extension host with pid 53413 started
2024-02-12 18:51:10.591 [info] Lock '/home/bitnami/.vscode-server/data/User/workspaceStorage/4ea94e984b82d8fc89e98dfd626680b6/vscode.lock': Lock acquired.
2024-02-12 18:51:10.720 [info] ExtensionService#_doActivateExtension vscode.emmet, startup: false, activationEvent: 'onLanguage'
2024-02-12 18:51:10.721 [info] ExtensionService#_doActivateExtension vscode.html-language-features, startup: false, activationEvent: 'onLanguage:html'
2024-02-12 18:51:11.723 [info] ExtensionService#_doActivateExtension vscode.git-base, startup: true, activationEvent: '*', root cause: vscode.git
2024-02-12 18:51:11.758 [info] ExtensionService#_doActivateExtension vscode.npm, startup: true, activationEvent: 'workspaceContains:package.json'
2024-02-12 18:51:12.149 [info] ExtensionService#_doActivateExtension vscode.git, startup: true, activationEvent: '*'
2024-02-12 18:51:12.149 [info] ExtensionService#_doActivateExtension vscode.github, startup: true, activationEvent: '*'
2024-02-12 18:51:12.813 [info] Eager extensions activated
2024-02-12 18:51:12.814 [info] ExtensionService#_doActivateExtension vscode.debug-auto-launch, startup: false, activationEvent: 'onStartupFinished'
2024-02-12 18:51:12.817 [info] ExtensionService#_doActivateExtension vscode.merge-conflict, startup: false, activationEvent: 'onStartupFinished'
2024-02-12 19:34:10.613 [warning] [Decorations] CAPPING events from decorations provider vscode.git 10000
2024-02-12 19:34:14.971 [warning] [Decorations] CAPPING events from decorations provider vscode.git 10024
2024-02-12 19:34:16.842 [warning] [Decorations] CAPPING events from decorations provider vscode.git 3160
2024-02-12 19:34:21.972 [warning] [Decorations] CAPPING events from decorations provider vscode.git 3160
2024-02-12 19:34:27.091 [warning] [Decorations] CAPPING events from decorations provider vscode.git 3160
2024-02-12 19:34:32.203 [warning] [Decorations] CAPPING events from decorations provider vscode.git 3160
2024-02-12 19:34:37.431 [warning] [Decorations] CAPPING events from decorations provider vscode.git 3160
2024-02-12 19:34:42.561 [warning] [Decorations] CAPPING events from decorations provider vscode.git 3160
2024-02-12 19:34:47.708 [warning] [Decorations] CAPPING events from decorations provider vscode.git 3160
2024-02-12 19:34:52.828 [warning] [Decorations] CAPPING events from decorations provider vscode.git 3160
2024-02-12 19:34:58.001 [warning] [Decorations] CAPPING events from decorations provider vscode.git 3160
2024-02-12 19:35:04.908 [warning] [Decorations] CAPPING events from decorations provider vscode.git 3160
2024-02-12 19:35:10.591 [warning] [Decorations] CAPPING events from decorations provider vscode.git 3162
2024-02-12 19:35:15.746 [warning] [Decorations] CAPPING events from decorations provider vscode.git 3162
2024-02-12 19:35:20.880 [warning] [Decorations] CAPPING events from decorations provider vscode.git 3162
2024-02-12 19:35:26.015 [warning] [Decorations] CAPPING events from decorations provider vscode.git 3162
2024-02-12 19:35:31.147 [warning] [Decorations] CAPPING events from decorations provider vscode.git 3162
2024-02-12 19:35:36.281 [warning] [Decorations] CAPPING events from decorations provider vscode.git 3162
2024-02-12 19:35:41.432 [warning] [Decorations] CAPPING events from decorations provider vscode.git 3162
2024-02-12 19:35:46.554 [warning] [Decorations] CAPPING events from decorations provider vscode.git 3162
2024-02-12 19:35:51.718 [warning] [Decorations] CAPPING events from decorations provider vscode.git 3162
2024-02-12 19:35:56.863 [warning] [Decorations] CAPPING events from decorations provider vscode.git 3162
2024-02-12 19:36:02.078 [warning] [Decorations] CAPPING events from decorations provider vscode.git 3162
