0 verbose cli /opt/bitnami/node/bin/node /opt/bitnami/node/bin/npm
1 info using npm@10.2.3
2 info using node@v18.19.0
3 timing npm:load:whichnode Completed in 1ms
4 timing config:load:defaults Completed in 2ms
5 timing config:load:file:/opt/bitnami/node/lib/node_modules/npm/npmrc Completed in 1ms
6 timing config:load:builtin Completed in 1ms
7 timing config:load:cli Completed in 3ms
8 timing config:load:env Completed in 0ms
9 timing config:load:file:/home/bitnami/.cache/typescript/5.3/.npmrc Completed in 0ms
10 timing config:load:project Completed in 17ms
11 timing config:load:file:/home/bitnami/.npmrc Completed in 0ms
12 timing config:load:user Completed in 0ms
13 timing config:load:file:/opt/bitnami/node/etc/npmrc Completed in 0ms
14 timing config:load:global Completed in 0ms
15 timing config:load:setEnvs Completed in 1ms
16 timing config:load Completed in 24ms
17 timing npm:load:configload Completed in 24ms
18 timing config:load:flatten Completed in 11ms
19 timing npm:load:mkdirpcache Completed in 1ms
20 timing npm:load:mkdirplogs Completed in 1ms
21 verbose title npm install @types/get-intrinsic@ts5.3 @types/tape@ts5.3
22 verbose argv "install" "--ignore-scripts" "@types/get-intrinsic@ts5.3" "@types/tape@ts5.3" "--save-dev" "--user-agent" "typesInstaller/5.3.2"
23 timing npm:load:setTitle Completed in 1ms
24 timing npm:load:display Completed in 0ms
25 verbose logfile logs-max:10 dir:/home/bitnami/.npm/_logs/2024-02-12T18_34_03_923Z-
26 verbose logfile /home/bitnami/.npm/_logs/2024-02-12T18_34_03_923Z-debug-0.log
27 timing npm:load:logFile Completed in 13ms
28 timing npm:load:timers Completed in 0ms
29 timing npm:load:configScope Completed in 0ms
30 timing npm:load Completed in 69ms
31 timing arborist:ctor Completed in 1ms
32 silly logfile start cleaning logs, removing 1 files
33 silly logfile done cleaning log files
34 timing idealTree:init Completed in 42ms
35 timing arborist:ctor Completed in 0ms
36 http fetch GET 200 https://registry.npmjs.org/@types%2ftape 208ms (cache revalidated)
37 http fetch GET 200 https://registry.npmjs.org/@types%2fget-intrinsic 523ms (cache revalidated)
38 timing idealTree:userRequests Completed in 526ms
39 silly idealTree buildDeps
40 silly fetch manifest @types/tape@5.6.4
41 silly fetch manifest @types/get-intrinsic@1.2.2
42 silly placeDep ROOT @types/get-intrinsic@1.2.2 OK for:  want: 1.2.2
43 silly placeDep ROOT @types/tape@5.6.4 OK for:  want: 5.6.4
44 silly fetch manifest @types/through@*
45 http fetch GET 200 https://registry.npmjs.org/@types%2fthrough 51ms (cache revalidated)
46 timing idealTree:#root Completed in 68ms
47 timing idealTree:node_modules/@types/get-intrinsic Completed in 0ms
48 silly placeDep ROOT @types/through@0.0.33 OK for: @types/tape@5.6.4 want: *
49 timing idealTree:node_modules/@types/tape Completed in 3ms
50 timing idealTree:node_modules/@types/through Completed in 0ms
51 timing idealTree:buildDeps Completed in 72ms
52 timing idealTree:fixDepFlags Completed in 0ms
53 timing idealTree Completed in 645ms
54 timing reify:loadTrees Completed in 645ms
55 timing reify:diffTrees Completed in 4ms
56 silly reify moves {}
57 timing reify:retireShallow Completed in 1ms
58 timing reify:createSparse Completed in 1ms
59 timing reify:loadBundles Completed in 0ms
60 silly audit bulk request {
60 silly audit   '@popperjs/core': [ '2.11.8' ],
60 silly audit   '@types/body-parser': [ '1.19.5' ],
60 silly audit   '@types/bootstrap': [ '5.2.10' ],
60 silly audit   '@types/connect': [ '3.4.38' ],
60 silly audit   '@types/cookie': [ '0.6.0' ],
60 silly audit   '@types/cookie-parser': [ '1.4.6' ],
60 silly audit   '@types/cookie-signature': [ '1.1.2' ],
60 silly audit   '@types/cookiejar': [ '2.1.5' ],
60 silly audit   '@types/debug': [ '4.1.12' ],
60 silly audit   '@types/ejs': [ '3.1.5' ],
60 silly audit   '@types/eslint': [ '8.56.2' ],
60 silly audit   '@types/eslint-plugin-markdown': [ '2.0.2' ],
60 silly audit   '@types/estree': [ '1.0.5' ],
60 silly audit   '@types/express': [ '4.17.21' ],
60 silly audit   '@types/express-serve-static-core': [ '4.17.43' ],
60 silly audit   '@types/http-errors': [ '2.0.4' ],
60 silly audit   '@types/jade': [ '0.0.34' ],
60 silly audit   '@types/jquery': [ '3.5.29' ],
60 silly audit   '@types/json-schema': [ '7.0.15' ],
60 silly audit   '@types/methods': [ '1.1.4' ],
60 silly audit   '@types/mime': [ '1.3.5' ],
60 silly audit   '@types/mocha': [ '10.0.6' ],
60 silly audit   '@types/morgan': [ '1.9.9' ],
60 silly audit   '@types/ms': [ '0.7.34' ],
60 silly audit   '@types/node': [ '20.11.17' ],
60 silly audit   '@types/pug': [ '2.0.10' ],
60 silly audit   '@types/qs': [ '6.9.11' ],
60 silly audit   '@types/range-parser': [ '1.2.7' ],
60 silly audit   '@types/send': [ '0.17.4' ],
60 silly audit   '@types/serve-static': [ '1.15.5' ],
60 silly audit   '@types/sizzle': [ '2.3.8' ],
60 silly audit   '@types/superagent': [ '8.1.3' ],
60 silly audit   '@types/supertest': [ '6.0.2' ],
60 silly audit   '@types/unist': [ '3.0.2' ],
60 silly audit   'types-registry': [ '0.1.683' ],
60 silly audit   'undici-types': [ '5.26.5' ],
60 silly audit   '@types/get-intrinsic': [ '1.2.2' ],
60 silly audit   '@types/tape': [ '5.6.4' ],
60 silly audit   '@types/through': [ '0.0.33' ]
60 silly audit }
61 timing reifyNode:node_modules/@types/through Completed in 34ms
62 timing reifyNode:node_modules/@types/tape Completed in 41ms
63 timing reifyNode:node_modules/@types/get-intrinsic Completed in 42ms
64 timing reify:unpack Completed in 43ms
65 timing reify:unretire Completed in 0ms
66 timing build:queue Completed in 1ms
67 timing build:deps Completed in 1ms
68 timing build Completed in 1ms
69 timing reify:build Completed in 2ms
70 timing reify:trash Completed in 0ms
71 timing reify:save Completed in 26ms
72 http fetch POST 200 https://registry.npmjs.org/-/npm/v1/security/advisories/bulk 88ms
73 timing auditReport:getReport Completed in 91ms
74 silly audit report {}
75 timing auditReport:init Completed in 1ms
76 timing reify:audit Completed in 93ms
77 timing reify Completed in 752ms
78 silly ADD node_modules/@types/through
79 silly ADD node_modules/@types/tape
80 silly ADD node_modules/@types/get-intrinsic
81 timing command:install Completed in 760ms
82 verbose exit 0
83 timing npm Completed in 1388ms
84 info ok
