0 verbose cli /opt/bitnami/node/bin/node /opt/bitnami/node/bin/npm
1 info using npm@10.2.3
2 info using node@v18.19.0
3 timing npm:load:whichnode Completed in 1ms
4 timing config:load:defaults Completed in 2ms
5 timing config:load:file:/opt/bitnami/node/lib/node_modules/npm/npmrc Completed in 1ms
6 timing config:load:builtin Completed in 1ms
7 timing config:load:cli Completed in 6ms
8 timing config:load:env Completed in 0ms
9 timing config:load:project Completed in 2ms
10 timing config:load:file:/home/bitnami/.npmrc Completed in 9ms
11 timing config:load:user Completed in 9ms
12 timing config:load:file:/opt/bitnami/node/etc/npmrc Completed in 2ms
13 timing config:load:global Completed in 2ms
14 timing config:load:setEnvs Completed in 1ms
15 timing config:load Completed in 25ms
16 timing npm:load:configload Completed in 25ms
17 timing config:load:flatten Completed in 3ms
18 timing npm:load:mkdirpcache Completed in 0ms
19 timing npm:load:mkdirplogs Completed in 0ms
20 verbose title npm notice Run npm install npm@10.3.0
21 verbose argv "notice" "Run" "npm" "install" "--global" "npm@10.3.0"
22 timing npm:load:setTitle Completed in 1ms
23 timing npm:load:display Completed in 0ms
24 verbose logfile logs-max:10 dir:/home/bitnami/.npm/_logs/2024-01-22T23_57_30_142Z-
25 verbose logfile /home/bitnami/.npm/_logs/2024-01-22T23_57_30_142Z-debug-0.log
26 timing npm:load:logFile Completed in 8ms
27 timing npm:load:timers Completed in 1ms
28 timing npm:load:configScope Completed in 0ms
29 timing npm:load Completed in 54ms
30 silly logfile done cleaning log files
31 verbose exit 1
32 timing npm Completed in 133ms
33 verbose code 1
