0 verbose cli /opt/bitnami/node/bin/node /opt/bitnami/node/bin/npm
1 info using npm@10.2.3
2 info using node@v18.19.0
3 timing npm:load:whichnode Completed in 4ms
4 timing config:load:defaults Completed in 4ms
5 timing config:load:file:/opt/bitnami/node/lib/node_modules/npm/npmrc Completed in 2ms
6 timing config:load:builtin Completed in 2ms
7 warn config production Use `--omit=dev` instead.
8 timing config:load:cli Completed in 6ms
9 timing config:load:env Completed in 0ms
10 timing config:load:file:/home/bitnami/todo/.npmrc Completed in 0ms
11 timing config:load:project Completed in 9ms
12 timing config:load:file:/home/bitnami/.npmrc Completed in 0ms
13 timing config:load:user Completed in 0ms
14 timing config:load:file:/opt/bitnami/node/etc/npmrc Completed in 1ms
15 timing config:load:global Completed in 1ms
16 timing config:load:setEnvs Completed in 2ms
17 timing config:load Completed in 25ms
18 timing npm:load:configload Completed in 25ms
19 timing config:load:flatten Completed in 3ms
20 timing npm:load:mkdirpcache Completed in 1ms
21 timing npm:load:mkdirplogs Completed in 0ms
22 verbose title npm install
23 verbose argv "install" "--production"
24 timing npm:load:setTitle Completed in 1ms
25 timing npm:load:display Completed in 2ms
26 verbose logfile logs-max:10 dir:/home/bitnami/.npm/_logs/2024-01-23T01_24_14_526Z-
27 verbose logfile /home/bitnami/.npm/_logs/2024-01-23T01_24_14_526Z-debug-0.log
28 timing npm:load:logFile Completed in 9ms
29 timing npm:load:timers Completed in 1ms
30 timing npm:load:configScope Completed in 0ms
31 timing npm:load Completed in 65ms
32 timing arborist:ctor Completed in 1ms
33 silly logfile done cleaning log files
34 timing idealTree:init Completed in 220ms
35 timing idealTree:userRequests Completed in 1ms
36 silly idealTree buildDeps
37 timing idealTree:#root Completed in 1ms
38 timing idealTree:buildDeps Completed in 1ms
39 timing idealTree:fixDepFlags Completed in 1ms
40 timing idealTree Completed in 231ms
41 timing arborist:ctor Completed in 3ms
42 timing reify:loadTrees Completed in 279ms
43 timing reify:diffTrees Completed in 7ms
44 silly reify moves {}
45 timing reify:retireShallow Completed in 1ms
46 timing reify:createSparse Completed in 20ms
47 silly reify mark deleted [ '/home/bitnami/todo/node_modules/@types/json5' ]
48 silly reify mark deleted [
48 silly reify   '/home/bitnami/todo/node_modules/acorn',
48 silly reify   '/home/bitnami/todo/node_modules/.bin/acorn'
48 silly reify ]
49 silly reify mark deleted [ '/home/bitnami/todo/node_modules/acorn-jsx' ]
50 silly reify mark deleted [
50 silly reify   '/home/bitnami/todo/node_modules/acorn-jsx/node_modules/acorn',
50 silly reify   '/home/bitnami/todo/node_modules/acorn-jsx/node_modules/.bin/acorn'
50 silly reify ]
51 silly reify mark deleted [ '/home/bitnami/todo/node_modules/ajv' ]
52 silly reify mark deleted [ '/home/bitnami/todo/node_modules/ajv-keywords' ]
53 silly reify mark deleted [ '/home/bitnami/todo/node_modules/ansi-escapes' ]
54 silly reify mark deleted [ '/home/bitnami/todo/node_modules/ansi-regex' ]
55 silly reify mark deleted [ '/home/bitnami/todo/node_modules/ansi-styles' ]
56 silly reify mark deleted [ '/home/bitnami/todo/node_modules/argparse' ]
57 silly reify mark deleted [ '/home/bitnami/todo/node_modules/array-buffer-byte-length' ]
58 silly reify mark deleted [ '/home/bitnami/todo/node_modules/array-includes' ]
59 silly reify mark deleted [ '/home/bitnami/todo/node_modules/array.prototype.findlastindex' ]
60 silly reify mark deleted [ '/home/bitnami/todo/node_modules/array.prototype.flat' ]
61 silly reify mark deleted [ '/home/bitnami/todo/node_modules/array.prototype.flatmap' ]
62 silly reify mark deleted [ '/home/bitnami/todo/node_modules/arraybuffer.prototype.slice' ]
63 silly reify mark deleted [ '/home/bitnami/todo/node_modules/available-typed-arrays' ]
64 silly reify mark deleted [ '/home/bitnami/todo/node_modules/babel-code-frame' ]
65 silly reify mark deleted [
65 silly reify   '/home/bitnami/todo/node_modules/babel-code-frame/node_modules/ansi-regex'
65 silly reify ]
66 silly reify mark deleted [
66 silly reify   '/home/bitnami/todo/node_modules/babel-code-frame/node_modules/ansi-styles'
66 silly reify ]
67 silly reify mark deleted [
67 silly reify   '/home/bitnami/todo/node_modules/babel-code-frame/node_modules/chalk'
67 silly reify ]
68 silly reify mark deleted [
68 silly reify   '/home/bitnami/todo/node_modules/babel-code-frame/node_modules/strip-ansi'
68 silly reify ]
69 silly reify mark deleted [
69 silly reify   '/home/bitnami/todo/node_modules/babel-code-frame/node_modules/supports-color'
69 silly reify ]
70 silly reify mark deleted [ '/home/bitnami/todo/node_modules/balanced-match' ]
71 silly reify mark deleted [ '/home/bitnami/todo/node_modules/brace-expansion' ]
72 silly reify mark deleted [ '/home/bitnami/todo/node_modules/buffer-from' ]
73 silly reify mark deleted [ '/home/bitnami/todo/node_modules/caller-path' ]
74 silly reify mark deleted [ '/home/bitnami/todo/node_modules/callsites' ]
75 silly reify mark deleted [ '/home/bitnami/todo/node_modules/chalk' ]
76 silly reify mark deleted [ '/home/bitnami/todo/node_modules/chardet' ]
77 silly reify mark deleted [ '/home/bitnami/todo/node_modules/circular-json' ]
78 silly reify mark deleted [ '/home/bitnami/todo/node_modules/cli-cursor' ]
79 silly reify mark deleted [ '/home/bitnami/todo/node_modules/cli-width' ]
80 silly reify mark deleted [ '/home/bitnami/todo/node_modules/co' ]
81 silly reify mark deleted [ '/home/bitnami/todo/node_modules/color-convert' ]
82 silly reify mark deleted [ '/home/bitnami/todo/node_modules/color-name' ]
83 silly reify mark deleted [ '/home/bitnami/todo/node_modules/concat-map' ]
84 silly reify mark deleted [ '/home/bitnami/todo/node_modules/concat-stream' ]
85 silly reify mark deleted [ '/home/bitnami/todo/node_modules/cross-spawn' ]
86 silly reify mark deleted [ '/home/bitnami/todo/node_modules/deep-is' ]
87 silly reify mark deleted [ '/home/bitnami/todo/node_modules/define-properties' ]
88 silly reify mark deleted [ '/home/bitnami/todo/node_modules/doctrine' ]
89 silly reify mark deleted [ '/home/bitnami/todo/node_modules/es-abstract' ]
90 silly reify mark deleted [ '/home/bitnami/todo/node_modules/es-set-tostringtag' ]
91 silly reify mark deleted [ '/home/bitnami/todo/node_modules/es-shim-unscopables' ]
92 silly reify mark deleted [ '/home/bitnami/todo/node_modules/es-to-primitive' ]
93 silly reify mark deleted [ '/home/bitnami/todo/node_modules/escape-string-regexp' ]
94 silly reify mark deleted [
94 silly reify   '/home/bitnami/todo/node_modules/eslint',
94 silly reify   '/home/bitnami/todo/node_modules/.bin/eslint'
94 silly reify ]
95 silly reify mark deleted [ '/home/bitnami/todo/node_modules/eslint-config-airbnb-base' ]
96 silly reify mark deleted [ '/home/bitnami/todo/node_modules/eslint-import-resolver-node' ]
97 silly reify mark deleted [
97 silly reify   '/home/bitnami/todo/node_modules/eslint-import-resolver-node/node_modules/debug'
97 silly reify ]
98 silly reify mark deleted [
98 silly reify   '/home/bitnami/todo/node_modules/eslint-import-resolver-node/node_modules/ms'
98 silly reify ]
99 silly reify mark deleted [ '/home/bitnami/todo/node_modules/eslint-module-utils' ]
100 silly reify mark deleted [
100 silly reify   '/home/bitnami/todo/node_modules/eslint-module-utils/node_modules/debug'
100 silly reify ]
101 silly reify mark deleted [
101 silly reify   '/home/bitnami/todo/node_modules/eslint-module-utils/node_modules/ms'
101 silly reify ]
102 silly reify mark deleted [ '/home/bitnami/todo/node_modules/eslint-plugin-import' ]
103 silly reify mark deleted [
103 silly reify   '/home/bitnami/todo/node_modules/eslint-plugin-import/node_modules/debug'
103 silly reify ]
104 silly reify mark deleted [
104 silly reify   '/home/bitnami/todo/node_modules/eslint-plugin-import/node_modules/ms'
104 silly reify ]
105 silly reify mark deleted [
105 silly reify   '/home/bitnami/todo/node_modules/eslint-plugin-import/node_modules/semver',
105 silly reify   '/home/bitnami/todo/node_modules/eslint-plugin-import/node_modules/.bin/semver'
105 silly reify ]
106 silly reify mark deleted [ '/home/bitnami/todo/node_modules/eslint-restricted-globals' ]
107 silly reify mark deleted [ '/home/bitnami/todo/node_modules/eslint-scope' ]
108 silly reify mark deleted [ '/home/bitnami/todo/node_modules/eslint-visitor-keys' ]
109 silly reify mark deleted [ '/home/bitnami/todo/node_modules/eslint/node_modules/debug' ]
110 silly reify mark deleted [ '/home/bitnami/todo/node_modules/eslint/node_modules/ms' ]
111 silly reify mark deleted [ '/home/bitnami/todo/node_modules/espree' ]
112 silly reify mark deleted [
112 silly reify   '/home/bitnami/todo/node_modules/esprima',
112 silly reify   '/home/bitnami/todo/node_modules/.bin/esparse',
112 silly reify   '/home/bitnami/todo/node_modules/.bin/esvalidate'
112 silly reify ]
113 silly reify mark deleted [ '/home/bitnami/todo/node_modules/esquery' ]
114 silly reify mark deleted [ '/home/bitnami/todo/node_modules/esquery/node_modules/estraverse' ]
115 silly reify mark deleted [ '/home/bitnami/todo/node_modules/esrecurse' ]
116 silly reify mark deleted [ '/home/bitnami/todo/node_modules/esrecurse/node_modules/estraverse' ]
117 silly reify mark deleted [ '/home/bitnami/todo/node_modules/estraverse' ]
118 silly reify mark deleted [ '/home/bitnami/todo/node_modules/esutils' ]
119 silly reify mark deleted [ '/home/bitnami/todo/node_modules/external-editor' ]
120 silly reify mark deleted [ '/home/bitnami/todo/node_modules/fast-deep-equal' ]
121 silly reify mark deleted [ '/home/bitnami/todo/node_modules/fast-json-stable-stringify' ]
122 silly reify mark deleted [ '/home/bitnami/todo/node_modules/fast-levenshtein' ]
123 silly reify mark deleted [ '/home/bitnami/todo/node_modules/figures' ]
124 silly reify mark deleted [ '/home/bitnami/todo/node_modules/file-entry-cache' ]
125 silly reify mark deleted [ '/home/bitnami/todo/node_modules/flat-cache' ]
126 silly reify mark deleted [ '/home/bitnami/todo/node_modules/for-each' ]
127 silly reify mark deleted [ '/home/bitnami/todo/node_modules/fs.realpath' ]
128 silly reify mark deleted [ '/home/bitnami/todo/node_modules/function.prototype.name' ]
129 silly reify mark deleted [ '/home/bitnami/todo/node_modules/functional-red-black-tree' ]
130 silly reify mark deleted [ '/home/bitnami/todo/node_modules/functions-have-names' ]
131 silly reify mark deleted [ '/home/bitnami/todo/node_modules/get-symbol-description' ]
132 silly reify mark deleted [ '/home/bitnami/todo/node_modules/glob' ]
133 silly reify mark deleted [ '/home/bitnami/todo/node_modules/globals' ]
134 silly reify mark deleted [ '/home/bitnami/todo/node_modules/globalthis' ]
135 silly reify mark deleted [ '/home/bitnami/todo/node_modules/graceful-fs' ]
136 silly reify mark deleted [ '/home/bitnami/todo/node_modules/has-ansi' ]
137 silly reify mark deleted [ '/home/bitnami/todo/node_modules/has-ansi/node_modules/ansi-regex' ]
138 silly reify mark deleted [ '/home/bitnami/todo/node_modules/has-bigints' ]
139 silly reify mark deleted [ '/home/bitnami/todo/node_modules/has-flag' ]
140 silly reify mark deleted [ '/home/bitnami/todo/node_modules/has-tostringtag' ]
141 silly reify mark deleted [ '/home/bitnami/todo/node_modules/ignore' ]
142 silly reify mark deleted [ '/home/bitnami/todo/node_modules/imurmurhash' ]
143 silly reify mark deleted [ '/home/bitnami/todo/node_modules/inflight' ]
144 silly reify mark deleted [ '/home/bitnami/todo/node_modules/inquirer' ]
145 silly reify mark deleted [ '/home/bitnami/todo/node_modules/internal-slot' ]
146 silly reify mark deleted [ '/home/bitnami/todo/node_modules/is-array-buffer' ]
147 silly reify mark deleted [ '/home/bitnami/todo/node_modules/is-bigint' ]
148 silly reify mark deleted [ '/home/bitnami/todo/node_modules/is-boolean-object' ]
149 silly reify mark deleted [ '/home/bitnami/todo/node_modules/is-callable' ]
150 silly reify mark deleted [ '/home/bitnami/todo/node_modules/is-core-module' ]
151 silly reify mark deleted [ '/home/bitnami/todo/node_modules/is-date-object' ]
152 silly reify mark deleted [ '/home/bitnami/todo/node_modules/is-extglob' ]
153 silly reify mark deleted [ '/home/bitnami/todo/node_modules/is-fullwidth-code-point' ]
154 silly reify mark deleted [ '/home/bitnami/todo/node_modules/is-glob' ]
155 silly reify mark deleted [ '/home/bitnami/todo/node_modules/is-negative-zero' ]
156 silly reify mark deleted [ '/home/bitnami/todo/node_modules/is-number-object' ]
157 silly reify mark deleted [ '/home/bitnami/todo/node_modules/is-regex' ]
158 silly reify mark deleted [ '/home/bitnami/todo/node_modules/is-resolvable' ]
159 silly reify mark deleted [ '/home/bitnami/todo/node_modules/is-shared-array-buffer' ]
160 silly reify mark deleted [ '/home/bitnami/todo/node_modules/is-string' ]
161 silly reify mark deleted [ '/home/bitnami/todo/node_modules/is-symbol' ]
162 silly reify mark deleted [ '/home/bitnami/todo/node_modules/is-typed-array' ]
163 silly reify mark deleted [ '/home/bitnami/todo/node_modules/is-weakref' ]
164 silly reify mark deleted [ '/home/bitnami/todo/node_modules/isexe' ]
165 silly reify mark deleted [ '/home/bitnami/todo/node_modules/js-tokens' ]
166 silly reify mark deleted [
166 silly reify   '/home/bitnami/todo/node_modules/js-yaml',
166 silly reify   '/home/bitnami/todo/node_modules/.bin/js-yaml'
166 silly reify ]
167 silly reify mark deleted [ '/home/bitnami/todo/node_modules/json-schema-traverse' ]
168 silly reify mark deleted [
168 silly reify   '/home/bitnami/todo/node_modules/json-stable-stringify-without-jsonify'
168 silly reify ]
169 silly reify mark deleted [
169 silly reify   '/home/bitnami/todo/node_modules/json5',
169 silly reify   '/home/bitnami/todo/node_modules/.bin/json5'
169 silly reify ]
170 silly reify mark deleted [ '/home/bitnami/todo/node_modules/levn' ]
171 silly reify mark deleted [ '/home/bitnami/todo/node_modules/lodash' ]
172 silly reify mark deleted [ '/home/bitnami/todo/node_modules/lru-cache' ]
173 silly reify mark deleted [ '/home/bitnami/todo/node_modules/mimic-fn' ]
174 silly reify mark deleted [ '/home/bitnami/todo/node_modules/minimatch' ]
175 silly reify mark deleted [ '/home/bitnami/todo/node_modules/minimist' ]
176 silly reify mark deleted [
176 silly reify   '/home/bitnami/todo/node_modules/mkdirp',
176 silly reify   '/home/bitnami/todo/node_modules/.bin/mkdirp'
176 silly reify ]
177 silly reify mark deleted [ '/home/bitnami/todo/node_modules/mute-stream' ]
178 silly reify mark deleted [ '/home/bitnami/todo/node_modules/natural-compare' ]
179 silly reify mark deleted [ '/home/bitnami/todo/node_modules/object-assign' ]
180 silly reify mark deleted [ '/home/bitnami/todo/node_modules/object-keys' ]
181 silly reify mark deleted [ '/home/bitnami/todo/node_modules/object.assign' ]
182 silly reify mark deleted [ '/home/bitnami/todo/node_modules/object.fromentries' ]
183 silly reify mark deleted [ '/home/bitnami/todo/node_modules/object.groupby' ]
184 silly reify mark deleted [ '/home/bitnami/todo/node_modules/object.values' ]
185 silly reify mark deleted [ '/home/bitnami/todo/node_modules/once' ]
186 silly reify mark deleted [ '/home/bitnami/todo/node_modules/onetime' ]
187 silly reify mark deleted [ '/home/bitnami/todo/node_modules/optionator' ]
188 silly reify mark deleted [ '/home/bitnami/todo/node_modules/os-tmpdir' ]
189 silly reify mark deleted [ '/home/bitnami/todo/node_modules/path-is-absolute' ]
190 silly reify mark deleted [ '/home/bitnami/todo/node_modules/path-is-inside' ]
191 silly reify mark deleted [ '/home/bitnami/todo/node_modules/path-parse' ]
192 silly reify mark deleted [ '/home/bitnami/todo/node_modules/pluralize' ]
193 silly reify mark deleted [ '/home/bitnami/todo/node_modules/prelude-ls' ]
194 silly reify mark deleted [ '/home/bitnami/todo/node_modules/progress' ]
195 silly reify mark deleted [ '/home/bitnami/todo/node_modules/pseudomap' ]
196 silly reify mark deleted [ '/home/bitnami/todo/node_modules/regexp.prototype.flags' ]
197 silly reify mark deleted [ '/home/bitnami/todo/node_modules/regexpp' ]
198 silly reify mark deleted [ '/home/bitnami/todo/node_modules/require-uncached' ]
199 silly reify mark deleted [
199 silly reify   '/home/bitnami/todo/node_modules/resolve',
199 silly reify   '/home/bitnami/todo/node_modules/.bin/resolve'
199 silly reify ]
200 silly reify mark deleted [ '/home/bitnami/todo/node_modules/resolve-from' ]
201 silly reify mark deleted [ '/home/bitnami/todo/node_modules/restore-cursor' ]
202 silly reify mark deleted [
202 silly reify   '/home/bitnami/todo/node_modules/rimraf',
202 silly reify   '/home/bitnami/todo/node_modules/.bin/rimraf'
202 silly reify ]
203 silly reify mark deleted [ '/home/bitnami/todo/node_modules/run-async' ]
204 silly reify mark deleted [ '/home/bitnami/todo/node_modules/rx-lite' ]
205 silly reify mark deleted [ '/home/bitnami/todo/node_modules/rx-lite-aggregates' ]
206 silly reify mark deleted [ '/home/bitnami/todo/node_modules/safe-array-concat' ]
207 silly reify mark deleted [
207 silly reify   '/home/bitnami/todo/node_modules/safe-array-concat/node_modules/isarray'
207 silly reify ]
208 silly reify mark deleted [ '/home/bitnami/todo/node_modules/safe-regex-test' ]
209 silly reify mark deleted [
209 silly reify   '/home/bitnami/todo/node_modules/semver',
209 silly reify   '/home/bitnami/todo/node_modules/.bin/semver'
209 silly reify ]
210 silly reify mark deleted [ '/home/bitnami/todo/node_modules/set-function-name' ]
211 silly reify mark deleted [ '/home/bitnami/todo/node_modules/shebang-command' ]
212 silly reify mark deleted [ '/home/bitnami/todo/node_modules/shebang-regex' ]
213 silly reify mark deleted [ '/home/bitnami/todo/node_modules/signal-exit' ]
214 silly reify mark deleted [ '/home/bitnami/todo/node_modules/slice-ansi' ]
215 silly reify mark deleted [ '/home/bitnami/todo/node_modules/sprintf-js' ]
216 silly reify mark deleted [ '/home/bitnami/todo/node_modules/string-width' ]
217 silly reify mark deleted [ '/home/bitnami/todo/node_modules/string.prototype.trim' ]
218 silly reify mark deleted [ '/home/bitnami/todo/node_modules/string.prototype.trimend' ]
219 silly reify mark deleted [ '/home/bitnami/todo/node_modules/string.prototype.trimstart' ]
220 silly reify mark deleted [ '/home/bitnami/todo/node_modules/strip-ansi' ]
221 silly reify mark deleted [ '/home/bitnami/todo/node_modules/strip-bom' ]
222 silly reify mark deleted [ '/home/bitnami/todo/node_modules/strip-json-comments' ]
223 silly reify mark deleted [ '/home/bitnami/todo/node_modules/supports-color' ]
224 silly reify mark deleted [ '/home/bitnami/todo/node_modules/supports-preserve-symlinks-flag' ]
225 silly reify mark deleted [ '/home/bitnami/todo/node_modules/table' ]
226 silly reify mark deleted [ '/home/bitnami/todo/node_modules/text-table' ]
227 silly reify mark deleted [ '/home/bitnami/todo/node_modules/through' ]
228 silly reify mark deleted [ '/home/bitnami/todo/node_modules/tmp' ]
229 silly reify mark deleted [ '/home/bitnami/todo/node_modules/tsconfig-paths' ]
230 silly reify mark deleted [ '/home/bitnami/todo/node_modules/type-check' ]
231 silly reify mark deleted [ '/home/bitnami/todo/node_modules/typed-array-buffer' ]
232 silly reify mark deleted [ '/home/bitnami/todo/node_modules/typed-array-byte-length' ]
233 silly reify mark deleted [ '/home/bitnami/todo/node_modules/typed-array-byte-offset' ]
234 silly reify mark deleted [ '/home/bitnami/todo/node_modules/typed-array-length' ]
235 silly reify mark deleted [ '/home/bitnami/todo/node_modules/typedarray' ]
236 silly reify mark deleted [ '/home/bitnami/todo/node_modules/unbox-primitive' ]
237 silly reify mark deleted [
237 silly reify   '/home/bitnami/todo/node_modules/which',
237 silly reify   '/home/bitnami/todo/node_modules/.bin/which'
237 silly reify ]
238 silly reify mark deleted [ '/home/bitnami/todo/node_modules/which-boxed-primitive' ]
239 silly reify mark deleted [ '/home/bitnami/todo/node_modules/which-typed-array' ]
240 silly reify mark deleted [ '/home/bitnami/todo/node_modules/word-wrap' ]
241 silly reify mark deleted [ '/home/bitnami/todo/node_modules/wrappy' ]
242 silly reify mark deleted [ '/home/bitnami/todo/node_modules/write' ]
243 silly reify mark deleted [ '/home/bitnami/todo/node_modules/yallist' ]
244 timing reify:trashOmits Completed in 10ms
245 timing reify:loadBundles Completed in 0ms
246 silly audit bulk request {
246 silly audit   accepts: [ '1.3.8' ],
246 silly audit   'array-flatten': [ '1.1.1' ],
246 silly audit   'basic-auth': [ '2.0.1' ],
246 silly audit   bl: [ '2.2.1' ],
246 silly audit   'body-parser': [ '1.20.2', '1.18.3' ],
246 silly audit   'http-errors': [ '2.0.0', '1.6.3' ],
246 silly audit   setprototypeof: [ '1.2.0', '1.1.0' ],
246 silly audit   statuses: [ '2.0.1', '1.4.0' ],
246 silly audit   bootstrap: [ '4.6.2' ],
246 silly audit   bson: [ '1.1.6' ],
246 silly audit   bytes: [ '3.1.2', '3.0.0' ],
246 silly audit   'call-bind': [ '1.0.5' ],
246 silly audit   'content-disposition': [ '0.5.2' ],
246 silly audit   'content-type': [ '1.0.5' ],
246 silly audit   cookie: [ '0.3.1' ],
246 silly audit   'cookie-signature': [ '1.0.6' ],
246 silly audit   'core-util-is': [ '1.0.3' ],
246 silly audit   debug: [ '2.6.9' ],
246 silly audit   'define-data-property': [ '1.1.1' ],
246 silly audit   denque: [ '1.5.1' ],
246 silly audit   depd: [ '2.0.0', '1.1.2' ],
246 silly audit   destroy: [ '1.2.0', '1.0.4' ],
246 silly audit   dotenv: [ '5.0.1' ],
246 silly audit   'ee-first': [ '1.1.1' ],
246 silly audit   ejs: [ '2.5.9' ],
246 silly audit   encodeurl: [ '1.0.2' ],
246 silly audit   'escape-html': [ '1.0.3' ],
246 silly audit   ms: [ '2.0.0' ],
246 silly audit   etag: [ '1.8.1' ],
246 silly audit   express: [ '4.16.4' ],
246 silly audit   'iconv-lite': [ '0.4.23', '0.4.24' ],
246 silly audit   'on-finished': [ '2.3.0', '2.4.1' ],
246 silly audit   qs: [ '6.5.2', '6.11.0' ],
246 silly audit   'raw-body': [ '2.3.3', '2.5.2' ],
246 silly audit   finalhandler: [ '1.1.1' ],
246 silly audit   forwarded: [ '0.2.0' ],
246 silly audit   fresh: [ '0.5.2' ],
246 silly audit   'function-bind': [ '1.1.2' ],
246 silly audit   'get-intrinsic': [ '1.2.2' ],
246 silly audit   gopd: [ '1.0.1' ],
246 silly audit   'has-property-descriptors': [ '1.0.1' ],
246 silly audit   'has-proto': [ '1.0.1' ],
246 silly audit   'has-symbols': [ '1.0.3' ],
246 silly audit   hasown: [ '2.0.0' ],
246 silly audit   inherits: [ '2.0.3', '2.0.4' ],
246 silly audit   'ipaddr.js': [ '1.9.1' ],
246 silly audit   isarray: [ '1.0.0' ],
246 silly audit   jquery: [ '3.7.1' ],
246 silly audit   'media-typer': [ '0.3.0' ],
246 silly audit   'memory-pager': [ '1.5.0' ],
246 silly audit   'merge-descriptors': [ '1.0.1' ],
246 silly audit   methods: [ '1.1.2' ],
246 silly audit   mime: [ '1.4.1' ],
246 silly audit   'mime-db': [ '1.52.0' ],
246 silly audit   'mime-types': [ '2.1.35' ],
246 silly audit   mongodb: [ '3.7.4' ],
246 silly audit   morgan: [ '1.10.0' ],
246 silly audit   negotiator: [ '0.6.3' ],
246 silly audit   'object-inspect': [ '1.13.1' ],
246 silly audit   'on-headers': [ '1.0.2' ],
246 silly audit   'optional-require': [ '1.1.8' ],
246 silly audit   parseurl: [ '1.3.3' ],
246 silly audit   'path-to-regexp': [ '0.1.7' ],
246 silly audit   'popper.js': [ '1.16.1' ],
246 silly audit   'process-nextick-args': [ '2.0.1' ],
246 silly audit   'proxy-addr': [ '2.0.7' ],
246 silly audit   'range-parser': [ '1.2.1' ],
246 silly audit   'readable-stream': [ '2.3.8' ],
246 silly audit   'require-at': [ '1.0.6' ],
246 silly audit   'safe-buffer': [ '5.1.2' ],
246 silly audit   'safer-buffer': [ '2.1.2' ],
246 silly audit   saslprep: [ '1.0.3' ],
246 silly audit   send: [ '0.16.2' ],
246 silly audit   'serve-static': [ '1.13.2' ],
246 silly audit   'set-function-length': [ '1.2.0' ],
246 silly audit   'side-channel': [ '1.0.4' ],
246 silly audit   'sparse-bitfield': [ '3.0.3' ],
246 silly audit   string_decoder: [ '1.1.1' ],
246 silly audit   toidentifier: [ '1.0.1' ],
246 silly audit   'type-is': [ '1.6.18' ],
246 silly audit   unpipe: [ '1.0.0' ],
246 silly audit   'util-deprecate': [ '1.0.2' ],
246 silly audit   'utils-merge': [ '1.0.1' ],
246 silly audit   vary: [ '1.1.2' ]
246 silly audit }
247 timing reify:unpack Completed in 9ms
248 timing reify:unretire Completed in 0ms
249 timing build:queue Completed in 13ms
250 timing build:link Completed in 0ms
251 timing build:deps Completed in 13ms
252 timing build Completed in 13ms
253 timing reify:build Completed in 14ms
254 timing reify:trash Completed in 15ms
255 timing reify:save Completed in 179ms
256 http fetch POST 200 https://registry.npmjs.org/-/npm/v1/security/advisories/bulk 400ms
257 timing auditReport:getReport Completed in 403ms
258 silly audit report {
258 silly audit report   ejs: [
258 silly audit report     {
258 silly audit report       id: 1089270,
258 silly audit report       url: 'https://github.com/advisories/GHSA-phwq-j96m-2c2q',
258 silly audit report       title: 'ejs template injection vulnerability',
258 silly audit report       severity: 'critical',
258 silly audit report       vulnerable_versions: '<3.1.7',
258 silly audit report       cwe: [Array],
258 silly audit report       cvss: [Object]
258 silly audit report     }
258 silly audit report   ],
258 silly audit report   qs: [
258 silly audit report     {
258 silly audit report       id: 1094097,
258 silly audit report       url: 'https://github.com/advisories/GHSA-hrpp-h998-j3pp',
258 silly audit report       title: 'qs vulnerable to Prototype Pollution',
258 silly audit report       severity: 'high',
258 silly audit report       vulnerable_versions: '>=6.5.0 <6.5.3',
258 silly audit report       cwe: [Array],
258 silly audit report       cvss: [Object]
258 silly audit report     }
258 silly audit report   ]
258 silly audit report }
259 timing metavuln:cache:get:security-advisory:qs:DTxlrRWiUrqzE/NusHx5bT19r3QgJFFD8fHHx+3QTlXllSHQDtcxNYbXyFKpAbJm79uv64Kv+bUe47xyYbLjsA== Completed in 16ms
260 timing metavuln:cache:get:security-advisory:ejs:lowkeTukAWV0J0+ERc664J4PKXK9jbygjCA73mEiKZkwy7NS6pEluzhVHlC5JJt2IdG3HDvGVWqeVs3OGeemFA== Completed in 17ms
261 http fetch GET 200 https://registry.npmjs.org/qs 61ms (cache revalidated)
262 timing metavuln:packument:qs Completed in 63ms
263 timing metavuln:load:security-advisory:qs:1094097 Completed in 1ms
264 timing metavuln:calculate:security-advisory:qs:1094097 Completed in 64ms
265 http fetch GET 200 https://registry.npmjs.org/ejs 99ms (cache revalidated)
266 timing metavuln:packument:ejs Completed in 101ms
267 timing metavuln:load:security-advisory:ejs:1089270 Completed in 1ms
268 timing metavuln:calculate:security-advisory:ejs:1089270 Completed in 104ms
269 timing metavuln:cache:get:security-advisory:express:buxFxIG9d6chqURGbJ+uD/BQaJ9XOmxvNJtDn9r60Yj6/P+L5idDuwILhMskNYoRUjzPI+5G2PJ545TP7ogtTg== Completed in 6ms
270 timing metavuln:cache:get:security-advisory:body-parser:biviterTlpxyLkvPryltdXpm891RXbyGC/UqkGnsEC1Po8x8KZzvVsyYuC6vnKcX1XcUjvU99hTf6xmLCEuIfA== Completed in 6ms
271 http fetch GET 200 https://registry.npmjs.org/body-parser 39ms (cache revalidated)
272 timing metavuln:packument:body-parser Completed in 40ms
273 timing metavuln:load:security-advisory:body-parser:DTxlrRWiUrqzE/NusHx5bT19r3QgJFFD8fHHx+3QTlXllSHQDtcxNYbXyFKpAbJm79uv64Kv+bUe47xyYbLjsA== Completed in 0ms
274 timing metavuln:calculate:security-advisory:body-parser:DTxlrRWiUrqzE/NusHx5bT19r3QgJFFD8fHHx+3QTlXllSHQDtcxNYbXyFKpAbJm79uv64Kv+bUe47xyYbLjsA== Completed in 41ms
275 http fetch GET 200 https://registry.npmjs.org/express 42ms (cache revalidated)
276 timing metavuln:packument:express Completed in 47ms
277 timing metavuln:load:security-advisory:express:DTxlrRWiUrqzE/NusHx5bT19r3QgJFFD8fHHx+3QTlXllSHQDtcxNYbXyFKpAbJm79uv64Kv+bUe47xyYbLjsA== Completed in 1ms
278 timing metavuln:calculate:security-advisory:express:DTxlrRWiUrqzE/NusHx5bT19r3QgJFFD8fHHx+3QTlXllSHQDtcxNYbXyFKpAbJm79uv64Kv+bUe47xyYbLjsA== Completed in 48ms
279 timing metavuln:cache:get:security-advisory:express:ATDCh28MKtxj/izUGIbJAB+9qc9cSc+6hOEwGwIJ9SkTN9RchlnZPdE2+dIqY+DEQ9K17lk/2MVrUi7NCiHNqw== Completed in 3ms
280 timing metavuln:load:security-advisory:express:biviterTlpxyLkvPryltdXpm891RXbyGC/UqkGnsEC1Po8x8KZzvVsyYuC6vnKcX1XcUjvU99hTf6xmLCEuIfA== Completed in 2ms
281 timing metavuln:calculate:security-advisory:express:biviterTlpxyLkvPryltdXpm891RXbyGC/UqkGnsEC1Po8x8KZzvVsyYuC6vnKcX1XcUjvU99hTf6xmLCEuIfA== Completed in 5ms
282 timing auditReport:init Completed in 172ms
283 timing reify:audit Completed in 577ms
284 timing reify Completed in 902ms
285 silly ADD
286 silly ADD
287 silly ADD
288 silly ADD
289 silly ADD
290 silly ADD
291 silly ADD
292 silly ADD
293 silly ADD
294 silly ADD
295 silly ADD
296 silly ADD
297 silly ADD
298 silly ADD
299 silly ADD
300 silly ADD
301 silly ADD
302 silly ADD
303 silly ADD
304 silly ADD
305 silly ADD
306 silly ADD
307 silly ADD
308 silly ADD
309 silly ADD
310 silly ADD
311 silly ADD
312 silly ADD
313 silly ADD
314 silly ADD
315 silly ADD
316 silly ADD
317 silly ADD
318 silly ADD
319 silly ADD
320 silly ADD
321 silly ADD
322 silly ADD node_modules/isarray
323 silly ADD
324 silly ADD
325 silly ADD
326 silly ADD
327 silly ADD
328 silly ADD
329 silly ADD
330 silly ADD
331 silly ADD
332 silly ADD
333 silly ADD
334 silly ADD
335 silly ADD
336 silly ADD
337 silly ADD
338 silly ADD
339 silly ADD
340 silly ADD
341 silly ADD
342 silly ADD
343 silly ADD
344 silly ADD
345 silly ADD
346 silly ADD
347 silly ADD
348 silly ADD
349 silly ADD
350 silly ADD
351 silly ADD
352 silly ADD
353 silly ADD
354 silly ADD
355 silly ADD
356 silly ADD
357 silly ADD
358 silly ADD
359 silly ADD
360 silly ADD
361 silly ADD
362 silly ADD
363 silly ADD
364 silly ADD
365 silly ADD
366 silly ADD
367 silly ADD
368 silly ADD
369 silly ADD
370 silly ADD
371 silly ADD
372 silly ADD
373 silly ADD
374 silly ADD
375 silly ADD
376 silly ADD
377 silly ADD
378 silly ADD
379 silly ADD
380 silly ADD
381 silly ADD
382 silly ADD
383 silly ADD
384 silly ADD
385 silly ADD
386 silly ADD
387 silly ADD
388 silly ADD
389 silly ADD
390 silly ADD
391 silly ADD
392 silly ADD node_modules/ansi-regex
393 silly ADD
394 silly ADD
395 silly ADD
396 silly ADD
397 silly ADD
398 silly ADD
399 silly ADD
400 silly ADD
401 silly ADD
402 silly ADD
403 silly ADD
404 silly ADD
405 silly ADD
406 silly ADD
407 silly ADD
408 silly ADD
409 silly ADD
410 silly ADD
411 silly ADD
412 silly ADD
413 silly ADD node_modules/estraverse
414 silly ADD
415 silly ADD node_modules/estraverse
416 silly ADD
417 silly ADD
418 silly ADD
419 silly ADD
420 silly ADD
421 silly ADD
422 silly ADD node_modules/semver
423 silly ADD node_modules/ms
424 silly ADD node_modules/debug
425 silly ADD
426 silly ADD node_modules/ms
427 silly ADD node_modules/debug
428 silly ADD
429 silly ADD node_modules/ms
430 silly ADD node_modules/debug
431 silly ADD
432 silly ADD
433 silly ADD node_modules/ms
434 silly ADD node_modules/debug
435 silly ADD
436 silly ADD
437 silly ADD
438 silly ADD
439 silly ADD
440 silly ADD
441 silly ADD
442 silly ADD
443 silly ADD
444 silly ADD
445 silly ADD
446 silly ADD
447 silly ADD
448 silly ADD
449 silly ADD
450 silly ADD
451 silly ADD
452 silly ADD
453 silly ADD
454 silly ADD
455 silly ADD
456 silly ADD
457 silly ADD
458 silly ADD
459 silly ADD
460 silly ADD node_modules/supports-color
461 silly ADD node_modules/strip-ansi
462 silly ADD node_modules/chalk
463 silly ADD node_modules/ansi-styles
464 silly ADD node_modules/ansi-regex
465 silly ADD
466 silly ADD
467 silly ADD
468 silly ADD
469 silly ADD
470 silly ADD
471 silly ADD
472 silly ADD
473 silly ADD
474 silly ADD
475 silly ADD
476 silly ADD
477 silly ADD
478 silly ADD
479 silly ADD node_modules/acorn
480 silly ADD
481 silly ADD
482 timing command:install Completed in 936ms
483 verbose exit 0
484 timing npm Completed in 1459ms
485 info ok
