0 verbose cli /opt/bitnami/node/bin/node /opt/bitnami/node/bin/npm
1 info using npm@10.2.3
2 info using node@v18.19.0
3 timing npm:load:whichnode Completed in 1ms
4 timing config:load:defaults Completed in 2ms
5 timing config:load:file:/opt/bitnami/node/lib/node_modules/npm/npmrc Completed in 1ms
6 timing config:load:builtin Completed in 1ms
7 timing config:load:cli Completed in 4ms
8 timing config:load:env Completed in 0ms
9 timing config:load:file:/home/bitnami/todo/.npmrc Completed in 0ms
10 timing config:load:project Completed in 13ms
11 timing config:load:file:/home/bitnami/.npmrc Completed in 0ms
12 timing config:load:user Completed in 0ms
13 timing config:load:file:/opt/bitnami/node/etc/npmrc Completed in 1ms
14 timing config:load:global Completed in 1ms
15 timing config:load:setEnvs Completed in 1ms
16 timing config:load Completed in 23ms
17 timing npm:load:configload Completed in 23ms
18 timing config:load:flatten Completed in 4ms
19 timing npm:load:mkdirpcache Completed in 0ms
20 timing npm:load:mkdirplogs Completed in 0ms
21 verbose title npm install
22 verbose argv "install"
23 timing npm:load:setTitle Completed in 1ms
24 timing npm:load:display Completed in 1ms
25 verbose logfile logs-max:10 dir:/home/bitnami/.npm/_logs/2024-01-23T00_10_55_509Z-
26 verbose logfile /home/bitnami/.npm/_logs/2024-01-23T00_10_55_509Z-debug-0.log
27 timing npm:load:logFile Completed in 8ms
28 timing npm:load:timers Completed in 0ms
29 timing npm:load:configScope Completed in 0ms
30 timing npm:load Completed in 51ms
31 timing arborist:ctor Completed in 1ms
32 silly logfile done cleaning log files
33 timing idealTree:init Completed in 187ms
34 timing idealTree:userRequests Completed in 0ms
35 silly idealTree buildDeps
36 timing idealTree:#root Completed in 0ms
37 timing idealTree:buildDeps Completed in 1ms
38 timing idealTree:fixDepFlags Completed in 0ms
39 timing idealTree Completed in 196ms
40 timing arborist:ctor Completed in 1ms
41 timing reify:loadTrees Completed in 236ms
42 timing reify:diffTrees Completed in 9ms
43 silly reify moves {}
44 timing reify:retireShallow Completed in 2ms
45 timing reify:createSparse Completed in 24ms
46 timing reify:loadBundles Completed in 0ms
47 silly audit bulk request {
47 silly audit   '@types/json5': [ '0.0.29' ],
47 silly audit   accepts: [ '1.3.8' ],
47 silly audit   acorn: [ '5.7.4', '3.3.0' ],
47 silly audit   'acorn-jsx': [ '3.0.1' ],
47 silly audit   ajv: [ '5.5.2' ],
47 silly audit   'ajv-keywords': [ '2.1.1' ],
47 silly audit   'ansi-escapes': [ '3.2.0' ],
47 silly audit   'ansi-regex': [ '3.0.1', '2.1.1' ],
47 silly audit   'ansi-styles': [ '3.2.1', '2.2.1' ],
47 silly audit   argparse: [ '1.0.10' ],
47 silly audit   'array-buffer-byte-length': [ '1.0.0' ],
47 silly audit   'array-flatten': [ '1.1.1' ],
47 silly audit   'array-includes': [ '3.1.7' ],
47 silly audit   'array.prototype.findlastindex': [ '1.2.3' ],
47 silly audit   'array.prototype.flat': [ '1.3.2' ],
47 silly audit   'array.prototype.flatmap': [ '1.3.2' ],
47 silly audit   'arraybuffer.prototype.slice': [ '1.0.2' ],
47 silly audit   'available-typed-arrays': [ '1.0.5' ],
47 silly audit   'babel-code-frame': [ '6.26.0' ],
47 silly audit   chalk: [ '1.1.3', '2.4.2' ],
47 silly audit   'strip-ansi': [ '3.0.1', '4.0.0' ],
47 silly audit   'supports-color': [ '2.0.0', '5.5.0' ],
47 silly audit   'balanced-match': [ '1.0.2' ],
47 silly audit   'basic-auth': [ '2.0.1' ],
47 silly audit   bl: [ '2.2.1' ],
47 silly audit   'body-parser': [ '1.20.2', '1.18.3' ],
47 silly audit   'http-errors': [ '2.0.0', '1.6.3' ],
47 silly audit   setprototypeof: [ '1.2.0', '1.1.0' ],
47 silly audit   statuses: [ '2.0.1', '1.4.0' ],
47 silly audit   bootstrap: [ '4.6.2' ],
47 silly audit   'brace-expansion': [ '1.1.11' ],
47 silly audit   bson: [ '1.1.6' ],
47 silly audit   'buffer-from': [ '1.1.2' ],
47 silly audit   bytes: [ '3.1.2', '3.0.0' ],
47 silly audit   'call-bind': [ '1.0.5' ],
47 silly audit   'caller-path': [ '0.1.0' ],
47 silly audit   callsites: [ '0.2.0' ],
47 silly audit   chardet: [ '0.4.2' ],
47 silly audit   'circular-json': [ '0.3.3' ],
47 silly audit   'cli-cursor': [ '2.1.0' ],
47 silly audit   'cli-width': [ '2.2.1' ],
47 silly audit   co: [ '4.6.0' ],
47 silly audit   'color-convert': [ '1.9.3' ],
47 silly audit   'color-name': [ '1.1.3' ],
47 silly audit   'concat-map': [ '0.0.1' ],
47 silly audit   'concat-stream': [ '1.6.2' ],
47 silly audit   'content-disposition': [ '0.5.2' ],
47 silly audit   'content-type': [ '1.0.5' ],
47 silly audit   cookie: [ '0.3.1' ],
47 silly audit   'cookie-signature': [ '1.0.6' ],
47 silly audit   'core-util-is': [ '1.0.3' ],
47 silly audit   'cross-spawn': [ '5.1.0' ],
47 silly audit   debug: [ '2.6.9', '3.2.7' ],
47 silly audit   'deep-is': [ '0.1.4' ],
47 silly audit   'define-data-property': [ '1.1.1' ],
47 silly audit   'define-properties': [ '1.2.1' ],
47 silly audit   denque: [ '1.5.1' ],
47 silly audit   depd: [ '2.0.0', '1.1.2' ],
47 silly audit   destroy: [ '1.2.0', '1.0.4' ],
47 silly audit   doctrine: [ '2.1.0' ],
47 silly audit   dotenv: [ '5.0.1' ],
47 silly audit   'ee-first': [ '1.1.1' ],
47 silly audit   ejs: [ '2.5.9' ],
47 silly audit   encodeurl: [ '1.0.2' ],
47 silly audit   'es-abstract': [ '1.22.3' ],
47 silly audit   'es-set-tostringtag': [ '2.0.2' ],
47 silly audit   'es-shim-unscopables': [ '1.0.2' ],
47 silly audit   'es-to-primitive': [ '1.2.1' ],
47 silly audit   'escape-html': [ '1.0.3' ],
47 silly audit   'escape-string-regexp': [ '1.0.5' ],
47 silly audit   eslint: [ '4.19.1' ],
47 silly audit   'eslint-config-airbnb-base': [ '12.1.0' ],
47 silly audit   'eslint-import-resolver-node': [ '0.3.9' ],
47 silly audit   ms: [ '2.1.3', '2.0.0' ],
47 silly audit   'eslint-module-utils': [ '2.8.0' ],
47 silly audit   'eslint-plugin-import': [ '2.29.1' ],
47 silly audit   semver: [ '6.3.1', '5.7.2' ],
47 silly audit   'eslint-restricted-globals': [ '0.1.1' ],
47 silly audit   'eslint-scope': [ '3.7.3' ],
47 silly audit   'eslint-visitor-keys': [ '1.3.0' ],
47 silly audit   espree: [ '3.5.4' ],
47 silly audit   esprima: [ '4.0.1' ],
47 silly audit   esquery: [ '1.5.0' ],
47 silly audit   estraverse: [ '5.3.0', '4.3.0' ],
47 silly audit   esrecurse: [ '4.3.0' ],
47 silly audit   esutils: [ '2.0.3' ],
47 silly audit   etag: [ '1.8.1' ],
47 silly audit   express: [ '4.16.4' ],
47 silly audit   'iconv-lite': [ '0.4.23', '0.4.24' ],
47 silly audit   'on-finished': [ '2.3.0', '2.4.1' ],
47 silly audit   qs: [ '6.5.2', '6.11.0' ],
47 silly audit   'raw-body': [ '2.3.3', '2.5.2' ],
47 silly audit   'external-editor': [ '2.2.0' ],
47 silly audit   'fast-deep-equal': [ '1.1.0' ],
47 silly audit   'fast-json-stable-stringify': [ '2.1.0' ],
47 silly audit   'fast-levenshtein': [ '2.0.6' ],
47 silly audit   figures: [ '2.0.0' ],
47 silly audit   'file-entry-cache': [ '2.0.0' ],
47 silly audit   finalhandler: [ '1.1.1' ],
47 silly audit   'flat-cache': [ '1.3.4' ],
47 silly audit   'for-each': [ '0.3.3' ],
47 silly audit   forwarded: [ '0.2.0' ],
47 silly audit   fresh: [ '0.5.2' ],
47 silly audit   'fs.realpath': [ '1.0.0' ],
47 silly audit   'function-bind': [ '1.1.2' ],
47 silly audit   'function.prototype.name': [ '1.1.6' ],
47 silly audit   'functional-red-black-tree': [ '1.0.1' ],
47 silly audit   'functions-have-names': [ '1.2.3' ],
47 silly audit   'get-intrinsic': [ '1.2.2' ],
47 silly audit   'get-symbol-description': [ '1.0.0' ],
47 silly audit   glob: [ '7.2.3' ],
47 silly audit   globals: [ '11.12.0' ],
47 silly audit   globalthis: [ '1.0.3' ],
47 silly audit   gopd: [ '1.0.1' ],
47 silly audit   'graceful-fs': [ '4.2.11' ],
47 silly audit   'has-ansi': [ '2.0.0' ],
47 silly audit   'has-bigints': [ '1.0.2' ],
47 silly audit   'has-flag': [ '3.0.0' ],
47 silly audit   'has-property-descriptors': [ '1.0.1' ],
47 silly audit   'has-proto': [ '1.0.1' ],
47 silly audit   'has-symbols': [ '1.0.3' ],
47 silly audit   'has-tostringtag': [ '1.0.0' ],
47 silly audit   hasown: [ '2.0.0' ],
47 silly audit   inherits: [ '2.0.3', '2.0.4' ],
47 silly audit   ignore: [ '3.3.10' ],
47 silly audit   imurmurhash: [ '0.1.4' ],
47 silly audit   inflight: [ '1.0.6' ],
47 silly audit   inquirer: [ '3.3.0' ],
47 silly audit   'internal-slot': [ '1.0.6' ],
47 silly audit   'ipaddr.js': [ '1.9.1' ],
47 silly audit   'is-array-buffer': [ '3.0.2' ],
47 silly audit   'is-bigint': [ '1.0.4' ],
47 silly audit   'is-boolean-object': [ '1.1.2' ],
47 silly audit   'is-callable': [ '1.2.7' ],
47 silly audit   'is-core-module': [ '2.13.1' ],
47 silly audit   'is-date-object': [ '1.0.5' ],
47 silly audit   'is-extglob': [ '2.1.1' ],
47 silly audit   'is-fullwidth-code-point': [ '2.0.0' ],
47 silly audit   'is-glob': [ '4.0.3' ],
47 silly audit   'is-negative-zero': [ '2.0.2' ],
47 silly audit   'is-number-object': [ '1.0.7' ],
47 silly audit   'is-regex': [ '1.1.4' ],
47 silly audit   'is-resolvable': [ '1.1.0' ],
47 silly audit   'is-shared-array-buffer': [ '1.0.2' ],
47 silly audit   'is-string': [ '1.0.7' ],
47 silly audit   'is-symbol': [ '1.0.4' ],
47 silly audit   'is-typed-array': [ '1.1.12' ],
47 silly audit   'is-weakref': [ '1.0.2' ],
47 silly audit   isarray: [ '1.0.0', '2.0.5' ],
47 silly audit   isexe: [ '2.0.0' ],
47 silly audit   jquery: [ '3.7.1' ],
47 silly audit   'js-tokens': [ '3.0.2' ],
47 silly audit   'js-yaml': [ '3.14.1' ],
47 silly audit   'json-schema-traverse': [ '0.3.1' ],
47 silly audit   'json-stable-stringify-without-jsonify': [ '1.0.1' ],
47 silly audit   json5: [ '1.0.2' ],
47 silly audit   levn: [ '0.3.0' ],
47 silly audit   lodash: [ '4.17.21' ],
47 silly audit   'lru-cache': [ '4.1.5' ],
47 silly audit   'media-typer': [ '0.3.0' ],
47 silly audit   'memory-pager': [ '1.5.0' ],
47 silly audit   'merge-descriptors': [ '1.0.1' ],
47 silly audit   methods: [ '1.1.2' ],
47 silly audit   mime: [ '1.4.1' ],
47 silly audit   'mime-db': [ '1.52.0' ],
47 silly audit   'mime-types': [ '2.1.35' ],
47 silly audit   'mimic-fn': [ '1.2.0' ],
47 silly audit   minimatch: [ '3.1.2' ],
47 silly audit   minimist: [ '1.2.8' ],
47 silly audit   mkdirp: [ '0.5.6' ],
47 silly audit   mongodb: [ '3.7.4' ],
47 silly audit   morgan: [ '1.10.0' ],
47 silly audit   'mute-stream': [ '0.0.7' ],
47 silly audit   'natural-compare': [ '1.4.0' ],
47 silly audit   negotiator: [ '0.6.3' ],
47 silly audit   'object-assign': [ '4.1.1' ],
47 silly audit   'object-inspect': [ '1.13.1' ],
47 silly audit   'object-keys': [ '1.1.1' ],
47 silly audit   'object.assign': [ '4.1.5' ],
47 silly audit   'object.fromentries': [ '2.0.7' ],
47 silly audit   'object.groupby': [ '1.0.1' ],
47 silly audit   'object.values': [ '1.1.7' ],
47 silly audit   'on-headers': [ '1.0.2' ],
47 silly audit   once: [ '1.4.0' ],
47 silly audit   onetime: [ '2.0.1' ],
47 silly audit   'optional-require': [ '1.1.8' ],
47 silly audit   optionator: [ '0.8.3' ],
47 silly audit   'os-tmpdir': [ '1.0.2' ],
47 silly audit   parseurl: [ '1.3.3' ],
47 silly audit   'path-is-absolute': [ '1.0.1' ],
47 silly audit   'path-is-inside': [ '1.0.2' ],
47 silly audit   'path-parse': [ '1.0.7' ],
47 silly audit   'path-to-regexp': [ '0.1.7' ],
47 silly audit   pluralize: [ '7.0.0' ],
47 silly audit   'popper.js': [ '1.16.1' ],
47 silly audit   'prelude-ls': [ '1.1.2' ],
47 silly audit   'process-nextick-args': [ '2.0.1' ],
47 silly audit   progress: [ '2.0.3' ],
47 silly audit   'proxy-addr': [ '2.0.7' ],
47 silly audit   pseudomap: [ '1.0.2' ],
47 silly audit   'range-parser': [ '1.2.1' ],
47 silly audit   'readable-stream': [ '2.3.8' ],
47 silly audit   'regexp.prototype.flags': [ '1.5.1' ],
47 silly audit   regexpp: [ '1.1.0' ],
47 silly audit   'require-at': [ '1.0.6' ],
47 silly audit   'require-uncached': [ '1.0.3' ],
47 silly audit   resolve: [ '1.22.8' ],
47 silly audit   'resolve-from': [ '1.0.1' ],
47 silly audit   'restore-cursor': [ '2.0.0' ],
47 silly audit   rimraf: [ '2.6.3' ],
47 silly audit   'run-async': [ '2.4.1' ],
47 silly audit   'rx-lite': [ '4.0.8' ],
47 silly audit   'rx-lite-aggregates': [ '4.0.8' ],
47 silly audit   'safe-array-concat': [ '1.1.0' ],
47 silly audit   'safe-buffer': [ '5.1.2' ],
47 silly audit   'safe-regex-test': [ '1.0.2' ],
47 silly audit   'safer-buffer': [ '2.1.2' ],
47 silly audit   saslprep: [ '1.0.3' ],
47 silly audit   send: [ '0.16.2' ],
47 silly audit   'serve-static': [ '1.13.2' ],
47 silly audit   'set-function-length': [ '1.2.0' ],
47 silly audit   'set-function-name': [ '2.0.1' ],
47 silly audit   'shebang-command': [ '1.2.0' ],
47 silly audit   'shebang-regex': [ '1.0.0' ],
47 silly audit   'side-channel': [ '1.0.4' ],
47 silly audit   'signal-exit': [ '3.0.7' ],
47 silly audit   'slice-ansi': [ '1.0.0' ],
47 silly audit   'sparse-bitfield': [ '3.0.3' ],
47 silly audit   'sprintf-js': [ '1.0.3' ],
47 silly audit   string_decoder: [ '1.1.1' ],
47 silly audit   'string-width': [ '2.1.1' ],
47 silly audit   'string.prototype.trim': [ '1.2.8' ],
47 silly audit   'string.prototype.trimend': [ '1.0.7' ],
47 silly audit   'string.prototype.trimstart': [ '1.0.7' ],
47 silly audit   'strip-bom': [ '3.0.0' ],
47 silly audit   'strip-json-comments': [ '2.0.1' ],
47 silly audit   'supports-preserve-symlinks-flag': [ '1.0.0' ],
47 silly audit   table: [ '4.0.2' ],
47 silly audit   'text-table': [ '0.2.0' ],
47 silly audit   through: [ '2.3.8' ],
47 silly audit   tmp: [ '0.0.33' ],
47 silly audit   toidentifier: [ '1.0.1' ],
47 silly audit   'tsconfig-paths': [ '3.15.0' ],
47 silly audit   'type-check': [ '0.3.2' ],
47 silly audit   'type-is': [ '1.6.18' ],
47 silly audit   'typed-array-buffer': [ '1.0.0' ],
47 silly audit   'typed-array-byte-length': [ '1.0.0' ],
47 silly audit   'typed-array-byte-offset': [ '1.0.0' ],
47 silly audit   'typed-array-length': [ '1.0.4' ],
47 silly audit   typedarray: [ '0.0.6' ],
47 silly audit   'unbox-primitive': [ '1.0.2' ],
47 silly audit   unpipe: [ '1.0.0' ],
47 silly audit   'util-deprecate': [ '1.0.2' ],
47 silly audit   'utils-merge': [ '1.0.1' ],
47 silly audit   vary: [ '1.1.2' ],
47 silly audit   which: [ '1.3.1' ],
47 silly audit   'which-boxed-primitive': [ '1.0.2' ],
47 silly audit   'which-typed-array': [ '1.1.13' ],
47 silly audit   'word-wrap': [ '1.2.5' ],
47 silly audit   wrappy: [ '1.0.2' ],
47 silly audit   write: [ '0.2.1' ],
47 silly audit   yallist: [ '2.1.2' ]
47 silly audit }
48 silly tarball no local data for yallist@https://registry.npmjs.org/yallist/-/yallist-2.1.2.tgz. Extracting by manifest.
49 silly tarball no local data for write@https://registry.npmjs.org/write/-/write-0.2.1.tgz. Extracting by manifest.
50 silly tarball no local data for wrappy@https://registry.npmjs.org/wrappy/-/wrappy-1.0.2.tgz. Extracting by manifest.
51 silly tarball no local data for word-wrap@https://registry.npmjs.org/word-wrap/-/word-wrap-1.2.5.tgz. Extracting by manifest.
52 silly tarball no local data for which-typed-array@https://registry.npmjs.org/which-typed-array/-/which-typed-array-1.1.13.tgz. Extracting by manifest.
53 silly tarball no local data for which-boxed-primitive@https://registry.npmjs.org/which-boxed-primitive/-/which-boxed-primitive-1.0.2.tgz. Extracting by manifest.
54 silly tarball no local data for which@https://registry.npmjs.org/which/-/which-1.3.1.tgz. Extracting by manifest.
55 silly tarball no local data for unbox-primitive@https://registry.npmjs.org/unbox-primitive/-/unbox-primitive-1.0.2.tgz. Extracting by manifest.
56 silly tarball no local data for typedarray@https://registry.npmjs.org/typedarray/-/typedarray-0.0.6.tgz. Extracting by manifest.
57 silly tarball no local data for typed-array-length@https://registry.npmjs.org/typed-array-length/-/typed-array-length-1.0.4.tgz. Extracting by manifest.
58 silly tarball no local data for typed-array-byte-offset@https://registry.npmjs.org/typed-array-byte-offset/-/typed-array-byte-offset-1.0.0.tgz. Extracting by manifest.
59 silly tarball no local data for typed-array-byte-length@https://registry.npmjs.org/typed-array-byte-length/-/typed-array-byte-length-1.0.0.tgz. Extracting by manifest.
60 silly tarball no local data for typed-array-buffer@https://registry.npmjs.org/typed-array-buffer/-/typed-array-buffer-1.0.0.tgz. Extracting by manifest.
61 silly tarball no local data for type-check@https://registry.npmjs.org/type-check/-/type-check-0.3.2.tgz. Extracting by manifest.
62 silly tarball no local data for tsconfig-paths@https://registry.npmjs.org/tsconfig-paths/-/tsconfig-paths-3.15.0.tgz. Extracting by manifest.
63 silly tarball no local data for tmp@https://registry.npmjs.org/tmp/-/tmp-0.0.33.tgz. Extracting by manifest.
64 silly tarball no local data for through@https://registry.npmjs.org/through/-/through-2.3.8.tgz. Extracting by manifest.
65 silly tarball no local data for text-table@https://registry.npmjs.org/text-table/-/text-table-0.2.0.tgz. Extracting by manifest.
66 silly tarball no local data for table@https://registry.npmjs.org/table/-/table-4.0.2.tgz. Extracting by manifest.
67 silly tarball no local data for supports-preserve-symlinks-flag@https://registry.npmjs.org/supports-preserve-symlinks-flag/-/supports-preserve-symlinks-flag-1.0.0.tgz. Extracting by manifest.
68 silly tarball no local data for supports-color@https://registry.npmjs.org/supports-color/-/supports-color-5.5.0.tgz. Extracting by manifest.
69 silly tarball no local data for strip-json-comments@https://registry.npmjs.org/strip-json-comments/-/strip-json-comments-2.0.1.tgz. Extracting by manifest.
70 silly tarball no local data for strip-bom@https://registry.npmjs.org/strip-bom/-/strip-bom-3.0.0.tgz. Extracting by manifest.
71 silly tarball no local data for strip-ansi@https://registry.npmjs.org/strip-ansi/-/strip-ansi-4.0.0.tgz. Extracting by manifest.
72 silly tarball no local data for string.prototype.trimstart@https://registry.npmjs.org/string.prototype.trimstart/-/string.prototype.trimstart-1.0.7.tgz. Extracting by manifest.
73 silly tarball no local data for string.prototype.trimend@https://registry.npmjs.org/string.prototype.trimend/-/string.prototype.trimend-1.0.7.tgz. Extracting by manifest.
74 silly tarball no local data for string.prototype.trim@https://registry.npmjs.org/string.prototype.trim/-/string.prototype.trim-1.2.8.tgz. Extracting by manifest.
75 silly tarball no local data for string-width@https://registry.npmjs.org/string-width/-/string-width-2.1.1.tgz. Extracting by manifest.
76 silly tarball no local data for sprintf-js@https://registry.npmjs.org/sprintf-js/-/sprintf-js-1.0.3.tgz. Extracting by manifest.
77 silly tarball no local data for slice-ansi@https://registry.npmjs.org/slice-ansi/-/slice-ansi-1.0.0.tgz. Extracting by manifest.
78 silly tarball no local data for signal-exit@https://registry.npmjs.org/signal-exit/-/signal-exit-3.0.7.tgz. Extracting by manifest.
79 silly tarball no local data for shebang-regex@https://registry.npmjs.org/shebang-regex/-/shebang-regex-1.0.0.tgz. Extracting by manifest.
80 silly tarball no local data for shebang-command@https://registry.npmjs.org/shebang-command/-/shebang-command-1.2.0.tgz. Extracting by manifest.
81 silly tarball no local data for set-function-name@https://registry.npmjs.org/set-function-name/-/set-function-name-2.0.1.tgz. Extracting by manifest.
82 silly tarball no local data for semver@https://registry.npmjs.org/semver/-/semver-5.7.2.tgz. Extracting by manifest.
83 silly tarball no local data for safe-regex-test@https://registry.npmjs.org/safe-regex-test/-/safe-regex-test-1.0.2.tgz. Extracting by manifest.
84 silly tarball no local data for safe-array-concat@https://registry.npmjs.org/safe-array-concat/-/safe-array-concat-1.1.0.tgz. Extracting by manifest.
85 silly tarball no local data for rx-lite-aggregates@https://registry.npmjs.org/rx-lite-aggregates/-/rx-lite-aggregates-4.0.8.tgz. Extracting by manifest.
86 silly tarball no local data for rx-lite@https://registry.npmjs.org/rx-lite/-/rx-lite-4.0.8.tgz. Extracting by manifest.
87 silly tarball no local data for run-async@https://registry.npmjs.org/run-async/-/run-async-2.4.1.tgz. Extracting by manifest.
88 silly tarball no local data for rimraf@https://registry.npmjs.org/rimraf/-/rimraf-2.6.3.tgz. Extracting by manifest.
89 silly tarball no local data for restore-cursor@https://registry.npmjs.org/restore-cursor/-/restore-cursor-2.0.0.tgz. Extracting by manifest.
90 silly tarball no local data for resolve-from@https://registry.npmjs.org/resolve-from/-/resolve-from-1.0.1.tgz. Extracting by manifest.
91 silly tarball no local data for resolve@https://registry.npmjs.org/resolve/-/resolve-1.22.8.tgz. Extracting by manifest.
92 silly tarball no local data for require-uncached@https://registry.npmjs.org/require-uncached/-/require-uncached-1.0.3.tgz. Extracting by manifest.
93 silly tarball no local data for regexpp@https://registry.npmjs.org/regexpp/-/regexpp-1.1.0.tgz. Extracting by manifest.
94 silly tarball no local data for regexp.prototype.flags@https://registry.npmjs.org/regexp.prototype.flags/-/regexp.prototype.flags-1.5.1.tgz. Extracting by manifest.
95 silly tarball no local data for pseudomap@https://registry.npmjs.org/pseudomap/-/pseudomap-1.0.2.tgz. Extracting by manifest.
96 silly tarball no local data for progress@https://registry.npmjs.org/progress/-/progress-2.0.3.tgz. Extracting by manifest.
97 silly tarball no local data for prelude-ls@https://registry.npmjs.org/prelude-ls/-/prelude-ls-1.1.2.tgz. Extracting by manifest.
98 silly tarball no local data for pluralize@https://registry.npmjs.org/pluralize/-/pluralize-7.0.0.tgz. Extracting by manifest.
99 silly tarball no local data for path-parse@https://registry.npmjs.org/path-parse/-/path-parse-1.0.7.tgz. Extracting by manifest.
100 silly tarball no local data for path-is-inside@https://registry.npmjs.org/path-is-inside/-/path-is-inside-1.0.2.tgz. Extracting by manifest.
101 silly tarball no local data for path-is-absolute@https://registry.npmjs.org/path-is-absolute/-/path-is-absolute-1.0.1.tgz. Extracting by manifest.
102 silly tarball no local data for os-tmpdir@https://registry.npmjs.org/os-tmpdir/-/os-tmpdir-1.0.2.tgz. Extracting by manifest.
103 silly tarball no local data for optionator@https://registry.npmjs.org/optionator/-/optionator-0.8.3.tgz. Extracting by manifest.
104 silly tarball no local data for onetime@https://registry.npmjs.org/onetime/-/onetime-2.0.1.tgz. Extracting by manifest.
105 silly tarball no local data for once@https://registry.npmjs.org/once/-/once-1.4.0.tgz. Extracting by manifest.
106 silly tarball no local data for object.values@https://registry.npmjs.org/object.values/-/object.values-1.1.7.tgz. Extracting by manifest.
107 silly tarball no local data for object.groupby@https://registry.npmjs.org/object.groupby/-/object.groupby-1.0.1.tgz. Extracting by manifest.
108 silly tarball no local data for object.fromentries@https://registry.npmjs.org/object.fromentries/-/object.fromentries-2.0.7.tgz. Extracting by manifest.
109 silly tarball no local data for object.assign@https://registry.npmjs.org/object.assign/-/object.assign-4.1.5.tgz. Extracting by manifest.
110 silly tarball no local data for object-keys@https://registry.npmjs.org/object-keys/-/object-keys-1.1.1.tgz. Extracting by manifest.
111 silly tarball no local data for object-assign@https://registry.npmjs.org/object-assign/-/object-assign-4.1.1.tgz. Extracting by manifest.
112 silly tarball no local data for natural-compare@https://registry.npmjs.org/natural-compare/-/natural-compare-1.4.0.tgz. Extracting by manifest.
113 silly tarball no local data for mute-stream@https://registry.npmjs.org/mute-stream/-/mute-stream-0.0.7.tgz. Extracting by manifest.
114 silly tarball no local data for mkdirp@https://registry.npmjs.org/mkdirp/-/mkdirp-0.5.6.tgz. Extracting by manifest.
115 silly tarball no local data for minimist@https://registry.npmjs.org/minimist/-/minimist-1.2.8.tgz. Extracting by manifest.
116 silly tarball no local data for minimatch@https://registry.npmjs.org/minimatch/-/minimatch-3.1.2.tgz. Extracting by manifest.
117 silly tarball no local data for mimic-fn@https://registry.npmjs.org/mimic-fn/-/mimic-fn-1.2.0.tgz. Extracting by manifest.
118 silly tarball no local data for lru-cache@https://registry.npmjs.org/lru-cache/-/lru-cache-4.1.5.tgz. Extracting by manifest.
119 silly tarball no local data for lodash@https://registry.npmjs.org/lodash/-/lodash-4.17.21.tgz. Extracting by manifest.
120 silly tarball no local data for levn@https://registry.npmjs.org/levn/-/levn-0.3.0.tgz. Extracting by manifest.
121 silly tarball no local data for json5@https://registry.npmjs.org/json5/-/json5-1.0.2.tgz. Extracting by manifest.
122 silly tarball no local data for json-stable-stringify-without-jsonify@https://registry.npmjs.org/json-stable-stringify-without-jsonify/-/json-stable-stringify-without-jsonify-1.0.1.tgz. Extracting by manifest.
123 silly tarball no local data for json-schema-traverse@https://registry.npmjs.org/json-schema-traverse/-/json-schema-traverse-0.3.1.tgz. Extracting by manifest.
124 silly tarball no local data for js-yaml@https://registry.npmjs.org/js-yaml/-/js-yaml-3.14.1.tgz. Extracting by manifest.
125 silly tarball no local data for js-tokens@https://registry.npmjs.org/js-tokens/-/js-tokens-3.0.2.tgz. Extracting by manifest.
126 silly tarball no local data for isexe@https://registry.npmjs.org/isexe/-/isexe-2.0.0.tgz. Extracting by manifest.
127 silly tarball no local data for is-weakref@https://registry.npmjs.org/is-weakref/-/is-weakref-1.0.2.tgz. Extracting by manifest.
128 silly tarball no local data for is-typed-array@https://registry.npmjs.org/is-typed-array/-/is-typed-array-1.1.12.tgz. Extracting by manifest.
129 silly tarball no local data for is-symbol@https://registry.npmjs.org/is-symbol/-/is-symbol-1.0.4.tgz. Extracting by manifest.
130 silly tarball no local data for is-string@https://registry.npmjs.org/is-string/-/is-string-1.0.7.tgz. Extracting by manifest.
131 silly tarball no local data for is-shared-array-buffer@https://registry.npmjs.org/is-shared-array-buffer/-/is-shared-array-buffer-1.0.2.tgz. Extracting by manifest.
132 silly tarball no local data for is-resolvable@https://registry.npmjs.org/is-resolvable/-/is-resolvable-1.1.0.tgz. Extracting by manifest.
133 silly tarball no local data for is-regex@https://registry.npmjs.org/is-regex/-/is-regex-1.1.4.tgz. Extracting by manifest.
134 silly tarball no local data for is-number-object@https://registry.npmjs.org/is-number-object/-/is-number-object-1.0.7.tgz. Extracting by manifest.
135 silly tarball no local data for is-negative-zero@https://registry.npmjs.org/is-negative-zero/-/is-negative-zero-2.0.2.tgz. Extracting by manifest.
136 silly tarball no local data for is-glob@https://registry.npmjs.org/is-glob/-/is-glob-4.0.3.tgz. Extracting by manifest.
137 silly tarball no local data for is-fullwidth-code-point@https://registry.npmjs.org/is-fullwidth-code-point/-/is-fullwidth-code-point-2.0.0.tgz. Extracting by manifest.
138 silly tarball no local data for is-extglob@https://registry.npmjs.org/is-extglob/-/is-extglob-2.1.1.tgz. Extracting by manifest.
139 silly tarball no local data for is-date-object@https://registry.npmjs.org/is-date-object/-/is-date-object-1.0.5.tgz. Extracting by manifest.
140 silly tarball no local data for is-core-module@https://registry.npmjs.org/is-core-module/-/is-core-module-2.13.1.tgz. Extracting by manifest.
141 silly tarball no local data for is-callable@https://registry.npmjs.org/is-callable/-/is-callable-1.2.7.tgz. Extracting by manifest.
142 silly tarball no local data for is-boolean-object@https://registry.npmjs.org/is-boolean-object/-/is-boolean-object-1.1.2.tgz. Extracting by manifest.
143 silly tarball no local data for is-bigint@https://registry.npmjs.org/is-bigint/-/is-bigint-1.0.4.tgz. Extracting by manifest.
144 silly tarball no local data for is-array-buffer@https://registry.npmjs.org/is-array-buffer/-/is-array-buffer-3.0.2.tgz. Extracting by manifest.
145 silly tarball no local data for internal-slot@https://registry.npmjs.org/internal-slot/-/internal-slot-1.0.6.tgz. Extracting by manifest.
146 silly tarball no local data for inquirer@https://registry.npmjs.org/inquirer/-/inquirer-3.3.0.tgz. Extracting by manifest.
147 silly tarball no local data for inflight@https://registry.npmjs.org/inflight/-/inflight-1.0.6.tgz. Extracting by manifest.
148 silly tarball no local data for imurmurhash@https://registry.npmjs.org/imurmurhash/-/imurmurhash-0.1.4.tgz. Extracting by manifest.
149 silly tarball no local data for ignore@https://registry.npmjs.org/ignore/-/ignore-3.3.10.tgz. Extracting by manifest.
150 silly tarball no local data for has-tostringtag@https://registry.npmjs.org/has-tostringtag/-/has-tostringtag-1.0.0.tgz. Extracting by manifest.
151 silly tarball no local data for has-flag@https://registry.npmjs.org/has-flag/-/has-flag-3.0.0.tgz. Extracting by manifest.
152 silly tarball no local data for has-bigints@https://registry.npmjs.org/has-bigints/-/has-bigints-1.0.2.tgz. Extracting by manifest.
153 silly tarball no local data for has-ansi@https://registry.npmjs.org/has-ansi/-/has-ansi-2.0.0.tgz. Extracting by manifest.
154 silly tarball no local data for graceful-fs@https://registry.npmjs.org/graceful-fs/-/graceful-fs-4.2.11.tgz. Extracting by manifest.
155 silly tarball no local data for globalthis@https://registry.npmjs.org/globalthis/-/globalthis-1.0.3.tgz. Extracting by manifest.
156 silly tarball no local data for globals@https://registry.npmjs.org/globals/-/globals-11.12.0.tgz. Extracting by manifest.
157 silly tarball no local data for glob@https://registry.npmjs.org/glob/-/glob-7.2.3.tgz. Extracting by manifest.
158 silly tarball no local data for get-symbol-description@https://registry.npmjs.org/get-symbol-description/-/get-symbol-description-1.0.0.tgz. Extracting by manifest.
159 silly tarball no local data for functions-have-names@https://registry.npmjs.org/functions-have-names/-/functions-have-names-1.2.3.tgz. Extracting by manifest.
160 silly tarball no local data for functional-red-black-tree@https://registry.npmjs.org/functional-red-black-tree/-/functional-red-black-tree-1.0.1.tgz. Extracting by manifest.
161 silly tarball no local data for function.prototype.name@https://registry.npmjs.org/function.prototype.name/-/function.prototype.name-1.1.6.tgz. Extracting by manifest.
162 silly tarball no local data for fs.realpath@https://registry.npmjs.org/fs.realpath/-/fs.realpath-1.0.0.tgz. Extracting by manifest.
163 silly tarball no local data for for-each@https://registry.npmjs.org/for-each/-/for-each-0.3.3.tgz. Extracting by manifest.
164 silly tarball no local data for flat-cache@https://registry.npmjs.org/flat-cache/-/flat-cache-1.3.4.tgz. Extracting by manifest.
165 silly tarball no local data for file-entry-cache@https://registry.npmjs.org/file-entry-cache/-/file-entry-cache-2.0.0.tgz. Extracting by manifest.
166 silly tarball no local data for figures@https://registry.npmjs.org/figures/-/figures-2.0.0.tgz. Extracting by manifest.
167 silly tarball no local data for fast-levenshtein@https://registry.npmjs.org/fast-levenshtein/-/fast-levenshtein-2.0.6.tgz. Extracting by manifest.
168 silly tarball no local data for fast-json-stable-stringify@https://registry.npmjs.org/fast-json-stable-stringify/-/fast-json-stable-stringify-2.1.0.tgz. Extracting by manifest.
169 silly tarball no local data for fast-deep-equal@https://registry.npmjs.org/fast-deep-equal/-/fast-deep-equal-1.1.0.tgz. Extracting by manifest.
170 silly tarball no local data for external-editor@https://registry.npmjs.org/external-editor/-/external-editor-2.2.0.tgz. Extracting by manifest.
171 silly tarball no local data for esutils@https://registry.npmjs.org/esutils/-/esutils-2.0.3.tgz. Extracting by manifest.
172 silly tarball no local data for estraverse@https://registry.npmjs.org/estraverse/-/estraverse-4.3.0.tgz. Extracting by manifest.
173 silly tarball no local data for esrecurse@https://registry.npmjs.org/esrecurse/-/esrecurse-4.3.0.tgz. Extracting by manifest.
174 silly tarball no local data for esquery@https://registry.npmjs.org/esquery/-/esquery-1.5.0.tgz. Extracting by manifest.
175 silly tarball no local data for esprima@https://registry.npmjs.org/esprima/-/esprima-4.0.1.tgz. Extracting by manifest.
176 silly tarball no local data for espree@https://registry.npmjs.org/espree/-/espree-3.5.4.tgz. Extracting by manifest.
177 silly tarball no local data for eslint-visitor-keys@https://registry.npmjs.org/eslint-visitor-keys/-/eslint-visitor-keys-1.3.0.tgz. Extracting by manifest.
178 silly tarball no local data for eslint-scope@https://registry.npmjs.org/eslint-scope/-/eslint-scope-3.7.3.tgz. Extracting by manifest.
179 silly tarball no local data for eslint-restricted-globals@https://registry.npmjs.org/eslint-restricted-globals/-/eslint-restricted-globals-0.1.1.tgz. Extracting by manifest.
180 silly tarball no local data for eslint-plugin-import@https://registry.npmjs.org/eslint-plugin-import/-/eslint-plugin-import-2.29.1.tgz. Extracting by manifest.
181 silly tarball no local data for eslint-module-utils@https://registry.npmjs.org/eslint-module-utils/-/eslint-module-utils-2.8.0.tgz. Extracting by manifest.
182 silly tarball no local data for eslint-import-resolver-node@https://registry.npmjs.org/eslint-import-resolver-node/-/eslint-import-resolver-node-0.3.9.tgz. Extracting by manifest.
183 silly tarball no local data for eslint-config-airbnb-base@https://registry.npmjs.org/eslint-config-airbnb-base/-/eslint-config-airbnb-base-12.1.0.tgz. Extracting by manifest.
184 silly tarball no local data for eslint@https://registry.npmjs.org/eslint/-/eslint-4.19.1.tgz. Extracting by manifest.
185 silly tarball no local data for escape-string-regexp@https://registry.npmjs.org/escape-string-regexp/-/escape-string-regexp-1.0.5.tgz. Extracting by manifest.
186 silly tarball no local data for es-to-primitive@https://registry.npmjs.org/es-to-primitive/-/es-to-primitive-1.2.1.tgz. Extracting by manifest.
187 silly tarball no local data for es-shim-unscopables@https://registry.npmjs.org/es-shim-unscopables/-/es-shim-unscopables-1.0.2.tgz. Extracting by manifest.
188 silly tarball no local data for es-set-tostringtag@https://registry.npmjs.org/es-set-tostringtag/-/es-set-tostringtag-2.0.2.tgz. Extracting by manifest.
189 silly tarball no local data for es-abstract@https://registry.npmjs.org/es-abstract/-/es-abstract-1.22.3.tgz. Extracting by manifest.
190 silly tarball no local data for doctrine@https://registry.npmjs.org/doctrine/-/doctrine-2.1.0.tgz. Extracting by manifest.
191 silly tarball no local data for define-properties@https://registry.npmjs.org/define-properties/-/define-properties-1.2.1.tgz. Extracting by manifest.
192 silly tarball no local data for deep-is@https://registry.npmjs.org/deep-is/-/deep-is-0.1.4.tgz. Extracting by manifest.
193 silly tarball no local data for cross-spawn@https://registry.npmjs.org/cross-spawn/-/cross-spawn-5.1.0.tgz. Extracting by manifest.
194 silly tarball no local data for concat-stream@https://registry.npmjs.org/concat-stream/-/concat-stream-1.6.2.tgz. Extracting by manifest.
195 silly tarball no local data for concat-map@https://registry.npmjs.org/concat-map/-/concat-map-0.0.1.tgz. Extracting by manifest.
196 silly tarball no local data for color-name@https://registry.npmjs.org/color-name/-/color-name-1.1.3.tgz. Extracting by manifest.
197 silly tarball no local data for color-convert@https://registry.npmjs.org/color-convert/-/color-convert-1.9.3.tgz. Extracting by manifest.
198 silly tarball no local data for co@https://registry.npmjs.org/co/-/co-4.6.0.tgz. Extracting by manifest.
199 silly tarball no local data for cli-width@https://registry.npmjs.org/cli-width/-/cli-width-2.2.1.tgz. Extracting by manifest.
200 silly tarball no local data for cli-cursor@https://registry.npmjs.org/cli-cursor/-/cli-cursor-2.1.0.tgz. Extracting by manifest.
201 silly tarball no local data for circular-json@https://registry.npmjs.org/circular-json/-/circular-json-0.3.3.tgz. Extracting by manifest.
202 silly tarball no local data for chardet@https://registry.npmjs.org/chardet/-/chardet-0.4.2.tgz. Extracting by manifest.
203 silly tarball no local data for chalk@https://registry.npmjs.org/chalk/-/chalk-2.4.2.tgz. Extracting by manifest.
204 silly tarball no local data for callsites@https://registry.npmjs.org/callsites/-/callsites-0.2.0.tgz. Extracting by manifest.
205 silly tarball no local data for caller-path@https://registry.npmjs.org/caller-path/-/caller-path-0.1.0.tgz. Extracting by manifest.
206 silly tarball no local data for buffer-from@https://registry.npmjs.org/buffer-from/-/buffer-from-1.1.2.tgz. Extracting by manifest.
207 silly tarball no local data for brace-expansion@https://registry.npmjs.org/brace-expansion/-/brace-expansion-1.1.11.tgz. Extracting by manifest.
208 silly tarball no local data for balanced-match@https://registry.npmjs.org/balanced-match/-/balanced-match-1.0.2.tgz. Extracting by manifest.
209 silly tarball no local data for babel-code-frame@https://registry.npmjs.org/babel-code-frame/-/babel-code-frame-6.26.0.tgz. Extracting by manifest.
210 silly tarball no local data for available-typed-arrays@https://registry.npmjs.org/available-typed-arrays/-/available-typed-arrays-1.0.5.tgz. Extracting by manifest.
211 silly tarball no local data for arraybuffer.prototype.slice@https://registry.npmjs.org/arraybuffer.prototype.slice/-/arraybuffer.prototype.slice-1.0.2.tgz. Extracting by manifest.
212 silly tarball no local data for array.prototype.flatmap@https://registry.npmjs.org/array.prototype.flatmap/-/array.prototype.flatmap-1.3.2.tgz. Extracting by manifest.
213 silly tarball no local data for array.prototype.flat@https://registry.npmjs.org/array.prototype.flat/-/array.prototype.flat-1.3.2.tgz. Extracting by manifest.
214 silly tarball no local data for array.prototype.findlastindex@https://registry.npmjs.org/array.prototype.findlastindex/-/array.prototype.findlastindex-1.2.3.tgz. Extracting by manifest.
215 silly tarball no local data for array-includes@https://registry.npmjs.org/array-includes/-/array-includes-3.1.7.tgz. Extracting by manifest.
216 silly tarball no local data for array-buffer-byte-length@https://registry.npmjs.org/array-buffer-byte-length/-/array-buffer-byte-length-1.0.0.tgz. Extracting by manifest.
217 silly tarball no local data for argparse@https://registry.npmjs.org/argparse/-/argparse-1.0.10.tgz. Extracting by manifest.
218 silly tarball no local data for ansi-styles@https://registry.npmjs.org/ansi-styles/-/ansi-styles-3.2.1.tgz. Extracting by manifest.
219 silly tarball no local data for ansi-regex@https://registry.npmjs.org/ansi-regex/-/ansi-regex-3.0.1.tgz. Extracting by manifest.
220 silly tarball no local data for ansi-escapes@https://registry.npmjs.org/ansi-escapes/-/ansi-escapes-3.2.0.tgz. Extracting by manifest.
221 silly tarball no local data for ajv-keywords@https://registry.npmjs.org/ajv-keywords/-/ajv-keywords-2.1.1.tgz. Extracting by manifest.
222 silly tarball no local data for ajv@https://registry.npmjs.org/ajv/-/ajv-5.5.2.tgz. Extracting by manifest.
223 silly tarball no local data for acorn-jsx@https://registry.npmjs.org/acorn-jsx/-/acorn-jsx-3.0.1.tgz. Extracting by manifest.
224 silly tarball no local data for acorn@https://registry.npmjs.org/acorn/-/acorn-5.7.4.tgz. Extracting by manifest.
225 silly tarball no local data for @types/json5@https://registry.npmjs.org/@types/json5/-/json5-0.0.29.tgz. Extracting by manifest.
226 silly tarball no local data for isarray@https://registry.npmjs.org/isarray/-/isarray-2.0.5.tgz. Extracting by manifest.
227 silly tarball no local data for ansi-regex@https://registry.npmjs.org/ansi-regex/-/ansi-regex-2.1.1.tgz. Extracting by manifest.
228 silly tarball no local data for estraverse@https://registry.npmjs.org/estraverse/-/estraverse-5.3.0.tgz. Extracting by manifest.
229 silly tarball no local data for estraverse@https://registry.npmjs.org/estraverse/-/estraverse-5.3.0.tgz. Extracting by manifest.
230 silly tarball no local data for semver@https://registry.npmjs.org/semver/-/semver-6.3.1.tgz. Extracting by manifest.
231 silly tarball no local data for ms@https://registry.npmjs.org/ms/-/ms-2.1.3.tgz. Extracting by manifest.
232 silly tarball no local data for debug@https://registry.npmjs.org/debug/-/debug-3.2.7.tgz. Extracting by manifest.
233 silly tarball no local data for ms@https://registry.npmjs.org/ms/-/ms-2.1.3.tgz. Extracting by manifest.
234 silly tarball no local data for debug@https://registry.npmjs.org/debug/-/debug-3.2.7.tgz. Extracting by manifest.
235 silly tarball no local data for ms@https://registry.npmjs.org/ms/-/ms-2.1.3.tgz. Extracting by manifest.
236 silly tarball no local data for debug@https://registry.npmjs.org/debug/-/debug-3.2.7.tgz. Extracting by manifest.
237 silly tarball no local data for ms@https://registry.npmjs.org/ms/-/ms-2.1.3.tgz. Extracting by manifest.
238 silly tarball no local data for debug@https://registry.npmjs.org/debug/-/debug-3.2.7.tgz. Extracting by manifest.
239 silly tarball no local data for supports-color@https://registry.npmjs.org/supports-color/-/supports-color-2.0.0.tgz. Extracting by manifest.
240 silly tarball no local data for strip-ansi@https://registry.npmjs.org/strip-ansi/-/strip-ansi-3.0.1.tgz. Extracting by manifest.
241 silly tarball no local data for chalk@https://registry.npmjs.org/chalk/-/chalk-1.1.3.tgz. Extracting by manifest.
242 silly tarball no local data for ansi-styles@https://registry.npmjs.org/ansi-styles/-/ansi-styles-2.2.1.tgz. Extracting by manifest.
243 silly tarball no local data for ansi-regex@https://registry.npmjs.org/ansi-regex/-/ansi-regex-2.1.1.tgz. Extracting by manifest.
244 silly tarball no local data for acorn@https://registry.npmjs.org/acorn/-/acorn-3.3.0.tgz. Extracting by manifest.
245 http fetch POST 200 https://registry.npmjs.org/-/npm/v1/security/advisories/bulk 2022ms
246 timing auditReport:getReport Completed in 2030ms
247 silly audit report {
247 silly audit report   ajv: [
247 silly audit report     {
247 silly audit report       id: 1089034,
247 silly audit report       url: 'https://github.com/advisories/GHSA-v88g-cgmw-v5xw',
247 silly audit report       title: 'Prototype Pollution in Ajv',
247 silly audit report       severity: 'moderate',
247 silly audit report       vulnerable_versions: '<6.12.3',
247 silly audit report       cwe: [Array],
247 silly audit report       cvss: [Object]
247 silly audit report     }
247 silly audit report   ],
247 silly audit report   ejs: [
247 silly audit report     {
247 silly audit report       id: 1089270,
247 silly audit report       url: 'https://github.com/advisories/GHSA-phwq-j96m-2c2q',
247 silly audit report       title: 'ejs template injection vulnerability',
247 silly audit report       severity: 'critical',
247 silly audit report       vulnerable_versions: '<3.1.7',
247 silly audit report       cwe: [Array],
247 silly audit report       cvss: [Object]
247 silly audit report     }
247 silly audit report   ],
247 silly audit report   qs: [
247 silly audit report     {
247 silly audit report       id: 1094097,
247 silly audit report       url: 'https://github.com/advisories/GHSA-hrpp-h998-j3pp',
247 silly audit report       title: 'qs vulnerable to Prototype Pollution',
247 silly audit report       severity: 'high',
247 silly audit report       vulnerable_versions: '>=6.5.0 <6.5.3',
247 silly audit report       cwe: [Array],
247 silly audit report       cvss: [Object]
247 silly audit report     }
247 silly audit report   ]
247 silly audit report }
248 timing metavuln:cache:get:security-advisory:ajv:gYu5OGMyuS0/hiVQXaP0abblqyo36vAXBZXoRpdf7JL/r5X5HpKL3EBGT/ggz9KeQS5KK+gc0CXAPnG3Kvjgig== Completed in 226ms
249 timing metavuln:cache:get:security-advisory:qs:DTxlrRWiUrqzE/NusHx5bT19r3QgJFFD8fHHx+3QTlXllSHQDtcxNYbXyFKpAbJm79uv64Kv+bUe47xyYbLjsA== Completed in 859ms
250 timing metavuln:cache:get:security-advisory:ejs:lowkeTukAWV0J0+ERc664J4PKXK9jbygjCA73mEiKZkwy7NS6pEluzhVHlC5JJt2IdG3HDvGVWqeVs3OGeemFA== Completed in 860ms
251 http fetch GET 200 https://registry.npmjs.org/restore-cursor/-/restore-cursor-2.0.0.tgz 2838ms (cache miss)
252 timing reifyNode:node_modules/restore-cursor Completed in 3108ms
253 http fetch GET 200 https://registry.npmjs.org/resolve-from/-/resolve-from-1.0.1.tgz 2838ms (cache miss)
254 timing reifyNode:node_modules/resolve-from Completed in 3108ms
255 http fetch GET 200 https://registry.npmjs.org/path-parse/-/path-parse-1.0.7.tgz 2831ms (cache miss)
256 timing reifyNode:node_modules/path-parse Completed in 3109ms
257 http fetch GET 200 https://registry.npmjs.org/os-tmpdir/-/os-tmpdir-1.0.2.tgz 2828ms (cache miss)
258 timing reifyNode:node_modules/os-tmpdir Completed in 3109ms
259 http fetch GET 200 https://registry.npmjs.org/onetime/-/onetime-2.0.1.tgz 2827ms (cache miss)
260 timing reifyNode:node_modules/onetime Completed in 3110ms
261 http fetch GET 200 https://registry.npmjs.org/is-resolvable/-/is-resolvable-1.1.0.tgz 2777ms (cache miss)
262 timing reifyNode:node_modules/is-resolvable Completed in 3112ms
263 http fetch GET 200 https://registry.npmjs.org/is-fullwidth-code-point/-/is-fullwidth-code-point-2.0.0.tgz 2758ms (cache miss)
264 timing reifyNode:node_modules/is-fullwidth-code-point Completed in 3112ms
265 http fetch GET 200 https://registry.npmjs.org/inflight/-/inflight-1.0.6.tgz 2739ms (cache miss)
266 timing reifyNode:node_modules/inflight Completed in 3113ms
267 http fetch GET 200 https://registry.npmjs.org/has-flag/-/has-flag-3.0.0.tgz 2733ms (cache miss)
268 timing reifyNode:node_modules/has-flag Completed in 3114ms
269 http fetch GET 200 https://registry.npmjs.org/has-ansi/-/has-ansi-2.0.0.tgz 2732ms (cache miss)
270 timing reifyNode:node_modules/has-ansi Completed in 3114ms
271 http fetch GET 200 https://registry.npmjs.org/escape-string-regexp/-/escape-string-regexp-1.0.5.tgz 2680ms (cache miss)
272 timing reifyNode:node_modules/escape-string-regexp Completed in 3115ms
273 http fetch GET 200 https://registry.npmjs.org/strip-bom/-/strip-bom-3.0.0.tgz 2926ms (cache miss)
274 timing reifyNode:node_modules/strip-bom Completed in 3136ms
275 http fetch GET 200 https://registry.npmjs.org/caller-path/-/caller-path-0.1.0.tgz 2638ms (cache miss)
276 timing reifyNode:node_modules/caller-path Completed in 3127ms
277 http fetch GET 200 https://registry.npmjs.org/slice-ansi/-/slice-ansi-1.0.0.tgz 2913ms (cache miss)
278 timing reifyNode:node_modules/slice-ansi Completed in 3155ms
279 http fetch GET 200 https://registry.npmjs.org/object-assign/-/object-assign-4.1.1.tgz 2863ms (cache miss)
280 timing reifyNode:node_modules/object-assign Completed in 3159ms
281 http fetch GET 200 https://registry.npmjs.org/is-extglob/-/is-extglob-2.1.1.tgz 2805ms (cache miss)
282 timing reifyNode:node_modules/is-extglob Completed in 3160ms
283 http fetch GET 200 https://registry.npmjs.org/fast-deep-equal/-/fast-deep-equal-1.1.0.tgz 2749ms (cache miss)
284 timing reifyNode:node_modules/fast-deep-equal Completed in 3160ms
285 http fetch GET 200 https://registry.npmjs.org/concat-map/-/concat-map-0.0.1.tgz 2705ms (cache miss)
286 timing reifyNode:node_modules/concat-map Completed in 3161ms
287 http fetch GET 200 https://registry.npmjs.org/callsites/-/callsites-0.2.0.tgz 2679ms (cache miss)
288 timing reifyNode:node_modules/callsites Completed in 3162ms
289 http fetch GET 200 https://registry.npmjs.org/cli-cursor/-/cli-cursor-2.1.0.tgz 2691ms (cache miss)
290 timing reifyNode:node_modules/cli-cursor Completed in 3162ms
291 http fetch GET 200 https://registry.npmjs.org/eslint-import-resolver-node/-/eslint-import-resolver-node-0.3.9.tgz 2738ms (cache miss)
292 timing reifyNode:node_modules/eslint-import-resolver-node Completed in 3164ms
293 http fetch GET 200 https://registry.npmjs.org/ansi-regex/-/ansi-regex-3.0.1.tgz 2652ms (cache miss)
294 timing reifyNode:node_modules/ansi-regex Completed in 3164ms
295 http fetch GET 200 https://registry.npmjs.org/string-width/-/string-width-2.1.1.tgz 2966ms (cache miss)
296 timing reifyNode:node_modules/string-width Completed in 3184ms
297 http fetch GET 200 https://registry.npmjs.org/signal-exit/-/signal-exit-3.0.7.tgz 2940ms (cache miss)
298 timing reifyNode:node_modules/signal-exit Completed in 3184ms
299 http fetch GET 200 https://registry.npmjs.org/shebang-regex/-/shebang-regex-1.0.0.tgz 2939ms (cache miss)
300 timing reifyNode:node_modules/shebang-regex Completed in 3184ms
301 http fetch GET 200 https://registry.npmjs.org/shebang-command/-/shebang-command-1.2.0.tgz 2930ms (cache miss)
302 timing reifyNode:node_modules/shebang-command Completed in 3185ms
303 http fetch GET 200 https://registry.npmjs.org/set-function-name/-/set-function-name-2.0.1.tgz 2929ms (cache miss)
304 timing reifyNode:node_modules/set-function-name Completed in 3185ms
305 http fetch GET 200 https://registry.npmjs.org/safe-regex-test/-/safe-regex-test-1.0.2.tgz 2926ms (cache miss)
306 timing reifyNode:node_modules/safe-regex-test Completed in 3186ms
307 http fetch GET 200 https://registry.npmjs.org/require-uncached/-/require-uncached-1.0.3.tgz 2916ms (cache miss)
308 timing reifyNode:node_modules/require-uncached Completed in 3188ms
309 http fetch GET 200 https://registry.npmjs.org/path-is-inside/-/path-is-inside-1.0.2.tgz 2909ms (cache miss)
310 timing reifyNode:node_modules/path-is-inside Completed in 3188ms
311 http fetch GET 200 https://registry.npmjs.org/path-is-absolute/-/path-is-absolute-1.0.1.tgz 2908ms (cache miss)
312 timing reifyNode:node_modules/path-is-absolute Completed in 3189ms
313 http fetch GET 200 https://registry.npmjs.org/mimic-fn/-/mimic-fn-1.2.0.tgz 2887ms (cache miss)
314 timing reifyNode:node_modules/mimic-fn Completed in 3188ms
315 http fetch GET 200 https://registry.npmjs.org/isexe/-/isexe-2.0.0.tgz 2877ms (cache miss)
316 timing reifyNode:node_modules/isexe Completed in 3190ms
317 http fetch GET 200 https://registry.npmjs.org/is-weakref/-/is-weakref-1.0.2.tgz 2870ms (cache miss)
318 http fetch GET 200 https://registry.npmjs.org/is-glob/-/is-glob-4.0.3.tgz 2841ms (cache miss)
319 timing reifyNode:node_modules/is-glob Completed in 3190ms
320 http fetch GET 200 https://registry.npmjs.org/imurmurhash/-/imurmurhash-0.1.4.tgz 2814ms (cache miss)
321 timing reifyNode:node_modules/imurmurhash Completed in 3190ms
322 http fetch GET 200 https://registry.npmjs.org/for-each/-/for-each-0.3.3.tgz 2790ms (cache miss)
323 timing reifyNode:node_modules/for-each Completed in 3190ms
324 http fetch GET 200 https://registry.npmjs.org/eslint-restricted-globals/-/eslint-restricted-globals-0.1.1.tgz 2768ms (cache miss)
325 timing reifyNode:node_modules/eslint-restricted-globals Completed in 3190ms
326 http fetch GET 200 https://registry.npmjs.org/es-set-tostringtag/-/es-set-tostringtag-2.0.2.tgz 2751ms (cache miss)
327 timing reifyNode:node_modules/es-set-tostringtag Completed in 3190ms
328 http fetch GET 200 https://registry.npmjs.org/wrappy/-/wrappy-1.0.2.tgz 3008ms (cache miss)
329 timing reifyNode:node_modules/wrappy Completed in 3205ms
330 http fetch GET 200 https://registry.npmjs.org/which/-/which-1.3.1.tgz 3005ms (cache miss)
331 timing reifyNode:node_modules/which Completed in 3206ms
332 http fetch GET 200 https://registry.npmjs.org/typed-array-byte-length/-/typed-array-byte-length-1.0.0.tgz 3002ms (cache miss)
333 http fetch GET 200 https://registry.npmjs.org/typed-array-byte-offset/-/typed-array-byte-offset-1.0.0.tgz 3004ms (cache miss)
334 http fetch GET 200 https://registry.npmjs.org/word-wrap/-/word-wrap-1.2.5.tgz 3009ms (cache miss)
335 timing reifyNode:node_modules/word-wrap Completed in 3207ms
336 http fetch GET 200 https://registry.npmjs.org/deep-is/-/deep-is-0.1.4.tgz 2745ms (cache miss)
337 timing reifyNode:node_modules/deep-is Completed in 3194ms
338 http fetch GET 200 https://registry.npmjs.org/buffer-from/-/buffer-from-1.1.2.tgz 2699ms (cache miss)
339 timing reifyNode:node_modules/buffer-from Completed in 3194ms
340 http fetch GET 200 https://registry.npmjs.org/babel-code-frame/-/babel-code-frame-6.26.0.tgz 2695ms (cache miss)
341 timing reifyNode:node_modules/babel-code-frame Completed in 3195ms
342 http fetch GET 200 https://registry.npmjs.org/ansi-escapes/-/ansi-escapes-3.2.0.tgz 2681ms (cache miss)
343 timing reifyNode:node_modules/ansi-escapes Completed in 3195ms
344 http fetch GET 200 https://registry.npmjs.org/ansi-regex/-/ansi-regex-2.1.1.tgz 2676ms (cache miss)
345 timing reifyNode:node_modules/has-ansi/node_modules/ansi-regex Completed in 3204ms
346 http fetch GET 200 https://registry.npmjs.org/array-buffer-byte-length/-/array-buffer-byte-length-1.0.0.tgz 2689ms (cache miss)
347 http fetch GET 200 https://registry.npmjs.org/ms/-/ms-2.1.3.tgz 2673ms (cache miss)
348 timing reifyNode:node_modules/eslint-module-utils/node_modules/ms Completed in 3203ms
349 http fetch GET 200 https://registry.npmjs.org/rimraf/-/rimraf-2.6.3.tgz 2949ms (cache miss)
350 timing reifyNode:node_modules/rimraf Completed in 3217ms
351 http fetch GET 200 https://registry.npmjs.org/run-async/-/run-async-2.4.1.tgz 2950ms (cache miss)
352 timing reifyNode:node_modules/run-async Completed in 3217ms
353 http fetch GET 200 https://registry.npmjs.org/pseudomap/-/pseudomap-1.0.2.tgz 2943ms (cache miss)
354 timing reifyNode:node_modules/pseudomap Completed in 3217ms
355 http fetch GET 200 https://registry.npmjs.org/natural-compare/-/natural-compare-1.4.0.tgz 2923ms (cache miss)
356 timing reifyNode:node_modules/natural-compare Completed in 3218ms
357 http fetch GET 200 https://registry.npmjs.org/mkdirp/-/mkdirp-0.5.6.tgz 2921ms (cache miss)
358 timing reifyNode:node_modules/mkdirp Completed in 3218ms
359 http fetch GET 200 https://registry.npmjs.org/lru-cache/-/lru-cache-4.1.5.tgz 2916ms (cache miss)
360 timing reifyNode:node_modules/lru-cache Completed in 3217ms
361 http fetch GET 200 https://registry.npmjs.org/js-tokens/-/js-tokens-3.0.2.tgz 2906ms (cache miss)
362 timing reifyNode:node_modules/js-tokens Completed in 3218ms
363 http fetch GET 200 https://registry.npmjs.org/get-symbol-description/-/get-symbol-description-1.0.0.tgz 2832ms (cache miss)
364 http fetch GET 200 https://registry.npmjs.org/figures/-/figures-2.0.0.tgz 2812ms (cache miss)
365 timing reifyNode:node_modules/figures Completed in 3220ms
366 http fetch GET 200 https://registry.npmjs.org/yallist/-/yallist-2.1.2.tgz 3039ms (cache miss)
367 timing reifyNode:node_modules/yallist Completed in 3235ms
368 timing reifyNode:node_modules/typed-array-byte-length Completed in 3233ms
369 http fetch GET 200 https://registry.npmjs.org/typed-array-buffer/-/typed-array-buffer-1.0.0.tgz 3031ms (cache miss)
370 timing reifyNode:node_modules/typed-array-buffer Completed in 3234ms
371 http fetch GET 200 https://registry.npmjs.org/brace-expansion/-/brace-expansion-1.1.11.tgz 2725ms (cache miss)
372 timing reifyNode:node_modules/brace-expansion Completed in 3221ms
373 http fetch GET 200 https://registry.npmjs.org/cli-width/-/cli-width-2.2.1.tgz 2754ms (cache miss)
374 http fetch GET 200 https://registry.npmjs.org/strip-ansi/-/strip-ansi-3.0.1.tgz 2691ms (cache miss)
375 timing reifyNode:node_modules/babel-code-frame/node_modules/strip-ansi Completed in 3226ms
376 http fetch GET 200 https://registry.npmjs.org/chalk/-/chalk-1.1.3.tgz 2689ms (cache miss)
377 timing reifyNode:node_modules/babel-code-frame/node_modules/chalk Completed in 3226ms
378 http fetch GET 200 https://registry.npmjs.org/supports-color/-/supports-color-2.0.0.tgz 2692ms (cache miss)
379 timing reifyNode:node_modules/babel-code-frame/node_modules/supports-color Completed in 3226ms
380 http fetch GET 200 https://registry.npmjs.org/strip-ansi/-/strip-ansi-4.0.0.tgz 3028ms (cache miss)
381 timing reifyNode:node_modules/strip-ansi Completed in 3240ms
382 http fetch GET 200 https://registry.npmjs.org/isarray/-/isarray-2.0.5.tgz 2709ms (cache miss)
383 timing reifyNode:node_modules/safe-array-concat/node_modules/isarray Completed in 3242ms
384 http fetch GET 200 https://registry.npmjs.org/ejs 1224ms (cache hit)
385 timing metavuln:packument:ejs Completed in 1226ms
386 timing metavuln:load:security-advisory:ejs:1089270 Completed in 2ms
387 timing metavuln:calculate:security-advisory:ejs:1089270 Completed in 1229ms
388 http fetch GET 200 https://registry.npmjs.org/qs 1226ms (cache hit)
389 timing metavuln:packument:qs Completed in 1229ms
390 timing metavuln:load:security-advisory:qs:1094097 Completed in 1ms
391 timing metavuln:calculate:security-advisory:qs:1094097 Completed in 1230ms
392 http fetch GET 200 https://registry.npmjs.org/pluralize/-/pluralize-7.0.0.tgz 2973ms (cache miss)
393 timing reifyNode:node_modules/pluralize Completed in 3250ms
394 http fetch GET 200 https://registry.npmjs.org/once/-/once-1.4.0.tgz 2965ms (cache miss)
395 timing reifyNode:node_modules/once Completed in 3250ms
396 http fetch GET 200 https://registry.npmjs.org/json-stable-stringify-without-jsonify/-/json-stable-stringify-without-jsonify-1.0.1.tgz 2943ms (cache miss)
397 timing reifyNode:node_modules/is-weakref Completed in 3250ms
398 http fetch GET 200 https://registry.npmjs.org/is-shared-array-buffer/-/is-shared-array-buffer-1.0.2.tgz 2918ms (cache miss)
399 timing reifyNode:node_modules/is-shared-array-buffer Completed in 3250ms
400 http fetch GET 200 https://registry.npmjs.org/fs.realpath/-/fs.realpath-1.0.0.tgz 2852ms (cache miss)
401 timing reifyNode:node_modules/fs.realpath Completed in 3250ms
402 http fetch GET 200 https://registry.npmjs.org/esrecurse/-/esrecurse-4.3.0.tgz 2836ms (cache miss)
403 timing reifyNode:node_modules/esrecurse Completed in 3249ms
404 http fetch GET 200 https://registry.npmjs.org/es-shim-unscopables/-/es-shim-unscopables-1.0.2.tgz 2810ms (cache miss)
405 timing reifyNode:node_modules/es-shim-unscopables Completed in 3248ms
406 http fetch GET 200 https://registry.npmjs.org/typedarray/-/typedarray-0.0.6.tgz 3062ms (cache miss)
407 timing reifyNode:node_modules/typedarray Completed in 3263ms
408 timing reifyNode:node_modules/cli-width Completed in 3250ms
409 timing reifyNode:node_modules/array-buffer-byte-length Completed in 3251ms
410 http fetch GET 200 https://registry.npmjs.org/ansi-styles/-/ansi-styles-2.2.1.tgz 2715ms (cache miss)
411 timing reifyNode:node_modules/babel-code-frame/node_modules/ansi-styles Completed in 3254ms
412 http fetch GET 200 https://registry.npmjs.org/supports-color/-/supports-color-5.5.0.tgz 3064ms (cache miss)
413 timing reifyNode:node_modules/supports-color Completed in 3271ms
414 http fetch GET 200 https://registry.npmjs.org/object-keys/-/object-keys-1.1.1.tgz 2978ms (cache miss)
415 http fetch GET 200 https://registry.npmjs.org/ignore/-/ignore-3.3.10.tgz 2891ms (cache miss)
416 timing reifyNode:node_modules/ignore Completed in 3269ms
417 timing reifyNode:node_modules/get-symbol-description Completed in 3269ms
418 http fetch GET 200 https://registry.npmjs.org/file-entry-cache/-/file-entry-cache-2.0.0.tgz 2862ms (cache miss)
419 timing reifyNode:node_modules/file-entry-cache Completed in 3268ms
420 http fetch GET 200 https://registry.npmjs.org/estraverse/-/estraverse-4.3.0.tgz 2856ms (cache miss)
421 timing reifyNode:node_modules/estraverse Completed in 3269ms
422 http fetch GET 200 https://registry.npmjs.org/write/-/write-0.2.1.tgz 3086ms (cache miss)
423 timing reifyNode:node_modules/write Completed in 3283ms
424 timing reifyNode:node_modules/typed-array-byte-offset Completed in 3281ms
425 http fetch GET 200 https://registry.npmjs.org/text-table/-/text-table-0.2.0.tgz 3075ms (cache miss)
426 http fetch GET 200 https://registry.npmjs.org/color-name/-/color-name-1.1.3.tgz 2810ms (cache miss)
427 timing reifyNode:node_modules/color-name Completed in 3270ms
428 http fetch GET 200 https://registry.npmjs.org/concat-stream/-/concat-stream-1.6.2.tgz 2816ms (cache miss)
429 timing reifyNode:node_modules/concat-stream Completed in 3270ms
430 http fetch GET 200 https://registry.npmjs.org/balanced-match/-/balanced-match-1.0.2.tgz 2773ms (cache miss)
431 timing reifyNode:node_modules/balanced-match Completed in 3270ms
432 http fetch GET 200 https://registry.npmjs.org/@types/json5/-/json5-0.0.29.tgz 2752ms (cache miss)
433 timing reifyNode:node_modules/@types/json5 Completed in 3270ms
434 http fetch GET 200 https://registry.npmjs.org/ansi-styles/-/ansi-styles-3.2.1.tgz 2759ms (cache miss)
435 timing reifyNode:node_modules/ansi-styles Completed in 3271ms
436 http fetch GET 200 https://registry.npmjs.org/supports-preserve-symlinks-flag/-/supports-preserve-symlinks-flag-1.0.0.tgz 3086ms (cache miss)
437 timing reifyNode:node_modules/supports-preserve-symlinks-flag Completed in 3294ms
438 http fetch GET 200 https://registry.npmjs.org/strip-json-comments/-/strip-json-comments-2.0.1.tgz 3086ms (cache miss)
439 timing reifyNode:node_modules/strip-json-comments Completed in 3296ms
440 timing reifyNode:node_modules/object-keys Completed in 3329ms
441 http fetch GET 200 https://registry.npmjs.org/levn/-/levn-0.3.0.tgz 3024ms (cache miss)
442 timing reifyNode:node_modules/levn Completed in 3329ms
443 timing reifyNode:node_modules/json-stable-stringify-without-jsonify Completed in 3329ms
444 http fetch GET 200 https://registry.npmjs.org/is-array-buffer/-/is-array-buffer-3.0.2.tgz 2970ms (cache miss)
445 timing reifyNode:node_modules/is-array-buffer Completed in 3339ms
446 http fetch GET 200 https://registry.npmjs.org/flat-cache/-/flat-cache-1.3.4.tgz 2935ms (cache miss)
447 timing reifyNode:node_modules/flat-cache Completed in 3339ms
448 http fetch GET 200 https://registry.npmjs.org/fast-levenshtein/-/fast-levenshtein-2.0.6.tgz 2930ms (cache miss)
449 timing reifyNode:node_modules/fast-levenshtein Completed in 3339ms
450 http fetch GET 200 https://registry.npmjs.org/external-editor/-/external-editor-2.2.0.tgz 2929ms (cache miss)
451 timing reifyNode:node_modules/external-editor Completed in 3339ms
452 http fetch GET 200 https://registry.npmjs.org/ansi-regex/-/ansi-regex-2.1.1.tgz 2804ms (cache miss)
453 timing reifyNode:node_modules/babel-code-frame/node_modules/ansi-regex Completed in 3344ms
454 http fetch GET 200 https://registry.npmjs.org/ms/-/ms-2.1.3.tgz 2819ms (cache miss)
455 timing reifyNode:node_modules/eslint-plugin-import/node_modules/ms Completed in 3347ms
456 http fetch GET 200 https://registry.npmjs.org/ms/-/ms-2.1.3.tgz 2814ms (cache miss)
457 timing reifyNode:node_modules/eslint-import-resolver-node/node_modules/ms Completed in 3346ms
458 http fetch GET 200 https://registry.npmjs.org/ms/-/ms-2.1.3.tgz 2813ms (cache miss)
459 timing reifyNode:node_modules/eslint/node_modules/ms Completed in 3347ms
460 http fetch GET 200 https://registry.npmjs.org/through/-/through-2.3.8.tgz 3155ms (cache miss)
461 http fetch GET 200 https://registry.npmjs.org/progress/-/progress-2.0.3.tgz 3089ms (cache miss)
462 timing reifyNode:node_modules/progress Completed in 3365ms
463 http fetch GET 200 https://registry.npmjs.org/has-bigints/-/has-bigints-1.0.2.tgz 2981ms (cache miss)
464 timing reifyNode:node_modules/has-bigints Completed in 3364ms
465 http fetch GET 200 https://registry.npmjs.org/graceful-fs/-/graceful-fs-4.2.11.tgz 2980ms (cache miss)
466 timing reifyNode:node_modules/graceful-fs Completed in 3363ms
467 http fetch GET 200 https://registry.npmjs.org/globals/-/globals-11.12.0.tgz 2978ms (cache miss)
468 timing reifyNode:node_modules/globals Completed in 3363ms
469 http fetch GET 200 https://registry.npmjs.org/tmp/-/tmp-0.0.33.tgz 3170ms (cache miss)
470 timing reifyNode:node_modules/tmp Completed in 3374ms
471 http fetch GET 200 https://registry.npmjs.org/circular-json/-/circular-json-0.3.3.tgz 2890ms (cache miss)
472 warn deprecated circular-json@0.3.3: CircularJSON is in maintenance only, flatted is its successor.
473 timing reifyNode:node_modules/circular-json Completed in 3365ms
474 http fetch GET 200 https://registry.npmjs.org/type-check/-/type-check-0.3.2.tgz 3177ms (cache miss)
475 timing reifyNode:node_modules/type-check Completed in 3380ms
476 http fetch GET 200 https://registry.npmjs.org/json-schema-traverse/-/json-schema-traverse-0.3.1.tgz 3069ms (cache miss)
477 timing reifyNode:node_modules/json-schema-traverse Completed in 3378ms
478 http fetch GET 200 https://registry.npmjs.org/is-bigint/-/is-bigint-1.0.4.tgz 3010ms (cache miss)
479 timing reifyNode:node_modules/is-bigint Completed in 3377ms
480 http fetch GET 200 https://registry.npmjs.org/has-tostringtag/-/has-tostringtag-1.0.0.tgz 2998ms (cache miss)
481 http fetch GET 200 https://registry.npmjs.org/functions-have-names/-/functions-have-names-1.2.3.tgz 2982ms (cache miss)
482 timing reifyNode:node_modules/functions-have-names Completed in 3377ms
483 http fetch GET 200 https://registry.npmjs.org/eslint-visitor-keys/-/eslint-visitor-keys-1.3.0.tgz 2956ms (cache miss)
484 timing reifyNode:node_modules/eslint-visitor-keys Completed in 3375ms
485 http fetch GET 200 https://registry.npmjs.org/define-properties/-/define-properties-1.2.1.tgz 2930ms (cache miss)
486 timing reifyNode:node_modules/define-properties Completed in 3375ms
487 http fetch GET 200 https://registry.npmjs.org/unbox-primitive/-/unbox-primitive-1.0.2.tgz 3194ms (cache miss)
488 timing reifyNode:node_modules/unbox-primitive Completed in 3395ms
489 timing reifyNode:node_modules/text-table Completed in 3394ms
490 http fetch GET 200 https://registry.npmjs.org/co/-/co-4.6.0.tgz 2916ms (cache miss)
491 timing reifyNode:node_modules/co Completed in 3382ms
492 http fetch GET 200 https://registry.npmjs.org/color-convert/-/color-convert-1.9.3.tgz 2921ms (cache miss)
493 timing reifyNode:node_modules/color-convert Completed in 3383ms
494 http fetch GET 200 https://registry.npmjs.org/acorn-jsx/-/acorn-jsx-3.0.1.tgz 2866ms (cache miss)
495 timing reifyNode:node_modules/acorn-jsx Completed in 3382ms
496 http fetch GET 200 https://registry.npmjs.org/is-date-object/-/is-date-object-1.0.5.tgz 3039ms (cache miss)
497 timing reifyNode:node_modules/is-date-object Completed in 3398ms
498 http fetch GET 200 https://registry.npmjs.org/typed-array-length/-/typed-array-length-1.0.4.tgz 3206ms (cache miss)
499 timing reifyNode:node_modules/typed-array-length Completed in 3407ms
500 http fetch GET 200 https://registry.npmjs.org/which-boxed-primitive/-/which-boxed-primitive-1.0.2.tgz 3210ms (cache miss)
501 timing reifyNode:node_modules/which-boxed-primitive Completed in 3409ms
502 http fetch GET 200 https://registry.npmjs.org/chalk/-/chalk-2.4.2.tgz 2916ms (cache miss)
503 timing reifyNode:node_modules/chalk Completed in 3395ms
504 timing reifyNode:node_modules/through Completed in 3411ms
505 http fetch GET 200 https://registry.npmjs.org/optionator/-/optionator-0.8.3.tgz 3128ms (cache miss)
506 timing reifyNode:node_modules/optionator Completed in 3411ms
507 http fetch GET 200 https://registry.npmjs.org/minimatch/-/minimatch-3.1.2.tgz 3111ms (cache miss)
508 timing reifyNode:node_modules/minimatch Completed in 3411ms
509 http fetch GET 200 https://registry.npmjs.org/is-typed-array/-/is-typed-array-1.1.12.tgz 3089ms (cache miss)
510 timing reifyNode:node_modules/is-typed-array Completed in 3411ms
511 http fetch GET 200 https://registry.npmjs.org/functional-red-black-tree/-/functional-red-black-tree-1.0.1.tgz 3012ms (cache miss)
512 timing reifyNode:node_modules/functional-red-black-tree Completed in 3409ms
513 http fetch GET 200 https://registry.npmjs.org/esutils/-/esutils-2.0.3.tgz 2995ms (cache miss)
514 timing reifyNode:node_modules/esutils Completed in 3408ms
515 http fetch GET 200 https://registry.npmjs.org/estraverse/-/estraverse-5.3.0.tgz 2888ms (cache miss)
516 timing reifyNode:node_modules/esrecurse/node_modules/estraverse Completed in 3413ms
517 http fetch GET 200 https://registry.npmjs.org/safe-array-concat/-/safe-array-concat-1.1.0.tgz 3166ms (cache miss)
518 timing reifyNode:node_modules/safe-array-concat Completed in 3430ms
519 http fetch GET 200 https://registry.npmjs.org/is-boolean-object/-/is-boolean-object-1.1.2.tgz 3061ms (cache miss)
520 timing reifyNode:node_modules/is-boolean-object Completed in 3428ms
521 timing reifyNode:node_modules/has-tostringtag Completed in 3428ms
522 http fetch GET 200 https://registry.npmjs.org/cross-spawn/-/cross-spawn-5.1.0.tgz 2975ms (cache miss)
523 timing reifyNode:node_modules/cross-spawn Completed in 3425ms
524 http fetch GET 200 https://registry.npmjs.org/ajv 1420ms (cache revalidated)
525 timing metavuln:packument:ajv Completed in 1428ms
526 timing metavuln:load:security-advisory:ajv:1089034 Completed in 20ms
527 http fetch GET 200 https://registry.npmjs.org/prelude-ls/-/prelude-ls-1.1.2.tgz 3195ms (cache miss)
528 timing reifyNode:node_modules/prelude-ls Completed in 3471ms
529 http fetch GET 200 https://registry.npmjs.org/object.fromentries/-/object.fromentries-2.0.7.tgz 3184ms (cache miss)
530 timing reifyNode:node_modules/object.fromentries Completed in 3472ms
531 http fetch GET 200 https://registry.npmjs.org/is-number-object/-/is-number-object-1.0.7.tgz 3127ms (cache miss)
532 timing reifyNode:node_modules/is-number-object Completed in 3471ms
533 http fetch GET 200 https://registry.npmjs.org/internal-slot/-/internal-slot-1.0.6.tgz 3099ms (cache miss)
534 timing reifyNode:node_modules/internal-slot Completed in 3470ms
535 http fetch GET 200 https://registry.npmjs.org/is-negative-zero/-/is-negative-zero-2.0.2.tgz 3140ms (cache miss)
536 timing reifyNode:node_modules/is-negative-zero Completed in 3488ms
537 http fetch GET 200 https://registry.npmjs.org/available-typed-arrays/-/available-typed-arrays-1.0.5.tgz 2984ms (cache miss)
538 timing reifyNode:node_modules/available-typed-arrays Completed in 3485ms
539 http fetch GET 200 https://registry.npmjs.org/estraverse/-/estraverse-5.3.0.tgz 2970ms (cache miss)
540 timing reifyNode:node_modules/esquery/node_modules/estraverse Completed in 3496ms
541 http fetch GET 200 https://registry.npmjs.org/object.groupby/-/object.groupby-1.0.1.tgz 3221ms (cache miss)
542 timing reifyNode:node_modules/object.groupby Completed in 3508ms
543 http fetch GET 200 https://registry.npmjs.org/is-symbol/-/is-symbol-1.0.4.tgz 3181ms (cache miss)
544 timing reifyNode:node_modules/is-symbol Completed in 3507ms
545 http fetch GET 200 https://registry.npmjs.org/fast-json-stable-stringify/-/fast-json-stable-stringify-2.1.0.tgz 3095ms (cache miss)
546 timing reifyNode:node_modules/fast-json-stable-stringify Completed in 3503ms
547 http fetch GET 200 https://registry.npmjs.org/which-typed-array/-/which-typed-array-1.1.13.tgz 3318ms (cache miss)
548 timing reifyNode:node_modules/which-typed-array Completed in 3517ms
549 http fetch GET 200 https://registry.npmjs.org/semver/-/semver-5.7.2.tgz 3259ms (cache miss)
550 timing reifyNode:node_modules/semver Completed in 3516ms
551 http fetch GET 200 https://registry.npmjs.org/is-regex/-/is-regex-1.1.4.tgz 3186ms (cache miss)
552 timing reifyNode:node_modules/is-regex Completed in 3524ms
553 http fetch GET 200 https://registry.npmjs.org/is-callable/-/is-callable-1.2.7.tgz 3158ms (cache miss)
554 timing reifyNode:node_modules/is-callable Completed in 3523ms
555 http fetch GET 200 https://registry.npmjs.org/glob/-/glob-7.2.3.tgz 3135ms (cache miss)
556 timing reifyNode:node_modules/glob Completed in 3522ms
557 http fetch GET 200 https://registry.npmjs.org/array.prototype.flat/-/array.prototype.flat-1.3.2.tgz 3013ms (cache miss)
558 timing reifyNode:node_modules/array.prototype.flat Completed in 3518ms
559 http fetch GET 200 https://registry.npmjs.org/array-includes/-/array-includes-3.1.7.tgz 3011ms (cache miss)
560 timing reifyNode:node_modules/array-includes Completed in 3519ms
561 http fetch GET 200 https://registry.npmjs.org/array.prototype.flatmap/-/array.prototype.flatmap-1.3.2.tgz 3016ms (cache miss)
562 timing reifyNode:node_modules/array.prototype.flatmap Completed in 3519ms
563 http fetch GET 200 https://registry.npmjs.org/is-string/-/is-string-1.0.7.tgz 3202ms (cache miss)
564 timing reifyNode:node_modules/is-string Completed in 3531ms
565 http fetch GET 200 https://registry.npmjs.org/arraybuffer.prototype.slice/-/arraybuffer.prototype.slice-1.0.2.tgz 3023ms (cache miss)
566 timing reifyNode:node_modules/arraybuffer.prototype.slice Completed in 3525ms
567 http fetch GET 200 https://registry.npmjs.org/sprintf-js/-/sprintf-js-1.0.3.tgz 3299ms (cache miss)
568 timing reifyNode:node_modules/sprintf-js Completed in 3540ms
569 http fetch GET 200 https://registry.npmjs.org/rx-lite-aggregates/-/rx-lite-aggregates-4.0.8.tgz 3276ms (cache miss)
570 timing reifyNode:node_modules/rx-lite-aggregates Completed in 3540ms
571 http fetch GET 200 https://registry.npmjs.org/is-core-module/-/is-core-module-2.13.1.tgz 3175ms (cache miss)
572 timing reifyNode:node_modules/is-core-module Completed in 3538ms
573 http fetch GET 200 https://registry.npmjs.org/function.prototype.name/-/function.prototype.name-1.1.6.tgz 3138ms (cache miss)
574 timing reifyNode:node_modules/function.prototype.name Completed in 3536ms
575 http fetch GET 200 https://registry.npmjs.org/string.prototype.trimend/-/string.prototype.trimend-1.0.7.tgz 3332ms (cache miss)
576 timing reifyNode:node_modules/string.prototype.trimend Completed in 3546ms
577 http fetch GET 200 https://registry.npmjs.org/regexp.prototype.flags/-/regexp.prototype.flags-1.5.1.tgz 3272ms (cache miss)
578 timing reifyNode:node_modules/regexp.prototype.flags Completed in 3545ms
579 http fetch GET 200 https://registry.npmjs.org/eslint-scope/-/eslint-scope-3.7.3.tgz 3120ms (cache miss)
580 timing reifyNode:node_modules/eslint-scope Completed in 3540ms
581 http fetch GET 200 https://registry.npmjs.org/string.prototype.trim/-/string.prototype.trim-1.2.8.tgz 3336ms (cache miss)
582 timing reifyNode:node_modules/string.prototype.trim Completed in 3552ms
583 http fetch GET 200 https://registry.npmjs.org/object.values/-/object.values-1.1.7.tgz 3266ms (cache miss)
584 timing reifyNode:node_modules/object.values Completed in 3551ms
585 http fetch GET 200 https://registry.npmjs.org/espree/-/espree-3.5.4.tgz 3128ms (cache miss)
586 timing reifyNode:node_modules/espree Completed in 3545ms
587 http fetch GET 200 https://registry.npmjs.org/string.prototype.trimstart/-/string.prototype.trimstart-1.0.7.tgz 3344ms (cache miss)
588 timing reifyNode:node_modules/string.prototype.trimstart Completed in 3557ms
589 http fetch GET 200 https://registry.npmjs.org/es-to-primitive/-/es-to-primitive-1.2.1.tgz 3111ms (cache miss)
590 timing reifyNode:node_modules/es-to-primitive Completed in 3548ms
591 http fetch GET 200 https://registry.npmjs.org/semver/-/semver-6.3.1.tgz 3024ms (cache miss)
592 timing reifyNode:node_modules/eslint-plugin-import/node_modules/semver Completed in 3551ms
593 http fetch GET 200 https://registry.npmjs.org/globalthis/-/globalthis-1.0.3.tgz 3173ms (cache miss)
594 timing reifyNode:node_modules/globalthis Completed in 3557ms
595 http fetch GET 200 https://registry.npmjs.org/eslint-config-airbnb-base/-/eslint-config-airbnb-base-12.1.0.tgz 3127ms (cache miss)
596 timing reifyNode:node_modules/eslint-config-airbnb-base Completed in 3554ms
597 http fetch GET 200 https://registry.npmjs.org/debug/-/debug-3.2.7.tgz 3021ms (cache miss)
598 timing reifyNode:node_modules/eslint-import-resolver-node/node_modules/debug Completed in 3555ms
599 http fetch GET 200 https://registry.npmjs.org/eslint-module-utils/-/eslint-module-utils-2.8.0.tgz 3134ms (cache miss)
600 timing reifyNode:node_modules/eslint-module-utils Completed in 3558ms
601 http fetch GET 200 https://registry.npmjs.org/array.prototype.findlastindex/-/array.prototype.findlastindex-1.2.3.tgz 3051ms (cache miss)
602 timing reifyNode:node_modules/array.prototype.findlastindex Completed in 3558ms
603 http fetch GET 200 https://registry.npmjs.org/chardet/-/chardet-0.4.2.tgz 3089ms (cache miss)
604 timing reifyNode:node_modules/chardet Completed in 3566ms
605 http fetch GET 200 https://registry.npmjs.org/doctrine/-/doctrine-2.1.0.tgz 3129ms (cache miss)
606 timing reifyNode:node_modules/doctrine Completed in 3572ms
607 http fetch GET 200 https://registry.npmjs.org/debug/-/debug-3.2.7.tgz 3049ms (cache miss)
608 timing reifyNode:node_modules/eslint-plugin-import/node_modules/debug Completed in 3578ms
609 http fetch GET 200 https://registry.npmjs.org/debug/-/debug-3.2.7.tgz 3045ms (cache miss)
610 timing reifyNode:node_modules/eslint-module-utils/node_modules/debug Completed in 3577ms
611 http fetch GET 200 https://registry.npmjs.org/debug/-/debug-3.2.7.tgz 3041ms (cache miss)
612 timing reifyNode:node_modules/eslint/node_modules/debug Completed in 3577ms
613 http fetch GET 200 https://registry.npmjs.org/json5/-/json5-1.0.2.tgz 3279ms (cache miss)
614 timing reifyNode:node_modules/json5 Completed in 3586ms
615 timing metavuln:cache:put:security-advisory:ajv:gYu5OGMyuS0/hiVQXaP0abblqyo36vAXBZXoRpdf7JL/r5X5HpKL3EBGT/ggz9KeQS5KK+gc0CXAPnG3Kvjgig== Completed in 126ms
616 timing metavuln:calculate:security-advisory:ajv:1089034 Completed in 1575ms
617 timing metavuln:cache:get:security-advisory:ajv-keywords:FitQDohKau92gSqYTpdOkD8zzY0ByvXbtnHj20eWTYBX7PBuOdXvtd6OnQHXzO2oEp31W4++FkbaS2sAZkuFFw== Completed in 13ms
618 timing metavuln:cache:get:security-advisory:eslint:aPio8KZ3AcMu2hcW2zAavRqcu/avasMLF0wG27MKtaA5XUg9RZ/Ythwi6ipCgBJcCCyUoA/z3bens8+SIu7eSw== Completed in 13ms
619 timing metavuln:cache:get:security-advisory:table:CL1+21EgMu1Un/8Uep9cstB9yTRWzF+gvTpPIbIntUKMJ28bbpw9i0w+BvCGpYAuL0pExf0CZML5SgGcjWz/TQ== Completed in 11ms
620 http fetch GET 200 https://registry.npmjs.org/minimist/-/minimist-1.2.8.tgz 3341ms (cache miss)
621 timing reifyNode:node_modules/minimist Completed in 3640ms
622 http fetch GET 200 https://registry.npmjs.org/table/-/table-4.0.2.tgz 3439ms (cache miss)
623 timing reifyNode:node_modules/table Completed in 3645ms
624 http fetch GET 200 https://registry.npmjs.org/ajv-keywords/-/ajv-keywords-2.1.1.tgz 3120ms (cache miss)
625 timing reifyNode:node_modules/ajv-keywords Completed in 3634ms
626 http fetch GET 200 https://registry.npmjs.org/inquirer/-/inquirer-3.3.0.tgz 3270ms (cache miss)
627 timing reifyNode:node_modules/inquirer Completed in 3643ms
628 http fetch GET 200 https://registry.npmjs.org/object.assign/-/object.assign-4.1.5.tgz 3356ms (cache miss)
629 timing reifyNode:node_modules/object.assign Completed in 3649ms
630 http fetch GET 200 https://registry.npmjs.org/mute-stream/-/mute-stream-0.0.7.tgz 3374ms (cache miss)
631 timing reifyNode:node_modules/mute-stream Completed in 3671ms
632 http fetch GET 200 https://registry.npmjs.org/esprima/-/esprima-4.0.1.tgz 3274ms (cache miss)
633 timing reifyNode:node_modules/esprima Completed in 3690ms
634 http fetch GET 200 https://registry.npmjs.org/argparse/-/argparse-1.0.10.tgz 3196ms (cache miss)
635 timing reifyNode:node_modules/argparse Completed in 3706ms
636 http fetch GET 200 https://registry.npmjs.org/rx-lite/-/rx-lite-4.0.8.tgz 3473ms (cache miss)
637 timing reifyNode:node_modules/rx-lite Completed in 3740ms
638 http fetch GET 200 https://registry.npmjs.org/eslint 154ms (cache revalidated)
639 timing metavuln:packument:eslint Completed in 171ms
640 timing metavuln:load:security-advisory:eslint:gYu5OGMyuS0/hiVQXaP0abblqyo36vAXBZXoRpdf7JL/r5X5HpKL3EBGT/ggz9KeQS5KK+gc0CXAPnG3Kvjgig== Completed in 100ms
641 http fetch GET 200 https://registry.npmjs.org/ajv-keywords 280ms (cache revalidated)
642 timing metavuln:packument:ajv-keywords Completed in 282ms
643 timing metavuln:load:security-advisory:ajv-keywords:gYu5OGMyuS0/hiVQXaP0abblqyo36vAXBZXoRpdf7JL/r5X5HpKL3EBGT/ggz9KeQS5KK+gc0CXAPnG3Kvjgig== Completed in 70ms
644 http fetch GET 200 https://registry.npmjs.org/table 350ms (cache revalidated)
645 timing metavuln:packument:table Completed in 352ms
646 timing metavuln:load:security-advisory:table:gYu5OGMyuS0/hiVQXaP0abblqyo36vAXBZXoRpdf7JL/r5X5HpKL3EBGT/ggz9KeQS5KK+gc0CXAPnG3Kvjgig== Completed in 49ms
647 timing metavuln:cache:put:security-advisory:eslint:aPio8KZ3AcMu2hcW2zAavRqcu/avasMLF0wG27MKtaA5XUg9RZ/Ythwi6ipCgBJcCCyUoA/z3bens8+SIu7eSw== Completed in 223ms
648 timing metavuln:calculate:security-advisory:eslint:gYu5OGMyuS0/hiVQXaP0abblqyo36vAXBZXoRpdf7JL/r5X5HpKL3EBGT/ggz9KeQS5KK+gc0CXAPnG3Kvjgig== Completed in 494ms
649 timing metavuln:cache:put:security-advisory:ajv-keywords:FitQDohKau92gSqYTpdOkD8zzY0ByvXbtnHj20eWTYBX7PBuOdXvtd6OnQHXzO2oEp31W4++FkbaS2sAZkuFFw== Completed in 148ms
650 timing metavuln:calculate:security-advisory:ajv-keywords:gYu5OGMyuS0/hiVQXaP0abblqyo36vAXBZXoRpdf7JL/r5X5HpKL3EBGT/ggz9KeQS5KK+gc0CXAPnG3Kvjgig== Completed in 501ms
651 timing metavuln:cache:put:security-advisory:table:CL1+21EgMu1Un/8Uep9cstB9yTRWzF+gvTpPIbIntUKMJ28bbpw9i0w+BvCGpYAuL0pExf0CZML5SgGcjWz/TQ== Completed in 97ms
652 timing metavuln:calculate:security-advisory:table:gYu5OGMyuS0/hiVQXaP0abblqyo36vAXBZXoRpdf7JL/r5X5HpKL3EBGT/ggz9KeQS5KK+gc0CXAPnG3Kvjgig== Completed in 498ms
653 timing metavuln:cache:get:security-advisory:body-parser:biviterTlpxyLkvPryltdXpm891RXbyGC/UqkGnsEC1Po8x8KZzvVsyYuC6vnKcX1XcUjvU99hTf6xmLCEuIfA== Completed in 26ms
654 timing metavuln:cache:get:security-advisory:express:buxFxIG9d6chqURGbJ+uD/BQaJ9XOmxvNJtDn9r60Yj6/P+L5idDuwILhMskNYoRUjzPI+5G2PJ545TP7ogtTg== Completed in 27ms
655 http fetch GET 200 https://registry.npmjs.org/regexpp/-/regexpp-1.1.0.tgz 3857ms (cache miss)
656 timing reifyNode:node_modules/regexpp Completed in 4130ms
657 http fetch GET 200 https://registry.npmjs.org/body-parser 53ms (cache hit)
658 timing metavuln:packument:body-parser Completed in 54ms
659 timing metavuln:load:security-advisory:body-parser:DTxlrRWiUrqzE/NusHx5bT19r3QgJFFD8fHHx+3QTlXllSHQDtcxNYbXyFKpAbJm79uv64Kv+bUe47xyYbLjsA== Completed in 1ms
660 timing metavuln:calculate:security-advisory:body-parser:DTxlrRWiUrqzE/NusHx5bT19r3QgJFFD8fHHx+3QTlXllSHQDtcxNYbXyFKpAbJm79uv64Kv+bUe47xyYbLjsA== Completed in 55ms
661 http fetch GET 200 https://registry.npmjs.org/express 59ms (cache hit)
662 timing metavuln:packument:express Completed in 68ms
663 timing metavuln:load:security-advisory:express:DTxlrRWiUrqzE/NusHx5bT19r3QgJFFD8fHHx+3QTlXllSHQDtcxNYbXyFKpAbJm79uv64Kv+bUe47xyYbLjsA== Completed in 3ms
664 timing metavuln:calculate:security-advisory:express:DTxlrRWiUrqzE/NusHx5bT19r3QgJFFD8fHHx+3QTlXllSHQDtcxNYbXyFKpAbJm79uv64Kv+bUe47xyYbLjsA== Completed in 72ms
665 timing metavuln:cache:get:security-advisory:eslint-config-airbnb-base:hwh+/KwokNUToNk66wIDSNXYm/YOtjuz40kpAQLcH+r3/rR0d4D5YrgTzKKIhBdpMpOsMg62h5v5f28cN77njQ== Completed in 6ms
666 timing metavuln:cache:get:security-advisory:eslint-plugin-import:039+rs48iQlRGIhEtT9qxcBddyvqT4RNPVIoaoqI0sEGxS7JjSmFDbWBPKrWR/J4eN+cKjn3RQxNvcYC6sx7SA== Completed in 5ms
667 http fetch GET 200 https://registry.npmjs.org/js-yaml/-/js-yaml-3.14.1.tgz 3865ms (cache miss)
668 timing reifyNode:node_modules/js-yaml Completed in 4176ms
669 http fetch GET 200 https://registry.npmjs.org/esquery/-/esquery-1.5.0.tgz 3805ms (cache miss)
670 timing reifyNode:node_modules/esquery Completed in 4220ms
671 http fetch GET 200 https://registry.npmjs.org/tsconfig-paths/-/tsconfig-paths-3.15.0.tgz 4028ms (cache miss)
672 timing reifyNode:node_modules/tsconfig-paths Completed in 4232ms
673 http fetch GET 200 https://registry.npmjs.org/acorn/-/acorn-3.3.0.tgz 3700ms (cache miss)
674 timing reifyNode:node_modules/acorn-jsx/node_modules/acorn Completed in 4242ms
675 http fetch GET 200 https://registry.npmjs.org/eslint-config-airbnb-base 128ms (cache revalidated)
676 timing metavuln:packument:eslint-config-airbnb-base Completed in 131ms
677 timing metavuln:load:security-advisory:eslint-config-airbnb-base:aPio8KZ3AcMu2hcW2zAavRqcu/avasMLF0wG27MKtaA5XUg9RZ/Ythwi6ipCgBJcCCyUoA/z3bens8+SIu7eSw== Completed in 84ms
678 http fetch GET 200 https://registry.npmjs.org/eslint-plugin-import 217ms (cache revalidated)
679 timing metavuln:packument:eslint-plugin-import Completed in 240ms
680 timing metavuln:load:security-advisory:eslint-plugin-import:aPio8KZ3AcMu2hcW2zAavRqcu/avasMLF0wG27MKtaA5XUg9RZ/Ythwi6ipCgBJcCCyUoA/z3bens8+SIu7eSw== Completed in 18ms
681 timing metavuln:cache:put:security-advisory:eslint-config-airbnb-base:hwh+/KwokNUToNk66wIDSNXYm/YOtjuz40kpAQLcH+r3/rR0d4D5YrgTzKKIhBdpMpOsMg62h5v5f28cN77njQ== Completed in 107ms
682 timing metavuln:calculate:security-advisory:eslint-config-airbnb-base:aPio8KZ3AcMu2hcW2zAavRqcu/avasMLF0wG27MKtaA5XUg9RZ/Ythwi6ipCgBJcCCyUoA/z3bens8+SIu7eSw== Completed in 323ms
683 timing metavuln:cache:put:security-advisory:eslint-plugin-import:039+rs48iQlRGIhEtT9qxcBddyvqT4RNPVIoaoqI0sEGxS7JjSmFDbWBPKrWR/J4eN+cKjn3RQxNvcYC6sx7SA== Completed in 66ms
684 timing metavuln:calculate:security-advisory:eslint-plugin-import:aPio8KZ3AcMu2hcW2zAavRqcu/avasMLF0wG27MKtaA5XUg9RZ/Ythwi6ipCgBJcCCyUoA/z3bens8+SIu7eSw== Completed in 324ms
685 timing metavuln:cache:get:security-advisory:table:BYRb2RdiID2+9j2nFOnviyI1fCONMKJoNWmGPn33l4KwEJNYD2lkDjPCyGJEJt0OXF2OgYqeYM4DmLS/giVtuQ== Completed in 2ms
686 timing metavuln:load:security-advisory:table:FitQDohKau92gSqYTpdOkD8zzY0ByvXbtnHj20eWTYBX7PBuOdXvtd6OnQHXzO2oEp31W4++FkbaS2sAZkuFFw== Completed in 2ms
687 timing metavuln:cache:put:security-advisory:table:BYRb2RdiID2+9j2nFOnviyI1fCONMKJoNWmGPn33l4KwEJNYD2lkDjPCyGJEJt0OXF2OgYqeYM4DmLS/giVtuQ== Completed in 25ms
688 timing metavuln:calculate:security-advisory:table:FitQDohKau92gSqYTpdOkD8zzY0ByvXbtnHj20eWTYBX7PBuOdXvtd6OnQHXzO2oEp31W4++FkbaS2sAZkuFFw== Completed in 30ms
689 timing metavuln:cache:get:security-advisory:eslint:PhISavNFodbN+iWB+B2LPhWGh3tYTM07vD2HGr3qzCqM4MtMLbEkm1kmdxRRuH8aP/qoRSj6oeKhc8W0ANRUVQ== Completed in 2ms
690 timing metavuln:load:security-advisory:eslint:CL1+21EgMu1Un/8Uep9cstB9yTRWzF+gvTpPIbIntUKMJ28bbpw9i0w+BvCGpYAuL0pExf0CZML5SgGcjWz/TQ== Completed in 15ms
691 timing metavuln:cache:put:security-advisory:eslint:PhISavNFodbN+iWB+B2LPhWGh3tYTM07vD2HGr3qzCqM4MtMLbEkm1kmdxRRuH8aP/qoRSj6oeKhc8W0ANRUVQ== Completed in 23ms
692 timing metavuln:calculate:security-advisory:eslint:CL1+21EgMu1Un/8Uep9cstB9yTRWzF+gvTpPIbIntUKMJ28bbpw9i0w+BvCGpYAuL0pExf0CZML5SgGcjWz/TQ== Completed in 40ms
693 timing metavuln:cache:get:security-advisory:express:ATDCh28MKtxj/izUGIbJAB+9qc9cSc+6hOEwGwIJ9SkTN9RchlnZPdE2+dIqY+DEQ9K17lk/2MVrUi7NCiHNqw== Completed in 20ms
694 timing metavuln:load:security-advisory:express:biviterTlpxyLkvPryltdXpm891RXbyGC/UqkGnsEC1Po8x8KZzvVsyYuC6vnKcX1XcUjvU99hTf6xmLCEuIfA== Completed in 0ms
695 timing metavuln:calculate:security-advisory:express:biviterTlpxyLkvPryltdXpm891RXbyGC/UqkGnsEC1Po8x8KZzvVsyYuC6vnKcX1XcUjvU99hTf6xmLCEuIfA== Completed in 21ms
696 timing auditReport:init Completed in 2575ms
697 timing reify:audit Completed in 4607ms
698 http fetch GET 200 https://registry.npmjs.org/resolve/-/resolve-1.22.8.tgz 4340ms (cache miss)
699 timing reifyNode:node_modules/resolve Completed in 4611ms
700 http fetch GET 200 https://registry.npmjs.org/acorn/-/acorn-5.7.4.tgz 4086ms (cache miss)
701 timing reifyNode:node_modules/acorn Completed in 4605ms
702 http fetch GET 200 https://registry.npmjs.org/eslint-plugin-import/-/eslint-plugin-import-2.29.1.tgz 4256ms (cache miss)
703 timing reifyNode:node_modules/eslint-plugin-import Completed in 4682ms
704 http fetch GET 200 https://registry.npmjs.org/ajv/-/ajv-5.5.2.tgz 4180ms (cache miss)
705 timing reifyNode:node_modules/ajv Completed in 4698ms
706 http fetch GET 200 https://registry.npmjs.org/eslint/-/eslint-4.19.1.tgz 4445ms (cache miss)
707 timing reifyNode:node_modules/eslint Completed in 4882ms
708 http fetch GET 200 https://registry.npmjs.org/lodash/-/lodash-4.17.21.tgz 4955ms (cache miss)
709 timing reifyNode:node_modules/lodash Completed in 5273ms
710 http fetch GET 200 https://registry.npmjs.org/es-abstract/-/es-abstract-1.22.3.tgz 5163ms (cache miss)
711 timing reifyNode:node_modules/es-abstract Completed in 5603ms
712 timing reify:unpack Completed in 5619ms
713 timing reify:unretire Completed in 2ms
714 timing build:queue Completed in 6ms
715 timing build:link:node_modules/acorn-jsx/node_modules/acorn Completed in 14ms
716 timing build:link:node_modules/acorn Completed in 28ms
717 timing build:link:node_modules/eslint-plugin-import/node_modules/semver Completed in 13ms
718 timing build:link:node_modules/eslint Completed in 19ms
719 timing build:link:node_modules/esprima Completed in 19ms
720 timing build:link:node_modules/js-yaml Completed in 17ms
721 timing build:link:node_modules/json5 Completed in 17ms
722 timing build:link:node_modules/mkdirp Completed in 17ms
723 timing build:link:node_modules/resolve Completed in 17ms
724 timing build:link:node_modules/rimraf Completed in 17ms
725 timing build:link:node_modules/which Completed in 15ms
726 timing build:link:node_modules/semver Completed in 16ms
727 timing build:link Completed in 29ms
728 timing build:deps Completed in 35ms
729 timing build Completed in 36ms
730 timing reify:build Completed in 36ms
731 timing reify:trash Completed in 0ms
732 timing reify:save Completed in 186ms
733 timing reify Completed in 6225ms
734 silly ADD node_modules/yallist
735 silly ADD node_modules/write
736 silly ADD node_modules/wrappy
737 silly ADD node_modules/word-wrap
738 silly ADD node_modules/which-typed-array
739 silly ADD node_modules/which-boxed-primitive
740 silly ADD node_modules/which
741 silly ADD node_modules/unbox-primitive
742 silly ADD node_modules/typedarray
743 silly ADD node_modules/typed-array-length
744 silly ADD node_modules/typed-array-byte-offset
745 silly ADD node_modules/typed-array-byte-length
746 silly ADD node_modules/typed-array-buffer
747 silly ADD node_modules/type-check
748 silly ADD node_modules/tsconfig-paths
749 silly ADD node_modules/tmp
750 silly ADD node_modules/through
751 silly ADD node_modules/text-table
752 silly ADD node_modules/table
753 silly ADD node_modules/supports-preserve-symlinks-flag
754 silly ADD node_modules/supports-color
755 silly ADD node_modules/strip-json-comments
756 silly ADD node_modules/strip-bom
757 silly ADD node_modules/strip-ansi
758 silly ADD node_modules/string.prototype.trimstart
759 silly ADD node_modules/string.prototype.trimend
760 silly ADD node_modules/string.prototype.trim
761 silly ADD node_modules/string-width
762 silly ADD node_modules/sprintf-js
763 silly ADD node_modules/slice-ansi
764 silly ADD node_modules/signal-exit
765 silly ADD node_modules/shebang-regex
766 silly ADD node_modules/shebang-command
767 silly ADD node_modules/set-function-name
768 silly ADD node_modules/semver
769 silly ADD node_modules/safe-regex-test
770 silly ADD node_modules/safe-array-concat
771 silly ADD node_modules/safe-array-concat/node_modules/isarray
772 silly ADD node_modules/rx-lite-aggregates
773 silly ADD node_modules/rx-lite
774 silly ADD node_modules/run-async
775 silly ADD node_modules/rimraf
776 silly ADD node_modules/restore-cursor
777 silly ADD node_modules/resolve-from
778 silly ADD node_modules/resolve
779 silly ADD node_modules/require-uncached
780 silly ADD node_modules/regexpp
781 silly ADD node_modules/regexp.prototype.flags
782 silly ADD node_modules/pseudomap
783 silly ADD node_modules/progress
784 silly ADD node_modules/prelude-ls
785 silly ADD node_modules/pluralize
786 silly ADD node_modules/path-parse
787 silly ADD node_modules/path-is-inside
788 silly ADD node_modules/path-is-absolute
789 silly ADD node_modules/os-tmpdir
790 silly ADD node_modules/optionator
791 silly ADD node_modules/onetime
792 silly ADD node_modules/once
793 silly ADD node_modules/object.values
794 silly ADD node_modules/object.groupby
795 silly ADD node_modules/object.fromentries
796 silly ADD node_modules/object.assign
797 silly ADD node_modules/object-keys
798 silly ADD node_modules/object-assign
799 silly ADD node_modules/natural-compare
800 silly ADD node_modules/mute-stream
801 silly ADD node_modules/mkdirp
802 silly ADD node_modules/minimist
803 silly ADD node_modules/minimatch
804 silly ADD node_modules/mimic-fn
805 silly ADD node_modules/lru-cache
806 silly ADD node_modules/lodash
807 silly ADD node_modules/levn
808 silly ADD node_modules/json5
809 silly ADD node_modules/json-stable-stringify-without-jsonify
810 silly ADD node_modules/json-schema-traverse
811 silly ADD node_modules/js-yaml
812 silly ADD node_modules/js-tokens
813 silly ADD node_modules/isexe
814 silly ADD node_modules/is-weakref
815 silly ADD node_modules/is-typed-array
816 silly ADD node_modules/is-symbol
817 silly ADD node_modules/is-string
818 silly ADD node_modules/is-shared-array-buffer
819 silly ADD node_modules/is-resolvable
820 silly ADD node_modules/is-regex
821 silly ADD node_modules/is-number-object
822 silly ADD node_modules/is-negative-zero
823 silly ADD node_modules/is-glob
824 silly ADD node_modules/is-fullwidth-code-point
825 silly ADD node_modules/is-extglob
826 silly ADD node_modules/is-date-object
827 silly ADD node_modules/is-core-module
828 silly ADD node_modules/is-callable
829 silly ADD node_modules/is-boolean-object
830 silly ADD node_modules/is-bigint
831 silly ADD node_modules/is-array-buffer
832 silly ADD node_modules/internal-slot
833 silly ADD node_modules/inquirer
834 silly ADD node_modules/inflight
835 silly ADD node_modules/imurmurhash
836 silly ADD node_modules/ignore
837 silly ADD node_modules/has-tostringtag
838 silly ADD node_modules/has-flag
839 silly ADD node_modules/has-bigints
840 silly ADD node_modules/has-ansi
841 silly ADD node_modules/has-ansi/node_modules/ansi-regex
842 silly ADD node_modules/graceful-fs
843 silly ADD node_modules/globalthis
844 silly ADD node_modules/globals
845 silly ADD node_modules/glob
846 silly ADD node_modules/get-symbol-description
847 silly ADD node_modules/functions-have-names
848 silly ADD node_modules/functional-red-black-tree
849 silly ADD node_modules/function.prototype.name
850 silly ADD node_modules/fs.realpath
851 silly ADD node_modules/for-each
852 silly ADD node_modules/flat-cache
853 silly ADD node_modules/file-entry-cache
854 silly ADD node_modules/figures
855 silly ADD node_modules/fast-levenshtein
856 silly ADD node_modules/fast-json-stable-stringify
857 silly ADD node_modules/fast-deep-equal
858 silly ADD node_modules/external-editor
859 silly ADD node_modules/esutils
860 silly ADD node_modules/estraverse
861 silly ADD node_modules/esrecurse
862 silly ADD node_modules/esrecurse/node_modules/estraverse
863 silly ADD node_modules/esquery
864 silly ADD node_modules/esquery/node_modules/estraverse
865 silly ADD node_modules/esprima
866 silly ADD node_modules/espree
867 silly ADD node_modules/eslint-visitor-keys
868 silly ADD node_modules/eslint-scope
869 silly ADD node_modules/eslint-restricted-globals
870 silly ADD node_modules/eslint-plugin-import
871 silly ADD node_modules/eslint-plugin-import/node_modules/semver
872 silly ADD node_modules/eslint-plugin-import/node_modules/ms
873 silly ADD node_modules/eslint-plugin-import/node_modules/debug
874 silly ADD node_modules/eslint-module-utils
875 silly ADD node_modules/eslint-module-utils/node_modules/ms
876 silly ADD node_modules/eslint-module-utils/node_modules/debug
877 silly ADD node_modules/eslint-import-resolver-node
878 silly ADD node_modules/eslint-import-resolver-node/node_modules/ms
879 silly ADD node_modules/eslint-import-resolver-node/node_modules/debug
880 silly ADD node_modules/eslint-config-airbnb-base
881 silly ADD node_modules/eslint
882 silly ADD node_modules/eslint/node_modules/ms
883 silly ADD node_modules/eslint/node_modules/debug
884 silly ADD node_modules/escape-string-regexp
885 silly ADD node_modules/es-to-primitive
886 silly ADD node_modules/es-shim-unscopables
887 silly ADD node_modules/es-set-tostringtag
888 silly ADD node_modules/es-abstract
889 silly ADD node_modules/doctrine
890 silly ADD node_modules/define-properties
891 silly ADD node_modules/deep-is
892 silly ADD node_modules/cross-spawn
893 silly ADD node_modules/concat-stream
894 silly ADD node_modules/concat-map
895 silly ADD node_modules/color-name
896 silly ADD node_modules/color-convert
897 silly ADD node_modules/co
898 silly ADD node_modules/cli-width
899 silly ADD node_modules/cli-cursor
900 silly ADD node_modules/circular-json
901 silly ADD node_modules/chardet
902 silly ADD node_modules/chalk
903 silly ADD node_modules/callsites
904 silly ADD node_modules/caller-path
905 silly ADD node_modules/buffer-from
906 silly ADD node_modules/brace-expansion
907 silly ADD node_modules/balanced-match
908 silly ADD node_modules/babel-code-frame
909 silly ADD node_modules/babel-code-frame/node_modules/supports-color
910 silly ADD node_modules/babel-code-frame/node_modules/strip-ansi
911 silly ADD node_modules/babel-code-frame/node_modules/chalk
912 silly ADD node_modules/babel-code-frame/node_modules/ansi-styles
913 silly ADD node_modules/babel-code-frame/node_modules/ansi-regex
914 silly ADD node_modules/available-typed-arrays
915 silly ADD node_modules/arraybuffer.prototype.slice
916 silly ADD node_modules/array.prototype.flatmap
917 silly ADD node_modules/array.prototype.flat
918 silly ADD node_modules/array.prototype.findlastindex
919 silly ADD node_modules/array-includes
920 silly ADD node_modules/array-buffer-byte-length
921 silly ADD node_modules/argparse
922 silly ADD node_modules/ansi-styles
923 silly ADD node_modules/ansi-regex
924 silly ADD node_modules/ansi-escapes
925 silly ADD node_modules/ajv-keywords
926 silly ADD node_modules/ajv
927 silly ADD node_modules/acorn-jsx
928 silly ADD node_modules/acorn-jsx/node_modules/acorn
929 silly ADD node_modules/acorn
930 silly ADD node_modules/@types/json5
931 timing command:install Completed in 6260ms
932 verbose exit 0
933 timing npm Completed in 6501ms
934 info ok
