2024-02-12 19:36:41.248 [info] Log level: Info
2024-02-12 19:36:41.248 [info] Validating found git in: "git"
2024-02-12 19:36:41.248 [info] Using git "2.30.2" from "git"
2024-02-12 19:36:41.248 [info] > git rev-parse --show-toplevel [34ms]
2024-02-12 19:36:41.248 [info] > git rev-parse --git-dir --git-common-dir [22ms]
2024-02-12 19:36:41.248 [info] Open repository: /home/bitnami
2024-02-12 19:36:41.311 [info] > git config --get commit.template [42ms]
2024-02-12 19:36:41.335 [info] No remotes found in the git config file.
2024-02-12 19:36:41.381 [info] > git rev-parse --show-toplevel [73ms]
2024-02-12 19:36:41.440 [info] > git for-each-ref --format=%(refname)%00%(upstream:short)%00%(objectname)%00%(upstream:track)%00%(upstream:remotename)%00%(upstream:remoteref) refs/heads/master refs/remotes/master [106ms]
2024-02-12 19:36:41.514 [info] > git rev-parse --show-toplevel [75ms]
2024-02-12 19:36:41.653 [info] > git rev-parse --show-toplevel [97ms]
2024-02-12 19:36:41.708 [info] > git rev-parse --show-toplevel [17ms]
2024-02-12 19:36:41.732 [info] > git rev-parse --show-toplevel [9ms]
2024-02-12 19:36:41.757 [info] > git rev-parse --show-toplevel [5ms]
2024-02-12 19:36:41.783 [info] > git rev-parse --show-toplevel [15ms]
2024-02-12 19:36:41.811 [info] > git rev-parse --show-toplevel [5ms]
2024-02-12 19:36:41.848 [info] > git rev-parse --show-toplevel [24ms]
2024-02-12 19:36:41.870 [info] > git rev-parse --git-dir --git-common-dir [3ms]
2024-02-12 19:36:41.879 [info] Open repository: /home/bitnami/getting-MEAN
2024-02-12 19:36:41.901 [info] > git config --get commit.template [8ms]
2024-02-12 19:36:41.902 [info] > git rev-parse --show-toplevel [5ms]
2024-02-12 19:36:41.924 [info] > git rev-parse --show-toplevel [5ms]
2024-02-12 19:36:41.941 [info] > git rev-parse --show-toplevel [2ms]
2024-02-12 19:36:41.954 [info] > git for-each-ref --format=%(refname)%00%(upstream:short)%00%(objectname)%00%(upstream:track)%00%(upstream:remotename)%00%(upstream:remoteref) refs/heads/chapter-04-views refs/remotes/chapter-04-views [43ms]
2024-02-12 19:36:41.963 [warning] ENOENT: no such file or directory, open '/home/bitnami/getting-MEAN/.git/refs/remotes/origin/chapter-04-views'
2024-02-12 19:36:41.964 [info] > git rev-parse --show-toplevel [11ms]
2024-02-12 19:36:41.966 [info] > git rev-parse refs/remotes/origin/chapter-04-views [2ms]
2024-02-12 19:36:41.982 [info] > git rev-parse --git-dir --git-common-dir [2ms]
2024-02-12 19:36:41.989 [info] Open repository: /home/bitnami/todo
2024-02-12 19:36:42.046 [info] > git status -z -uall [75ms]
2024-02-12 19:36:42.047 [info] > git config --get commit.template [50ms]
2024-02-12 19:36:42.090 [info] > git rev-parse --show-toplevel [76ms]
2024-02-12 19:36:42.100 [info] > git config --get commit.template [10ms]
2024-02-12 19:36:42.111 [info] > git for-each-ref --format=%(refname)%00%(upstream:short)%00%(objectname)%00%(upstream:track)%00%(upstream:remotename)%00%(upstream:remoteref) refs/heads/master refs/remotes/master [43ms]
2024-02-12 19:36:42.121 [warning] ENOENT: no such file or directory, open '/home/bitnami/todo/.git/refs/remotes/origin/master'
2024-02-12 19:36:42.122 [info] > git for-each-ref --format=%(refname)%00%(upstream:short)%00%(objectname)%00%(upstream:track)%00%(upstream:remotename)%00%(upstream:remoteref) refs/heads/chapter-04-views refs/remotes/chapter-04-views [12ms]
2024-02-12 19:36:42.135 [warning] ENOENT: no such file or directory, open '/home/bitnami/getting-MEAN/.git/refs/remotes/origin/chapter-04-views'
2024-02-12 19:36:42.171 [info] > git rev-parse refs/remotes/origin/master [50ms]
2024-02-12 19:36:42.203 [info] > git ls-files --stage -- /home/bitnami/blogger/views/home.ejs [33ms]
2024-02-12 19:36:42.213 [info] > git rev-parse refs/remotes/origin/chapter-04-views [79ms]
2024-02-12 19:36:42.224 [info] > git show --textconv :blogger/views/home.ejs [70ms]
2024-02-12 19:36:42.224 [info] > git cat-file -s e7a156659638a453cbc3f95dd2a2de23235d750a [12ms]
2024-02-12 19:36:42.243 [info] > git status -z -uall [45ms]
2024-02-12 19:36:42.260 [info] > git status -z -uall [38ms]
2024-02-12 19:36:42.287 [info] > git config --get commit.template [13ms]
2024-02-12 19:36:42.288 [info] > git for-each-ref --format=%(refname)%00%(upstream:short)%00%(objectname)%00%(upstream:track)%00%(upstream:remotename)%00%(upstream:remoteref) refs/heads/master refs/remotes/master [4ms]
2024-02-12 19:36:42.296 [warning] ENOENT: no such file or directory, open '/home/bitnami/todo/.git/refs/remotes/origin/master'
2024-02-12 19:36:42.306 [info] > git rev-parse refs/remotes/origin/master [10ms]
2024-02-12 19:36:42.332 [info] > git status -z -uall [13ms]
2024-02-12 19:36:42.612 [info] > git check-ignore -v -z --stdin [25ms]
2024-02-12 19:36:42.614 [info] > git check-ignore -v -z --stdin [40ms]
2024-02-12 19:36:42.619 [info] > git status -z -uall [1166ms]
2024-02-12 19:36:42.644 [info] > git check-ignore -v -z --stdin [34ms]
2024-02-12 19:36:42.661 [info] No remotes found in the git config file.
2024-02-12 19:36:42.662 [info] > git config --get commit.template [18ms]
2024-02-12 19:36:42.667 [info] > git for-each-ref --format=%(refname)%00%(upstream:short)%00%(objectname)%00%(upstream:track)%00%(upstream:remotename)%00%(upstream:remoteref) refs/heads/master refs/remotes/master [6ms]
2024-02-12 19:36:42.812 [info] > git status -z -uall [137ms]
2024-02-12 19:36:45.334 [info] > git for-each-ref --format=%(refname)%00%(upstream:short)%00%(objectname)%00%(upstream:track)%00%(upstream:remotename)%00%(upstream:remoteref) refs/heads/master [41ms]
2024-02-12 19:36:45.348 [info] > git merge-base refs/heads/master refs/remotes/origin/master [44ms]
2024-02-12 19:36:45.356 [info] > git merge-base refs/heads/chapter-04-views refs/remotes/origin/chapter-04-views [58ms]
2024-02-12 19:36:45.366 [info] > git rev-list --count --left-right refs/heads/master...refs/remotes/origin/master [11ms]
2024-02-12 19:36:45.368 [info] > git config --local branch.master.vscode-merge-base [20ms]
2024-02-12 19:36:45.369 [warning] git config failed: Failed to execute git
2024-02-12 19:36:45.376 [info] > git rev-list --count --left-right refs/heads/chapter-04-views...refs/remotes/origin/chapter-04-views [11ms]
2024-02-12 19:36:45.385 [info] > git reflog refs/heads/master --grep-reflog=branch: Created from *. [11ms]
2024-02-12 19:36:45.394 [info] > git symbolic-ref --short refs/remotes/origin/HEAD [2ms]
2024-02-12 19:36:45.394 [info] fatal: ref refs/remotes/origin/HEAD is not a symbolic ref
2024-02-12 19:36:45.601 [info] > git config --get commit.template [2ms]
2024-02-12 19:36:45.606 [info] No remotes found in the git config file.
2024-02-12 19:36:45.607 [info] > git for-each-ref --format=%(refname)%00%(upstream:short)%00%(objectname)%00%(upstream:track)%00%(upstream:remotename)%00%(upstream:remoteref) refs/heads/master refs/remotes/master [1ms]
2024-02-12 19:36:45.767 [info] > git for-each-ref --format=%(refname)%00%(upstream:short)%00%(objectname)%00%(upstream:track)%00%(upstream:remotename)%00%(upstream:remoteref) refs/heads/master [11ms]
2024-02-12 19:36:45.776 [info] > git config --local branch.master.vscode-merge-base [2ms]
2024-02-12 19:36:45.776 [warning] git config failed: Failed to execute git
2024-02-12 19:36:45.786 [info] > git reflog refs/heads/master --grep-reflog=branch: Created from *. [5ms]
2024-02-12 19:36:45.798 [info] > git symbolic-ref --short refs/remotes/origin/HEAD [1ms]
2024-02-12 19:36:45.798 [info] fatal: ref refs/remotes/origin/HEAD is not a symbolic ref
2024-02-12 19:36:46.310 [info] > git status -z -uall [698ms]
2024-02-12 19:36:46.370 [info] > git check-ignore -v -z --stdin [71ms]
2024-02-12 19:36:46.528 [info] > git for-each-ref --format=%(refname)%00%(upstream:short)%00%(objectname)%00%(upstream:track)%00%(upstream:remotename)%00%(upstream:remoteref) refs/heads/master [7ms]
2024-02-12 19:36:46.543 [info] > git config --local branch.master.vscode-merge-base [3ms]
2024-02-12 19:36:46.543 [warning] git config failed: Failed to execute git
2024-02-12 19:36:46.558 [info] > git reflog refs/heads/master --grep-reflog=branch: Created from *. [9ms]
2024-02-12 19:36:46.568 [info] > git symbolic-ref --short refs/remotes/origin/HEAD [1ms]
2024-02-12 19:36:46.568 [info] fatal: ref refs/remotes/origin/HEAD is not a symbolic ref
2024-02-12 19:36:51.374 [info] No remotes found in the git config file.
2024-02-12 19:36:51.414 [info] > git config --get commit.template [40ms]
2024-02-12 19:36:51.416 [info] > git for-each-ref --format=%(refname)%00%(upstream:short)%00%(objectname)%00%(upstream:track)%00%(upstream:remotename)%00%(upstream:remoteref) refs/heads/master refs/remotes/master [36ms]
2024-02-12 19:36:52.015 [info] > git status -z -uall [592ms]
2024-02-12 19:36:52.249 [info] > git for-each-ref --format=%(refname)%00%(upstream:short)%00%(objectname)%00%(upstream:track)%00%(upstream:remotename)%00%(upstream:remoteref) refs/heads/master [13ms]
2024-02-12 19:36:52.260 [info] > git config --local branch.master.vscode-merge-base [2ms]
2024-02-12 19:36:52.260 [warning] git config failed: Failed to execute git
2024-02-12 19:36:52.277 [info] > git reflog refs/heads/master --grep-reflog=branch: Created from *. [11ms]
2024-02-12 19:36:52.287 [info] > git symbolic-ref --short refs/remotes/origin/HEAD [2ms]
2024-02-12 19:36:52.287 [info] fatal: ref refs/remotes/origin/HEAD is not a symbolic ref
2024-02-12 19:36:57.091 [info] No remotes found in the git config file.
2024-02-12 19:36:57.113 [info] > git config --get commit.template [32ms]
2024-02-12 19:36:57.120 [info] > git for-each-ref --format=%(refname)%00%(upstream:short)%00%(objectname)%00%(upstream:track)%00%(upstream:remotename)%00%(upstream:remoteref) refs/heads/master refs/remotes/master [28ms]
2024-02-12 19:36:57.950 [info] > git status -z -uall [795ms]
2024-02-12 19:36:58.117 [info] > git for-each-ref --format=%(refname)%00%(upstream:short)%00%(objectname)%00%(upstream:track)%00%(upstream:remotename)%00%(upstream:remoteref) refs/heads/master [3ms]
2024-02-12 19:36:58.124 [info] > git config --local branch.master.vscode-merge-base [3ms]
2024-02-12 19:36:58.124 [warning] git config failed: Failed to execute git
2024-02-12 19:36:58.137 [info] > git reflog refs/heads/master --grep-reflog=branch: Created from *. [9ms]
2024-02-12 19:36:58.143 [info] > git symbolic-ref --short refs/remotes/origin/HEAD [1ms]
2024-02-12 19:36:58.143 [info] fatal: ref refs/remotes/origin/HEAD is not a symbolic ref
2024-02-12 19:37:09.615 [info] No remotes found in the git config file.
2024-02-12 19:37:09.649 [info] > git config --get commit.template [42ms]
2024-02-12 19:37:09.652 [info] > git for-each-ref --format=%(refname)%00%(upstream:short)%00%(objectname)%00%(upstream:track)%00%(upstream:remotename)%00%(upstream:remoteref) refs/heads/master refs/remotes/master [40ms]
2024-02-12 19:37:10.185 [info] > git status -z -uall [524ms]
2024-02-12 19:37:10.357 [info] > git for-each-ref --format=%(refname)%00%(upstream:short)%00%(objectname)%00%(upstream:track)%00%(upstream:remotename)%00%(upstream:remoteref) refs/heads/master [2ms]
2024-02-12 19:37:10.368 [info] > git config --local branch.master.vscode-merge-base [3ms]
2024-02-12 19:37:10.368 [warning] git config failed: Failed to execute git
2024-02-12 19:37:10.381 [info] > git reflog refs/heads/master --grep-reflog=branch: Created from *. [7ms]
2024-02-12 19:37:10.388 [info] > git symbolic-ref --short refs/remotes/origin/HEAD [1ms]
2024-02-12 19:37:10.388 [info] fatal: ref refs/remotes/origin/HEAD is not a symbolic ref
2024-02-12 19:37:12.393 [info] > git for-each-ref --format=%(refname)%00%(upstream:short)%00%(objectname)%00%(upstream:track)%00%(upstream:remotename)%00%(upstream:remoteref) refs/heads/master [3ms]
2024-02-12 19:37:12.400 [info] > git config --local branch.master.vscode-merge-base [1ms]
2024-02-12 19:37:12.400 [warning] git config failed: Failed to execute git
2024-02-12 19:37:12.412 [info] > git reflog refs/heads/master --grep-reflog=branch: Created from *. [1ms]
2024-02-12 19:37:12.423 [info] > git symbolic-ref --short refs/remotes/origin/HEAD [3ms]
2024-02-12 19:37:12.423 [info] fatal: ref refs/remotes/origin/HEAD is not a symbolic ref
2024-02-12 19:37:15.244 [info] No remotes found in the git config file.
2024-02-12 19:37:15.297 [info] > git config --get commit.template [52ms]
2024-02-12 19:37:15.298 [info] > git for-each-ref --format=%(refname)%00%(upstream:short)%00%(objectname)%00%(upstream:track)%00%(upstream:remotename)%00%(upstream:remoteref) refs/heads/master refs/remotes/master [49ms]
2024-02-12 19:37:15.486 [info] > git check-ignore -v -z --stdin [21ms]
2024-02-12 19:37:15.906 [info] > git status -z -uall [600ms]
2024-02-12 19:37:48.713 [info] No remotes found in the git config file.
2024-02-12 19:37:48.715 [info] > git config --get commit.template [6ms]
2024-02-12 19:37:48.716 [info] > git for-each-ref --format=%(refname)%00%(upstream:short)%00%(objectname)%00%(upstream:track)%00%(upstream:remotename)%00%(upstream:remoteref) refs/heads/master refs/remotes/master [3ms]
2024-02-12 19:37:48.770 [info] > git ls-files --stage -- /home/bitnami/blogger/views/home.ejs [4ms]
2024-02-12 19:37:48.779 [info] > git status -z -uall [59ms]
2024-02-12 19:37:48.781 [info] > git cat-file -s e7a156659638a453cbc3f95dd2a2de23235d750a [3ms]
2024-02-12 19:37:48.891 [info] > git show --textconv :blogger/views/home.ejs [6ms]
2024-02-12 19:38:39.522 [info] No remotes found in the git config file.
2024-02-12 19:38:39.523 [info] > git config --get commit.template [13ms]
2024-02-12 19:38:39.523 [info] > git for-each-ref --format=%(refname)%00%(upstream:short)%00%(objectname)%00%(upstream:track)%00%(upstream:remotename)%00%(upstream:remoteref) refs/heads/master refs/remotes/master [1ms]
2024-02-12 19:38:39.585 [info] > git status -z -uall [50ms]
2024-02-12 19:38:43.678 [info] > git ls-files --stage -- /home/bitnami/blogger/views/home.ejs [2ms]
2024-02-12 19:38:43.683 [info] > git cat-file -s e7a156659638a453cbc3f95dd2a2de23235d750a [1ms]
2024-02-12 19:38:43.740 [info] > git show --textconv :blogger/views/home.ejs [5ms]
2024-02-12 19:38:44.604 [info] > git config --get commit.template [6ms]
2024-02-12 19:38:44.604 [info] > git for-each-ref --format=%(refname)%00%(upstream:short)%00%(objectname)%00%(upstream:track)%00%(upstream:remotename)%00%(upstream:remoteref) refs/heads/master refs/remotes/master [2ms]
2024-02-12 19:38:44.654 [info] > git status -z -uall [46ms]
2024-02-12 19:38:45.724 [info] > git check-ignore -v -z --stdin [3ms]
2024-02-12 19:38:49.669 [info] > git config --get commit.template [6ms]
2024-02-12 19:38:49.670 [info] > git for-each-ref --format=%(refname)%00%(upstream:short)%00%(objectname)%00%(upstream:track)%00%(upstream:remotename)%00%(upstream:remoteref) refs/heads/master refs/remotes/master [1ms]
2024-02-12 19:38:49.721 [info] > git status -z -uall [48ms]
2024-02-12 19:38:54.737 [info] > git config --get commit.template [7ms]
2024-02-12 19:38:54.737 [info] > git for-each-ref --format=%(refname)%00%(upstream:short)%00%(objectname)%00%(upstream:track)%00%(upstream:remotename)%00%(upstream:remoteref) refs/heads/master refs/remotes/master [2ms]
2024-02-12 19:38:54.791 [info] > git status -z -uall [49ms]
2024-02-12 19:39:21.562 [info] > git config --get commit.template [5ms]
2024-02-12 19:39:21.564 [info] > git for-each-ref --format=%(refname)%00%(upstream:short)%00%(objectname)%00%(upstream:track)%00%(upstream:remotename)%00%(upstream:remoteref) refs/heads/master refs/remotes/master [3ms]
2024-02-12 19:39:21.616 [info] > git status -z -uall [48ms]
2024-02-12 19:43:39.904 [info] > git config --get commit.template [5ms]
2024-02-12 19:43:39.905 [info] > git for-each-ref --format=%(refname)%00%(upstream:short)%00%(objectname)%00%(upstream:track)%00%(upstream:remotename)%00%(upstream:remoteref) refs/heads/master refs/remotes/master [2ms]
2024-02-12 19:43:39.956 [info] > git status -z -uall [48ms]
2024-02-12 19:43:46.486 [info] > git config --get commit.template [6ms]
2024-02-12 19:43:46.486 [info] > git for-each-ref --format=%(refname)%00%(upstream:short)%00%(objectname)%00%(upstream:track)%00%(upstream:remotename)%00%(upstream:remoteref) refs/heads/master refs/remotes/master [3ms]
2024-02-12 19:43:46.540 [info] > git status -z -uall [50ms]
2024-02-12 19:46:03.697 [info] > git config --get commit.template [13ms]
2024-02-12 19:46:03.700 [info] > git for-each-ref --format=%(refname)%00%(upstream:short)%00%(objectname)%00%(upstream:track)%00%(upstream:remotename)%00%(upstream:remoteref) refs/heads/master refs/remotes/master [5ms]
2024-02-12 19:46:03.751 [info] > git status -z -uall [45ms]
2024-02-12 19:46:08.765 [info] > git config --get commit.template [6ms]
2024-02-12 19:46:08.766 [info] > git for-each-ref --format=%(refname)%00%(upstream:short)%00%(objectname)%00%(upstream:track)%00%(upstream:remotename)%00%(upstream:remoteref) refs/heads/master refs/remotes/master [2ms]
2024-02-12 19:46:08.822 [info] > git status -z -uall [51ms]
2024-02-12 19:46:13.836 [info] > git config --get commit.template [5ms]
2024-02-12 19:46:13.837 [info] > git for-each-ref --format=%(refname)%00%(upstream:short)%00%(objectname)%00%(upstream:track)%00%(upstream:remotename)%00%(upstream:remoteref) refs/heads/master refs/remotes/master [1ms]
2024-02-12 19:46:13.888 [info] > git status -z -uall [46ms]
2024-02-12 19:46:16.108 [info] > git show --textconv :.bash_history [7ms]
2024-02-12 19:46:16.110 [info] > git ls-files --stage -- /home/bitnami/.bash_history [3ms]
2024-02-12 19:46:16.119 [info] > git cat-file -s 3af04dcfda35142193d1b8343197c3b9d579a96d [3ms]
2024-02-12 19:46:18.914 [info] > git config --get commit.template [14ms]
2024-02-12 19:46:18.916 [info] > git for-each-ref --format=%(refname)%00%(upstream:short)%00%(objectname)%00%(upstream:track)%00%(upstream:remotename)%00%(upstream:remoteref) refs/heads/master refs/remotes/master [3ms]
2024-02-12 19:46:18.974 [info] > git status -z -uall [50ms]
2024-02-12 19:46:23.985 [info] > git config --get commit.template [1ms]
2024-02-12 19:46:23.991 [info] > git for-each-ref --format=%(refname)%00%(upstream:short)%00%(objectname)%00%(upstream:track)%00%(upstream:remotename)%00%(upstream:remoteref) refs/heads/master refs/remotes/master [1ms]
2024-02-12 19:46:24.054 [info] > git status -z -uall [59ms]
2024-02-12 19:46:29.069 [info] > git config --get commit.template [6ms]
2024-02-12 19:46:29.070 [info] > git for-each-ref --format=%(refname)%00%(upstream:short)%00%(objectname)%00%(upstream:track)%00%(upstream:remotename)%00%(upstream:remoteref) refs/heads/master refs/remotes/master [1ms]
2024-02-12 19:46:29.120 [info] > git status -z -uall [47ms]
2024-02-12 19:46:34.146 [info] > git config --get commit.template [11ms]
2024-02-12 19:46:34.146 [info] > git for-each-ref --format=%(refname)%00%(upstream:short)%00%(objectname)%00%(upstream:track)%00%(upstream:remotename)%00%(upstream:remoteref) refs/heads/master refs/remotes/master [1ms]
2024-02-12 19:46:34.205 [info] > git status -z -uall [53ms]
2024-02-12 19:46:35.924 [info] > git check-ignore -v -z --stdin [3ms]
2024-02-12 19:46:37.763 [info] > git check-ignore -v -z --stdin [3ms]
2024-02-12 19:46:39.223 [info] > git config --get commit.template [6ms]
2024-02-12 19:46:39.223 [info] > git for-each-ref --format=%(refname)%00%(upstream:short)%00%(objectname)%00%(upstream:track)%00%(upstream:remotename)%00%(upstream:remoteref) refs/heads/master refs/remotes/master [2ms]
2024-02-12 19:46:39.275 [info] > git status -z -uall [48ms]
2024-02-12 19:46:41.644 [info] > git check-ignore -v -z --stdin [3ms]
2024-02-12 19:46:43.305 [info] > git check-ignore -v -z --stdin [3ms]
2024-02-12 19:46:44.288 [info] > git config --get commit.template [5ms]
2024-02-12 19:46:44.289 [info] > git for-each-ref --format=%(refname)%00%(upstream:short)%00%(objectname)%00%(upstream:track)%00%(upstream:remotename)%00%(upstream:remoteref) refs/heads/master refs/remotes/master [2ms]
2024-02-12 19:46:44.343 [info] > git status -z -uall [49ms]
2024-02-12 19:46:44.423 [info] > git check-ignore -v -z --stdin [3ms]
2024-02-12 19:46:46.459 [info] > git show --textconv :.vscode-server/data/logs/20240212T185109/exthost1/vscode.git/Git.log [7ms]
2024-02-12 19:46:46.461 [info] > git ls-files --stage -- /home/bitnami/.vscode-server/data/logs/20240212T185109/exthost1/vscode.git/Git.log [4ms]
2024-02-12 19:46:46.467 [info] > git cat-file -s 7b19f1d628806b12fdd977402fcef730a0dff7b2 [2ms]
2024-02-12 19:46:49.361 [info] > git config --get commit.template [7ms]
2024-02-12 19:46:49.361 [info] > git for-each-ref --format=%(refname)%00%(upstream:short)%00%(objectname)%00%(upstream:track)%00%(upstream:remotename)%00%(upstream:remoteref) refs/heads/master refs/remotes/master [1ms]
2024-02-12 19:46:49.416 [info] > git status -z -uall [50ms]
2024-02-12 19:51:06.099 [info] > git for-each-ref --format=%(refname)%00%(upstream:short)%00%(objectname)%00%(upstream:track)%00%(upstream:remotename)%00%(upstream:remoteref) refs/heads/master refs/remotes/master [5ms]
2024-02-12 19:51:06.099 [info] > git config --get commit.template [15ms]
2024-02-12 19:51:06.152 [info] > git status -z -uall [45ms]
2024-02-12 19:51:11.167 [info] > git config --get commit.template [6ms]
2024-02-12 19:51:11.168 [info] > git for-each-ref --format=%(refname)%00%(upstream:short)%00%(objectname)%00%(upstream:track)%00%(upstream:remotename)%00%(upstream:remoteref) refs/heads/master refs/remotes/master [1ms]
2024-02-12 19:51:11.219 [info] > git status -z -uall [48ms]
2024-02-12 19:51:16.235 [info] > git config --get commit.template [6ms]
2024-02-12 19:51:16.235 [info] > git for-each-ref --format=%(refname)%00%(upstream:short)%00%(objectname)%00%(upstream:track)%00%(upstream:remotename)%00%(upstream:remoteref) refs/heads/master refs/remotes/master [1ms]
2024-02-12 19:51:16.286 [info] > git status -z -uall [46ms]
2024-02-12 19:51:21.301 [info] > git config --get commit.template [5ms]
2024-02-12 19:51:21.301 [info] > git for-each-ref --format=%(refname)%00%(upstream:short)%00%(objectname)%00%(upstream:track)%00%(upstream:remotename)%00%(upstream:remoteref) refs/heads/master refs/remotes/master [1ms]
2024-02-12 19:51:21.355 [info] > git status -z -uall [47ms]
2024-02-12 19:51:32.514 [info] > git config --get commit.template [7ms]
2024-02-12 19:51:32.516 [info] > git for-each-ref --format=%(refname)%00%(upstream:short)%00%(objectname)%00%(upstream:track)%00%(upstream:remotename)%00%(upstream:remoteref) refs/heads/master refs/remotes/master [3ms]
2024-02-12 19:51:32.575 [info] > git status -z -uall [54ms]
2024-02-12 19:51:56.929 [info] > git config --get commit.template [1ms]
2024-02-12 19:51:56.939 [info] > git for-each-ref --format=%(refname)%00%(upstream:short)%00%(objectname)%00%(upstream:track)%00%(upstream:remotename)%00%(upstream:remoteref) refs/heads/master refs/remotes/master [2ms]
2024-02-12 19:51:56.994 [info] > git status -z -uall [50ms]
2024-02-12 19:52:05.216 [info] > git config --get commit.template [6ms]
2024-02-12 19:52:05.216 [info] > git for-each-ref --format=%(refname)%00%(upstream:short)%00%(objectname)%00%(upstream:track)%00%(upstream:remotename)%00%(upstream:remoteref) refs/heads/master refs/remotes/master [1ms]
2024-02-12 19:52:05.266 [info] > git status -z -uall [45ms]
2024-02-12 19:52:10.282 [info] > git config --get commit.template [5ms]
2024-02-12 19:52:10.283 [info] > git for-each-ref --format=%(refname)%00%(upstream:short)%00%(objectname)%00%(upstream:track)%00%(upstream:remotename)%00%(upstream:remoteref) refs/heads/master refs/remotes/master [2ms]
2024-02-12 19:52:10.334 [info] > git status -z -uall [46ms]
2024-02-12 19:52:15.350 [info] > git config --get commit.template [7ms]
2024-02-12 19:52:15.350 [info] > git for-each-ref --format=%(refname)%00%(upstream:short)%00%(objectname)%00%(upstream:track)%00%(upstream:remotename)%00%(upstream:remoteref) refs/heads/master refs/remotes/master [1ms]
2024-02-12 19:52:15.405 [info] > git status -z -uall [51ms]
2024-02-12 19:52:26.649 [info] > git config --get commit.template [5ms]
2024-02-12 19:52:26.649 [info] > git for-each-ref --format=%(refname)%00%(upstream:short)%00%(objectname)%00%(upstream:track)%00%(upstream:remotename)%00%(upstream:remoteref) refs/heads/master refs/remotes/master [1ms]
2024-02-12 19:52:26.696 [info] > git status -z -uall [44ms]
2024-02-12 19:53:25.965 [info] > git for-each-ref --format=%(refname)%00%(upstream:short)%00%(objectname)%00%(upstream:track)%00%(upstream:remotename)%00%(upstream:remoteref) refs/heads/master refs/remotes/master [4ms]
2024-02-12 19:53:25.965 [info] > git config --get commit.template [9ms]
2024-02-12 19:53:26.023 [info] > git status -z -uall [51ms]
2024-02-12 19:53:31.036 [info] > git config --get commit.template [6ms]
2024-02-12 19:53:31.036 [info] > git for-each-ref --format=%(refname)%00%(upstream:short)%00%(objectname)%00%(upstream:track)%00%(upstream:remotename)%00%(upstream:remoteref) refs/heads/master refs/remotes/master [1ms]
2024-02-12 19:53:31.090 [info] > git status -z -uall [48ms]
2024-02-12 19:53:36.103 [info] > git config --get commit.template [5ms]
2024-02-12 19:53:36.104 [info] > git for-each-ref --format=%(refname)%00%(upstream:short)%00%(objectname)%00%(upstream:track)%00%(upstream:remotename)%00%(upstream:remoteref) refs/heads/master refs/remotes/master [1ms]
2024-02-12 19:53:36.151 [info] > git status -z -uall [43ms]
2024-02-12 19:53:37.367 [info] > git check-ignore -v -z --stdin [3ms]
2024-02-12 19:53:41.165 [info] > git config --get commit.template [5ms]
2024-02-12 19:53:41.166 [info] > git for-each-ref --format=%(refname)%00%(upstream:short)%00%(objectname)%00%(upstream:track)%00%(upstream:remotename)%00%(upstream:remoteref) refs/heads/master refs/remotes/master [2ms]
2024-02-12 19:53:41.216 [info] > git status -z -uall [45ms]
2024-02-12 19:53:46.228 [info] > git config --get commit.template [5ms]
2024-02-12 19:53:46.230 [info] > git for-each-ref --format=%(refname)%00%(upstream:short)%00%(objectname)%00%(upstream:track)%00%(upstream:remotename)%00%(upstream:remoteref) refs/heads/master refs/remotes/master [1ms]
2024-02-12 19:53:46.281 [info] > git status -z -uall [47ms]
2024-02-12 19:53:49.088 [info] > git check-ignore -v -z --stdin [1ms]
2024-02-12 19:53:51.296 [info] > git config --get commit.template [6ms]
2024-02-12 19:53:51.297 [info] > git for-each-ref --format=%(refname)%00%(upstream:short)%00%(objectname)%00%(upstream:track)%00%(upstream:remotename)%00%(upstream:remoteref) refs/heads/master refs/remotes/master [2ms]
2024-02-12 19:53:51.357 [info] > git status -z -uall [55ms]
2024-02-12 19:53:56.372 [info] > git config --get commit.template [5ms]
2024-02-12 19:53:56.372 [info] > git for-each-ref --format=%(refname)%00%(upstream:short)%00%(objectname)%00%(upstream:track)%00%(upstream:remotename)%00%(upstream:remoteref) refs/heads/master refs/remotes/master [1ms]
2024-02-12 19:53:56.422 [info] > git status -z -uall [46ms]
2024-02-12 19:54:01.156 [info] > git ls-files --stage -- /home/bitnami/.vscode-server/data/logs/20240212T185109/exthost1/vscode.git/Git.log [3ms]
2024-02-12 19:54:01.163 [info] > git cat-file -s 7b19f1d628806b12fdd977402fcef730a0dff7b2 [1ms]
2024-02-12 19:54:01.231 [info] > git show --textconv :.vscode-server/data/logs/20240212T185109/exthost1/vscode.git/Git.log [9ms]
2024-02-12 19:54:01.446 [info] > git config --get commit.template [14ms]
2024-02-12 19:54:01.447 [info] > git for-each-ref --format=%(refname)%00%(upstream:short)%00%(objectname)%00%(upstream:track)%00%(upstream:remotename)%00%(upstream:remoteref) refs/heads/master refs/remotes/master [6ms]
2024-02-12 19:54:01.548 [info] > git status -z -uall [93ms]
2024-02-12 19:54:13.572 [info] > git config --get commit.template [5ms]
2024-02-12 19:54:13.573 [info] > git for-each-ref --format=%(refname)%00%(upstream:short)%00%(objectname)%00%(upstream:track)%00%(upstream:remotename)%00%(upstream:remoteref) refs/heads/master refs/remotes/master [2ms]
2024-02-12 19:54:13.627 [info] > git status -z -uall [51ms]
2024-02-12 19:54:18.641 [info] > git config --get commit.template [6ms]
2024-02-12 19:54:18.641 [info] > git for-each-ref --format=%(refname)%00%(upstream:short)%00%(objectname)%00%(upstream:track)%00%(upstream:remotename)%00%(upstream:remoteref) refs/heads/master refs/remotes/master [1ms]
2024-02-12 19:54:18.693 [info] > git status -z -uall [48ms]
2024-02-12 19:54:23.708 [info] > git config --get commit.template [6ms]
2024-02-12 19:54:23.709 [info] > git for-each-ref --format=%(refname)%00%(upstream:short)%00%(objectname)%00%(upstream:track)%00%(upstream:remotename)%00%(upstream:remoteref) refs/heads/master refs/remotes/master [2ms]
2024-02-12 19:54:23.764 [info] > git status -z -uall [50ms]
2024-02-12 19:54:28.781 [info] > git config --get commit.template [6ms]
2024-02-12 19:54:28.781 [info] > git for-each-ref --format=%(refname)%00%(upstream:short)%00%(objectname)%00%(upstream:track)%00%(upstream:remotename)%00%(upstream:remoteref) refs/heads/master refs/remotes/master [1ms]
2024-02-12 19:54:28.833 [info] > git status -z -uall [48ms]
2024-02-12 19:54:33.844 [info] > git config --get commit.template [2ms]
2024-02-12 19:54:33.849 [info] > git for-each-ref --format=%(refname)%00%(upstream:short)%00%(objectname)%00%(upstream:track)%00%(upstream:remotename)%00%(upstream:remoteref) refs/heads/master refs/remotes/master [1ms]
2024-02-12 19:54:33.896 [info] > git status -z -uall [43ms]
2024-02-12 19:54:38.914 [info] > git config --get commit.template [7ms]
2024-02-12 19:54:38.917 [info] > git for-each-ref --format=%(refname)%00%(upstream:short)%00%(objectname)%00%(upstream:track)%00%(upstream:remotename)%00%(upstream:remoteref) refs/heads/master refs/remotes/master [4ms]
2024-02-12 19:54:38.970 [info] > git status -z -uall [49ms]
2024-02-12 19:54:43.984 [info] > git config --get commit.template [5ms]
2024-02-12 19:54:43.984 [info] > git for-each-ref --format=%(refname)%00%(upstream:short)%00%(objectname)%00%(upstream:track)%00%(upstream:remotename)%00%(upstream:remoteref) refs/heads/master refs/remotes/master [1ms]
2024-02-12 19:54:44.032 [info] > git status -z -uall [45ms]
2024-02-12 19:54:49.047 [info] > git config --get commit.template [5ms]
2024-02-12 19:54:49.047 [info] > git for-each-ref --format=%(refname)%00%(upstream:short)%00%(objectname)%00%(upstream:track)%00%(upstream:remotename)%00%(upstream:remoteref) refs/heads/master refs/remotes/master [2ms]
2024-02-12 19:54:49.097 [info] > git status -z -uall [46ms]
2024-02-12 19:54:54.111 [info] > git config --get commit.template [5ms]
2024-02-12 19:54:54.112 [info] > git for-each-ref --format=%(refname)%00%(upstream:short)%00%(objectname)%00%(upstream:track)%00%(upstream:remotename)%00%(upstream:remoteref) refs/heads/master refs/remotes/master [1ms]
2024-02-12 19:54:54.161 [info] > git status -z -uall [46ms]
2024-02-12 19:54:59.175 [info] > git config --get commit.template [6ms]
2024-02-12 19:54:59.176 [info] > git for-each-ref --format=%(refname)%00%(upstream:short)%00%(objectname)%00%(upstream:track)%00%(upstream:remotename)%00%(upstream:remoteref) refs/heads/master refs/remotes/master [2ms]
2024-02-12 19:54:59.226 [info] > git status -z -uall [45ms]
2024-02-12 19:55:04.244 [info] > git config --get commit.template [9ms]
2024-02-12 19:55:04.244 [info] > git for-each-ref --format=%(refname)%00%(upstream:short)%00%(objectname)%00%(upstream:track)%00%(upstream:remotename)%00%(upstream:remoteref) refs/heads/master refs/remotes/master [1ms]
2024-02-12 19:55:04.296 [info] > git status -z -uall [47ms]
2024-02-12 19:55:09.312 [info] > git config --get commit.template [6ms]
2024-02-12 19:55:09.312 [info] > git for-each-ref --format=%(refname)%00%(upstream:short)%00%(objectname)%00%(upstream:track)%00%(upstream:remotename)%00%(upstream:remoteref) refs/heads/master refs/remotes/master [1ms]
2024-02-12 19:55:09.364 [info] > git status -z -uall [47ms]
2024-02-12 19:55:14.378 [info] > git config --get commit.template [5ms]
2024-02-12 19:55:14.378 [info] > git for-each-ref --format=%(refname)%00%(upstream:short)%00%(objectname)%00%(upstream:track)%00%(upstream:remotename)%00%(upstream:remoteref) refs/heads/master refs/remotes/master [1ms]
2024-02-12 19:55:14.426 [info] > git status -z -uall [44ms]
2024-02-12 19:55:19.439 [info] > git config --get commit.template [5ms]
2024-02-12 19:55:19.440 [info] > git for-each-ref --format=%(refname)%00%(upstream:short)%00%(objectname)%00%(upstream:track)%00%(upstream:remotename)%00%(upstream:remoteref) refs/heads/master refs/remotes/master [1ms]
2024-02-12 19:55:19.488 [info] > git status -z -uall [43ms]
2024-02-12 19:55:45.204 [info] > git config --get commit.template [14ms]
2024-02-12 19:55:45.205 [info] > git for-each-ref --format=%(refname)%00%(upstream:short)%00%(objectname)%00%(upstream:track)%00%(upstream:remotename)%00%(upstream:remoteref) refs/heads/master refs/remotes/master [2ms]
2024-02-12 19:55:45.258 [info] > git status -z -uall [47ms]
2024-02-12 19:56:45.183 [info] > git config --get commit.template [6ms]
2024-02-12 19:56:45.183 [info] > git for-each-ref --format=%(refname)%00%(upstream:short)%00%(objectname)%00%(upstream:track)%00%(upstream:remotename)%00%(upstream:remoteref) refs/heads/master refs/remotes/master [1ms]
2024-02-12 19:56:45.238 [info] > git status -z -uall [51ms]
2024-02-12 19:57:14.564 [info] > git config --get commit.template [6ms]
2024-02-12 19:57:14.567 [info] > git for-each-ref --format=%(refname)%00%(upstream:short)%00%(objectname)%00%(upstream:track)%00%(upstream:remotename)%00%(upstream:remoteref) refs/heads/master refs/remotes/master [4ms]
2024-02-12 19:57:14.621 [info] > git status -z -uall [49ms]
2024-02-12 19:58:34.249 [info] > git config --get commit.template [6ms]
2024-02-12 19:58:34.254 [info] > git for-each-ref --format=%(refname)%00%(upstream:short)%00%(objectname)%00%(upstream:track)%00%(upstream:remotename)%00%(upstream:remoteref) refs/heads/master refs/remotes/master [6ms]
2024-02-12 19:58:34.306 [info] > git status -z -uall [47ms]
2024-02-12 19:58:39.321 [info] > git config --get commit.template [6ms]
2024-02-12 19:58:39.321 [info] > git for-each-ref --format=%(refname)%00%(upstream:short)%00%(objectname)%00%(upstream:track)%00%(upstream:remotename)%00%(upstream:remoteref) refs/heads/master refs/remotes/master [1ms]
2024-02-12 19:58:39.369 [info] > git status -z -uall [44ms]
