2024-02-11 23:47:39.418 [info] Log level: Info
2024-02-11 23:47:39.418 [info] Validating found git in: "git"
2024-02-11 23:47:39.418 [info] Using git "2.30.2" from "git"
2024-02-11 23:47:39.418 [info] > git rev-parse --show-toplevel [305ms]
2024-02-11 23:47:39.418 [info] fatal: not a git repository (or any of the parent directories): .git
2024-02-11 23:47:39.418 [info] > git rev-parse --show-toplevel [224ms]
2024-02-11 23:47:39.418 [info] fatal: not a git repository (or any of the parent directories): .git
2024-02-11 23:47:39.418 [info] > git rev-parse --show-toplevel [29ms]
2024-02-11 23:47:39.418 [info] fatal: not a git repository (or any of the parent directories): .git
2024-02-11 23:47:39.419 [info] > git rev-parse --show-toplevel [60ms]
2024-02-11 23:47:39.419 [info] fatal: not a git repository (or any of the parent directories): .git
2024-02-11 23:47:39.746 [info] > git rev-parse --show-toplevel [271ms]
2024-02-11 23:47:39.746 [info] fatal: not a git repository (or any of the parent directories): .git
2024-02-11 23:47:39.806 [info] > git rev-parse --show-toplevel [30ms]
2024-02-11 23:47:39.806 [info] fatal: not a git repository (or any of the parent directories): .git
2024-02-11 23:47:39.842 [info] > git rev-parse --show-toplevel [10ms]
2024-02-11 23:47:39.842 [info] fatal: not a git repository (or any of the parent directories): .git
2024-02-11 23:47:39.879 [info] > git rev-parse --show-toplevel [5ms]
2024-02-11 23:47:39.879 [info] fatal: not a git repository (or any of the parent directories): .git
2024-02-11 23:47:39.909 [info] > git rev-parse --show-toplevel [6ms]
2024-02-11 23:47:39.909 [info] fatal: not a git repository (or any of the parent directories): .git
2024-02-11 23:47:39.951 [info] > git rev-parse --show-toplevel [20ms]
2024-02-11 23:47:39.951 [info] fatal: not a git repository (or any of the parent directories): .git
2024-02-11 23:47:39.987 [info] > git rev-parse --show-toplevel [5ms]
2024-02-11 23:47:39.987 [info] fatal: not a git repository (or any of the parent directories): .git
2024-02-11 23:47:40.041 [info] > git rev-parse --show-toplevel [18ms]
2024-02-11 23:47:40.041 [info] fatal: not a git repository (or any of the parent directories): .git
2024-02-11 23:47:45.888 [info] > git rev-parse --show-toplevel [49ms]
2024-02-11 23:47:45.893 [info] fatal: not a git repository (or any of the parent directories): .git
2024-02-11 23:48:04.317 [info] > git rev-parse --show-toplevel [34ms]
2024-02-11 23:48:04.318 [info] fatal: not a git repository (or any of the parent directories): .git
2024-02-11 23:48:21.690 [info] > git rev-parse --show-toplevel [32ms]
2024-02-11 23:48:21.691 [info] fatal: not a git repository (or any of the parent directories): .git
2024-02-11 23:48:23.433 [info] > git rev-parse --show-toplevel [1ms]
2024-02-11 23:48:23.433 [info] fatal: not a git repository (or any of the parent directories): .git
2024-02-11 23:48:28.904 [info] > git rev-parse --show-toplevel [2ms]
2024-02-11 23:48:28.904 [info] fatal: not a git repository (or any of the parent directories): .git
2024-02-11 23:48:41.048 [info] > git rev-parse --show-toplevel [7ms]
2024-02-11 23:48:41.048 [info] fatal: not a git repository (or any of the parent directories): .git
2024-02-11 23:48:43.623 [info] > git rev-parse --show-toplevel [12ms]
2024-02-11 23:48:43.623 [info] fatal: not a git repository (or any of the parent directories): .git
2024-02-11 23:48:44.794 [info] > git rev-parse --show-toplevel [40ms]
2024-02-11 23:48:44.794 [info] fatal: not a git repository (or any of the parent directories): .git
2024-02-11 23:49:49.645 [info] > git rev-parse --show-toplevel [57ms]
2024-02-11 23:49:49.647 [info] fatal: not a git repository (or any of the parent directories): .git
2024-02-11 23:49:55.519 [info] > git rev-parse --show-toplevel [35ms]
2024-02-11 23:49:55.521 [info] fatal: not a git repository (or any of the parent directories): .git
2024-02-11 23:49:56.759 [info] > git rev-parse --show-toplevel [25ms]
2024-02-11 23:49:56.759 [info] fatal: not a git repository (or any of the parent directories): .git
