/home/bitnami/421Lab/lab4/node_modules/express/lib/router/route.js:202
        throw new Error(msg);
        ^

Error: Route.get() requires a callback function but got a [object Undefined]
    at Route.<computed> [as get] (/home/bitnami/421Lab/lab4/node_modules/express/lib/router/route.js:202:15)
    at proto.<computed> [as get] (/home/bitnami/421Lab/lab4/node_modules/express/lib/router/index.js:510:19)
    at Object.<anonymous> (/home/bitnami/421Lab/lab4/app_api/routes/index.js:7:8)
    at Module._compile (node:internal/modules/cjs/loader:1356:14)
    at Module._extensions..js (node:internal/modules/cjs/loader:1414:10)
    at Module.load (node:internal/modules/cjs/loader:1197:32)
    at Module._load (node:internal/modules/cjs/loader:1013:12)
    at Module.require (node:internal/modules/cjs/loader:1225:19)
    at require (node:internal/modules/helpers:177:18)
    at Object.<anonymous> (/home/bitnami/421Lab/lab4/app.js:12:17)

Node.js v18.19.0
/home/bitnami/421Lab/lab4/node_modules/express/lib/router/route.js:202
        throw new Error(msg);
        ^

Error: Route.get() requires a callback function but got a [object Undefined]
    at Route.<computed> [as get] (/home/bitnami/421Lab/lab4/node_modules/express/lib/router/route.js:202:15)
    at proto.<computed> [as get] (/home/bitnami/421Lab/lab4/node_modules/express/lib/router/index.js:510:19)
    at Object.<anonymous> (/home/bitnami/421Lab/lab4/app_api/routes/index.js:7:8)
    at Module._compile (node:internal/modules/cjs/loader:1356:14)
    at Module._extensions..js (node:internal/modules/cjs/loader:1414:10)
    at Module.load (node:internal/modules/cjs/loader:1197:32)
    at Module._load (node:internal/modules/cjs/loader:1013:12)
    at Module.require (node:internal/modules/cjs/loader:1225:19)
    at require (node:internal/modules/helpers:177:18)
    at Object.<anonymous> (/home/bitnami/421Lab/lab4/app.js:12:17)

Node.js v18.19.0
