[0mGET /bio [32m200 [0m258.450 ms - 335[0m
[0mGET /stylesheets/style.css [36m304 [0m1.539 ms - -[0m
Port 3000 is already in use
[0mGET /bio [36m304 [0m336.212 ms - -[0m
[0mGET /stylesheets/style.css [36m304 [0m1.330 ms - -[0m
[0mGET /bio [36m304 [0m9.727 ms - -[0m
[0mGET /stylesheets/style.css [36m304 [0m0.427 ms - -[0m
[0mGET / [36m304 [0m9.442 ms - -[0m
[0mGET /stylesheets/style.css [36m304 [0m0.534 ms - -[0m
[0mGET /stylesheets/style.css [36m304 [0m0.598 ms - -[0m
[0mGET /bio [36m304 [0m11.624 ms - -[0m
[0mGET /stylesheets/style.css [32m200 [0m3.262 ms - 111[0m
[0mGET /stylesheets/style.css [36m304 [0m0.719 ms - -[0m
[0mGET /bio [32m200 [0m12.471 ms - 335[0m
[0mGET /stylesheets/style.css [36m304 [0m0.395 ms - -[0m
[0mGET / [32m200 [0m11.130 ms - 282[0m
[0mGET /stylesheets/style.css [36m304 [0m1.426 ms - -[0m
[0mGET / [32m200 [0m6.077 ms - 282[0m
[0mGET /stylesheets/style.css [36m304 [0m0.558 ms - -[0m
[0mGET / [36m304 [0m11.987 ms - -[0m
[0mGET /stylesheets/style.css [36m304 [0m0.670 ms - -[0m
[0mGET / [36m304 [0m5.456 ms - -[0m
[0mGET /stylesheets/style.css [36m304 [0m0.487 ms - -[0m
[0mGET /bio [36m304 [0m6.121 ms - -[0m
[0mGET /stylesheets/style.css [36m304 [0m0.958 ms - -[0m
[0mGET /stylesheets/style.css [36m304 [0m0.430 ms - -[0m
[0mGET /bio [32m200 [0m9.372 ms - 335[0m
[0mGET /stylesheets/style.css [36m304 [0m0.419 ms - -[0m
[0mGET / [32m200 [0m10.173 ms - 282[0m
[0mGET /stylesheets/style.css [32m200 [0m0.767 ms - 111[0m
[0mGET /favicon.ico [33m404 [0m11.985 ms - 1012[0m
[0mGET /bio [32m200 [0m7.329 ms - 335[0m
[0mGET /stylesheets/style.css [36m304 [0m0.483 ms - -[0m
[0mGET / [36m304 [0m4.601 ms - -[0m
[0mGET /stylesheets/style.css [36m304 [0m0.504 ms - -[0m
[0mGET / [32m200 [0m8.928 ms - 282[0m
[0mGET / [36m304 [0m6.574 ms - -[0m
[0mGET /stylesheets/style.css [36m304 [0m0.440 ms - -[0m
[0mGET /bio [36m304 [0m7.650 ms - -[0m
[0mGET /stylesheets/style.css [36m304 [0m0.384 ms - -[0m
[0mGET / [32m200 [0m5.298 ms - 282[0m
[0mGET / [32m200 [0m6.808 ms - 282[0m
[0mGET /bio [32m200 [0m6.424 ms - 335[0m
[0mGET /stylesheets/style.css [36m304 [0m0.410 ms - -[0m
[0mGET /bio [36m304 [0m29.260 ms - -[0m
[0mGET /stylesheets/style.css [36m304 [0m0.473 ms - -[0m
[0mGET / [36m304 [0m14.070 ms - -[0m
[0mGET /stylesheets/style.css [36m304 [0m0.471 ms - -[0m
[0mGET /stylesheets/style.css [36m304 [0m0.551 ms - -[0m
[0mGET / [32m200 [0m5.151 ms - 282[0m
[0mGET /favicon.ico [33m404 [0m6.154 ms - 1012[0m
[0mGET /bio [36m304 [0m12.102 ms - -[0m
[0mGET /stylesheets/style.css [36m304 [0m0.569 ms - -[0m
[0mGET /bio [32m200 [0m4.638 ms - 335[0m
[0mGET /stylesheets/style.css [36m304 [0m0.441 ms - -[0m
[0mGET /bio [36m304 [0m5.403 ms - -[0m
[0mGET /stylesheets/style.css [36m304 [0m1.127 ms - -[0m
[0mGET / [32m200 [0m11.064 ms - 282[0m
[0mGET / [32m200 [0m4.225 ms - 282[0m
[0mGET /bio [36m304 [0m9.772 ms - -[0m
[0mGET /stylesheets/style.css [36m304 [0m0.378 ms - -[0m
[0mGET /stylesheets/style.css [36m304 [0m0.423 ms - -[0m
[0mGET /bio [36m304 [0m4.599 ms - -[0m
[0mGET /stylesheets/style.css [36m304 [0m0.456 ms - -[0m
[0mGET /bio [36m304 [0m12.926 ms - -[0m
[0mGET /stylesheets/style.css [36m304 [0m0.401 ms - -[0m
[0mGET /bio [36m304 [0m4.227 ms - -[0m
[0mGET /stylesheets/style.css [36m304 [0m0.387 ms - -[0m
[0mGET /stylesheets/style.css [36m304 [0m0.426 ms - -[0m
[0mGET /bio [32m200 [0m4.976 ms - 335[0m
[0mGET /stylesheets/style.css [36m304 [0m0.385 ms - -[0m
[0mGET /bio [32m200 [0m7.654 ms - 335[0m
[0mGET /stylesheets/style.css [36m304 [0m0.391 ms - -[0m
[0mGET /bio [36m304 [0m3.982 ms - -[0m
[0mGET /stylesheets/style.css [36m304 [0m1.073 ms - -[0m
[0mGET / [36m304 [0m3.675 ms - -[0m
[0mGET /stylesheets/style.css [36m304 [0m0.370 ms - -[0m
[0mGET /stylesheets/style.css [36m304 [0m0.648 ms - -[0m
[0mGET / [32m200 [0m4.765 ms - 282[0m
[0mGET /stylesheets/style.css [36m304 [0m0.382 ms - -[0m
[0mGET / [32m200 [0m4.918 ms - 282[0m
[0mGET /stylesheets/style.css [36m304 [0m0.624 ms - -[0m
[0mGET /bio [36m304 [0m5.101 ms - -[0m
[0mGET /stylesheets/style.css [36m304 [0m0.376 ms - -[0m
[0mGET /bio [32m200 [0m4.748 ms - 335[0m
[0mGET /stylesheets/style.css [36m304 [0m0.403 ms - -[0m
[0mGET /bio [36m304 [0m4.408 ms - -[0m
[0mGET /stylesheets/style.css [36m304 [0m0.547 ms - -[0m
[0mGET / [36m304 [0m13.527 ms - -[0m
[0mGET /stylesheets/style.css [36m304 [0m0.486 ms - -[0m
[0mGET / [36m304 [0m4.236 ms - -[0m
[0mGET /stylesheets/style.css [36m304 [0m0.425 ms - -[0m
[0mGET /bio [36m304 [0m4.984 ms - -[0m
[0mGET /stylesheets/style.css [36m304 [0m0.361 ms - -[0m
[0mGET /bio [32m200 [0m4.781 ms - 335[0m
[0mGET /stylesheets/style.css [36m304 [0m0.383 ms - -[0m
[0mGET /bio [32m200 [0m7.037 ms - 335[0m
[0mGET /stylesheets/style.css [36m304 [0m0.387 ms - -[0m
[0mGET /bio [32m200 [0m5.703 ms - 335[0m
[0mGET /stylesheets/style.css [36m304 [0m0.462 ms - -[0m
[0mGET /bio [32m200 [0m4.510 ms - 335[0m
[0mGET /stylesheets/style.css [36m304 [0m0.381 ms - -[0m
[0mGET /bio [32m200 [0m10.411 ms - 335[0m
[0mGET /stylesheets/style.css [36m304 [0m0.383 ms - -[0m
[0mGET /bio [32m200 [0m4.176 ms - 335[0m
[0mGET /stylesheets/style.css [36m304 [0m0.373 ms - -[0m
[0mGET /bio [36m304 [0m4.078 ms - -[0m
[0mGET /stylesheets/style.css [36m304 [0m0.388 ms - -[0m
[0mGET /bio [36m304 [0m6.167 ms - -[0m
[0mGET /stylesheets/style.css [36m304 [0m0.388 ms - -[0m
[0mGET / [36m304 [0m4.469 ms - -[0m
[0mGET /stylesheets/style.css [36m304 [0m0.498 ms - -[0m
[0mGET /apple-touch-icon-precomposed.png [33m404 [0m5.698 ms - 1012[0m
[0mGET /apple-touch-icon.png [33m404 [0m9.473 ms - 1012[0m
[0mGET /favicon.ico [33m404 [0m17.025 ms - 1012[0m
[0mGET / [32m200 [0m5.609 ms - 282[0m
[0mGET /apple-touch-icon-precomposed.png [33m404 [0m5.056 ms - 1012[0m
[0mGET /apple-touch-icon.png [33m404 [0m8.475 ms - 1012[0m
[0mGET /favicon.ico [33m404 [0m3.095 ms - 1012[0m
[0mGET / [32m200 [0m4.100 ms - 282[0m
[0mGET / [36m304 [0m4.541 ms - -[0m
[0mGET /stylesheets/style.css [36m304 [0m0.527 ms - -[0m
[0mGET /bio [36m304 [0m5.336 ms - -[0m
[0mGET /stylesheets/style.css [36m304 [0m0.383 ms - -[0m
[0mGET /stylesheets/style.css [36m304 [0m0.437 ms - -[0m
[0mGET / [36m304 [0m4.117 ms - -[0m
[0mGET /stylesheets/style.css [36m304 [0m0.422 ms - -[0m
[0mGET /bio [36m304 [0m5.665 ms - -[0m
[0mGET /stylesheets/style.css [36m304 [0m0.424 ms - -[0m
[0mGET / [32m200 [0m12.421 ms - 282[0m
[0mGET /stylesheets/style.css [32m200 [0m1.311 ms - 111[0m
[0mGET /favicon.ico [33m404 [0m3.898 ms - 1012[0m
[0mGET /bio [32m200 [0m3.971 ms - 335[0m
[0mGET /stylesheets/style.css [36m304 [0m0.541 ms - -[0m
[0mGET /bio [36m304 [0m4.004 ms - -[0m
[0mGET /stylesheets/style.css [36m304 [0m0.470 ms - -[0m
[0mGET / [36m304 [0m5.464 ms - -[0m
[0mGET /stylesheets/style.css [36m304 [0m0.397 ms - -[0m
[0mGET / [36m304 [0m3.984 ms - -[0m
[0mGET /stylesheets/style.css [36m304 [0m0.384 ms - -[0m
[0mGET / [36m304 [0m4.316 ms - -[0m
[0mGET /stylesheets/style.css [36m304 [0m0.430 ms - -[0m
[0mGET / [36m304 [0m4.129 ms - -[0m
[0mGET /stylesheets/style.css [36m304 [0m0.428 ms - -[0m
[0mGET /bio [36m304 [0m6.252 ms - -[0m
[0mGET /stylesheets/style.css [36m304 [0m0.396 ms - -[0m
[0mGET /bio [36m304 [0m4.254 ms - -[0m
[0mGET /stylesheets/style.css [36m304 [0m2.317 ms - -[0m
Port 3000 is already in use
[0mGET / [36m304 [0m258.132 ms - -[0m
[0mGET /stylesheets/style.css [36m304 [0m1.302 ms - -[0m
[0mGET /bio [32m200 [0m15.789 ms - 344[0m
[0mGET /stylesheets/style.css [36m304 [0m0.654 ms - -[0m
[0mGET /bio [32m200 [0m9.470 ms - 344[0m
[0mGET /stylesheets/style.css [36m304 [0m0.647 ms - -[0m
[0mGET /bio [32m200 [0m9.620 ms - 344[0m
[0mGET /stylesheets/style.css [36m304 [0m0.424 ms - -[0m
[0mGET /bio [32m200 [0m20.753 ms - 344[0m
[0mGET /stylesheets/style.css [36m304 [0m1.880 ms - -[0m
[0mGET / [32m200 [0m8.514 ms - 285[0m
[0mGET /stylesheets/style.css [36m304 [0m0.417 ms - -[0m
[0mGET / [32m200 [0m5.794 ms - 285[0m
[0mGET /stylesheets/style.css [36m304 [0m4.070 ms - -[0m
[0mGET / [32m200 [0m9.281 ms - 285[0m
[0mGET /stylesheets/style.css [36m304 [0m0.631 ms - -[0m
[0mGET /bio [36m304 [0m10.177 ms - -[0m
[0mGET /stylesheets/style.css [36m304 [0m0.640 ms - -[0m
[0mGET /bio [32m200 [0m7.705 ms - 344[0m
[0mGET /stylesheets/style.css [36m304 [0m0.612 ms - -[0m
[0mGET / [32m200 [0m9.644 ms - 285[0m
[0mGET /stylesheets/style.css [36m304 [0m0.527 ms - -[0m
[0mGET / [32m200 [0m6.157 ms - 285[0m
[0mGET / [32m200 [0m5.762 ms - 285[0m
[0mGET / [32m200 [0m6.396 ms - 285[0m
[0mGET / [32m200 [0m7.476 ms - 285[0m
[0mGET /stylesheets/style.css [36m304 [0m0.489 ms - -[0m
[0mGET /bio [36m304 [0m11.125 ms - -[0m
[0mGET /stylesheets/style.css [36m304 [0m0.384 ms - -[0m
[0mGET / [32m200 [0m5.433 ms - 285[0m
[0mGET / [32m200 [0m6.096 ms - 285[0m
[0mGET /favicon.ico [33m404 [0m7.506 ms - 1012[0m
[0mGET / [32m200 [0m5.704 ms - 285[0m
[0mGET / [32m200 [0m5.412 ms - 285[0m
[0mGET /favicon.ico [33m404 [0m6.280 ms - 1012[0m
[0mGET / [32m200 [0m5.563 ms - 285[0m
[0mGET / [32m200 [0m5.014 ms - 285[0m
[0mGET / [32m200 [0m6.291 ms - 285[0m
[0mGET /favicon.ico [33m404 [0m4.838 ms - 1012[0m
[0mGET /robots.txt [33m404 [0m8.843 ms - 1012[0m
[0mGET /favicon.ico [33m404 [0m5.283 ms - 1012[0m
[0mGET / [32m200 [0m4.560 ms - 285[0m
[0mGET /favicon.ico [33m404 [0m5.962 ms - 1012[0m
[0mGET /robots.txt [33m404 [0m6.495 ms - 1012[0m
[0mGET /sitemap.xml [33m404 [0m6.346 ms - 1012[0m
[0mGET / [32m200 [0m5.511 ms - 285[0m
[0mPOST /login [33m404 [0m33.644 ms - 1012[0m
[0mGET / [32m200 [0m4.751 ms - 285[0m
[0mGET / [32m200 [0m4.522 ms - 285[0m
[0mGET / [32m200 [0m4.071 ms - 285[0m
[0mGET / [32m200 [0m10.830 ms - 285[0m
[0mGET /.DS_Store [33m404 [0m6.457 ms - 1012[0m
[0mGET / [32m200 [0m4.570 ms - 285[0m
[0mGET / [32m200 [0m8.002 ms - 285[0m
[0mGET /favicon.ico [33m404 [0m4.489 ms - 1012[0m
[0mGET / [32m200 [0m5.007 ms - 285[0m
[0mGET / [32m200 [0m13.437 ms - 285[0m
[0mGET /.vscode/sftp.json [33m404 [0m4.665 ms - 1012[0m
[0mGET /bio [36m304 [0m5.692 ms - -[0m
[0mGET /stylesheets/style.css [36m304 [0m0.445 ms - -[0m
[0mGET /.git/config [33m404 [0m4.271 ms - 1012[0m
[0mGET / [32m200 [0m4.203 ms - 285[0m
[0mGET /favicon.ico [33m404 [0m3.944 ms - 1012[0m
[0mGET / [32m200 [0m3.477 ms - 285[0m
[0mGET /package.json [33m404 [0m5.854 ms - 1012[0m
[0mGET / [32m200 [0m4.018 ms - 285[0m
[0mGET / [32m200 [0m4.544 ms - 285[0m
[0mGET / [32m200 [0m4.581 ms - 285[0m
[0mGET / [32m200 [0m4.052 ms - 285[0m
[0mGET / [32m200 [0m4.946 ms - 285[0m
[0mGET / [32m200 [0m3.944 ms - 285[0m
[0mGET / [32m200 [0m4.608 ms - 285[0m
[0mGET /favicon.ico [33m404 [0m4.219 ms - 1012[0m
[0mGET / [32m200 [0m3.324 ms - 285[0m
[0mGET /stylesheets/style.css [36m304 [0m0.423 ms - -[0m
[0mGET / [32m200 [0m4.051 ms - 285[0m
[0mGET / [32m200 [0m7.064 ms - 285[0m
[0mGET / [32m200 [0m4.201 ms - 285[0m
[0mGET / [32m200 [0m4.401 ms - 285[0m
[0mGET / [32m200 [0m3.906 ms - 285[0m
[0mGET /favicon.ico [33m404 [0m4.242 ms - 1012[0m
[0mGET / [32m200 [0m4.494 ms - 285[0m
[0mGET / [32m200 [0m4.563 ms - 285[0m
[0mGET / [32m200 [0m4.880 ms - 285[0m
[0mGET / [32m200 [0m4.993 ms - 285[0m
[0mGET / [32m200 [0m5.074 ms - 285[0m
[0mGET /favicon.ico [33m404 [0m4.781 ms - 1012[0m
[0mGET / [32m200 [0m4.778 ms - 285[0m
[0mGET /stylesheets/style.css [36m304 [0m0.576 ms - -[0m
[0mGET / [32m200 [0m3.532 ms - 285[0m
[0mGET /favicon.ico [33m404 [0m8.195 ms - 1012[0m
[0mGET / [32m200 [0m5.502 ms - 285[0m
[0mGET / [32m200 [0m4.494 ms - 285[0m
[0mGET /favicon.ico [33m404 [0m5.363 ms - 1012[0m
[0mGET / [32m200 [0m4.231 ms - 285[0m
[0mGET / [32m200 [0m5.820 ms - 285[0m
[0mGET / [36m304 [0m4.183 ms - -[0m
[0mGET /stylesheets/style.css [36m304 [0m0.560 ms - -[0m
[0mGET /favicon.ico [33m404 [0m4.464 ms - 1012[0m
[0mGET / [36m304 [0m3.675 ms - -[0m
[0mGET /stylesheets/style.css [36m304 [0m0.504 ms - -[0m
[0mGET / [32m200 [0m4.200 ms - 285[0m
[0mGET / [32m200 [0m5.354 ms - 285[0m
[0mGET / [36m304 [0m6.078 ms - -[0m
[0mGET /stylesheets/style.css [36m304 [0m0.378 ms - -[0m
[0mGET / [36m304 [0m5.360 ms - -[0m
[0mGET /stylesheets/style.css [36m304 [0m0.413 ms - -[0m
[0mGET / [36m304 [0m5.715 ms - -[0m
[0mGET /stylesheets/style.css [36m304 [0m0.374 ms - -[0m
[0mGET / [36m304 [0m5.586 ms - -[0m
[0mGET /stylesheets/style.css [36m304 [0m2.180 ms - -[0m
[0mGET / [36m304 [0m3.887 ms - -[0m
[0mGET /stylesheets/style.css [36m304 [0m0.410 ms - -[0m
[0mGET / [36m304 [0m5.081 ms - -[0m
[0mGET /stylesheets/style.css [36m304 [0m1.361 ms - -[0m
[0mGET / [36m304 [0m4.742 ms - -[0m
[0mGET /stylesheets/style.css [36m304 [0m0.888 ms - -[0m
[0mGET / [36m304 [0m4.422 ms - -[0m
[0mGET /stylesheets/style.css [36m304 [0m0.387 ms - -[0m
[0mGET / [36m304 [0m5.157 ms - -[0m
[0mGET /stylesheets/style.css [36m304 [0m0.429 ms - -[0m
[0mGET / [36m304 [0m4.576 ms - -[0m
[0mGET /stylesheets/style.css [36m304 [0m0.380 ms - -[0m
[0mGET / [36m304 [0m5.380 ms - -[0m
[0mGET /stylesheets/style.css [36m304 [0m0.387 ms - -[0m
[0mGET /bio [36m304 [0m6.648 ms - -[0m
[0mGET /stylesheets/style.css [36m304 [0m0.458 ms - -[0m
[0mGET /stylesheets/style.css [36m304 [0m0.463 ms - -[0m
[0mGET /bio [32m200 [0m4.797 ms - 344[0m
[0mGET /stylesheets/style.css [36m304 [0m0.398 ms - -[0m
[0mGET /bio [32m200 [0m7.949 ms - 344[0m
[0mGET /stylesheets/style.css [36m304 [0m0.404 ms - -[0m
[0mGET /bio [36m304 [0m5.016 ms - -[0m
[0mGET /stylesheets/style.css [36m304 [0m0.379 ms - -[0m
[0mGET / [36m304 [0m6.003 ms - -[0m
[0mGET /stylesheets/style.css [36m304 [0m0.508 ms - -[0m
[0mGET / [36m304 [0m3.553 ms - -[0m
[0mGET /stylesheets/style.css [36m304 [0m0.368 ms - -[0m
[0mGET / [36m304 [0m3.405 ms - -[0m
[0mGET /stylesheets/style.css [36m304 [0m0.390 ms - -[0m
[0mGET / [36m304 [0m6.397 ms - -[0m
[0mGET /stylesheets/style.css [36m304 [0m0.914 ms - -[0m
[0mGET / [36m304 [0m4.207 ms - -[0m
[0mGET /stylesheets/style.css [36m304 [0m0.386 ms - -[0m
[0mGET / [36m304 [0m5.291 ms - -[0m
[0mGET /stylesheets/style.css [36m304 [0m0.428 ms - -[0m
[0mGET / [36m304 [0m5.094 ms - -[0m
[0mGET /stylesheets/style.css [36m304 [0m0.374 ms - -[0m
[0mGET / [36m304 [0m4.577 ms - -[0m
[0mGET /stylesheets/style.css [36m304 [0m0.421 ms - -[0m
[0mGET / [36m304 [0m5.546 ms - -[0m
[0mGET /stylesheets/style.css [36m304 [0m0.399 ms - -[0m
[0mGET / [36m304 [0m3.705 ms - -[0m
[0mGET /stylesheets/style.css [36m304 [0m0.459 ms - -[0m
[0mGET / [36m304 [0m7.931 ms - -[0m
[0mGET /stylesheets/style.css [36m304 [0m0.513 ms - -[0m
[0mGET / [36m304 [0m5.277 ms - -[0m
[0mGET /stylesheets/style.css [36m304 [0m0.365 ms - -[0m
[0mGET / [32m200 [0m5.765 ms - 285[0m
[0mGET / [32m200 [0m6.825 ms - 285[0m
[0mGET / [32m200 [0m3.822 ms - 285[0m
[0mGET /Dy43Smldih [33m404 [0m11.900 ms - 1012[0m
[0mGET / [32m200 [0m3.845 ms - 285[0m
[0mGET / [32m200 [0m6.885 ms - 285[0m
[0mGET / [32m200 [0m5.449 ms - 285[0m
[0mGET /user/login [33m404 [0m5.704 ms - 1012[0m
[0mGET / [32m200 [0m5.368 ms - 285[0m
[0mGET / [32m200 [0m4.533 ms - 285[0m
[0mGET / [32m200 [0m3.117 ms - 285[0m
[0mGET /favicon.ico [33m404 [0m5.050 ms - 1012[0m
[0mGET / [32m200 [0m3.184 ms - 285[0m
[0mGET / [32m200 [0m4.716 ms - 285[0m
[0mGET /favicon.ico [33m404 [0m3.916 ms - 1012[0m
[0mGET /robots.txt [33m404 [0m4.677 ms - 1012[0m
[0mGET / [32m200 [0m5.597 ms - 285[0m
[0mGET / [32m200 [0m3.613 ms - 285[0m
[0mGET / [32m200 [0m3.734 ms - 285[0m
[0mGET / [32m200 [0m4.766 ms - 285[0m
[0mGET / [32m200 [0m4.651 ms - 285[0m
[0mGET / [32m200 [0m5.212 ms - 285[0m
[0mGET / [32m200 [0m3.929 ms - 285[0m
[0mGET / [32m200 [0m3.895 ms - 285[0m
[0mGET / [32m200 [0m7.459 ms - 285[0m
[0mGET / [32m200 [0m4.310 ms - 285[0m
[0mGET / [36m304 [0m5.270 ms - -[0m
[0mGET /stylesheets/style.css [36m304 [0m3.389 ms - -[0m
[0mGET /favicon.ico [33m404 [0m8.828 ms - 1012[0m
[0mGET / [32m200 [0m4.236 ms - 285[0m
[0mGET / [32m200 [0m4.301 ms - 285[0m
[0mGET / [32m200 [0m6.455 ms - 285[0m
[0mGET / [32m200 [0m3.833 ms - 285[0m
[0mGET / [36m304 [0m4.764 ms - -[0m
[0mGET /stylesheets/style.css [36m304 [0m0.374 ms - -[0m
[0mGET / [32m200 [0m4.479 ms - 285[0m
[0mGET / [36m304 [0m44.890 ms - -[0m
[0mGET /stylesheets/style.css [36m304 [0m2.104 ms - -[0m
[0mGET / [36m304 [0m4.514 ms - -[0m
[0mGET /stylesheets/style.css [36m304 [0m0.343 ms - -[0m
[0mGET / [36m304 [0m3.559 ms - -[0m
[0mGET /stylesheets/style.css [36m304 [0m0.341 ms - -[0m
[0mGET / [32m200 [0m552.973 ms - 285[0m
