*
* Visual Studio Code Server
*
* By using the software, you agree to
* the Visual Studio Code Server License Terms (https://aka.ms/vscode-server-license) and
* the Microsoft Privacy Statement (https://privacy.microsoft.com/en-US/privacystatement).
*
Server bound to 127.0.0.1:35827 (IPv4)
Extension host agent listening on 35827

[18:51:09] 




[18:51:09] Extension host agent started.
[18:51:09] [127.0.0.1][5d1c4009][ManagementConnection] New connection established.
[18:51:09] [127.0.0.1][e4c27093][ExtensionHostConnection] New connection established.
[18:51:09] [127.0.0.1][e4c27093][ExtensionHostConnection] <53413> Launched Extension Host Process.
rejected promise not handled within 1 second: CodeExpectedError: Could not find pty on pty host
stack trace: CodeExpectedError: Could not find pty on pty host
    at A.U (/home/bitnami/.vscode-server/bin/31c37ee8f63491495ac49e43b8544550fbae4533/out/vs/platform/terminal/node/ptyHostMain.js:43:32407)
    at A.updateIcon (/home/bitnami/.vscode-server/bin/31c37ee8f63491495ac49e43b8544550fbae4533/out/vs/platform/terminal/node/ptyHostMain.js:43:27592)
    at U.<computed> (/home/bitnami/.vscode-server/bin/31c37ee8f63491495ac49e43b8544550fbae4533/out/vs/platform/terminal/node/ptyHostMain.js:43:22765)
    at Object.call (/home/bitnami/.vscode-server/bin/31c37ee8f63491495ac49e43b8544550fbae4533/out/vs/platform/terminal/node/ptyHostMain.js:34:5041)
    at $.s (/home/bitnami/.vscode-server/bin/31c37ee8f63491495ac49e43b8544550fbae4533/out/vs/platform/terminal/node/ptyHostMain.js:32:5153)
    at $.q (/home/bitnami/.vscode-server/bin/31c37ee8f63491495ac49e43b8544550fbae4533/out/vs/platform/terminal/node/ptyHostMain.js:32:4662)
    at a.value (/home/bitnami/.vscode-server/bin/31c37ee8f63491495ac49e43b8544550fbae4533/out/vs/platform/terminal/node/ptyHostMain.js:32:4064)
    at d.y (/home/bitnami/.vscode-server/bin/31c37ee8f63491495ac49e43b8544550fbae4533/out/vs/platform/terminal/node/ptyHostMain.js:27:1906)
    at d.fire (/home/bitnami/.vscode-server/bin/31c37ee8f63491495ac49e43b8544550fbae4533/out/vs/platform/terminal/node/ptyHostMain.js:27:2123)
    at process.ne (/home/bitnami/.vscode-server/bin/31c37ee8f63491495ac49e43b8544550fbae4533/out/vs/platform/terminal/node/ptyHostMain.js:25:10072)
    at process.emit (node:events:514:28)
    at emit (node:internal/child_process:937:14)
    at process.processTicksAndRejections (node:internal/process/task_queues:83:21)
[18:51:14] Error [CodeExpectedError]: Could not find pty on pty host
    at A.U (/home/bitnami/.vscode-server/bin/31c37ee8f63491495ac49e43b8544550fbae4533/out/vs/platform/terminal/node/ptyHostMain.js:43:32407)
    at A.updateIcon (/home/bitnami/.vscode-server/bin/31c37ee8f63491495ac49e43b8544550fbae4533/out/vs/platform/terminal/node/ptyHostMain.js:43:27592)
    at U.<computed> (/home/bitnami/.vscode-server/bin/31c37ee8f63491495ac49e43b8544550fbae4533/out/vs/platform/terminal/node/ptyHostMain.js:43:22765)
    at Object.call (/home/bitnami/.vscode-server/bin/31c37ee8f63491495ac49e43b8544550fbae4533/out/vs/platform/terminal/node/ptyHostMain.js:34:5041)
    at $.s (/home/bitnami/.vscode-server/bin/31c37ee8f63491495ac49e43b8544550fbae4533/out/vs/platform/terminal/node/ptyHostMain.js:32:5153)
    at $.q (/home/bitnami/.vscode-server/bin/31c37ee8f63491495ac49e43b8544550fbae4533/out/vs/platform/terminal/node/ptyHostMain.js:32:4662)
    at a.value (/home/bitnami/.vscode-server/bin/31c37ee8f63491495ac49e43b8544550fbae4533/out/vs/platform/terminal/node/ptyHostMain.js:32:4064)
    at d.y (/home/bitnami/.vscode-server/bin/31c37ee8f63491495ac49e43b8544550fbae4533/out/vs/platform/terminal/node/ptyHostMain.js:27:1906)
    at d.fire (/home/bitnami/.vscode-server/bin/31c37ee8f63491495ac49e43b8544550fbae4533/out/vs/platform/terminal/node/ptyHostMain.js:27:2123)
    at process.ne (/home/bitnami/.vscode-server/bin/31c37ee8f63491495ac49e43b8544550fbae4533/out/vs/platform/terminal/node/ptyHostMain.js:25:10072)
    at process.emit (node:events:514:28)
    at emit (node:internal/child_process:937:14)
    at process.processTicksAndRejections (node:internal/process/task_queues:83:21)
rejected promise not handled within 1 second: CodeExpectedError: Could not find pty on pty host
stack trace: CodeExpectedError: Could not find pty on pty host
    at A.U (/home/bitnami/.vscode-server/bin/31c37ee8f63491495ac49e43b8544550fbae4533/out/vs/platform/terminal/node/ptyHostMain.js:43:32407)
    at A.updateTitle (/home/bitnami/.vscode-server/bin/31c37ee8f63491495ac49e43b8544550fbae4533/out/vs/platform/terminal/node/ptyHostMain.js:43:27539)
    at U.<computed> (/home/bitnami/.vscode-server/bin/31c37ee8f63491495ac49e43b8544550fbae4533/out/vs/platform/terminal/node/ptyHostMain.js:43:22765)
    at Object.call (/home/bitnami/.vscode-server/bin/31c37ee8f63491495ac49e43b8544550fbae4533/out/vs/platform/terminal/node/ptyHostMain.js:34:5041)
    at $.s (/home/bitnami/.vscode-server/bin/31c37ee8f63491495ac49e43b8544550fbae4533/out/vs/platform/terminal/node/ptyHostMain.js:32:5153)
    at $.q (/home/bitnami/.vscode-server/bin/31c37ee8f63491495ac49e43b8544550fbae4533/out/vs/platform/terminal/node/ptyHostMain.js:32:4662)
    at a.value (/home/bitnami/.vscode-server/bin/31c37ee8f63491495ac49e43b8544550fbae4533/out/vs/platform/terminal/node/ptyHostMain.js:32:4064)
    at d.y (/home/bitnami/.vscode-server/bin/31c37ee8f63491495ac49e43b8544550fbae4533/out/vs/platform/terminal/node/ptyHostMain.js:27:1906)
    at d.fire (/home/bitnami/.vscode-server/bin/31c37ee8f63491495ac49e43b8544550fbae4533/out/vs/platform/terminal/node/ptyHostMain.js:27:2123)
    at process.ne (/home/bitnami/.vscode-server/bin/31c37ee8f63491495ac49e43b8544550fbae4533/out/vs/platform/terminal/node/ptyHostMain.js:25:10072)
    at process.emit (node:events:514:28)
    at emit (node:internal/child_process:937:14)
    at process.processTicksAndRejections (node:internal/process/task_queues:83:21)
[18:51:14] Error [CodeExpectedError]: Could not find pty on pty host
    at A.U (/home/bitnami/.vscode-server/bin/31c37ee8f63491495ac49e43b8544550fbae4533/out/vs/platform/terminal/node/ptyHostMain.js:43:32407)
    at A.updateTitle (/home/bitnami/.vscode-server/bin/31c37ee8f63491495ac49e43b8544550fbae4533/out/vs/platform/terminal/node/ptyHostMain.js:43:27539)
    at U.<computed> (/home/bitnami/.vscode-server/bin/31c37ee8f63491495ac49e43b8544550fbae4533/out/vs/platform/terminal/node/ptyHostMain.js:43:22765)
    at Object.call (/home/bitnami/.vscode-server/bin/31c37ee8f63491495ac49e43b8544550fbae4533/out/vs/platform/terminal/node/ptyHostMain.js:34:5041)
    at $.s (/home/bitnami/.vscode-server/bin/31c37ee8f63491495ac49e43b8544550fbae4533/out/vs/platform/terminal/node/ptyHostMain.js:32:5153)
    at $.q (/home/bitnami/.vscode-server/bin/31c37ee8f63491495ac49e43b8544550fbae4533/out/vs/platform/terminal/node/ptyHostMain.js:32:4662)
    at a.value (/home/bitnami/.vscode-server/bin/31c37ee8f63491495ac49e43b8544550fbae4533/out/vs/platform/terminal/node/ptyHostMain.js:32:4064)
    at d.y (/home/bitnami/.vscode-server/bin/31c37ee8f63491495ac49e43b8544550fbae4533/out/vs/platform/terminal/node/ptyHostMain.js:27:1906)
    at d.fire (/home/bitnami/.vscode-server/bin/31c37ee8f63491495ac49e43b8544550fbae4533/out/vs/platform/terminal/node/ptyHostMain.js:27:2123)
    at process.ne (/home/bitnami/.vscode-server/bin/31c37ee8f63491495ac49e43b8544550fbae4533/out/vs/platform/terminal/node/ptyHostMain.js:25:10072)
    at process.emit (node:events:514:28)
    at emit (node:internal/child_process:937:14)
    at process.processTicksAndRejections (node:internal/process/task_queues:83:21)
Got delay-shutdown request while in shutdown timeout, delaying
[18:52:44] Got delay-shutdown request while in shutdown timeout, delaying
Cancelling previous shutdown timeout
[18:52:44] Cancelling previous shutdown timeout
[18:52:45] [127.0.0.1][5d1c4009][ManagementConnection] The client has reconnected.
rejected promise not handled within 1 second: CodeExpectedError: Could not find pty on pty host
stack trace: CodeExpectedError: Could not find pty on pty host
    at A.U (/home/bitnami/.vscode-server/bin/31c37ee8f63491495ac49e43b8544550fbae4533/out/vs/platform/terminal/node/ptyHostMain.js:43:32407)
    at A.updateIcon (/home/bitnami/.vscode-server/bin/31c37ee8f63491495ac49e43b8544550fbae4533/out/vs/platform/terminal/node/ptyHostMain.js:43:27592)
    at U.<computed> (/home/bitnami/.vscode-server/bin/31c37ee8f63491495ac49e43b8544550fbae4533/out/vs/platform/terminal/node/ptyHostMain.js:43:22765)
    at Object.call (/home/bitnami/.vscode-server/bin/31c37ee8f63491495ac49e43b8544550fbae4533/out/vs/platform/terminal/node/ptyHostMain.js:34:5041)
    at $.s (/home/bitnami/.vscode-server/bin/31c37ee8f63491495ac49e43b8544550fbae4533/out/vs/platform/terminal/node/ptyHostMain.js:32:5153)
    at $.q (/home/bitnami/.vscode-server/bin/31c37ee8f63491495ac49e43b8544550fbae4533/out/vs/platform/terminal/node/ptyHostMain.js:32:4662)
    at a.value (/home/bitnami/.vscode-server/bin/31c37ee8f63491495ac49e43b8544550fbae4533/out/vs/platform/terminal/node/ptyHostMain.js:32:4064)
    at d.y (/home/bitnami/.vscode-server/bin/31c37ee8f63491495ac49e43b8544550fbae4533/out/vs/platform/terminal/node/ptyHostMain.js:27:1906)
    at d.fire (/home/bitnami/.vscode-server/bin/31c37ee8f63491495ac49e43b8544550fbae4533/out/vs/platform/terminal/node/ptyHostMain.js:27:2123)
    at process.ne (/home/bitnami/.vscode-server/bin/31c37ee8f63491495ac49e43b8544550fbae4533/out/vs/platform/terminal/node/ptyHostMain.js:25:10072)
    at process.emit (node:events:514:28)
    at emit (node:internal/child_process:937:14)
    at process.processTicksAndRejections (node:internal/process/task_queues:83:21)
[18:52:46] Error [CodeExpectedError]: Could not find pty on pty host
    at A.U (/home/bitnami/.vscode-server/bin/31c37ee8f63491495ac49e43b8544550fbae4533/out/vs/platform/terminal/node/ptyHostMain.js:43:32407)
    at A.updateIcon (/home/bitnami/.vscode-server/bin/31c37ee8f63491495ac49e43b8544550fbae4533/out/vs/platform/terminal/node/ptyHostMain.js:43:27592)
    at U.<computed> (/home/bitnami/.vscode-server/bin/31c37ee8f63491495ac49e43b8544550fbae4533/out/vs/platform/terminal/node/ptyHostMain.js:43:22765)
    at Object.call (/home/bitnami/.vscode-server/bin/31c37ee8f63491495ac49e43b8544550fbae4533/out/vs/platform/terminal/node/ptyHostMain.js:34:5041)
    at $.s (/home/bitnami/.vscode-server/bin/31c37ee8f63491495ac49e43b8544550fbae4533/out/vs/platform/terminal/node/ptyHostMain.js:32:5153)
    at $.q (/home/bitnami/.vscode-server/bin/31c37ee8f63491495ac49e43b8544550fbae4533/out/vs/platform/terminal/node/ptyHostMain.js:32:4662)
    at a.value (/home/bitnami/.vscode-server/bin/31c37ee8f63491495ac49e43b8544550fbae4533/out/vs/platform/terminal/node/ptyHostMain.js:32:4064)
    at d.y (/home/bitnami/.vscode-server/bin/31c37ee8f63491495ac49e43b8544550fbae4533/out/vs/platform/terminal/node/ptyHostMain.js:27:1906)
    at d.fire (/home/bitnami/.vscode-server/bin/31c37ee8f63491495ac49e43b8544550fbae4533/out/vs/platform/terminal/node/ptyHostMain.js:27:2123)
    at process.ne (/home/bitnami/.vscode-server/bin/31c37ee8f63491495ac49e43b8544550fbae4533/out/vs/platform/terminal/node/ptyHostMain.js:25:10072)
    at process.emit (node:events:514:28)
    at emit (node:internal/child_process:937:14)
    at process.processTicksAndRejections (node:internal/process/task_queues:83:21)
rejected promise not handled within 1 second: CodeExpectedError: Could not find pty on pty host
stack trace: CodeExpectedError: Could not find pty on pty host
    at A.U (/home/bitnami/.vscode-server/bin/31c37ee8f63491495ac49e43b8544550fbae4533/out/vs/platform/terminal/node/ptyHostMain.js:43:32407)
    at A.updateTitle (/home/bitnami/.vscode-server/bin/31c37ee8f63491495ac49e43b8544550fbae4533/out/vs/platform/terminal/node/ptyHostMain.js:43:27539)
    at U.<computed> (/home/bitnami/.vscode-server/bin/31c37ee8f63491495ac49e43b8544550fbae4533/out/vs/platform/terminal/node/ptyHostMain.js:43:22765)
    at Object.call (/home/bitnami/.vscode-server/bin/31c37ee8f63491495ac49e43b8544550fbae4533/out/vs/platform/terminal/node/ptyHostMain.js:34:5041)
    at $.s (/home/bitnami/.vscode-server/bin/31c37ee8f63491495ac49e43b8544550fbae4533/out/vs/platform/terminal/node/ptyHostMain.js:32:5153)
    at $.q (/home/bitnami/.vscode-server/bin/31c37ee8f63491495ac49e43b8544550fbae4533/out/vs/platform/terminal/node/ptyHostMain.js:32:4662)
    at a.value (/home/bitnami/.vscode-server/bin/31c37ee8f63491495ac49e43b8544550fbae4533/out/vs/platform/terminal/node/ptyHostMain.js:32:4064)
    at d.y (/home/bitnami/.vscode-server/bin/31c37ee8f63491495ac49e43b8544550fbae4533/out/vs/platform/terminal/node/ptyHostMain.js:27:1906)
    at d.fire (/home/bitnami/.vscode-server/bin/31c37ee8f63491495ac49e43b8544550fbae4533/out/vs/platform/terminal/node/ptyHostMain.js:27:2123)
    at process.ne (/home/bitnami/.vscode-server/bin/31c37ee8f63491495ac49e43b8544550fbae4533/out/vs/platform/terminal/node/ptyHostMain.js:25:10072)
    at process.emit (node:events:514:28)
    at emit (node:internal/child_process:937:14)
    at process.processTicksAndRejections (node:internal/process/task_queues:83:21)
[18:52:46] Error [CodeExpectedError]: Could not find pty on pty host
    at A.U (/home/bitnami/.vscode-server/bin/31c37ee8f63491495ac49e43b8544550fbae4533/out/vs/platform/terminal/node/ptyHostMain.js:43:32407)
    at A.updateTitle (/home/bitnami/.vscode-server/bin/31c37ee8f63491495ac49e43b8544550fbae4533/out/vs/platform/terminal/node/ptyHostMain.js:43:27539)
    at U.<computed> (/home/bitnami/.vscode-server/bin/31c37ee8f63491495ac49e43b8544550fbae4533/out/vs/platform/terminal/node/ptyHostMain.js:43:22765)
    at Object.call (/home/bitnami/.vscode-server/bin/31c37ee8f63491495ac49e43b8544550fbae4533/out/vs/platform/terminal/node/ptyHostMain.js:34:5041)
    at $.s (/home/bitnami/.vscode-server/bin/31c37ee8f63491495ac49e43b8544550fbae4533/out/vs/platform/terminal/node/ptyHostMain.js:32:5153)
    at $.q (/home/bitnami/.vscode-server/bin/31c37ee8f63491495ac49e43b8544550fbae4533/out/vs/platform/terminal/node/ptyHostMain.js:32:4662)
    at a.value (/home/bitnami/.vscode-server/bin/31c37ee8f63491495ac49e43b8544550fbae4533/out/vs/platform/terminal/node/ptyHostMain.js:32:4064)
    at d.y (/home/bitnami/.vscode-server/bin/31c37ee8f63491495ac49e43b8544550fbae4533/out/vs/platform/terminal/node/ptyHostMain.js:27:1906)
    at d.fire (/home/bitnami/.vscode-server/bin/31c37ee8f63491495ac49e43b8544550fbae4533/out/vs/platform/terminal/node/ptyHostMain.js:27:2123)
    at process.ne (/home/bitnami/.vscode-server/bin/31c37ee8f63491495ac49e43b8544550fbae4533/out/vs/platform/terminal/node/ptyHostMain.js:25:10072)
    at process.emit (node:events:514:28)
    at emit (node:internal/child_process:937:14)
    at process.processTicksAndRejections (node:internal/process/task_queues:83:21)
New EH opened, aborting shutdown
[18:57:44] New EH opened, aborting shutdown
[19:09:40] [127.0.0.1][5d1c4009][ManagementConnection] The client has reconnected.
[19:09:40] [127.0.0.1][e4c27093][ExtensionHostConnection] The client has reconnected.
rejected promise not handled within 1 second: CodeExpectedError: Could not find pty on pty host
stack trace: CodeExpectedError: Could not find pty on pty host
    at A.U (/home/bitnami/.vscode-server/bin/31c37ee8f63491495ac49e43b8544550fbae4533/out/vs/platform/terminal/node/ptyHostMain.js:43:32407)
    at A.updateIcon (/home/bitnami/.vscode-server/bin/31c37ee8f63491495ac49e43b8544550fbae4533/out/vs/platform/terminal/node/ptyHostMain.js:43:27592)
    at U.<computed> (/home/bitnami/.vscode-server/bin/31c37ee8f63491495ac49e43b8544550fbae4533/out/vs/platform/terminal/node/ptyHostMain.js:43:22765)
    at Object.call (/home/bitnami/.vscode-server/bin/31c37ee8f63491495ac49e43b8544550fbae4533/out/vs/platform/terminal/node/ptyHostMain.js:34:5041)
    at $.s (/home/bitnami/.vscode-server/bin/31c37ee8f63491495ac49e43b8544550fbae4533/out/vs/platform/terminal/node/ptyHostMain.js:32:5153)
    at $.q (/home/bitnami/.vscode-server/bin/31c37ee8f63491495ac49e43b8544550fbae4533/out/vs/platform/terminal/node/ptyHostMain.js:32:4662)
    at a.value (/home/bitnami/.vscode-server/bin/31c37ee8f63491495ac49e43b8544550fbae4533/out/vs/platform/terminal/node/ptyHostMain.js:32:4064)
    at d.y (/home/bitnami/.vscode-server/bin/31c37ee8f63491495ac49e43b8544550fbae4533/out/vs/platform/terminal/node/ptyHostMain.js:27:1906)
    at d.fire (/home/bitnami/.vscode-server/bin/31c37ee8f63491495ac49e43b8544550fbae4533/out/vs/platform/terminal/node/ptyHostMain.js:27:2123)
    at process.ne (/home/bitnami/.vscode-server/bin/31c37ee8f63491495ac49e43b8544550fbae4533/out/vs/platform/terminal/node/ptyHostMain.js:25:10072)
    at process.emit (node:events:514:28)
    at emit (node:internal/child_process:937:14)
    at process.processTicksAndRejections (node:internal/process/task_queues:83:21)
[19:09:41] Error [CodeExpectedError]: Could not find pty on pty host
    at A.U (/home/bitnami/.vscode-server/bin/31c37ee8f63491495ac49e43b8544550fbae4533/out/vs/platform/terminal/node/ptyHostMain.js:43:32407)
    at A.updateIcon (/home/bitnami/.vscode-server/bin/31c37ee8f63491495ac49e43b8544550fbae4533/out/vs/platform/terminal/node/ptyHostMain.js:43:27592)
    at U.<computed> (/home/bitnami/.vscode-server/bin/31c37ee8f63491495ac49e43b8544550fbae4533/out/vs/platform/terminal/node/ptyHostMain.js:43:22765)
    at Object.call (/home/bitnami/.vscode-server/bin/31c37ee8f63491495ac49e43b8544550fbae4533/out/vs/platform/terminal/node/ptyHostMain.js:34:5041)
    at $.s (/home/bitnami/.vscode-server/bin/31c37ee8f63491495ac49e43b8544550fbae4533/out/vs/platform/terminal/node/ptyHostMain.js:32:5153)
    at $.q (/home/bitnami/.vscode-server/bin/31c37ee8f63491495ac49e43b8544550fbae4533/out/vs/platform/terminal/node/ptyHostMain.js:32:4662)
    at a.value (/home/bitnami/.vscode-server/bin/31c37ee8f63491495ac49e43b8544550fbae4533/out/vs/platform/terminal/node/ptyHostMain.js:32:4064)
    at d.y (/home/bitnami/.vscode-server/bin/31c37ee8f63491495ac49e43b8544550fbae4533/out/vs/platform/terminal/node/ptyHostMain.js:27:1906)
    at d.fire (/home/bitnami/.vscode-server/bin/31c37ee8f63491495ac49e43b8544550fbae4533/out/vs/platform/terminal/node/ptyHostMain.js:27:2123)
    at process.ne (/home/bitnami/.vscode-server/bin/31c37ee8f63491495ac49e43b8544550fbae4533/out/vs/platform/terminal/node/ptyHostMain.js:25:10072)
    at process.emit (node:events:514:28)
    at emit (node:internal/child_process:937:14)
    at process.processTicksAndRejections (node:internal/process/task_queues:83:21)
rejected promise not handled within 1 second: CodeExpectedError: Could not find pty on pty host
stack trace: CodeExpectedError: Could not find pty on pty host
    at A.U (/home/bitnami/.vscode-server/bin/31c37ee8f63491495ac49e43b8544550fbae4533/out/vs/platform/terminal/node/ptyHostMain.js:43:32407)
    at A.updateTitle (/home/bitnami/.vscode-server/bin/31c37ee8f63491495ac49e43b8544550fbae4533/out/vs/platform/terminal/node/ptyHostMain.js:43:27539)
    at U.<computed> (/home/bitnami/.vscode-server/bin/31c37ee8f63491495ac49e43b8544550fbae4533/out/vs/platform/terminal/node/ptyHostMain.js:43:22765)
    at Object.call (/home/bitnami/.vscode-server/bin/31c37ee8f63491495ac49e43b8544550fbae4533/out/vs/platform/terminal/node/ptyHostMain.js:34:5041)
    at $.s (/home/bitnami/.vscode-server/bin/31c37ee8f63491495ac49e43b8544550fbae4533/out/vs/platform/terminal/node/ptyHostMain.js:32:5153)
    at $.q (/home/bitnami/.vscode-server/bin/31c37ee8f63491495ac49e43b8544550fbae4533/out/vs/platform/terminal/node/ptyHostMain.js:32:4662)
    at a.value (/home/bitnami/.vscode-server/bin/31c37ee8f63491495ac49e43b8544550fbae4533/out/vs/platform/terminal/node/ptyHostMain.js:32:4064)
    at d.y (/home/bitnami/.vscode-server/bin/31c37ee8f63491495ac49e43b8544550fbae4533/out/vs/platform/terminal/node/ptyHostMain.js:27:1906)
    at d.fire (/home/bitnami/.vscode-server/bin/31c37ee8f63491495ac49e43b8544550fbae4533/out/vs/platform/terminal/node/ptyHostMain.js:27:2123)
    at process.ne (/home/bitnami/.vscode-server/bin/31c37ee8f63491495ac49e43b8544550fbae4533/out/vs/platform/terminal/node/ptyHostMain.js:25:10072)
    at process.emit (node:events:514:28)
    at emit (node:internal/child_process:937:14)
    at process.processTicksAndRejections (node:internal/process/task_queues:83:21)
[19:09:41] Error [CodeExpectedError]: Could not find pty on pty host
    at A.U (/home/bitnami/.vscode-server/bin/31c37ee8f63491495ac49e43b8544550fbae4533/out/vs/platform/terminal/node/ptyHostMain.js:43:32407)
    at A.updateTitle (/home/bitnami/.vscode-server/bin/31c37ee8f63491495ac49e43b8544550fbae4533/out/vs/platform/terminal/node/ptyHostMain.js:43:27539)
    at U.<computed> (/home/bitnami/.vscode-server/bin/31c37ee8f63491495ac49e43b8544550fbae4533/out/vs/platform/terminal/node/ptyHostMain.js:43:22765)
    at Object.call (/home/bitnami/.vscode-server/bin/31c37ee8f63491495ac49e43b8544550fbae4533/out/vs/platform/terminal/node/ptyHostMain.js:34:5041)
    at $.s (/home/bitnami/.vscode-server/bin/31c37ee8f63491495ac49e43b8544550fbae4533/out/vs/platform/terminal/node/ptyHostMain.js:32:5153)
    at $.q (/home/bitnami/.vscode-server/bin/31c37ee8f63491495ac49e43b8544550fbae4533/out/vs/platform/terminal/node/ptyHostMain.js:32:4662)
    at a.value (/home/bitnami/.vscode-server/bin/31c37ee8f63491495ac49e43b8544550fbae4533/out/vs/platform/terminal/node/ptyHostMain.js:32:4064)
    at d.y (/home/bitnami/.vscode-server/bin/31c37ee8f63491495ac49e43b8544550fbae4533/out/vs/platform/terminal/node/ptyHostMain.js:27:1906)
    at d.fire (/home/bitnami/.vscode-server/bin/31c37ee8f63491495ac49e43b8544550fbae4533/out/vs/platform/terminal/node/ptyHostMain.js:27:2123)
    at process.ne (/home/bitnami/.vscode-server/bin/31c37ee8f63491495ac49e43b8544550fbae4533/out/vs/platform/terminal/node/ptyHostMain.js:25:10072)
    at process.emit (node:events:514:28)
    at emit (node:internal/child_process:937:14)
    at process.processTicksAndRejections (node:internal/process/task_queues:83:21)
