*
* Visual Studio Code Server
*
* By using the software, you agree to
* the Visual Studio Code Server License Terms (https://aka.ms/vscode-server-license) and
* the Microsoft Privacy Statement (https://privacy.microsoft.com/en-US/privacystatement).
*
Server bound to 127.0.0.1:43333 (IPv4)
Extension host agent listening on 43333

[23:38:22] 




[23:38:23] Extension host agent started.
[23:38:23] Started initializing default profile extensions in extensions installation folder. file:///home/bitnami/.vscode-server/extensions
[23:38:23] Completed initializing default profile extensions in extensions installation folder. file:///home/bitnami/.vscode-server/extensions
[23:38:23] [127.0.0.1][379b1d5d][ManagementConnection] New connection established.
[23:38:23] [127.0.0.1][15541704][ExtensionHostConnection] New connection established.
[23:38:23] [127.0.0.1][15541704][ExtensionHostConnection] <154034> Launched Extension Host Process.
[IPC Library: Pty Host]  WARN Shell integration cannot be enabled for executable "/bin/sh" and args [
  '-c',
  'wget --version > /dev/null\n' +
    'if [ $? -eq 0 ]\n' +
    'then\n' +
    "\twget --connect-timeout=7 --tries=1 --dns-timeout=7 -q --header='Metadata:true' -O - http://169.254.169.254/metadata/instance?api-version=2019-03-11\n" +
    'else\n' +
    '\tcurl --version > /dev/null\n' +
    '\tif [ $? -eq 0 ]\n' +
    '\tthen\n' +
    "\t\tcurl --connect-timeout 7 -s --header='Metadata:true' http://169.254.169.254/metadata/instance?api-version=2019-03-11\n" +
    '\tfi\n' +
    'fi\n' +
    'exit 0'
]
[IPC Library: Pty Host]  WARN Shell integration cannot be enabled for executable "/bin/sh" and args [
  '-c',
  'wget --version > /dev/null\n' +
    'if [ $? -eq 0 ]\n' +
    'then\n' +
    '\twget --connect-timeout=7 --tries=1 --dns-timeout=7 -q  -O - http://169.254.169.254/latest/meta-data/instance-id\n' +
    'else\n' +
    '\tcurl --version > /dev/null\n' +
    '\tif [ $? -eq 0 ]\n' +
    '\tthen\n' +
    '\t\tcurl --connect-timeout 7 -s  http://169.254.169.254/latest/meta-data/instance-id\n' +
    '\tfi\n' +
    'fi\n' +
    'exit 0'
]
[IPC Library: Pty Host]  WARN Shell integration cannot be enabled for executable "/bin/sh" and args [
  '-c',
  'wget --version > /dev/null\n' +
    'if [ $? -eq 0 ]\n' +
    'then\n' +
    '\twget --connect-timeout=7 --tries=1 --dns-timeout=7 -q  -O - http://169.254.169.254/metadata/v1/id\n' +
    'else\n' +
    '\tcurl --version > /dev/null\n' +
    '\tif [ $? -eq 0 ]\n' +
    '\tthen\n' +
    '\t\tcurl --connect-timeout 7 -s  http://169.254.169.254/metadata/v1/id\n' +
    '\tfi\n' +
    'fi\n' +
    'exit 0'
]
[IPC Library: Pty Host]  WARN Shell integration cannot be enabled for executable "/bin/sh" and args [
  '-c',
  'wget --version > /dev/null\n' +
    'if [ $? -eq 0 ]\n' +
    'then\n' +
    "\twget --connect-timeout=7 --tries=1 --dns-timeout=7 -q --header='Metadata-Flavor:Google' -O - http://metadata.google.internal/computeMetadata/v1/instance/id\n" +
    'else\n' +
    '\tcurl --version > /dev/null\n' +
    '\tif [ $? -eq 0 ]\n' +
    '\tthen\n' +
    "\t\tcurl --connect-timeout 7 -s --header='Metadata-Flavor:Google' http://metadata.google.internal/computeMetadata/v1/instance/id\n" +
    '\tfi\n' +
    'fi\n' +
    'exit 0'
]
[23:38:42] [127.0.0.1][379b1d5d][ManagementConnection] The client has disconnected gracefully, so the connection will be disposed.
[23:38:43] [127.0.0.1][15541704][ExtensionHostConnection] <154034> Extension Host Process exited with code: 0, signal: null.
Cancelling previous shutdown timeout
[23:38:43] Cancelling previous shutdown timeout
Last EH closed, waiting before shutting down
[23:38:43] Last EH closed, waiting before shutting down
Got delay-shutdown request while in shutdown timeout, delaying
[23:38:44] Got delay-shutdown request while in shutdown timeout, delaying
Cancelling previous shutdown timeout
[23:38:44] Cancelling previous shutdown timeout
[23:38:44] [127.0.0.1][c904eab4][ManagementConnection] New connection established.
[23:38:44] [127.0.0.1][da41584a][ExtensionHostConnection] New connection established.
[23:38:44] [127.0.0.1][da41584a][ExtensionHostConnection] <154138> Launched Extension Host Process.
[IPC Library: Pty Host]  WARN Shell integration cannot be enabled for executable "/bin/sh" and args [
  '-c',
  'wget --version > /dev/null\n' +
    'if [ $? -eq 0 ]\n' +
    'then\n' +
    "\twget --connect-timeout=7 --tries=1 --dns-timeout=7 -q --header='Metadata:true' -O - http://169.254.169.254/metadata/instance?api-version=2019-03-11\n" +
    'else\n' +
    '\tcurl --version > /dev/null\n' +
    '\tif [ $? -eq 0 ]\n' +
    '\tthen\n' +
    "\t\tcurl --connect-timeout 7 -s --header='Metadata:true' http://169.254.169.254/metadata/instance?api-version=2019-03-11\n" +
    '\tfi\n' +
    'fi\n' +
    'exit 0'
]
[IPC Library: Pty Host]  WARN Shell integration cannot be enabled for executable "/bin/sh" and args [
  '-c',
  'wget --version > /dev/null\n' +
    'if [ $? -eq 0 ]\n' +
    'then\n' +
    '\twget --connect-timeout=7 --tries=1 --dns-timeout=7 -q  -O - http://169.254.169.254/latest/meta-data/instance-id\n' +
    'else\n' +
    '\tcurl --version > /dev/null\n' +
    '\tif [ $? -eq 0 ]\n' +
    '\tthen\n' +
    '\t\tcurl --connect-timeout 7 -s  http://169.254.169.254/latest/meta-data/instance-id\n' +
    '\tfi\n' +
    'fi\n' +
    'exit 0'
]
[IPC Library: Pty Host]  WARN Shell integration cannot be enabled for executable "/bin/sh" and args [
  '-c',
  'wget --version > /dev/null\n' +
    'if [ $? -eq 0 ]\n' +
    'then\n' +
    '\twget --connect-timeout=7 --tries=1 --dns-timeout=7 -q  -O - http://169.254.169.254/metadata/v1/id\n' +
    'else\n' +
    '\tcurl --version > /dev/null\n' +
    '\tif [ $? -eq 0 ]\n' +
    '\tthen\n' +
    '\t\tcurl --connect-timeout 7 -s  http://169.254.169.254/metadata/v1/id\n' +
    '\tfi\n' +
    'fi\n' +
    'exit 0'
]
[IPC Library: Pty Host]  WARN Shell integration cannot be enabled for executable "/bin/sh" and args [
  '-c',
  'wget --version > /dev/null\n' +
    'if [ $? -eq 0 ]\n' +
    'then\n' +
    "\twget --connect-timeout=7 --tries=1 --dns-timeout=7 -q --header='Metadata-Flavor:Google' -O - http://metadata.google.internal/computeMetadata/v1/instance/id\n" +
    'else\n' +
    '\tcurl --version > /dev/null\n' +
    '\tif [ $? -eq 0 ]\n' +
    '\tthen\n' +
    "\t\tcurl --connect-timeout 7 -s --header='Metadata-Flavor:Google' http://metadata.google.internal/computeMetadata/v1/instance/id\n" +
    '\tfi\n' +
    'fi\n' +
    'exit 0'
]
New EH opened, aborting shutdown
[23:43:44] New EH opened, aborting shutdown
[23:52:14] [127.0.0.1][c904eab4][ManagementConnection] The client has reconnected.
[23:52:14] [127.0.0.1][da41584a][ExtensionHostConnection] The client has reconnected.
rejected promise not handled within 1 second: CodeExpectedError: Could not find pty on pty host
stack trace: CodeExpectedError: Could not find pty on pty host
    at k.L (/home/bitnami/.vscode-server/bin/695af097c7bd098fbf017ce3ac85e09bbc5dda06/out/vs/platform/terminal/node/ptyHostMain.js:28:6920)
    at k.updateIcon (/home/bitnami/.vscode-server/bin/695af097c7bd098fbf017ce3ac85e09bbc5dda06/out/vs/platform/terminal/node/ptyHostMain.js:28:2677)
    at Object.call (/home/bitnami/.vscode-server/bin/695af097c7bd098fbf017ce3ac85e09bbc5dda06/out/vs/platform/terminal/node/ptyHostMain.js:17:5058)
    at h.s (/home/bitnami/.vscode-server/bin/695af097c7bd098fbf017ce3ac85e09bbc5dda06/out/vs/platform/terminal/node/ptyHostMain.js:15:5412)
    at h.q (/home/bitnami/.vscode-server/bin/695af097c7bd098fbf017ce3ac85e09bbc5dda06/out/vs/platform/terminal/node/ptyHostMain.js:15:4915)
    at /home/bitnami/.vscode-server/bin/695af097c7bd098fbf017ce3ac85e09bbc5dda06/out/vs/platform/terminal/node/ptyHostMain.js:15:4326
    at l.invoke (/home/bitnami/.vscode-server/bin/695af097c7bd098fbf017ce3ac85e09bbc5dda06/out/vs/platform/terminal/node/ptyHostMain.js:11:145)
    at u.deliver (/home/bitnami/.vscode-server/bin/695af097c7bd098fbf017ce3ac85e09bbc5dda06/out/vs/platform/terminal/node/ptyHostMain.js:11:2125)
    at s.fire (/home/bitnami/.vscode-server/bin/695af097c7bd098fbf017ce3ac85e09bbc5dda06/out/vs/platform/terminal/node/ptyHostMain.js:11:1733)
    at process.z (/home/bitnami/.vscode-server/bin/695af097c7bd098fbf017ce3ac85e09bbc5dda06/out/vs/platform/terminal/node/ptyHostMain.js:9:21144)
    at process.emit (node:events:513:28)
    at emit (node:internal/child_process:939:14)
    at processTicksAndRejections (node:internal/process/task_queues:84:21)
[23:52:15] Error [CodeExpectedError]: Could not find pty on pty host
    at k.L (/home/bitnami/.vscode-server/bin/695af097c7bd098fbf017ce3ac85e09bbc5dda06/out/vs/platform/terminal/node/ptyHostMain.js:28:6920)
    at k.updateIcon (/home/bitnami/.vscode-server/bin/695af097c7bd098fbf017ce3ac85e09bbc5dda06/out/vs/platform/terminal/node/ptyHostMain.js:28:2677)
    at Object.call (/home/bitnami/.vscode-server/bin/695af097c7bd098fbf017ce3ac85e09bbc5dda06/out/vs/platform/terminal/node/ptyHostMain.js:17:5058)
    at h.s (/home/bitnami/.vscode-server/bin/695af097c7bd098fbf017ce3ac85e09bbc5dda06/out/vs/platform/terminal/node/ptyHostMain.js:15:5412)
    at h.q (/home/bitnami/.vscode-server/bin/695af097c7bd098fbf017ce3ac85e09bbc5dda06/out/vs/platform/terminal/node/ptyHostMain.js:15:4915)
    at /home/bitnami/.vscode-server/bin/695af097c7bd098fbf017ce3ac85e09bbc5dda06/out/vs/platform/terminal/node/ptyHostMain.js:15:4326
    at l.invoke (/home/bitnami/.vscode-server/bin/695af097c7bd098fbf017ce3ac85e09bbc5dda06/out/vs/platform/terminal/node/ptyHostMain.js:11:145)
    at u.deliver (/home/bitnami/.vscode-server/bin/695af097c7bd098fbf017ce3ac85e09bbc5dda06/out/vs/platform/terminal/node/ptyHostMain.js:11:2125)
    at s.fire (/home/bitnami/.vscode-server/bin/695af097c7bd098fbf017ce3ac85e09bbc5dda06/out/vs/platform/terminal/node/ptyHostMain.js:11:1733)
    at process.z (/home/bitnami/.vscode-server/bin/695af097c7bd098fbf017ce3ac85e09bbc5dda06/out/vs/platform/terminal/node/ptyHostMain.js:9:21144)
    at process.emit (node:events:513:28)
    at emit (node:internal/child_process:939:14)
    at processTicksAndRejections (node:internal/process/task_queues:84:21)
rejected promise not handled within 1 second: CodeExpectedError: Could not find pty on pty host
stack trace: CodeExpectedError: Could not find pty on pty host
    at k.L (/home/bitnami/.vscode-server/bin/695af097c7bd098fbf017ce3ac85e09bbc5dda06/out/vs/platform/terminal/node/ptyHostMain.js:28:6920)
    at k.updateTitle (/home/bitnami/.vscode-server/bin/695af097c7bd098fbf017ce3ac85e09bbc5dda06/out/vs/platform/terminal/node/ptyHostMain.js:28:2627)
    at Object.call (/home/bitnami/.vscode-server/bin/695af097c7bd098fbf017ce3ac85e09bbc5dda06/out/vs/platform/terminal/node/ptyHostMain.js:17:5058)
    at h.s (/home/bitnami/.vscode-server/bin/695af097c7bd098fbf017ce3ac85e09bbc5dda06/out/vs/platform/terminal/node/ptyHostMain.js:15:5412)
    at h.q (/home/bitnami/.vscode-server/bin/695af097c7bd098fbf017ce3ac85e09bbc5dda06/out/vs/platform/terminal/node/ptyHostMain.js:15:4915)
    at /home/bitnami/.vscode-server/bin/695af097c7bd098fbf017ce3ac85e09bbc5dda06/out/vs/platform/terminal/node/ptyHostMain.js:15:4326
    at l.invoke (/home/bitnami/.vscode-server/bin/695af097c7bd098fbf017ce3ac85e09bbc5dda06/out/vs/platform/terminal/node/ptyHostMain.js:11:145)
    at u.deliver (/home/bitnami/.vscode-server/bin/695af097c7bd098fbf017ce3ac85e09bbc5dda06/out/vs/platform/terminal/node/ptyHostMain.js:11:2125)
    at s.fire (/home/bitnami/.vscode-server/bin/695af097c7bd098fbf017ce3ac85e09bbc5dda06/out/vs/platform/terminal/node/ptyHostMain.js:11:1733)
    at process.z (/home/bitnami/.vscode-server/bin/695af097c7bd098fbf017ce3ac85e09bbc5dda06/out/vs/platform/terminal/node/ptyHostMain.js:9:21144)
    at process.emit (node:events:513:28)
    at emit (node:internal/child_process:939:14)
    at processTicksAndRejections (node:internal/process/task_queues:84:21)
[23:52:15] Error [CodeExpectedError]: Could not find pty on pty host
    at k.L (/home/bitnami/.vscode-server/bin/695af097c7bd098fbf017ce3ac85e09bbc5dda06/out/vs/platform/terminal/node/ptyHostMain.js:28:6920)
    at k.updateTitle (/home/bitnami/.vscode-server/bin/695af097c7bd098fbf017ce3ac85e09bbc5dda06/out/vs/platform/terminal/node/ptyHostMain.js:28:2627)
    at Object.call (/home/bitnami/.vscode-server/bin/695af097c7bd098fbf017ce3ac85e09bbc5dda06/out/vs/platform/terminal/node/ptyHostMain.js:17:5058)
    at h.s (/home/bitnami/.vscode-server/bin/695af097c7bd098fbf017ce3ac85e09bbc5dda06/out/vs/platform/terminal/node/ptyHostMain.js:15:5412)
    at h.q (/home/bitnami/.vscode-server/bin/695af097c7bd098fbf017ce3ac85e09bbc5dda06/out/vs/platform/terminal/node/ptyHostMain.js:15:4915)
    at /home/bitnami/.vscode-server/bin/695af097c7bd098fbf017ce3ac85e09bbc5dda06/out/vs/platform/terminal/node/ptyHostMain.js:15:4326
    at l.invoke (/home/bitnami/.vscode-server/bin/695af097c7bd098fbf017ce3ac85e09bbc5dda06/out/vs/platform/terminal/node/ptyHostMain.js:11:145)
    at u.deliver (/home/bitnami/.vscode-server/bin/695af097c7bd098fbf017ce3ac85e09bbc5dda06/out/vs/platform/terminal/node/ptyHostMain.js:11:2125)
    at s.fire (/home/bitnami/.vscode-server/bin/695af097c7bd098fbf017ce3ac85e09bbc5dda06/out/vs/platform/terminal/node/ptyHostMain.js:11:1733)
    at process.z (/home/bitnami/.vscode-server/bin/695af097c7bd098fbf017ce3ac85e09bbc5dda06/out/vs/platform/terminal/node/ptyHostMain.js:9:21144)
    at process.emit (node:events:513:28)
    at emit (node:internal/child_process:939:14)
    at processTicksAndRejections (node:internal/process/task_queues:84:21)
[00:08:59] [127.0.0.1][c904eab4][ManagementConnection] The client has reconnected.
rejected promise not handled within 1 second: CodeExpectedError: Could not find pty on pty host
stack trace: CodeExpectedError: Could not find pty on pty host
    at k.L (/home/bitnami/.vscode-server/bin/695af097c7bd098fbf017ce3ac85e09bbc5dda06/out/vs/platform/terminal/node/ptyHostMain.js:28:6920)
    at k.updateIcon (/home/bitnami/.vscode-server/bin/695af097c7bd098fbf017ce3ac85e09bbc5dda06/out/vs/platform/terminal/node/ptyHostMain.js:28:2677)
    at Object.call (/home/bitnami/.vscode-server/bin/695af097c7bd098fbf017ce3ac85e09bbc5dda06/out/vs/platform/terminal/node/ptyHostMain.js:17:5058)
    at h.s (/home/bitnami/.vscode-server/bin/695af097c7bd098fbf017ce3ac85e09bbc5dda06/out/vs/platform/terminal/node/ptyHostMain.js:15:5412)
    at h.q (/home/bitnami/.vscode-server/bin/695af097c7bd098fbf017ce3ac85e09bbc5dda06/out/vs/platform/terminal/node/ptyHostMain.js:15:4915)
    at /home/bitnami/.vscode-server/bin/695af097c7bd098fbf017ce3ac85e09bbc5dda06/out/vs/platform/terminal/node/ptyHostMain.js:15:4326
    at l.invoke (/home/bitnami/.vscode-server/bin/695af097c7bd098fbf017ce3ac85e09bbc5dda06/out/vs/platform/terminal/node/ptyHostMain.js:11:145)
    at u.deliver (/home/bitnami/.vscode-server/bin/695af097c7bd098fbf017ce3ac85e09bbc5dda06/out/vs/platform/terminal/node/ptyHostMain.js:11:2125)
    at s.fire (/home/bitnami/.vscode-server/bin/695af097c7bd098fbf017ce3ac85e09bbc5dda06/out/vs/platform/terminal/node/ptyHostMain.js:11:1733)
    at process.z (/home/bitnami/.vscode-server/bin/695af097c7bd098fbf017ce3ac85e09bbc5dda06/out/vs/platform/terminal/node/ptyHostMain.js:9:21144)
    at process.emit (node:events:513:28)
    at emit (node:internal/child_process:939:14)
    at processTicksAndRejections (node:internal/process/task_queues:84:21)
[00:09:00] Error [CodeExpectedError]: Could not find pty on pty host
    at k.L (/home/bitnami/.vscode-server/bin/695af097c7bd098fbf017ce3ac85e09bbc5dda06/out/vs/platform/terminal/node/ptyHostMain.js:28:6920)
    at k.updateIcon (/home/bitnami/.vscode-server/bin/695af097c7bd098fbf017ce3ac85e09bbc5dda06/out/vs/platform/terminal/node/ptyHostMain.js:28:2677)
    at Object.call (/home/bitnami/.vscode-server/bin/695af097c7bd098fbf017ce3ac85e09bbc5dda06/out/vs/platform/terminal/node/ptyHostMain.js:17:5058)
    at h.s (/home/bitnami/.vscode-server/bin/695af097c7bd098fbf017ce3ac85e09bbc5dda06/out/vs/platform/terminal/node/ptyHostMain.js:15:5412)
    at h.q (/home/bitnami/.vscode-server/bin/695af097c7bd098fbf017ce3ac85e09bbc5dda06/out/vs/platform/terminal/node/ptyHostMain.js:15:4915)
    at /home/bitnami/.vscode-server/bin/695af097c7bd098fbf017ce3ac85e09bbc5dda06/out/vs/platform/terminal/node/ptyHostMain.js:15:4326
    at l.invoke (/home/bitnami/.vscode-server/bin/695af097c7bd098fbf017ce3ac85e09bbc5dda06/out/vs/platform/terminal/node/ptyHostMain.js:11:145)
    at u.deliver (/home/bitnami/.vscode-server/bin/695af097c7bd098fbf017ce3ac85e09bbc5dda06/out/vs/platform/terminal/node/ptyHostMain.js:11:2125)
    at s.fire (/home/bitnami/.vscode-server/bin/695af097c7bd098fbf017ce3ac85e09bbc5dda06/out/vs/platform/terminal/node/ptyHostMain.js:11:1733)
    at process.z (/home/bitnami/.vscode-server/bin/695af097c7bd098fbf017ce3ac85e09bbc5dda06/out/vs/platform/terminal/node/ptyHostMain.js:9:21144)
    at process.emit (node:events:513:28)
    at emit (node:internal/child_process:939:14)
    at processTicksAndRejections (node:internal/process/task_queues:84:21)
rejected promise not handled within 1 second: CodeExpectedError: Could not find pty on pty host
stack trace: CodeExpectedError: Could not find pty on pty host
    at k.L (/home/bitnami/.vscode-server/bin/695af097c7bd098fbf017ce3ac85e09bbc5dda06/out/vs/platform/terminal/node/ptyHostMain.js:28:6920)
    at k.updateTitle (/home/bitnami/.vscode-server/bin/695af097c7bd098fbf017ce3ac85e09bbc5dda06/out/vs/platform/terminal/node/ptyHostMain.js:28:2627)
    at Object.call (/home/bitnami/.vscode-server/bin/695af097c7bd098fbf017ce3ac85e09bbc5dda06/out/vs/platform/terminal/node/ptyHostMain.js:17:5058)
    at h.s (/home/bitnami/.vscode-server/bin/695af097c7bd098fbf017ce3ac85e09bbc5dda06/out/vs/platform/terminal/node/ptyHostMain.js:15:5412)
    at h.q (/home/bitnami/.vscode-server/bin/695af097c7bd098fbf017ce3ac85e09bbc5dda06/out/vs/platform/terminal/node/ptyHostMain.js:15:4915)
    at /home/bitnami/.vscode-server/bin/695af097c7bd098fbf017ce3ac85e09bbc5dda06/out/vs/platform/terminal/node/ptyHostMain.js:15:4326
    at l.invoke (/home/bitnami/.vscode-server/bin/695af097c7bd098fbf017ce3ac85e09bbc5dda06/out/vs/platform/terminal/node/ptyHostMain.js:11:145)
    at u.deliver (/home/bitnami/.vscode-server/bin/695af097c7bd098fbf017ce3ac85e09bbc5dda06/out/vs/platform/terminal/node/ptyHostMain.js:11:2125)
    at s.fire (/home/bitnami/.vscode-server/bin/695af097c7bd098fbf017ce3ac85e09bbc5dda06/out/vs/platform/terminal/node/ptyHostMain.js:11:1733)
    at process.z (/home/bitnami/.vscode-server/bin/695af097c7bd098fbf017ce3ac85e09bbc5dda06/out/vs/platform/terminal/node/ptyHostMain.js:9:21144)
    at process.emit (node:events:513:28)
    at emit (node:internal/child_process:939:14)
    at processTicksAndRejections (node:internal/process/task_queues:84:21)
[00:09:00] Error [CodeExpectedError]: Could not find pty on pty host
    at k.L (/home/bitnami/.vscode-server/bin/695af097c7bd098fbf017ce3ac85e09bbc5dda06/out/vs/platform/terminal/node/ptyHostMain.js:28:6920)
    at k.updateTitle (/home/bitnami/.vscode-server/bin/695af097c7bd098fbf017ce3ac85e09bbc5dda06/out/vs/platform/terminal/node/ptyHostMain.js:28:2627)
    at Object.call (/home/bitnami/.vscode-server/bin/695af097c7bd098fbf017ce3ac85e09bbc5dda06/out/vs/platform/terminal/node/ptyHostMain.js:17:5058)
    at h.s (/home/bitnami/.vscode-server/bin/695af097c7bd098fbf017ce3ac85e09bbc5dda06/out/vs/platform/terminal/node/ptyHostMain.js:15:5412)
    at h.q (/home/bitnami/.vscode-server/bin/695af097c7bd098fbf017ce3ac85e09bbc5dda06/out/vs/platform/terminal/node/ptyHostMain.js:15:4915)
    at /home/bitnami/.vscode-server/bin/695af097c7bd098fbf017ce3ac85e09bbc5dda06/out/vs/platform/terminal/node/ptyHostMain.js:15:4326
    at l.invoke (/home/bitnami/.vscode-server/bin/695af097c7bd098fbf017ce3ac85e09bbc5dda06/out/vs/platform/terminal/node/ptyHostMain.js:11:145)
    at u.deliver (/home/bitnami/.vscode-server/bin/695af097c7bd098fbf017ce3ac85e09bbc5dda06/out/vs/platform/terminal/node/ptyHostMain.js:11:2125)
    at s.fire (/home/bitnami/.vscode-server/bin/695af097c7bd098fbf017ce3ac85e09bbc5dda06/out/vs/platform/terminal/node/ptyHostMain.js:11:1733)
    at process.z (/home/bitnami/.vscode-server/bin/695af097c7bd098fbf017ce3ac85e09bbc5dda06/out/vs/platform/terminal/node/ptyHostMain.js:9:21144)
    at process.emit (node:events:513:28)
    at emit (node:internal/child_process:939:14)
    at processTicksAndRejections (node:internal/process/task_queues:84:21)
[00:09:24] [127.0.0.1][da41584a][ExtensionHostConnection] The client has reconnected.
[00:37:07] [127.0.0.1][c904eab4][ManagementConnection] The client has reconnected.
[00:37:07] [127.0.0.1][da41584a][ExtensionHostConnection] The client has reconnected.
rejected promise not handled within 1 second: CodeExpectedError: Could not find pty on pty host
stack trace: CodeExpectedError: Could not find pty on pty host
    at k.L (/home/bitnami/.vscode-server/bin/695af097c7bd098fbf017ce3ac85e09bbc5dda06/out/vs/platform/terminal/node/ptyHostMain.js:28:6920)
    at k.updateIcon (/home/bitnami/.vscode-server/bin/695af097c7bd098fbf017ce3ac85e09bbc5dda06/out/vs/platform/terminal/node/ptyHostMain.js:28:2677)
    at Object.call (/home/bitnami/.vscode-server/bin/695af097c7bd098fbf017ce3ac85e09bbc5dda06/out/vs/platform/terminal/node/ptyHostMain.js:17:5058)
    at h.s (/home/bitnami/.vscode-server/bin/695af097c7bd098fbf017ce3ac85e09bbc5dda06/out/vs/platform/terminal/node/ptyHostMain.js:15:5412)
    at h.q (/home/bitnami/.vscode-server/bin/695af097c7bd098fbf017ce3ac85e09bbc5dda06/out/vs/platform/terminal/node/ptyHostMain.js:15:4915)
    at /home/bitnami/.vscode-server/bin/695af097c7bd098fbf017ce3ac85e09bbc5dda06/out/vs/platform/terminal/node/ptyHostMain.js:15:4326
    at l.invoke (/home/bitnami/.vscode-server/bin/695af097c7bd098fbf017ce3ac85e09bbc5dda06/out/vs/platform/terminal/node/ptyHostMain.js:11:145)
    at u.deliver (/home/bitnami/.vscode-server/bin/695af097c7bd098fbf017ce3ac85e09bbc5dda06/out/vs/platform/terminal/node/ptyHostMain.js:11:2125)
    at s.fire (/home/bitnami/.vscode-server/bin/695af097c7bd098fbf017ce3ac85e09bbc5dda06/out/vs/platform/terminal/node/ptyHostMain.js:11:1733)
    at process.z (/home/bitnami/.vscode-server/bin/695af097c7bd098fbf017ce3ac85e09bbc5dda06/out/vs/platform/terminal/node/ptyHostMain.js:9:21144)
    at process.emit (node:events:513:28)
    at emit (node:internal/child_process:939:14)
    at processTicksAndRejections (node:internal/process/task_queues:84:21)
[00:37:08] Error [CodeExpectedError]: Could not find pty on pty host
    at k.L (/home/bitnami/.vscode-server/bin/695af097c7bd098fbf017ce3ac85e09bbc5dda06/out/vs/platform/terminal/node/ptyHostMain.js:28:6920)
    at k.updateIcon (/home/bitnami/.vscode-server/bin/695af097c7bd098fbf017ce3ac85e09bbc5dda06/out/vs/platform/terminal/node/ptyHostMain.js:28:2677)
    at Object.call (/home/bitnami/.vscode-server/bin/695af097c7bd098fbf017ce3ac85e09bbc5dda06/out/vs/platform/terminal/node/ptyHostMain.js:17:5058)
    at h.s (/home/bitnami/.vscode-server/bin/695af097c7bd098fbf017ce3ac85e09bbc5dda06/out/vs/platform/terminal/node/ptyHostMain.js:15:5412)
    at h.q (/home/bitnami/.vscode-server/bin/695af097c7bd098fbf017ce3ac85e09bbc5dda06/out/vs/platform/terminal/node/ptyHostMain.js:15:4915)
    at /home/bitnami/.vscode-server/bin/695af097c7bd098fbf017ce3ac85e09bbc5dda06/out/vs/platform/terminal/node/ptyHostMain.js:15:4326
    at l.invoke (/home/bitnami/.vscode-server/bin/695af097c7bd098fbf017ce3ac85e09bbc5dda06/out/vs/platform/terminal/node/ptyHostMain.js:11:145)
    at u.deliver (/home/bitnami/.vscode-server/bin/695af097c7bd098fbf017ce3ac85e09bbc5dda06/out/vs/platform/terminal/node/ptyHostMain.js:11:2125)
    at s.fire (/home/bitnami/.vscode-server/bin/695af097c7bd098fbf017ce3ac85e09bbc5dda06/out/vs/platform/terminal/node/ptyHostMain.js:11:1733)
    at process.z (/home/bitnami/.vscode-server/bin/695af097c7bd098fbf017ce3ac85e09bbc5dda06/out/vs/platform/terminal/node/ptyHostMain.js:9:21144)
    at process.emit (node:events:513:28)
    at emit (node:internal/child_process:939:14)
    at processTicksAndRejections (node:internal/process/task_queues:84:21)
rejected promise not handled within 1 second: CodeExpectedError: Could not find pty on pty host
stack trace: CodeExpectedError: Could not find pty on pty host
    at k.L (/home/bitnami/.vscode-server/bin/695af097c7bd098fbf017ce3ac85e09bbc5dda06/out/vs/platform/terminal/node/ptyHostMain.js:28:6920)
    at k.updateTitle (/home/bitnami/.vscode-server/bin/695af097c7bd098fbf017ce3ac85e09bbc5dda06/out/vs/platform/terminal/node/ptyHostMain.js:28:2627)
    at Object.call (/home/bitnami/.vscode-server/bin/695af097c7bd098fbf017ce3ac85e09bbc5dda06/out/vs/platform/terminal/node/ptyHostMain.js:17:5058)
    at h.s (/home/bitnami/.vscode-server/bin/695af097c7bd098fbf017ce3ac85e09bbc5dda06/out/vs/platform/terminal/node/ptyHostMain.js:15:5412)
    at h.q (/home/bitnami/.vscode-server/bin/695af097c7bd098fbf017ce3ac85e09bbc5dda06/out/vs/platform/terminal/node/ptyHostMain.js:15:4915)
    at /home/bitnami/.vscode-server/bin/695af097c7bd098fbf017ce3ac85e09bbc5dda06/out/vs/platform/terminal/node/ptyHostMain.js:15:4326
    at l.invoke (/home/bitnami/.vscode-server/bin/695af097c7bd098fbf017ce3ac85e09bbc5dda06/out/vs/platform/terminal/node/ptyHostMain.js:11:145)
    at u.deliver (/home/bitnami/.vscode-server/bin/695af097c7bd098fbf017ce3ac85e09bbc5dda06/out/vs/platform/terminal/node/ptyHostMain.js:11:2125)
    at s.fire (/home/bitnami/.vscode-server/bin/695af097c7bd098fbf017ce3ac85e09bbc5dda06/out/vs/platform/terminal/node/ptyHostMain.js:11:1733)
    at process.z (/home/bitnami/.vscode-server/bin/695af097c7bd098fbf017ce3ac85e09bbc5dda06/out/vs/platform/terminal/node/ptyHostMain.js:9:21144)
    at process.emit (node:events:513:28)
    at emit (node:internal/child_process:939:14)
    at processTicksAndRejections (node:internal/process/task_queues:84:21)
[00:37:08] Error [CodeExpectedError]: Could not find pty on pty host
    at k.L (/home/bitnami/.vscode-server/bin/695af097c7bd098fbf017ce3ac85e09bbc5dda06/out/vs/platform/terminal/node/ptyHostMain.js:28:6920)
    at k.updateTitle (/home/bitnami/.vscode-server/bin/695af097c7bd098fbf017ce3ac85e09bbc5dda06/out/vs/platform/terminal/node/ptyHostMain.js:28:2627)
    at Object.call (/home/bitnami/.vscode-server/bin/695af097c7bd098fbf017ce3ac85e09bbc5dda06/out/vs/platform/terminal/node/ptyHostMain.js:17:5058)
    at h.s (/home/bitnami/.vscode-server/bin/695af097c7bd098fbf017ce3ac85e09bbc5dda06/out/vs/platform/terminal/node/ptyHostMain.js:15:5412)
    at h.q (/home/bitnami/.vscode-server/bin/695af097c7bd098fbf017ce3ac85e09bbc5dda06/out/vs/platform/terminal/node/ptyHostMain.js:15:4915)
    at /home/bitnami/.vscode-server/bin/695af097c7bd098fbf017ce3ac85e09bbc5dda06/out/vs/platform/terminal/node/ptyHostMain.js:15:4326
    at l.invoke (/home/bitnami/.vscode-server/bin/695af097c7bd098fbf017ce3ac85e09bbc5dda06/out/vs/platform/terminal/node/ptyHostMain.js:11:145)
    at u.deliver (/home/bitnami/.vscode-server/bin/695af097c7bd098fbf017ce3ac85e09bbc5dda06/out/vs/platform/terminal/node/ptyHostMain.js:11:2125)
    at s.fire (/home/bitnami/.vscode-server/bin/695af097c7bd098fbf017ce3ac85e09bbc5dda06/out/vs/platform/terminal/node/ptyHostMain.js:11:1733)
    at process.z (/home/bitnami/.vscode-server/bin/695af097c7bd098fbf017ce3ac85e09bbc5dda06/out/vs/platform/terminal/node/ptyHostMain.js:9:21144)
    at process.emit (node:events:513:28)
    at emit (node:internal/child_process:939:14)
    at processTicksAndRejections (node:internal/process/task_queues:84:21)
[00:49:16] Error: read ECONNRESET
    at TCP.onStreamRead (node:internal/stream_base_commons:217:20) {
  errno: -104,
  code: 'ECONNRESET',
  syscall: 'read'
}
[00:49:16] [127.0.0.1][c904eab4][ManagementConnection] The client has disconnected, will wait for reconnection 3h before disposing...
[00:54:06] [127.0.0.1][c904eab4][ManagementConnection] Another client has connected, will shorten the wait for reconnection 5m before disposing...
[00:54:06] [127.0.0.1][c904eab4][ManagementConnection] The client has reconnected.
[00:54:06] [127.0.0.1][da41584a][ExtensionHostConnection] The client has reconnected.
rejected promise not handled within 1 second: CodeExpectedError: Could not find pty on pty host
stack trace: CodeExpectedError: Could not find pty on pty host
    at k.L (/home/bitnami/.vscode-server/bin/695af097c7bd098fbf017ce3ac85e09bbc5dda06/out/vs/platform/terminal/node/ptyHostMain.js:28:6920)
    at k.updateIcon (/home/bitnami/.vscode-server/bin/695af097c7bd098fbf017ce3ac85e09bbc5dda06/out/vs/platform/terminal/node/ptyHostMain.js:28:2677)
    at Object.call (/home/bitnami/.vscode-server/bin/695af097c7bd098fbf017ce3ac85e09bbc5dda06/out/vs/platform/terminal/node/ptyHostMain.js:17:5058)
    at h.s (/home/bitnami/.vscode-server/bin/695af097c7bd098fbf017ce3ac85e09bbc5dda06/out/vs/platform/terminal/node/ptyHostMain.js:15:5412)
    at h.q (/home/bitnami/.vscode-server/bin/695af097c7bd098fbf017ce3ac85e09bbc5dda06/out/vs/platform/terminal/node/ptyHostMain.js:15:4915)
    at /home/bitnami/.vscode-server/bin/695af097c7bd098fbf017ce3ac85e09bbc5dda06/out/vs/platform/terminal/node/ptyHostMain.js:15:4326
    at l.invoke (/home/bitnami/.vscode-server/bin/695af097c7bd098fbf017ce3ac85e09bbc5dda06/out/vs/platform/terminal/node/ptyHostMain.js:11:145)
    at u.deliver (/home/bitnami/.vscode-server/bin/695af097c7bd098fbf017ce3ac85e09bbc5dda06/out/vs/platform/terminal/node/ptyHostMain.js:11:2125)
    at s.fire (/home/bitnami/.vscode-server/bin/695af097c7bd098fbf017ce3ac85e09bbc5dda06/out/vs/platform/terminal/node/ptyHostMain.js:11:1733)
    at process.z (/home/bitnami/.vscode-server/bin/695af097c7bd098fbf017ce3ac85e09bbc5dda06/out/vs/platform/terminal/node/ptyHostMain.js:9:21144)
    at process.emit (node:events:513:28)
    at emit (node:internal/child_process:939:14)
    at processTicksAndRejections (node:internal/process/task_queues:84:21)
[00:54:07] Error [CodeExpectedError]: Could not find pty on pty host
    at k.L (/home/bitnami/.vscode-server/bin/695af097c7bd098fbf017ce3ac85e09bbc5dda06/out/vs/platform/terminal/node/ptyHostMain.js:28:6920)
    at k.updateIcon (/home/bitnami/.vscode-server/bin/695af097c7bd098fbf017ce3ac85e09bbc5dda06/out/vs/platform/terminal/node/ptyHostMain.js:28:2677)
    at Object.call (/home/bitnami/.vscode-server/bin/695af097c7bd098fbf017ce3ac85e09bbc5dda06/out/vs/platform/terminal/node/ptyHostMain.js:17:5058)
    at h.s (/home/bitnami/.vscode-server/bin/695af097c7bd098fbf017ce3ac85e09bbc5dda06/out/vs/platform/terminal/node/ptyHostMain.js:15:5412)
    at h.q (/home/bitnami/.vscode-server/bin/695af097c7bd098fbf017ce3ac85e09bbc5dda06/out/vs/platform/terminal/node/ptyHostMain.js:15:4915)
    at /home/bitnami/.vscode-server/bin/695af097c7bd098fbf017ce3ac85e09bbc5dda06/out/vs/platform/terminal/node/ptyHostMain.js:15:4326
    at l.invoke (/home/bitnami/.vscode-server/bin/695af097c7bd098fbf017ce3ac85e09bbc5dda06/out/vs/platform/terminal/node/ptyHostMain.js:11:145)
    at u.deliver (/home/bitnami/.vscode-server/bin/695af097c7bd098fbf017ce3ac85e09bbc5dda06/out/vs/platform/terminal/node/ptyHostMain.js:11:2125)
    at s.fire (/home/bitnami/.vscode-server/bin/695af097c7bd098fbf017ce3ac85e09bbc5dda06/out/vs/platform/terminal/node/ptyHostMain.js:11:1733)
    at process.z (/home/bitnami/.vscode-server/bin/695af097c7bd098fbf017ce3ac85e09bbc5dda06/out/vs/platform/terminal/node/ptyHostMain.js:9:21144)
    at process.emit (node:events:513:28)
    at emit (node:internal/child_process:939:14)
    at processTicksAndRejections (node:internal/process/task_queues:84:21)
rejected promise not handled within 1 second: CodeExpectedError: Could not find pty on pty host
stack trace: CodeExpectedError: Could not find pty on pty host
    at k.L (/home/bitnami/.vscode-server/bin/695af097c7bd098fbf017ce3ac85e09bbc5dda06/out/vs/platform/terminal/node/ptyHostMain.js:28:6920)
    at k.updateTitle (/home/bitnami/.vscode-server/bin/695af097c7bd098fbf017ce3ac85e09bbc5dda06/out/vs/platform/terminal/node/ptyHostMain.js:28:2627)
    at Object.call (/home/bitnami/.vscode-server/bin/695af097c7bd098fbf017ce3ac85e09bbc5dda06/out/vs/platform/terminal/node/ptyHostMain.js:17:5058)
    at h.s (/home/bitnami/.vscode-server/bin/695af097c7bd098fbf017ce3ac85e09bbc5dda06/out/vs/platform/terminal/node/ptyHostMain.js:15:5412)
    at h.q (/home/bitnami/.vscode-server/bin/695af097c7bd098fbf017ce3ac85e09bbc5dda06/out/vs/platform/terminal/node/ptyHostMain.js:15:4915)
    at /home/bitnami/.vscode-server/bin/695af097c7bd098fbf017ce3ac85e09bbc5dda06/out/vs/platform/terminal/node/ptyHostMain.js:15:4326
    at l.invoke (/home/bitnami/.vscode-server/bin/695af097c7bd098fbf017ce3ac85e09bbc5dda06/out/vs/platform/terminal/node/ptyHostMain.js:11:145)
    at u.deliver (/home/bitnami/.vscode-server/bin/695af097c7bd098fbf017ce3ac85e09bbc5dda06/out/vs/platform/terminal/node/ptyHostMain.js:11:2125)
    at s.fire (/home/bitnami/.vscode-server/bin/695af097c7bd098fbf017ce3ac85e09bbc5dda06/out/vs/platform/terminal/node/ptyHostMain.js:11:1733)
    at process.z (/home/bitnami/.vscode-server/bin/695af097c7bd098fbf017ce3ac85e09bbc5dda06/out/vs/platform/terminal/node/ptyHostMain.js:9:21144)
    at process.emit (node:events:513:28)
    at emit (node:internal/child_process:939:14)
    at processTicksAndRejections (node:internal/process/task_queues:84:21)
[00:54:07] Error [CodeExpectedError]: Could not find pty on pty host
    at k.L (/home/bitnami/.vscode-server/bin/695af097c7bd098fbf017ce3ac85e09bbc5dda06/out/vs/platform/terminal/node/ptyHostMain.js:28:6920)
    at k.updateTitle (/home/bitnami/.vscode-server/bin/695af097c7bd098fbf017ce3ac85e09bbc5dda06/out/vs/platform/terminal/node/ptyHostMain.js:28:2627)
    at Object.call (/home/bitnami/.vscode-server/bin/695af097c7bd098fbf017ce3ac85e09bbc5dda06/out/vs/platform/terminal/node/ptyHostMain.js:17:5058)
    at h.s (/home/bitnami/.vscode-server/bin/695af097c7bd098fbf017ce3ac85e09bbc5dda06/out/vs/platform/terminal/node/ptyHostMain.js:15:5412)
    at h.q (/home/bitnami/.vscode-server/bin/695af097c7bd098fbf017ce3ac85e09bbc5dda06/out/vs/platform/terminal/node/ptyHostMain.js:15:4915)
    at /home/bitnami/.vscode-server/bin/695af097c7bd098fbf017ce3ac85e09bbc5dda06/out/vs/platform/terminal/node/ptyHostMain.js:15:4326
    at l.invoke (/home/bitnami/.vscode-server/bin/695af097c7bd098fbf017ce3ac85e09bbc5dda06/out/vs/platform/terminal/node/ptyHostMain.js:11:145)
    at u.deliver (/home/bitnami/.vscode-server/bin/695af097c7bd098fbf017ce3ac85e09bbc5dda06/out/vs/platform/terminal/node/ptyHostMain.js:11:2125)
    at s.fire (/home/bitnami/.vscode-server/bin/695af097c7bd098fbf017ce3ac85e09bbc5dda06/out/vs/platform/terminal/node/ptyHostMain.js:11:1733)
    at process.z (/home/bitnami/.vscode-server/bin/695af097c7bd098fbf017ce3ac85e09bbc5dda06/out/vs/platform/terminal/node/ptyHostMain.js:9:21144)
    at process.emit (node:events:513:28)
    at emit (node:internal/child_process:939:14)
    at processTicksAndRejections (node:internal/process/task_queues:84:21)
[01:11:00] [127.0.0.1][c904eab4][ManagementConnection] The client has reconnected.
[01:11:00] [127.0.0.1][da41584a][ExtensionHostConnection] The client has reconnected.
rejected promise not handled within 1 second: CodeExpectedError: Could not find pty on pty host
stack trace: CodeExpectedError: Could not find pty on pty host
    at k.L (/home/bitnami/.vscode-server/bin/695af097c7bd098fbf017ce3ac85e09bbc5dda06/out/vs/platform/terminal/node/ptyHostMain.js:28:6920)
    at k.updateIcon (/home/bitnami/.vscode-server/bin/695af097c7bd098fbf017ce3ac85e09bbc5dda06/out/vs/platform/terminal/node/ptyHostMain.js:28:2677)
    at Object.call (/home/bitnami/.vscode-server/bin/695af097c7bd098fbf017ce3ac85e09bbc5dda06/out/vs/platform/terminal/node/ptyHostMain.js:17:5058)
    at h.s (/home/bitnami/.vscode-server/bin/695af097c7bd098fbf017ce3ac85e09bbc5dda06/out/vs/platform/terminal/node/ptyHostMain.js:15:5412)
    at h.q (/home/bitnami/.vscode-server/bin/695af097c7bd098fbf017ce3ac85e09bbc5dda06/out/vs/platform/terminal/node/ptyHostMain.js:15:4915)
    at /home/bitnami/.vscode-server/bin/695af097c7bd098fbf017ce3ac85e09bbc5dda06/out/vs/platform/terminal/node/ptyHostMain.js:15:4326
    at l.invoke (/home/bitnami/.vscode-server/bin/695af097c7bd098fbf017ce3ac85e09bbc5dda06/out/vs/platform/terminal/node/ptyHostMain.js:11:145)
    at u.deliver (/home/bitnami/.vscode-server/bin/695af097c7bd098fbf017ce3ac85e09bbc5dda06/out/vs/platform/terminal/node/ptyHostMain.js:11:2125)
    at s.fire (/home/bitnami/.vscode-server/bin/695af097c7bd098fbf017ce3ac85e09bbc5dda06/out/vs/platform/terminal/node/ptyHostMain.js:11:1733)
    at process.z (/home/bitnami/.vscode-server/bin/695af097c7bd098fbf017ce3ac85e09bbc5dda06/out/vs/platform/terminal/node/ptyHostMain.js:9:21144)
    at process.emit (node:events:513:28)
    at emit (node:internal/child_process:939:14)
    at processTicksAndRejections (node:internal/process/task_queues:84:21)
[01:11:01] Error [CodeExpectedError]: Could not find pty on pty host
    at k.L (/home/bitnami/.vscode-server/bin/695af097c7bd098fbf017ce3ac85e09bbc5dda06/out/vs/platform/terminal/node/ptyHostMain.js:28:6920)
    at k.updateIcon (/home/bitnami/.vscode-server/bin/695af097c7bd098fbf017ce3ac85e09bbc5dda06/out/vs/platform/terminal/node/ptyHostMain.js:28:2677)
    at Object.call (/home/bitnami/.vscode-server/bin/695af097c7bd098fbf017ce3ac85e09bbc5dda06/out/vs/platform/terminal/node/ptyHostMain.js:17:5058)
    at h.s (/home/bitnami/.vscode-server/bin/695af097c7bd098fbf017ce3ac85e09bbc5dda06/out/vs/platform/terminal/node/ptyHostMain.js:15:5412)
    at h.q (/home/bitnami/.vscode-server/bin/695af097c7bd098fbf017ce3ac85e09bbc5dda06/out/vs/platform/terminal/node/ptyHostMain.js:15:4915)
    at /home/bitnami/.vscode-server/bin/695af097c7bd098fbf017ce3ac85e09bbc5dda06/out/vs/platform/terminal/node/ptyHostMain.js:15:4326
    at l.invoke (/home/bitnami/.vscode-server/bin/695af097c7bd098fbf017ce3ac85e09bbc5dda06/out/vs/platform/terminal/node/ptyHostMain.js:11:145)
    at u.deliver (/home/bitnami/.vscode-server/bin/695af097c7bd098fbf017ce3ac85e09bbc5dda06/out/vs/platform/terminal/node/ptyHostMain.js:11:2125)
    at s.fire (/home/bitnami/.vscode-server/bin/695af097c7bd098fbf017ce3ac85e09bbc5dda06/out/vs/platform/terminal/node/ptyHostMain.js:11:1733)
    at process.z (/home/bitnami/.vscode-server/bin/695af097c7bd098fbf017ce3ac85e09bbc5dda06/out/vs/platform/terminal/node/ptyHostMain.js:9:21144)
    at process.emit (node:events:513:28)
    at emit (node:internal/child_process:939:14)
    at processTicksAndRejections (node:internal/process/task_queues:84:21)
rejected promise not handled within 1 second: CodeExpectedError: Could not find pty on pty host
stack trace: CodeExpectedError: Could not find pty on pty host
    at k.L (/home/bitnami/.vscode-server/bin/695af097c7bd098fbf017ce3ac85e09bbc5dda06/out/vs/platform/terminal/node/ptyHostMain.js:28:6920)
    at k.updateTitle (/home/bitnami/.vscode-server/bin/695af097c7bd098fbf017ce3ac85e09bbc5dda06/out/vs/platform/terminal/node/ptyHostMain.js:28:2627)
    at Object.call (/home/bitnami/.vscode-server/bin/695af097c7bd098fbf017ce3ac85e09bbc5dda06/out/vs/platform/terminal/node/ptyHostMain.js:17:5058)
    at h.s (/home/bitnami/.vscode-server/bin/695af097c7bd098fbf017ce3ac85e09bbc5dda06/out/vs/platform/terminal/node/ptyHostMain.js:15:5412)
    at h.q (/home/bitnami/.vscode-server/bin/695af097c7bd098fbf017ce3ac85e09bbc5dda06/out/vs/platform/terminal/node/ptyHostMain.js:15:4915)
    at /home/bitnami/.vscode-server/bin/695af097c7bd098fbf017ce3ac85e09bbc5dda06/out/vs/platform/terminal/node/ptyHostMain.js:15:4326
    at l.invoke (/home/bitnami/.vscode-server/bin/695af097c7bd098fbf017ce3ac85e09bbc5dda06/out/vs/platform/terminal/node/ptyHostMain.js:11:145)
    at u.deliver (/home/bitnami/.vscode-server/bin/695af097c7bd098fbf017ce3ac85e09bbc5dda06/out/vs/platform/terminal/node/ptyHostMain.js:11:2125)
    at s.fire (/home/bitnami/.vscode-server/bin/695af097c7bd098fbf017ce3ac85e09bbc5dda06/out/vs/platform/terminal/node/ptyHostMain.js:11:1733)
    at process.z (/home/bitnami/.vscode-server/bin/695af097c7bd098fbf017ce3ac85e09bbc5dda06/out/vs/platform/terminal/node/ptyHostMain.js:9:21144)
    at process.emit (node:events:513:28)
    at emit (node:internal/child_process:939:14)
    at processTicksAndRejections (node:internal/process/task_queues:84:21)
[01:11:01] Error [CodeExpectedError]: Could not find pty on pty host
    at k.L (/home/bitnami/.vscode-server/bin/695af097c7bd098fbf017ce3ac85e09bbc5dda06/out/vs/platform/terminal/node/ptyHostMain.js:28:6920)
    at k.updateTitle (/home/bitnami/.vscode-server/bin/695af097c7bd098fbf017ce3ac85e09bbc5dda06/out/vs/platform/terminal/node/ptyHostMain.js:28:2627)
    at Object.call (/home/bitnami/.vscode-server/bin/695af097c7bd098fbf017ce3ac85e09bbc5dda06/out/vs/platform/terminal/node/ptyHostMain.js:17:5058)
    at h.s (/home/bitnami/.vscode-server/bin/695af097c7bd098fbf017ce3ac85e09bbc5dda06/out/vs/platform/terminal/node/ptyHostMain.js:15:5412)
    at h.q (/home/bitnami/.vscode-server/bin/695af097c7bd098fbf017ce3ac85e09bbc5dda06/out/vs/platform/terminal/node/ptyHostMain.js:15:4915)
    at /home/bitnami/.vscode-server/bin/695af097c7bd098fbf017ce3ac85e09bbc5dda06/out/vs/platform/terminal/node/ptyHostMain.js:15:4326
    at l.invoke (/home/bitnami/.vscode-server/bin/695af097c7bd098fbf017ce3ac85e09bbc5dda06/out/vs/platform/terminal/node/ptyHostMain.js:11:145)
    at u.deliver (/home/bitnami/.vscode-server/bin/695af097c7bd098fbf017ce3ac85e09bbc5dda06/out/vs/platform/terminal/node/ptyHostMain.js:11:2125)
    at s.fire (/home/bitnami/.vscode-server/bin/695af097c7bd098fbf017ce3ac85e09bbc5dda06/out/vs/platform/terminal/node/ptyHostMain.js:11:1733)
    at process.z (/home/bitnami/.vscode-server/bin/695af097c7bd098fbf017ce3ac85e09bbc5dda06/out/vs/platform/terminal/node/ptyHostMain.js:9:21144)
    at process.emit (node:events:513:28)
    at emit (node:internal/child_process:939:14)
    at processTicksAndRejections (node:internal/process/task_queues:84:21)
[01:11:04] [127.0.0.1][99f083aa][ManagementConnection] New connection established.
[01:11:04] [127.0.0.1][d93c96e0][ExtensionHostConnection] New connection established.
[01:11:04] [127.0.0.1][d93c96e0][ExtensionHostConnection] <155144> Launched Extension Host Process.
[IPC Library: Pty Host]  WARN Shell integration cannot be enabled for executable "/bin/sh" and args [
  '-c',
  'wget --version > /dev/null\n' +
    'if [ $? -eq 0 ]\n' +
    'then\n' +
    "\twget --connect-timeout=7 --tries=1 --dns-timeout=7 -q --header='Metadata:true' -O - http://169.254.169.254/metadata/instance?api-version=2019-03-11\n" +
    'else\n' +
    '\tcurl --version > /dev/null\n' +
    '\tif [ $? -eq 0 ]\n' +
    '\tthen\n' +
    "\t\tcurl --connect-timeout 7 -s --header='Metadata:true' http://169.254.169.254/metadata/instance?api-version=2019-03-11\n" +
    '\tfi\n' +
    'fi\n' +
    'exit 0'
]
[IPC Library: Pty Host]  WARN Shell integration cannot be enabled for executable "/bin/sh" and args [
  '-c',
  'wget --version > /dev/null\n' +
    'if [ $? -eq 0 ]\n' +
    'then\n' +
    '\twget --connect-timeout=7 --tries=1 --dns-timeout=7 -q  -O - http://169.254.169.254/latest/meta-data/instance-id\n' +
    'else\n' +
    '\tcurl --version > /dev/null\n' +
    '\tif [ $? -eq 0 ]\n' +
    '\tthen\n' +
    '\t\tcurl --connect-timeout 7 -s  http://169.254.169.254/latest/meta-data/instance-id\n' +
    '\tfi\n' +
    'fi\n' +
    'exit 0'
]
[IPC Library: Pty Host]  WARN Shell integration cannot be enabled for executable "/bin/sh" and args [
  '-c',
  'wget --version > /dev/null\n' +
    'if [ $? -eq 0 ]\n' +
    'then\n' +
    '\twget --connect-timeout=7 --tries=1 --dns-timeout=7 -q  -O - http://169.254.169.254/metadata/v1/id\n' +
    'else\n' +
    '\tcurl --version > /dev/null\n' +
    '\tif [ $? -eq 0 ]\n' +
    '\tthen\n' +
    '\t\tcurl --connect-timeout 7 -s  http://169.254.169.254/metadata/v1/id\n' +
    '\tfi\n' +
    'fi\n' +
    'exit 0'
]
[IPC Library: Pty Host]  WARN Shell integration cannot be enabled for executable "/bin/sh" and args [
  '-c',
  'wget --version > /dev/null\n' +
    'if [ $? -eq 0 ]\n' +
    'then\n' +
    "\twget --connect-timeout=7 --tries=1 --dns-timeout=7 -q --header='Metadata-Flavor:Google' -O - http://metadata.google.internal/computeMetadata/v1/instance/id\n" +
    'else\n' +
    '\tcurl --version > /dev/null\n' +
    '\tif [ $? -eq 0 ]\n' +
    '\tthen\n' +
    "\t\tcurl --connect-timeout 7 -s --header='Metadata-Flavor:Google' http://metadata.google.internal/computeMetadata/v1/instance/id\n" +
    '\tfi\n' +
    'fi\n' +
    'exit 0'
]
[01:11:20] [127.0.0.1][99f083aa][ManagementConnection] The client has disconnected gracefully, so the connection will be disposed.
[01:11:20] [127.0.0.1][d93c96e0][ExtensionHostConnection] <155144> Extension Host Process exited with code: 0, signal: null.
[02:50:08] [127.0.0.1][c904eab4][ManagementConnection] The client has reconnected.
rejected promise not handled within 1 second: CodeExpectedError: Could not find pty on pty host
stack trace: CodeExpectedError: Could not find pty on pty host
    at k.L (/home/bitnami/.vscode-server/bin/695af097c7bd098fbf017ce3ac85e09bbc5dda06/out/vs/platform/terminal/node/ptyHostMain.js:28:6920)
    at k.updateIcon (/home/bitnami/.vscode-server/bin/695af097c7bd098fbf017ce3ac85e09bbc5dda06/out/vs/platform/terminal/node/ptyHostMain.js:28:2677)
    at Object.call (/home/bitnami/.vscode-server/bin/695af097c7bd098fbf017ce3ac85e09bbc5dda06/out/vs/platform/terminal/node/ptyHostMain.js:17:5058)
    at h.s (/home/bitnami/.vscode-server/bin/695af097c7bd098fbf017ce3ac85e09bbc5dda06/out/vs/platform/terminal/node/ptyHostMain.js:15:5412)
    at h.q (/home/bitnami/.vscode-server/bin/695af097c7bd098fbf017ce3ac85e09bbc5dda06/out/vs/platform/terminal/node/ptyHostMain.js:15:4915)
    at /home/bitnami/.vscode-server/bin/695af097c7bd098fbf017ce3ac85e09bbc5dda06/out/vs/platform/terminal/node/ptyHostMain.js:15:4326
    at l.invoke (/home/bitnami/.vscode-server/bin/695af097c7bd098fbf017ce3ac85e09bbc5dda06/out/vs/platform/terminal/node/ptyHostMain.js:11:145)
    at u.deliver (/home/bitnami/.vscode-server/bin/695af097c7bd098fbf017ce3ac85e09bbc5dda06/out/vs/platform/terminal/node/ptyHostMain.js:11:2125)
    at s.fire (/home/bitnami/.vscode-server/bin/695af097c7bd098fbf017ce3ac85e09bbc5dda06/out/vs/platform/terminal/node/ptyHostMain.js:11:1733)
    at process.z (/home/bitnami/.vscode-server/bin/695af097c7bd098fbf017ce3ac85e09bbc5dda06/out/vs/platform/terminal/node/ptyHostMain.js:9:21144)
    at process.emit (node:events:513:28)
    at emit (node:internal/child_process:939:14)
    at processTicksAndRejections (node:internal/process/task_queues:84:21)
[02:50:09] Error [CodeExpectedError]: Could not find pty on pty host
    at k.L (/home/bitnami/.vscode-server/bin/695af097c7bd098fbf017ce3ac85e09bbc5dda06/out/vs/platform/terminal/node/ptyHostMain.js:28:6920)
    at k.updateIcon (/home/bitnami/.vscode-server/bin/695af097c7bd098fbf017ce3ac85e09bbc5dda06/out/vs/platform/terminal/node/ptyHostMain.js:28:2677)
    at Object.call (/home/bitnami/.vscode-server/bin/695af097c7bd098fbf017ce3ac85e09bbc5dda06/out/vs/platform/terminal/node/ptyHostMain.js:17:5058)
    at h.s (/home/bitnami/.vscode-server/bin/695af097c7bd098fbf017ce3ac85e09bbc5dda06/out/vs/platform/terminal/node/ptyHostMain.js:15:5412)
    at h.q (/home/bitnami/.vscode-server/bin/695af097c7bd098fbf017ce3ac85e09bbc5dda06/out/vs/platform/terminal/node/ptyHostMain.js:15:4915)
    at /home/bitnami/.vscode-server/bin/695af097c7bd098fbf017ce3ac85e09bbc5dda06/out/vs/platform/terminal/node/ptyHostMain.js:15:4326
    at l.invoke (/home/bitnami/.vscode-server/bin/695af097c7bd098fbf017ce3ac85e09bbc5dda06/out/vs/platform/terminal/node/ptyHostMain.js:11:145)
    at u.deliver (/home/bitnami/.vscode-server/bin/695af097c7bd098fbf017ce3ac85e09bbc5dda06/out/vs/platform/terminal/node/ptyHostMain.js:11:2125)
    at s.fire (/home/bitnami/.vscode-server/bin/695af097c7bd098fbf017ce3ac85e09bbc5dda06/out/vs/platform/terminal/node/ptyHostMain.js:11:1733)
    at process.z (/home/bitnami/.vscode-server/bin/695af097c7bd098fbf017ce3ac85e09bbc5dda06/out/vs/platform/terminal/node/ptyHostMain.js:9:21144)
    at process.emit (node:events:513:28)
    at emit (node:internal/child_process:939:14)
    at processTicksAndRejections (node:internal/process/task_queues:84:21)
rejected promise not handled within 1 second: CodeExpectedError: Could not find pty on pty host
stack trace: CodeExpectedError: Could not find pty on pty host
    at k.L (/home/bitnami/.vscode-server/bin/695af097c7bd098fbf017ce3ac85e09bbc5dda06/out/vs/platform/terminal/node/ptyHostMain.js:28:6920)
    at k.updateTitle (/home/bitnami/.vscode-server/bin/695af097c7bd098fbf017ce3ac85e09bbc5dda06/out/vs/platform/terminal/node/ptyHostMain.js:28:2627)
    at Object.call (/home/bitnami/.vscode-server/bin/695af097c7bd098fbf017ce3ac85e09bbc5dda06/out/vs/platform/terminal/node/ptyHostMain.js:17:5058)
    at h.s (/home/bitnami/.vscode-server/bin/695af097c7bd098fbf017ce3ac85e09bbc5dda06/out/vs/platform/terminal/node/ptyHostMain.js:15:5412)
    at h.q (/home/bitnami/.vscode-server/bin/695af097c7bd098fbf017ce3ac85e09bbc5dda06/out/vs/platform/terminal/node/ptyHostMain.js:15:4915)
    at /home/bitnami/.vscode-server/bin/695af097c7bd098fbf017ce3ac85e09bbc5dda06/out/vs/platform/terminal/node/ptyHostMain.js:15:4326
    at l.invoke (/home/bitnami/.vscode-server/bin/695af097c7bd098fbf017ce3ac85e09bbc5dda06/out/vs/platform/terminal/node/ptyHostMain.js:11:145)
    at u.deliver (/home/bitnami/.vscode-server/bin/695af097c7bd098fbf017ce3ac85e09bbc5dda06/out/vs/platform/terminal/node/ptyHostMain.js:11:2125)
    at s.fire (/home/bitnami/.vscode-server/bin/695af097c7bd098fbf017ce3ac85e09bbc5dda06/out/vs/platform/terminal/node/ptyHostMain.js:11:1733)
    at process.z (/home/bitnami/.vscode-server/bin/695af097c7bd098fbf017ce3ac85e09bbc5dda06/out/vs/platform/terminal/node/ptyHostMain.js:9:21144)
    at process.emit (node:events:513:28)
    at emit (node:internal/child_process:939:14)
    at processTicksAndRejections (node:internal/process/task_queues:84:21)
[02:50:09] Error [CodeExpectedError]: Could not find pty on pty host
    at k.L (/home/bitnami/.vscode-server/bin/695af097c7bd098fbf017ce3ac85e09bbc5dda06/out/vs/platform/terminal/node/ptyHostMain.js:28:6920)
    at k.updateTitle (/home/bitnami/.vscode-server/bin/695af097c7bd098fbf017ce3ac85e09bbc5dda06/out/vs/platform/terminal/node/ptyHostMain.js:28:2627)
    at Object.call (/home/bitnami/.vscode-server/bin/695af097c7bd098fbf017ce3ac85e09bbc5dda06/out/vs/platform/terminal/node/ptyHostMain.js:17:5058)
    at h.s (/home/bitnami/.vscode-server/bin/695af097c7bd098fbf017ce3ac85e09bbc5dda06/out/vs/platform/terminal/node/ptyHostMain.js:15:5412)
    at h.q (/home/bitnami/.vscode-server/bin/695af097c7bd098fbf017ce3ac85e09bbc5dda06/out/vs/platform/terminal/node/ptyHostMain.js:15:4915)
    at /home/bitnami/.vscode-server/bin/695af097c7bd098fbf017ce3ac85e09bbc5dda06/out/vs/platform/terminal/node/ptyHostMain.js:15:4326
    at l.invoke (/home/bitnami/.vscode-server/bin/695af097c7bd098fbf017ce3ac85e09bbc5dda06/out/vs/platform/terminal/node/ptyHostMain.js:11:145)
    at u.deliver (/home/bitnami/.vscode-server/bin/695af097c7bd098fbf017ce3ac85e09bbc5dda06/out/vs/platform/terminal/node/ptyHostMain.js:11:2125)
    at s.fire (/home/bitnami/.vscode-server/bin/695af097c7bd098fbf017ce3ac85e09bbc5dda06/out/vs/platform/terminal/node/ptyHostMain.js:11:1733)
    at process.z (/home/bitnami/.vscode-server/bin/695af097c7bd098fbf017ce3ac85e09bbc5dda06/out/vs/platform/terminal/node/ptyHostMain.js:9:21144)
    at process.emit (node:events:513:28)
    at emit (node:internal/child_process:939:14)
    at processTicksAndRejections (node:internal/process/task_queues:84:21)
[02:50:41] [127.0.0.1][da41584a][ExtensionHostConnection] The client has reconnected.
[03:42:05] [File Watcher (node.js)] Watcher shutdown because watched path got deleted
[04:01:53] No ptyHost heartbeat after 6 seconds
[04:02:58] No ptyHost heartbeat after 6 seconds
[04:03:38] No ptyHost heartbeat after 6 seconds
